gnuplot 4.6 patchlevel 2
Aligning contigs to reference...
	Aligning contigs to the reference
Parsing coords...
Loading reference...
	Loaded [Planctomyces_maris_DSM_8797_NZ_ABCE01000001.1_Gimesia_maris_DSM_8797_1101493009180__whole_genome_shotgun_sequence]
	Loaded [Planctomyces_maris_DSM_8797_NZ_ABCE01000002.1_Gimesia_maris_DSM_8797_1101493009171__whole_genome_shotgun_sequence]
	Loaded [Planctomyces_maris_DSM_8797_NZ_ABCE01000003.1_Gimesia_maris_DSM_8797_1101493009144__whole_genome_shotgun_sequence]
	Loaded [Planctomyces_maris_DSM_8797_NZ_ABCE01000004.1_Gimesia_maris_DSM_8797_1101493009156__whole_genome_shotgun_sequence]
	Loaded [Planctomyces_maris_DSM_8797_NZ_ABCE01000005.1_Gimesia_maris_DSM_8797_1101493009141__whole_genome_shotgun_sequence]
	Loaded [Planctomyces_maris_DSM_8797_NZ_ABCE01000006.1_Gimesia_maris_DSM_8797_1101493009149__whole_genome_shotgun_sequence]
	Loaded [Planctomyces_maris_DSM_8797_NZ_ABCE01000007.1_Gimesia_maris_DSM_8797_1101493009177__whole_genome_shotgun_sequence]
	Loaded [Planctomyces_maris_DSM_8797_NZ_ABCE01000008.1_Gimesia_maris_DSM_8797_1101493009152__whole_genome_shotgun_sequence]
	Loaded [Planctomyces_maris_DSM_8797_NZ_ABCE01000009.1_Gimesia_maris_DSM_8797_1101493009176__whole_genome_shotgun_sequence]
	Loaded [Planctomyces_maris_DSM_8797_NZ_ABCE01000010.1_Gimesia_maris_DSM_8797_1101493009170__whole_genome_shotgun_sequence]
	Loaded [Planctomyces_maris_DSM_8797_NZ_ABCE01000011.1_Gimesia_maris_DSM_8797_1101493009166__whole_genome_shotgun_sequence]
	Loaded [Planctomyces_maris_DSM_8797_NZ_ABCE01000012.1_Gimesia_maris_DSM_8797_1101493009160__whole_genome_shotgun_sequence]
	Loaded [Planctomyces_maris_DSM_8797_NZ_ABCE01000013.1_Gimesia_maris_DSM_8797_1101493009186__whole_genome_shotgun_sequence]
	Loaded [Planctomyces_maris_DSM_8797_NZ_ABCE01000014.1_Gimesia_maris_DSM_8797_1101493009175__whole_genome_shotgun_sequence]
	Loaded [Planctomyces_maris_DSM_8797_NZ_ABCE01000015.1_Gimesia_maris_DSM_8797_1101493009143__whole_genome_shotgun_sequence]
	Loaded [Planctomyces_maris_DSM_8797_NZ_ABCE01000016.1_Gimesia_maris_DSM_8797_1101493009182__whole_genome_shotgun_sequence]
	Loaded [Planctomyces_maris_DSM_8797_NZ_ABCE01000017.1_Gimesia_maris_DSM_8797_1101493009172__whole_genome_shotgun_sequence]
	Loaded [Planctomyces_maris_DSM_8797_NZ_ABCE01000018.1_Gimesia_maris_DSM_8797_1101493009148__whole_genome_shotgun_sequence]
	Loaded [Planctomyces_maris_DSM_8797_NZ_ABCE01000019.1_Gimesia_maris_DSM_8797_1101493009183__whole_genome_shotgun_sequence]
	Loaded [Planctomyces_maris_DSM_8797_NZ_ABCE01000020.1_Gimesia_maris_DSM_8797_1101493009118__whole_genome_shotgun_sequence]
	Loaded [Planctomyces_maris_DSM_8797_NZ_ABCE01000021.1_Gimesia_maris_DSM_8797_1101493009158__whole_genome_shotgun_sequence]
	Loaded [Planctomyces_maris_DSM_8797_NZ_ABCE01000022.1_Gimesia_maris_DSM_8797_1101493009157__whole_genome_shotgun_sequence]
	Loaded [Planctomyces_maris_DSM_8797_NZ_ABCE01000023.1_Gimesia_maris_DSM_8797_1101493009146__whole_genome_shotgun_sequence]
	Loaded [Planctomyces_maris_DSM_8797_NZ_ABCE01000024.1_Gimesia_maris_DSM_8797_1101493009154__whole_genome_shotgun_sequence]
	Loaded [Planctomyces_maris_DSM_8797_NZ_ABCE01000025.1_Gimesia_maris_DSM_8797_1101493009178__whole_genome_shotgun_sequence]
	Loaded [Planctomyces_maris_DSM_8797_NZ_ABCE01000026.1_Gimesia_maris_DSM_8797_1101493009162__whole_genome_shotgun_sequence]
	Loaded [Planctomyces_maris_DSM_8797_NZ_ABCE01000027.1_Gimesia_maris_DSM_8797_1101493009173__whole_genome_shotgun_sequence]
	Loaded [Planctomyces_maris_DSM_8797_NZ_ABCE01000028.1_Gimesia_maris_DSM_8797_1101493009167__whole_genome_shotgun_sequence]
	Loaded [Planctomyces_maris_DSM_8797_NZ_ABCE01000029.1_Gimesia_maris_DSM_8797_1101493009053__whole_genome_shotgun_sequence]
	Loaded [Planctomyces_maris_DSM_8797_NZ_ABCE01000030.1_Gimesia_maris_DSM_8797_1101493009121__whole_genome_shotgun_sequence]
	Loaded [Planctomyces_maris_DSM_8797_NZ_ABCE01000031.1_Gimesia_maris_DSM_8797_1101493009179__whole_genome_shotgun_sequence]
	Loaded [Planctomyces_maris_DSM_8797_NZ_ABCE01000032.1_Gimesia_maris_DSM_8797_1101493009002__whole_genome_shotgun_sequence]
	Loaded [Planctomyces_maris_DSM_8797_NZ_ABCE01000033.1_Gimesia_maris_DSM_8797_1101493009187__whole_genome_shotgun_sequence]
	Loaded [Planctomyces_maris_DSM_8797_NZ_ABCE01000034.1_Gimesia_maris_DSM_8797_1101493009145__whole_genome_shotgun_sequence]
	Loaded [Planctomyces_maris_DSM_8797_NZ_ABCE01000035.1_Gimesia_maris_DSM_8797_1101493009188__whole_genome_shotgun_sequence]
	Loaded [Planctomyces_maris_DSM_8797_NZ_ABCE01000036.1_Gimesia_maris_DSM_8797_1101493009138__whole_genome_shotgun_sequence]
	Loaded [Planctomyces_maris_DSM_8797_NZ_ABCE01000037.1_Gimesia_maris_DSM_8797_1101493009123__whole_genome_shotgun_sequence]
	Loaded [Planctomyces_maris_DSM_8797_NZ_ABCE01000038.1_Gimesia_maris_DSM_8797_1101493009184__whole_genome_shotgun_sequence]
	Loaded [Planctomyces_maris_DSM_8797_NZ_ABCE01000039.1_Gimesia_maris_DSM_8797_1101493009161__whole_genome_shotgun_sequence]
	Loaded [Planctomyces_maris_DSM_8797_NZ_ABCE01000040.1_Gimesia_maris_DSM_8797_1101493009134__whole_genome_shotgun_sequence]
	Loaded [Planctomyces_maris_DSM_8797_NZ_ABCE01000041.1_Gimesia_maris_DSM_8797_1101493009025__whole_genome_shotgun_sequence]
	Loaded [Planctomyces_maris_DSM_8797_NZ_ABCE01000042.1_Gimesia_maris_DSM_8797_1101493009137__whole_genome_shotgun_sequence]
	Loaded [Planctomyces_maris_DSM_8797_NZ_ABCE01000043.1_Gimesia_maris_DSM_8797_1101493009169__whole_genome_shotgun_sequence]
	Loaded [Planctomyces_maris_DSM_8797_NZ_ABCE01000044.1_Gimesia_maris_DSM_8797_1101493009076__whole_genome_shotgun_sequence]
	Loaded [Planctomyces_maris_DSM_8797_NZ_ABCE01000045.1_Gimesia_maris_DSM_8797_1101493009066__whole_genome_shotgun_sequence]
	Loaded [Planctomyces_maris_DSM_8797_NZ_ABCE01000046.1_Gimesia_maris_DSM_8797_1101493009147__whole_genome_shotgun_sequence]
	Loaded [Planctomyces_maris_DSM_8797_NZ_ABCE01000047.1_Gimesia_maris_DSM_8797_1101493009127__whole_genome_shotgun_sequence]
	Loaded [Planctomyces_maris_DSM_8797_NZ_ABCE01000048.1_Gimesia_maris_DSM_8797_1101493009022__whole_genome_shotgun_sequence]
	Loaded [Planctomyces_maris_DSM_8797_NZ_ABCE01000049.1_Gimesia_maris_DSM_8797_1101493009054__whole_genome_shotgun_sequence]
	Loaded [Planctomyces_maris_DSM_8797_NZ_ABCE01000050.1_Gimesia_maris_DSM_8797_1101493009046__whole_genome_shotgun_sequence]
	Loaded [Planctomyces_maris_DSM_8797_NZ_ABCE01000051.1_Gimesia_maris_DSM_8797_1101493009129__whole_genome_shotgun_sequence]
	Loaded [Planctomyces_maris_DSM_8797_NZ_ABCE01000052.1_Gimesia_maris_DSM_8797_1101493009165__whole_genome_shotgun_sequence]
	Loaded [Planctomyces_maris_DSM_8797_NZ_ABCE01000053.1_Gimesia_maris_DSM_8797_1101493009130__whole_genome_shotgun_sequence]
	Loaded [Planctomyces_maris_DSM_8797_NZ_ABCE01000054.1_Gimesia_maris_DSM_8797_1101493009039__whole_genome_shotgun_sequence]
	Loaded [Planctomyces_maris_DSM_8797_NZ_ABCE01000055.1_Gimesia_maris_DSM_8797_1101493009052__whole_genome_shotgun_sequence]
	Loaded [Planctomyces_maris_DSM_8797_NZ_ABCE01000056.1_Gimesia_maris_DSM_8797_1101493009139__whole_genome_shotgun_sequence]
	Loaded [Planctomyces_maris_DSM_8797_NZ_ABCE01000057.1_Gimesia_maris_DSM_8797_1101493009131__whole_genome_shotgun_sequence]
	Loaded [Planctomyces_maris_DSM_8797_NZ_ABCE01000058.1_Gimesia_maris_DSM_8797_1101493009026__whole_genome_shotgun_sequence]
	Loaded [Planctomyces_maris_DSM_8797_NZ_ABCE01000059.1_Gimesia_maris_DSM_8797_1101493009071__whole_genome_shotgun_sequence]
	Loaded [Planctomyces_maris_DSM_8797_NZ_ABCE01000060.1_Gimesia_maris_DSM_8797_1101493009125__whole_genome_shotgun_sequence]
	Loaded [Planctomyces_maris_DSM_8797_NZ_ABCE01000061.1_Gimesia_maris_DSM_8797_1101493009010__whole_genome_shotgun_sequence]
	Loaded [Planctomyces_maris_DSM_8797_NZ_ABCE01000062.1_Gimesia_maris_DSM_8797_1101493009185__whole_genome_shotgun_sequence]
	Loaded [Planctomyces_maris_DSM_8797_NZ_ABCE01000063.1_Gimesia_maris_DSM_8797_1101493009164__whole_genome_shotgun_sequence]
	Loaded [Planctomyces_maris_DSM_8797_NZ_ABCE01000064.1_Gimesia_maris_DSM_8797_1101493009119__whole_genome_shotgun_sequence]
	Loaded [Planctomyces_maris_DSM_8797_NZ_ABCE01000065.1_Gimesia_maris_DSM_8797_1101493009163__whole_genome_shotgun_sequence]
	Loaded [Planctomyces_maris_DSM_8797_NZ_ABCE01000066.1_Gimesia_maris_DSM_8797_1101493009159__whole_genome_shotgun_sequence]
	Loaded [Planctomyces_maris_DSM_8797_NZ_ABCE01000067.1_Gimesia_maris_DSM_8797_1101493009126__whole_genome_shotgun_sequence]
	Loaded [Planctomyces_maris_DSM_8797_NZ_ABCE01000068.1_Gimesia_maris_DSM_8797_1101493009120__whole_genome_shotgun_sequence]
	Loaded [Planctomyces_maris_DSM_8797_NZ_ABCE01000069.1_Gimesia_maris_DSM_8797_1101493009128__whole_genome_shotgun_sequence]
	Loaded [Planctomyces_maris_DSM_8797_NZ_ABCE01000070.1_Gimesia_maris_DSM_8797_1101493009133__whole_genome_shotgun_sequence]
	Loaded [Planctomyces_maris_DSM_8797_NZ_ABCE01000071.1_Gimesia_maris_DSM_8797_1101493009153__whole_genome_shotgun_sequence]
	Loaded [Planctomyces_maris_DSM_8797_NZ_ABCE01000072.1_Gimesia_maris_DSM_8797_1101493009168__whole_genome_shotgun_sequence]
	Loaded [Planctomyces_maris_DSM_8797_NZ_ABCE01000073.1_Gimesia_maris_DSM_8797_1101493009073__whole_genome_shotgun_sequence]
	Loaded [Planctomyces_maris_DSM_8797_NZ_ABCE01000074.1_Gimesia_maris_DSM_8797_1101493009122__whole_genome_shotgun_sequence]
	Loaded [Planctomyces_maris_DSM_8797_NZ_ABCE01000075.1_Gimesia_maris_DSM_8797_1101493009058__whole_genome_shotgun_sequence]
	Loaded [Planctomyces_maris_DSM_8797_NZ_ABCE01000076.1_Gimesia_maris_DSM_8797_1101493009150__whole_genome_shotgun_sequence]
	Loaded [Planctomyces_maris_DSM_8797_NZ_ABCE01000077.1_Gimesia_maris_DSM_8797_1101493009140__whole_genome_shotgun_sequence]
	Loaded [Planctomyces_maris_DSM_8797_NZ_ABCE01000078.1_Gimesia_maris_DSM_8797_1101493009155__whole_genome_shotgun_sequence]
	Loaded [Planctomyces_maris_DSM_8797_NZ_ABCE01000079.1_Gimesia_maris_DSM_8797_1101493009124__whole_genome_shotgun_sequence]
	Loaded [Planctomyces_maris_DSM_8797_NZ_ABCE01000080.1_Gimesia_maris_DSM_8797_1101493009136__whole_genome_shotgun_sequence]
	Loaded [Planctomyces_maris_DSM_8797_NZ_ABCE01000081.1_Gimesia_maris_DSM_8797_1101493009072__whole_genome_shotgun_sequence]
	Loaded [Planctomyces_maris_DSM_8797_NZ_ABCE01000082.1_Gimesia_maris_DSM_8797_1101493009045__whole_genome_shotgun_sequence]
	Loaded [Planctomyces_maris_DSM_8797_NZ_ABCE01000083.1_Gimesia_maris_DSM_8797_1101493009135__whole_genome_shotgun_sequence]
	Loaded [Planctomyces_maris_DSM_8797_NZ_ABCE01000084.1_Gimesia_maris_DSM_8797_1101493009009__whole_genome_shotgun_sequence]
	Loaded [Planctomyces_maris_DSM_8797_NZ_ABCE01000085.1_Gimesia_maris_DSM_8797_1101493009174__whole_genome_shotgun_sequence]
	Loaded [Planctomyces_maris_DSM_8797_NZ_ABCE01000086.1_Gimesia_maris_DSM_8797_1101493009028__whole_genome_shotgun_sequence]
	Loaded [Planctomyces_maris_DSM_8797_NZ_ABCE01000087.1_Gimesia_maris_DSM_8797_1101493009132__whole_genome_shotgun_sequence]
	Loaded [Planctomyces_maris_DSM_8797_NZ_ABCE01000088.1_Gimesia_maris_DSM_8797_1101493009142__whole_genome_shotgun_sequence]
	Loaded [Planctomyces_maris_DSM_8797_NZ_ABCE01000089.1_Gimesia_maris_DSM_8797_1101493009017__whole_genome_shotgun_sequence]
	Loaded [Planctomyces_maris_DSM_8797_NZ_ABCE01000090.1_Gimesia_maris_DSM_8797_1101493009055__whole_genome_shotgun_sequence]
	Loaded [Planctomyces_maris_DSM_8797_NZ_ABCE01000091.1_Gimesia_maris_DSM_8797_1101493009078__whole_genome_shotgun_sequence]
	Loaded [Planctomyces_maris_DSM_8797_NZ_ABCE01000092.1_Gimesia_maris_DSM_8797_1101493009013__whole_genome_shotgun_sequence]
	Loaded [Planctomyces_maris_DSM_8797_NZ_ABCE01000093.1_Gimesia_maris_DSM_8797_1101493009151__whole_genome_shotgun_sequence]
	Loaded [Planctomyces_maris_DSM_8797_NZ_ABCE01000094.1_Gimesia_maris_DSM_8797_1101493009014__whole_genome_shotgun_sequence]
	Loaded [Planctomyces_maris_DSM_8797_NZ_ABCE01000095.1_Gimesia_maris_DSM_8797_1101493009012__whole_genome_shotgun_sequence]
	Loaded [Planctomyces_maris_DSM_8797_NZ_ABCE01000096.1_Gimesia_maris_DSM_8797_1101493009033__whole_genome_shotgun_sequence]
	Loaded [Planctomyces_maris_DSM_8797_NZ_ABCE01000097.1_Gimesia_maris_DSM_8797_1101493009029__whole_genome_shotgun_sequence]
	Loaded [Planctomyces_maris_DSM_8797_NZ_ABCE01000098.1_Gimesia_maris_DSM_8797_1101493009181__whole_genome_shotgun_sequence]
	Loaded [Planctomyces_maris_DSM_8797_NZ_ABCE01000099.1_Gimesia_maris_DSM_8797_1101493009079__whole_genome_shotgun_sequence]
	Loaded [Planctomyces_maris_DSM_8797_NZ_ABCE01000100.1_Gimesia_maris_DSM_8797_1101493009038__whole_genome_shotgun_sequence]
	Loaded [Planctomyces_maris_DSM_8797_NZ_ABCE01000101.1_Gimesia_maris_DSM_8797_1101493009040__whole_genome_shotgun_sequence]
	Loaded [Planctomyces_maris_DSM_8797_NZ_ABCE01000102.1_Gimesia_maris_DSM_8797_1101493009011__whole_genome_shotgun_sequence]
	Loaded [Planctomyces_maris_DSM_8797_NZ_ABCE01000103.1_Gimesia_maris_DSM_8797_1101493009003__whole_genome_shotgun_sequence]
	Loaded [Planctomyces_maris_DSM_8797_NZ_ABCE01000104.1_Gimesia_maris_DSM_8797_1101493009088__whole_genome_shotgun_sequence]
	Loaded [Planctomyces_maris_DSM_8797_NZ_ABCE01000105.1_Gimesia_maris_DSM_8797_1101493009095__whole_genome_shotgun_sequence]
	Loaded [Planctomyces_maris_DSM_8797_NZ_ABCE01000106.1_Gimesia_maris_DSM_8797_1101493009096__whole_genome_shotgun_sequence]
	Loaded [Planctomyces_maris_DSM_8797_NZ_ABCE01000107.1_Gimesia_maris_DSM_8797_1101493009027__whole_genome_shotgun_sequence]
	Loaded [Planctomyces_maris_DSM_8797_NZ_ABCE01000108.1_Gimesia_maris_DSM_8797_1101493009107__whole_genome_shotgun_sequence]
	Loaded [Planctomyces_maris_DSM_8797_NZ_ABCE01000109.1_Gimesia_maris_DSM_8797_1101493009089__whole_genome_shotgun_sequence]
	Loaded [Planctomyces_maris_DSM_8797_NZ_ABCE01000110.1_Gimesia_maris_DSM_8797_1101493009063__whole_genome_shotgun_sequence]
	Loaded [Planctomyces_maris_DSM_8797_NZ_ABCE01000111.1_Gimesia_maris_DSM_8797_1101493009030__whole_genome_shotgun_sequence]
	Loaded [Planctomyces_maris_DSM_8797_NZ_ABCE01000112.1_Gimesia_maris_DSM_8797_1101493009047__whole_genome_shotgun_sequence]
	Loaded [Planctomyces_maris_DSM_8797_NZ_ABCE01000113.1_Gimesia_maris_DSM_8797_1101493009098__whole_genome_shotgun_sequence]
	Loaded [Planctomyces_maris_DSM_8797_NZ_ABCE01000114.1_Gimesia_maris_DSM_8797_1101493009006__whole_genome_shotgun_sequence]
	Loaded [Planctomyces_maris_DSM_8797_NZ_ABCE01000115.1_Gimesia_maris_DSM_8797_1101493009097__whole_genome_shotgun_sequence]
	Loaded [Planctomyces_maris_DSM_8797_NZ_ABCE01000116.1_Gimesia_maris_DSM_8797_1101493009085__whole_genome_shotgun_sequence]
	Loaded [Planctomyces_maris_DSM_8797_NZ_ABCE01000117.1_Gimesia_maris_DSM_8797_1101493009108__whole_genome_shotgun_sequence]
	Loaded [Planctomyces_maris_DSM_8797_NZ_ABCE01000118.1_Gimesia_maris_DSM_8797_1101493009020__whole_genome_shotgun_sequence]
	Loaded [Planctomyces_maris_DSM_8797_NZ_ABCE01000119.1_Gimesia_maris_DSM_8797_1101493009084__whole_genome_shotgun_sequence]
	Loaded [Planctomyces_maris_DSM_8797_NZ_ABCE01000120.1_Gimesia_maris_DSM_8797_1101493009094__whole_genome_shotgun_sequence]
	Loaded [Planctomyces_maris_DSM_8797_NZ_ABCE01000121.1_Gimesia_maris_DSM_8797_1101493009115__whole_genome_shotgun_sequence]
	Loaded [Planctomyces_maris_DSM_8797_NZ_ABCE01000122.1_Gimesia_maris_DSM_8797_1101493009087__whole_genome_shotgun_sequence]
	Loaded [Planctomyces_maris_DSM_8797_NZ_ABCE01000123.1_Gimesia_maris_DSM_8797_1101493009021__whole_genome_shotgun_sequence]
	Loaded [Planctomyces_maris_DSM_8797_NZ_ABCE01000124.1_Gimesia_maris_DSM_8797_1101493009086__whole_genome_shotgun_sequence]
	Loaded [Planctomyces_maris_DSM_8797_NZ_ABCE01000125.1_Gimesia_maris_DSM_8797_1101493009077__whole_genome_shotgun_sequence]
Loading SNPs...
	Total Regions: 125
	Total Region Length: 7777997
Analyzing contigs...
CONTIG: k119_336913_flag_1_multi_4.0000_len_986 (986bp)
Best alignment score: 77.0 (LEN: 78, IDY: 98.72)
			The best set is below. Score: 77.0, number of alignments: 1, unaligned bases: 908
		This contig is partially unaligned. (Aligned 78 out of 986 bases)
		Alignment: 25044 25121 | 893 816 | 78 78 | 98.72 | Planctomyces_maris_DSM_8797_NZ_ABCE01000024.1_Gimesia_maris_DSM_8797_1101493009154__whole_genome_shotgun_sequence k119_336913_flag_1_multi_4.0000_len_986
		Unaligned bases: 1 to 815 (815)
		Unaligned bases: 894 to 986 (93)

CONTIG: k119_316662_flag_1_multi_5.8141_len_9891 (9891bp)
Best alignment score: 78.0 (LEN: 78, IDY: 100.00)
			The best set is below. Score: 78.0, number of alignments: 1, unaligned bases: 9813
		This contig is partially unaligned. (Aligned 78 out of 9891 bases)
		Alignment: 25043 25120 | 4139 4062 | 78 78 | 100.0 | Planctomyces_maris_DSM_8797_NZ_ABCE01000024.1_Gimesia_maris_DSM_8797_1101493009154__whole_genome_shotgun_sequence k119_316662_flag_1_multi_5.8141_len_9891
		Unaligned bases: 1 to 4061 (4061)
		Unaligned bases: 4140 to 9891 (5752)

CONTIG: k119_408710_flag_1_multi_6.0000_len_13115 (13115bp)
Best alignment score: 76.0 (LEN: 77, IDY: 98.70)
			The best set is below. Score: 76.0, number of alignments: 1, unaligned bases: 13038
		This contig is partially unaligned. (Aligned 77 out of 13115 bases)
		Alignment: 104137 104213 | 12796 12720 | 77 77 | 98.7 | Planctomyces_maris_DSM_8797_NZ_ABCE01000024.1_Gimesia_maris_DSM_8797_1101493009154__whole_genome_shotgun_sequence k119_408710_flag_1_multi_6.0000_len_13115
		Unaligned bases: 1 to 12719 (12719)
		Unaligned bases: 12797 to 13115 (319)

Analyzing coverage...
Writing SNPs into /home/ins/GenomeAnalysis/output/2_quast/SRR4342129_qc/runs_per_reference/Planctomyces_maris_DSM_8797/contigs_reports/nucmer_output/final-contigs.used_snps.gz
WARNING: Reference Planctomyces_maris_DSM_8797_NZ_ABCE01000002.1_Gimesia_maris_DSM_8797_1101493009171__whole_genome_shotgun_sequence does not have any alignments! 
WARNING: Reference Planctomyces_maris_DSM_8797_NZ_ABCE01000048.1_Gimesia_maris_DSM_8797_1101493009022__whole_genome_shotgun_sequence does not have any alignments! 
WARNING: Reference Planctomyces_maris_DSM_8797_NZ_ABCE01000045.1_Gimesia_maris_DSM_8797_1101493009066__whole_genome_shotgun_sequence does not have any alignments! 
WARNING: Reference Planctomyces_maris_DSM_8797_NZ_ABCE01000088.1_Gimesia_maris_DSM_8797_1101493009142__whole_genome_shotgun_sequence does not have any alignments! 
WARNING: Reference Planctomyces_maris_DSM_8797_NZ_ABCE01000007.1_Gimesia_maris_DSM_8797_1101493009177__whole_genome_shotgun_sequence does not have any alignments! 
WARNING: Reference Planctomyces_maris_DSM_8797_NZ_ABCE01000049.1_Gimesia_maris_DSM_8797_1101493009054__whole_genome_shotgun_sequence does not have any alignments! 
WARNING: Reference Planctomyces_maris_DSM_8797_NZ_ABCE01000075.1_Gimesia_maris_DSM_8797_1101493009058__whole_genome_shotgun_sequence does not have any alignments! 
WARNING: Reference Planctomyces_maris_DSM_8797_NZ_ABCE01000062.1_Gimesia_maris_DSM_8797_1101493009185__whole_genome_shotgun_sequence does not have any alignments! 
WARNING: Reference Planctomyces_maris_DSM_8797_NZ_ABCE01000010.1_Gimesia_maris_DSM_8797_1101493009170__whole_genome_shotgun_sequence does not have any alignments! 
WARNING: Reference Planctomyces_maris_DSM_8797_NZ_ABCE01000054.1_Gimesia_maris_DSM_8797_1101493009039__whole_genome_shotgun_sequence does not have any alignments! 
WARNING: Reference Planctomyces_maris_DSM_8797_NZ_ABCE01000012.1_Gimesia_maris_DSM_8797_1101493009160__whole_genome_shotgun_sequence does not have any alignments! 
WARNING: Reference Planctomyces_maris_DSM_8797_NZ_ABCE01000056.1_Gimesia_maris_DSM_8797_1101493009139__whole_genome_shotgun_sequence does not have any alignments! 
WARNING: Reference Planctomyces_maris_DSM_8797_NZ_ABCE01000066.1_Gimesia_maris_DSM_8797_1101493009159__whole_genome_shotgun_sequence does not have any alignments! 
WARNING: Reference Planctomyces_maris_DSM_8797_NZ_ABCE01000029.1_Gimesia_maris_DSM_8797_1101493009053__whole_genome_shotgun_sequence does not have any alignments! 
WARNING: Reference Planctomyces_maris_DSM_8797_NZ_ABCE01000021.1_Gimesia_maris_DSM_8797_1101493009158__whole_genome_shotgun_sequence does not have any alignments! 
WARNING: Reference Planctomyces_maris_DSM_8797_NZ_ABCE01000119.1_Gimesia_maris_DSM_8797_1101493009084__whole_genome_shotgun_sequence does not have any alignments! 
WARNING: Reference Planctomyces_maris_DSM_8797_NZ_ABCE01000124.1_Gimesia_maris_DSM_8797_1101493009086__whole_genome_shotgun_sequence does not have any alignments! 
WARNING: Reference Planctomyces_maris_DSM_8797_NZ_ABCE01000105.1_Gimesia_maris_DSM_8797_1101493009095__whole_genome_shotgun_sequence does not have any alignments! 
WARNING: Reference Planctomyces_maris_DSM_8797_NZ_ABCE01000064.1_Gimesia_maris_DSM_8797_1101493009119__whole_genome_shotgun_sequence does not have any alignments! 
WARNING: Reference Planctomyces_maris_DSM_8797_NZ_ABCE01000030.1_Gimesia_maris_DSM_8797_1101493009121__whole_genome_shotgun_sequence does not have any alignments! 
WARNING: Reference Planctomyces_maris_DSM_8797_NZ_ABCE01000051.1_Gimesia_maris_DSM_8797_1101493009129__whole_genome_shotgun_sequence does not have any alignments! 
WARNING: Reference Planctomyces_maris_DSM_8797_NZ_ABCE01000115.1_Gimesia_maris_DSM_8797_1101493009097__whole_genome_shotgun_sequence does not have any alignments! 
WARNING: Reference Planctomyces_maris_DSM_8797_NZ_ABCE01000073.1_Gimesia_maris_DSM_8797_1101493009073__whole_genome_shotgun_sequence does not have any alignments! 
WARNING: Reference Planctomyces_maris_DSM_8797_NZ_ABCE01000091.1_Gimesia_maris_DSM_8797_1101493009078__whole_genome_shotgun_sequence does not have any alignments! 
WARNING: Reference Planctomyces_maris_DSM_8797_NZ_ABCE01000058.1_Gimesia_maris_DSM_8797_1101493009026__whole_genome_shotgun_sequence does not have any alignments! 
WARNING: Reference Planctomyces_maris_DSM_8797_NZ_ABCE01000037.1_Gimesia_maris_DSM_8797_1101493009123__whole_genome_shotgun_sequence does not have any alignments! 
WARNING: Reference Planctomyces_maris_DSM_8797_NZ_ABCE01000004.1_Gimesia_maris_DSM_8797_1101493009156__whole_genome_shotgun_sequence does not have any alignments! 
WARNING: Reference Planctomyces_maris_DSM_8797_NZ_ABCE01000059.1_Gimesia_maris_DSM_8797_1101493009071__whole_genome_shotgun_sequence does not have any alignments! 
WARNING: Reference Planctomyces_maris_DSM_8797_NZ_ABCE01000033.1_Gimesia_maris_DSM_8797_1101493009187__whole_genome_shotgun_sequence does not have any alignments! 
WARNING: Reference Planctomyces_maris_DSM_8797_NZ_ABCE01000102.1_Gimesia_maris_DSM_8797_1101493009011__whole_genome_shotgun_sequence does not have any alignments! 
WARNING: Reference Planctomyces_maris_DSM_8797_NZ_ABCE01000071.1_Gimesia_maris_DSM_8797_1101493009153__whole_genome_shotgun_sequence does not have any alignments! 
WARNING: Reference Planctomyces_maris_DSM_8797_NZ_ABCE01000118.1_Gimesia_maris_DSM_8797_1101493009020__whole_genome_shotgun_sequence does not have any alignments! 
WARNING: Reference Planctomyces_maris_DSM_8797_NZ_ABCE01000109.1_Gimesia_maris_DSM_8797_1101493009089__whole_genome_shotgun_sequence does not have any alignments! 
WARNING: Reference Planctomyces_maris_DSM_8797_NZ_ABCE01000044.1_Gimesia_maris_DSM_8797_1101493009076__whole_genome_shotgun_sequence does not have any alignments! 
WARNING: Reference Planctomyces_maris_DSM_8797_NZ_ABCE01000125.1_Gimesia_maris_DSM_8797_1101493009077__whole_genome_shotgun_sequence does not have any alignments! 
WARNING: Reference Planctomyces_maris_DSM_8797_NZ_ABCE01000080.1_Gimesia_maris_DSM_8797_1101493009136__whole_genome_shotgun_sequence does not have any alignments! 
WARNING: Reference Planctomyces_maris_DSM_8797_NZ_ABCE01000122.1_Gimesia_maris_DSM_8797_1101493009087__whole_genome_shotgun_sequence does not have any alignments! 
WARNING: Reference Planctomyces_maris_DSM_8797_NZ_ABCE01000089.1_Gimesia_maris_DSM_8797_1101493009017__whole_genome_shotgun_sequence does not have any alignments! 
WARNING: Reference Planctomyces_maris_DSM_8797_NZ_ABCE01000094.1_Gimesia_maris_DSM_8797_1101493009014__whole_genome_shotgun_sequence does not have any alignments! 
WARNING: Reference Planctomyces_maris_DSM_8797_NZ_ABCE01000086.1_Gimesia_maris_DSM_8797_1101493009028__whole_genome_shotgun_sequence does not have any alignments! 
WARNING: Reference Planctomyces_maris_DSM_8797_NZ_ABCE01000081.1_Gimesia_maris_DSM_8797_1101493009072__whole_genome_shotgun_sequence does not have any alignments! 
WARNING: Reference Planctomyces_maris_DSM_8797_NZ_ABCE01000003.1_Gimesia_maris_DSM_8797_1101493009144__whole_genome_shotgun_sequence does not have any alignments! 
WARNING: Reference Planctomyces_maris_DSM_8797_NZ_ABCE01000097.1_Gimesia_maris_DSM_8797_1101493009029__whole_genome_shotgun_sequence does not have any alignments! 
WARNING: Reference Planctomyces_maris_DSM_8797_NZ_ABCE01000068.1_Gimesia_maris_DSM_8797_1101493009120__whole_genome_shotgun_sequence does not have any alignments! 
WARNING: Reference Planctomyces_maris_DSM_8797_NZ_ABCE01000039.1_Gimesia_maris_DSM_8797_1101493009161__whole_genome_shotgun_sequence does not have any alignments! 
WARNING: Reference Planctomyces_maris_DSM_8797_NZ_ABCE01000063.1_Gimesia_maris_DSM_8797_1101493009164__whole_genome_shotgun_sequence does not have any alignments! 
WARNING: Reference Planctomyces_maris_DSM_8797_NZ_ABCE01000093.1_Gimesia_maris_DSM_8797_1101493009151__whole_genome_shotgun_sequence does not have any alignments! 
WARNING: Reference Planctomyces_maris_DSM_8797_NZ_ABCE01000008.1_Gimesia_maris_DSM_8797_1101493009152__whole_genome_shotgun_sequence does not have any alignments! 
WARNING: Reference Planctomyces_maris_DSM_8797_NZ_ABCE01000116.1_Gimesia_maris_DSM_8797_1101493009085__whole_genome_shotgun_sequence does not have any alignments! 
WARNING: Reference Planctomyces_maris_DSM_8797_NZ_ABCE01000047.1_Gimesia_maris_DSM_8797_1101493009127__whole_genome_shotgun_sequence does not have any alignments! 
WARNING: Reference Planctomyces_maris_DSM_8797_NZ_ABCE01000043.1_Gimesia_maris_DSM_8797_1101493009169__whole_genome_shotgun_sequence does not have any alignments! 
WARNING: Reference Planctomyces_maris_DSM_8797_NZ_ABCE01000031.1_Gimesia_maris_DSM_8797_1101493009179__whole_genome_shotgun_sequence does not have any alignments! 
WARNING: Reference Planctomyces_maris_DSM_8797_NZ_ABCE01000096.1_Gimesia_maris_DSM_8797_1101493009033__whole_genome_shotgun_sequence does not have any alignments! 
WARNING: Reference Planctomyces_maris_DSM_8797_NZ_ABCE01000006.1_Gimesia_maris_DSM_8797_1101493009149__whole_genome_shotgun_sequence does not have any alignments! 
WARNING: Reference Planctomyces_maris_DSM_8797_NZ_ABCE01000046.1_Gimesia_maris_DSM_8797_1101493009147__whole_genome_shotgun_sequence does not have any alignments! 
WARNING: Reference Planctomyces_maris_DSM_8797_NZ_ABCE01000034.1_Gimesia_maris_DSM_8797_1101493009145__whole_genome_shotgun_sequence does not have any alignments! 
WARNING: Reference Planctomyces_maris_DSM_8797_NZ_ABCE01000060.1_Gimesia_maris_DSM_8797_1101493009125__whole_genome_shotgun_sequence does not have any alignments! 
WARNING: Reference Planctomyces_maris_DSM_8797_NZ_ABCE01000013.1_Gimesia_maris_DSM_8797_1101493009186__whole_genome_shotgun_sequence does not have any alignments! 
WARNING: Reference Planctomyces_maris_DSM_8797_NZ_ABCE01000117.1_Gimesia_maris_DSM_8797_1101493009108__whole_genome_shotgun_sequence does not have any alignments! 
WARNING: Reference Planctomyces_maris_DSM_8797_NZ_ABCE01000042.1_Gimesia_maris_DSM_8797_1101493009137__whole_genome_shotgun_sequence does not have any alignments! 
WARNING: Reference Planctomyces_maris_DSM_8797_NZ_ABCE01000077.1_Gimesia_maris_DSM_8797_1101493009140__whole_genome_shotgun_sequence does not have any alignments! 
WARNING: Reference Planctomyces_maris_DSM_8797_NZ_ABCE01000052.1_Gimesia_maris_DSM_8797_1101493009165__whole_genome_shotgun_sequence does not have any alignments! 
WARNING: Reference Planctomyces_maris_DSM_8797_NZ_ABCE01000028.1_Gimesia_maris_DSM_8797_1101493009167__whole_genome_shotgun_sequence does not have any alignments! 
WARNING: Reference Planctomyces_maris_DSM_8797_NZ_ABCE01000107.1_Gimesia_maris_DSM_8797_1101493009027__whole_genome_shotgun_sequence does not have any alignments! 
WARNING: Reference Planctomyces_maris_DSM_8797_NZ_ABCE01000078.1_Gimesia_maris_DSM_8797_1101493009155__whole_genome_shotgun_sequence does not have any alignments! 
WARNING: Reference Planctomyces_maris_DSM_8797_NZ_ABCE01000085.1_Gimesia_maris_DSM_8797_1101493009174__whole_genome_shotgun_sequence does not have any alignments! 
WARNING: Reference Planctomyces_maris_DSM_8797_NZ_ABCE01000026.1_Gimesia_maris_DSM_8797_1101493009162__whole_genome_shotgun_sequence does not have any alignments! 
WARNING: Reference Planctomyces_maris_DSM_8797_NZ_ABCE01000015.1_Gimesia_maris_DSM_8797_1101493009143__whole_genome_shotgun_sequence does not have any alignments! 
WARNING: Reference Planctomyces_maris_DSM_8797_NZ_ABCE01000099.1_Gimesia_maris_DSM_8797_1101493009079__whole_genome_shotgun_sequence does not have any alignments! 
WARNING: Reference Planctomyces_maris_DSM_8797_NZ_ABCE01000079.1_Gimesia_maris_DSM_8797_1101493009124__whole_genome_shotgun_sequence does not have any alignments! 
WARNING: Reference Planctomyces_maris_DSM_8797_NZ_ABCE01000074.1_Gimesia_maris_DSM_8797_1101493009122__whole_genome_shotgun_sequence does not have any alignments! 
WARNING: Reference Planctomyces_maris_DSM_8797_NZ_ABCE01000110.1_Gimesia_maris_DSM_8797_1101493009063__whole_genome_shotgun_sequence does not have any alignments! 
WARNING: Reference Planctomyces_maris_DSM_8797_NZ_ABCE01000023.1_Gimesia_maris_DSM_8797_1101493009146__whole_genome_shotgun_sequence does not have any alignments! 
WARNING: Reference Planctomyces_maris_DSM_8797_NZ_ABCE01000100.1_Gimesia_maris_DSM_8797_1101493009038__whole_genome_shotgun_sequence does not have any alignments! 
WARNING: Reference Planctomyces_maris_DSM_8797_NZ_ABCE01000083.1_Gimesia_maris_DSM_8797_1101493009135__whole_genome_shotgun_sequence does not have any alignments! 
WARNING: Reference Planctomyces_maris_DSM_8797_NZ_ABCE01000032.1_Gimesia_maris_DSM_8797_1101493009002__whole_genome_shotgun_sequence does not have any alignments! 
WARNING: Reference Planctomyces_maris_DSM_8797_NZ_ABCE01000057.1_Gimesia_maris_DSM_8797_1101493009131__whole_genome_shotgun_sequence does not have any alignments! 
WARNING: Reference Planctomyces_maris_DSM_8797_NZ_ABCE01000022.1_Gimesia_maris_DSM_8797_1101493009157__whole_genome_shotgun_sequence does not have any alignments! 
WARNING: Reference Planctomyces_maris_DSM_8797_NZ_ABCE01000038.1_Gimesia_maris_DSM_8797_1101493009184__whole_genome_shotgun_sequence does not have any alignments! 
WARNING: Reference Planctomyces_maris_DSM_8797_NZ_ABCE01000090.1_Gimesia_maris_DSM_8797_1101493009055__whole_genome_shotgun_sequence does not have any alignments! 
WARNING: Reference Planctomyces_maris_DSM_8797_NZ_ABCE01000072.1_Gimesia_maris_DSM_8797_1101493009168__whole_genome_shotgun_sequence does not have any alignments! 
WARNING: Reference Planctomyces_maris_DSM_8797_NZ_ABCE01000076.1_Gimesia_maris_DSM_8797_1101493009150__whole_genome_shotgun_sequence does not have any alignments! 
WARNING: Reference Planctomyces_maris_DSM_8797_NZ_ABCE01000113.1_Gimesia_maris_DSM_8797_1101493009098__whole_genome_shotgun_sequence does not have any alignments! 
	Reference Planctomyces_maris_DSM_8797_NZ_ABCE01000024.1_Gimesia_maris_DSM_8797_1101493009154__whole_genome_shotgun_sequence: 3 total alignments. 1 total regions.
		Region: 1 to 116884 (116884 bp)
			START in gap: 1 to 25043 (25042 bp)
			Align 1: 25043 25120 k119_316662_flag_1_multi_5.8141_len_9891 4139 4062
				Negative gap (overlap) between this and next alignment: 25120 to 25044 (-76 bp)
				Next Alignment: 25044 25121 k119_336913_flag_1_multi_4.0000_len_986 893 816

			Previous gap was negative, modifying coordinates to ignore overlap
				Moving contig start from 893 to 816.
			Align 2: 25121 25121 k119_336913_flag_1_multi_4.0000_len_986 816 816
				Gap between this and next alignment: 25121 to 104137 (79015 bp)
				Next Alignment: 104137 104213 k119_408710_flag_1_multi_6.0000_len_13115 12796 12720

			Align 3: 104137 104213 k119_408710_flag_1_multi_6.0000_len_13115 12796 12720
			END in gap: 104213 to 116884 (12671 bp).

WARNING: Reference Planctomyces_maris_DSM_8797_NZ_ABCE01000009.1_Gimesia_maris_DSM_8797_1101493009176__whole_genome_shotgun_sequence does not have any alignments! 
WARNING: Reference Planctomyces_maris_DSM_8797_NZ_ABCE01000050.1_Gimesia_maris_DSM_8797_1101493009046__whole_genome_shotgun_sequence does not have any alignments! 
WARNING: Reference Planctomyces_maris_DSM_8797_NZ_ABCE01000069.1_Gimesia_maris_DSM_8797_1101493009128__whole_genome_shotgun_sequence does not have any alignments! 
WARNING: Reference Planctomyces_maris_DSM_8797_NZ_ABCE01000055.1_Gimesia_maris_DSM_8797_1101493009052__whole_genome_shotgun_sequence does not have any alignments! 
WARNING: Reference Planctomyces_maris_DSM_8797_NZ_ABCE01000014.1_Gimesia_maris_DSM_8797_1101493009175__whole_genome_shotgun_sequence does not have any alignments! 
WARNING: Reference Planctomyces_maris_DSM_8797_NZ_ABCE01000114.1_Gimesia_maris_DSM_8797_1101493009006__whole_genome_shotgun_sequence does not have any alignments! 
WARNING: Reference Planctomyces_maris_DSM_8797_NZ_ABCE01000036.1_Gimesia_maris_DSM_8797_1101493009138__whole_genome_shotgun_sequence does not have any alignments! 
WARNING: Reference Planctomyces_maris_DSM_8797_NZ_ABCE01000070.1_Gimesia_maris_DSM_8797_1101493009133__whole_genome_shotgun_sequence does not have any alignments! 
WARNING: Reference Planctomyces_maris_DSM_8797_NZ_ABCE01000027.1_Gimesia_maris_DSM_8797_1101493009173__whole_genome_shotgun_sequence does not have any alignments! 
WARNING: Reference Planctomyces_maris_DSM_8797_NZ_ABCE01000019.1_Gimesia_maris_DSM_8797_1101493009183__whole_genome_shotgun_sequence does not have any alignments! 
WARNING: Reference Planctomyces_maris_DSM_8797_NZ_ABCE01000061.1_Gimesia_maris_DSM_8797_1101493009010__whole_genome_shotgun_sequence does not have any alignments! 
WARNING: Reference Planctomyces_maris_DSM_8797_NZ_ABCE01000005.1_Gimesia_maris_DSM_8797_1101493009141__whole_genome_shotgun_sequence does not have any alignments! 
WARNING: Reference Planctomyces_maris_DSM_8797_NZ_ABCE01000120.1_Gimesia_maris_DSM_8797_1101493009094__whole_genome_shotgun_sequence does not have any alignments! 
WARNING: Reference Planctomyces_maris_DSM_8797_NZ_ABCE01000098.1_Gimesia_maris_DSM_8797_1101493009181__whole_genome_shotgun_sequence does not have any alignments! 
WARNING: Reference Planctomyces_maris_DSM_8797_NZ_ABCE01000017.1_Gimesia_maris_DSM_8797_1101493009172__whole_genome_shotgun_sequence does not have any alignments! 
WARNING: Reference Planctomyces_maris_DSM_8797_NZ_ABCE01000025.1_Gimesia_maris_DSM_8797_1101493009178__whole_genome_shotgun_sequence does not have any alignments! 
WARNING: Reference Planctomyces_maris_DSM_8797_NZ_ABCE01000104.1_Gimesia_maris_DSM_8797_1101493009088__whole_genome_shotgun_sequence does not have any alignments! 
WARNING: Reference Planctomyces_maris_DSM_8797_NZ_ABCE01000101.1_Gimesia_maris_DSM_8797_1101493009040__whole_genome_shotgun_sequence does not have any alignments! 
WARNING: Reference Planctomyces_maris_DSM_8797_NZ_ABCE01000065.1_Gimesia_maris_DSM_8797_1101493009163__whole_genome_shotgun_sequence does not have any alignments! 
WARNING: Reference Planctomyces_maris_DSM_8797_NZ_ABCE01000087.1_Gimesia_maris_DSM_8797_1101493009132__whole_genome_shotgun_sequence does not have any alignments! 
WARNING: Reference Planctomyces_maris_DSM_8797_NZ_ABCE01000103.1_Gimesia_maris_DSM_8797_1101493009003__whole_genome_shotgun_sequence does not have any alignments! 
WARNING: Reference Planctomyces_maris_DSM_8797_NZ_ABCE01000067.1_Gimesia_maris_DSM_8797_1101493009126__whole_genome_shotgun_sequence does not have any alignments! 
WARNING: Reference Planctomyces_maris_DSM_8797_NZ_ABCE01000020.1_Gimesia_maris_DSM_8797_1101493009118__whole_genome_shotgun_sequence does not have any alignments! 
WARNING: Reference Planctomyces_maris_DSM_8797_NZ_ABCE01000111.1_Gimesia_maris_DSM_8797_1101493009030__whole_genome_shotgun_sequence does not have any alignments! 
WARNING: Reference Planctomyces_maris_DSM_8797_NZ_ABCE01000035.1_Gimesia_maris_DSM_8797_1101493009188__whole_genome_shotgun_sequence does not have any alignments! 
WARNING: Reference Planctomyces_maris_DSM_8797_NZ_ABCE01000092.1_Gimesia_maris_DSM_8797_1101493009013__whole_genome_shotgun_sequence does not have any alignments! 
WARNING: Reference Planctomyces_maris_DSM_8797_NZ_ABCE01000084.1_Gimesia_maris_DSM_8797_1101493009009__whole_genome_shotgun_sequence does not have any alignments! 
WARNING: Reference Planctomyces_maris_DSM_8797_NZ_ABCE01000016.1_Gimesia_maris_DSM_8797_1101493009182__whole_genome_shotgun_sequence does not have any alignments! 
WARNING: Reference Planctomyces_maris_DSM_8797_NZ_ABCE01000053.1_Gimesia_maris_DSM_8797_1101493009130__whole_genome_shotgun_sequence does not have any alignments! 
WARNING: Reference Planctomyces_maris_DSM_8797_NZ_ABCE01000108.1_Gimesia_maris_DSM_8797_1101493009107__whole_genome_shotgun_sequence does not have any alignments! 
WARNING: Reference Planctomyces_maris_DSM_8797_NZ_ABCE01000001.1_Gimesia_maris_DSM_8797_1101493009180__whole_genome_shotgun_sequence does not have any alignments! 
WARNING: Reference Planctomyces_maris_DSM_8797_NZ_ABCE01000121.1_Gimesia_maris_DSM_8797_1101493009115__whole_genome_shotgun_sequence does not have any alignments! 
WARNING: Reference Planctomyces_maris_DSM_8797_NZ_ABCE01000018.1_Gimesia_maris_DSM_8797_1101493009148__whole_genome_shotgun_sequence does not have any alignments! 
WARNING: Reference Planctomyces_maris_DSM_8797_NZ_ABCE01000082.1_Gimesia_maris_DSM_8797_1101493009045__whole_genome_shotgun_sequence does not have any alignments! 
WARNING: Reference Planctomyces_maris_DSM_8797_NZ_ABCE01000040.1_Gimesia_maris_DSM_8797_1101493009134__whole_genome_shotgun_sequence does not have any alignments! 
WARNING: Reference Planctomyces_maris_DSM_8797_NZ_ABCE01000041.1_Gimesia_maris_DSM_8797_1101493009025__whole_genome_shotgun_sequence does not have any alignments! 
WARNING: Reference Planctomyces_maris_DSM_8797_NZ_ABCE01000106.1_Gimesia_maris_DSM_8797_1101493009096__whole_genome_shotgun_sequence does not have any alignments! 
WARNING: Reference Planctomyces_maris_DSM_8797_NZ_ABCE01000123.1_Gimesia_maris_DSM_8797_1101493009021__whole_genome_shotgun_sequence does not have any alignments! 
WARNING: Reference Planctomyces_maris_DSM_8797_NZ_ABCE01000112.1_Gimesia_maris_DSM_8797_1101493009047__whole_genome_shotgun_sequence does not have any alignments! 
WARNING: Reference Planctomyces_maris_DSM_8797_NZ_ABCE01000011.1_Gimesia_maris_DSM_8797_1101493009166__whole_genome_shotgun_sequence does not have any alignments! 
WARNING: Reference Planctomyces_maris_DSM_8797_NZ_ABCE01000095.1_Gimesia_maris_DSM_8797_1101493009012__whole_genome_shotgun_sequence does not have any alignments! 
Analysis is finished!
Founded SNPs were written into /home/ins/GenomeAnalysis/output/2_quast/SRR4342129_qc/runs_per_reference/Planctomyces_maris_DSM_8797/contigs_reports/nucmer_output/final-contigs.used_snps.gz

Results:
	Local Misassemblies: 0
	Misassemblies: 0
		Relocations: 0
		Translocations: 0
		Inversions: 0
	Misassembled Contigs: 0
	Misassembled Contig Bases: 0
	Misassemblies Inter-Contig Overlap: 0
Uncovered Regions: 0 (0)
Unaligned Contigs: 0 + 3 part
Half Unaligned Contigs with Misassemblies: 0
Unaligned Contig Bases: 23759

Ambiguously Mapped Contigs: 0
Total Bases in Ambiguously Mapped Contigs: 0
Extra Bases in Ambiguously Mapped Contigs: 0
Note that --allow-ambiguity option was set to "one" and only first alignment per each of these contigs was used.

	Covered Bases: 156

	SNPs: 1
	Insertions: 0
	Deletions: 0

	Positive Gaps: 3
		Internal Gaps: 0
		External Gaps: 3
		External Gap Total: 116728
		External Gap Average: 38909
	Negative Gaps: 1
		Internal Overlaps: 0
		External Overlaps: 1
		External Overlaps Total: -76
		External Overlaps Average: -76
	Contigs with Redundant Alignments: 0 (0)
