/sw/bioinfo/quast/4.5.4/rackham/bin/metaquast.py /home/ins/GenomeAnalysis/output/2_megahit/SRR4342129_assembly/final.contigs.fa -o /home/ins/GenomeAnalysis/output/2_quast/SRR4342129_qc

Version: 4.5.4

System information:
  OS: Linux-3.10.0-1160.21.1.el7.x86_64-x86_64-with-centos-7.9.2009-Core (linux_64)
  Python version: 2.7.6
  CPUs number: 16

Started: 2021-04-14 15:04:14

Logging to /home/ins/GenomeAnalysis/output/2_quast/SRR4342129_qc/metaquast.log
NOTICE: Maximum number of threads is set to 4 (use --threads option to set it manually)

Contigs:
  Pre-processing...
  /home/ins/GenomeAnalysis/output/2_megahit/SRR4342129_assembly/final.contigs.fa ==> final.contigs

No references are provided, starting to search for reference genomes in SILVA 16S rRNA database and to download them from NCBI...

2021-04-14 15:04:22
NOTICE: Permission denied accessing /sw/bioinfo/quast/4.5.4/rackham/lib/python2.7/site-packages/quast_libs/blast. BLAST will be downloaded to home directory /home/ins/.quast
Downloading makeblastdb...
makeblastdb successfully downloaded!

Downloading blastn...
blastn successfully downloaded!

NOTICE: Permission denied accessing /sw/bioinfo/quast/4.5.4/rackham/lib/python2.7/site-packages/quast_libs/silva. Silva will be downloaded to home directory /home/ins/.quast

Downloading SILVA 16S ribosomal RNA gene database...
Processing downloaded file. Logging to /home/ins/.quast/silva/blastdb.log...
Unpacking and replacing " " with "_"...
gunzip -c /home/ins/.quast/silva/SILVA_123_SSURef_Nr99_tax_silva.fasta.gz > /home/ins/.quast/silva/SILVA_123_SSURef_Nr99_tax_silva.fasta.unpacked \
2>> /home/ins/.quast/silva/blastdb.log
Making BLAST database...
/home/ins/.quast/blast/makeblastdb -in /home/ins/.quast/silva/SILVA_123_SSURef_Nr99_tax_silva.fasta \
-dbtype nucl -out /home/ins/.quast/silva/silva.123.db >> /home/ins/.quast/silva/blastdb.log \
2>> /home/ins/.quast/silva/blastdb.log
Running BlastN..
  processing final.contigs
/home/ins/.quast/blast/blastn -query /home/ins/GenomeAnalysis/output/2_megahit/SRR4342129_assembly/final.contigs.fa \
-db /home/ins/.quast/silva/silva.123.db -outfmt 7 -num_threads 4 > /home/ins/GenomeAnalysis/output/2_quast/SRR4342129_qc/quast_downloaded_references/blast.res_final-contigs \
2>> /home/ins/GenomeAnalysis/output/2_quast/SRR4342129_qc/quast_downloaded_references/blast.err
  BLAST results for final.contigs are saved to /home/ins/GenomeAnalysis/output/2_quast/SRR4342129_qc/quast_downloaded_references/blast.res_final-contigs...


2021-04-14 15:17:35
Trying to download found references from NCBI. Totally 50 organisms to try.
  Synechococcus_sp._WH_7803                                | successfully downloaded (total 1, 49 more to go)
marine metagenome has too fragmented reference genome! It will not be downloaded.
  marine_metagenome                                        | not found in the NCBI database
  Lutimonas_sp._RSS3-C1                                    | not found in the NCBI database
  unidentified_marine_bacterioplankton                     | not found in the NCBI database
  Dehalogenimonas_lykanthroporepellens_BL-DC-9             | successfully downloaded (total 2, 45 more to go)
  Marinoscillum_pacificum                                  | not found in the NCBI database
  Planctomyces_brasiliensis_DSM_5305                       | successfully downloaded (total 3, 43 more to go)
  Planctomyces_maris_DSM_8797                              | successfully downloaded (total 4, 42 more to go)
  Syntrophus_aciditrophicus                                | successfully downloaded (total 5, 41 more to go)
  denitrifying_bacterium_enrichment_culture_clone_NOB_2_C9 | not found in the NCBI database
  Haloferula_phyci                                         | not found in the NCBI database
  Idiomarina_sp._G-R2A15                                   | not found in the NCBI database
  Flavobacterium_sp._SCGC_AAA160-P02                       | successfully downloaded (total 6, 37 more to go)
  bacterium_episymbiont_of_Kiwa_sp                         | not found in the NCBI database
  Litoribaculum_gwangyangense                              | not found in the NCBI database
  gamma_proteobacterium_SCGC_AB-629-P17                    | successfully downloaded (total 7, 34 more to go)
  bacterium_rJ14                                           | not found in the NCBI database
  marine_gamma_proteobacterium_HTCC2080                    | successfully downloaded (total 8, 32 more to go)
  Sphingobium_sp._GR1                                      | not found in the NCBI database
  Bacteriovorax_sp._SAU4                                   | not found in the NCBI database
  Melissococcus_plutonius_DAT561                           | successfully downloaded (total 9, 29 more to go)
  Mesorhizobium_sp._DG943                                  | not found in the NCBI database
  Lautropia_mirabilis_ATCC_51599                           | successfully downloaded (total 10, 27 more to go)
  Formosa_algae                                            | successfully downloaded (total 11, 26 more to go)
  marine_bacterium_WH-5                                    | not found in the NCBI database
  Pseudomonas_sp._7068                                     | not found in the NCBI database
  Hippea_sp._Lau09-781r                                    | not found in the NCBI database
  Alcanivorax_jadensis_T9                                  | successfully downloaded (total 12, 22 more to go)
  Thermoplasmatales_archaeon_A-plasma                      | successfully downloaded (total 13, 21 more to go)
  Desulfovibrio_giganteus                                  | not found in the NCBI database
  Rhodobacteraceae_bacterium_KLH11                         | successfully downloaded (total 14, 19 more to go)
  bacterium_WH5-6                                          | not found in the NCBI database
  Thalassolituus_oleivorans_R6-15                          | successfully downloaded (total 15, 17 more to go)
  Ruegeria_pomeroyi                                        | successfully downloaded (total 16, 16 more to go)
  Microbulbifer_yueqingensis                               | successfully downloaded (total 17, 15 more to go)
  Desulfoglaeba_sp._Lake                                   | not found in the NCBI database
  Nitrospina_sp._347                                       | not found in the NCBI database
  Luminiphilus_syltensis_NOR5-1B                           | successfully downloaded (total 18, 12 more to go)
  Legionella_santicrucis                                   | successfully downloaded (total 19, 11 more to go)
  Marinimicrobium_agarilyticum_DSM_16975                   | successfully downloaded (total 20, 10 more to go)
  Azospirillum_sp._LH-CAB12                                | not found in the NCBI database
  Ilumatobacter_fluminis                                   | successfully downloaded (total 21, 8 more to go)
  Pelobacter_sp._A3b3                                      | not found in the NCBI database
  Serratia_symbiotica                                      | successfully downloaded (total 22, 6 more to go)
  Janibacter_sp._HTCC2649                                  | successfully downloaded (total 23, 5 more to go)
  Oceanicola_granulosus_HTCC2516                           | successfully downloaded (total 24, 4 more to go)
  Thalassospira_xiamenensis_M-5_=_DSM_17429                | successfully downloaded (total 25, 3 more to go)
  Methanococcoides_methylutens                             | successfully downloaded (total 26, 2 more to go)
  Nitrospira_enrichment_culture_clone_Ga3a                 | not found in the NCBI database
  Sporosarcina_sp._EUR3_2.2.2                              | successfully downloaded (total 27, 0 more to go)

Downloaded reference(s):
  /home/ins/GenomeAnalysis/output/2_quast/SRR4342129_qc/quast_downloaded_references/Alcanivorax_jadensis_T9.fasta ==> Alcanivorax_jadensis_T9
  /home/ins/GenomeAnalysis/output/2_quast/SRR4342129_qc/quast_downloaded_references/Dehalogenimonas_lykanthroporepellens_BL-DC-9.fasta ==> Dehalogenimonas_lykanthroporepellens_BL-DC-9
  /home/ins/GenomeAnalysis/output/2_quast/SRR4342129_qc/quast_downloaded_references/Flavobacterium_sp._SCGC_AAA160-P02.fasta ==> Flavobacterium_sp._SCGC_AAA160-P02
  /home/ins/GenomeAnalysis/output/2_quast/SRR4342129_qc/quast_downloaded_references/Formosa_algae.fasta ==> Formosa_algae
  /home/ins/GenomeAnalysis/output/2_quast/SRR4342129_qc/quast_downloaded_references/Ilumatobacter_fluminis.fasta ==> Ilumatobacter_fluminis
  /home/ins/GenomeAnalysis/output/2_quast/SRR4342129_qc/quast_downloaded_references/Janibacter_sp._HTCC2649.fasta ==> Janibacter_sp._HTCC2649
  /home/ins/GenomeAnalysis/output/2_quast/SRR4342129_qc/quast_downloaded_references/Lautropia_mirabilis_ATCC_51599.fasta ==> Lautropia_mirabilis_ATCC_51599
  /home/ins/GenomeAnalysis/output/2_quast/SRR4342129_qc/quast_downloaded_references/Legionella_santicrucis.fasta ==> Legionella_santicrucis
  /home/ins/GenomeAnalysis/output/2_quast/SRR4342129_qc/quast_downloaded_references/Luminiphilus_syltensis_NOR5-1B.fasta ==> Luminiphilus_syltensis_NOR5-1B
  /home/ins/GenomeAnalysis/output/2_quast/SRR4342129_qc/quast_downloaded_references/Marinimicrobium_agarilyticum_DSM_16975.fasta ==> Marinimicrobium_agarilyticum_DSM_16975
  /home/ins/GenomeAnalysis/output/2_quast/SRR4342129_qc/quast_downloaded_references/Melissococcus_plutonius_DAT561.fasta ==> Melissococcus_plutonius_DAT561
  /home/ins/GenomeAnalysis/output/2_quast/SRR4342129_qc/quast_downloaded_references/Methanococcoides_methylutens.fasta ==> Methanococcoides_methylutens
  /home/ins/GenomeAnalysis/output/2_quast/SRR4342129_qc/quast_downloaded_references/Microbulbifer_yueqingensis.fasta ==> Microbulbifer_yueqingensis
  /home/ins/GenomeAnalysis/output/2_quast/SRR4342129_qc/quast_downloaded_references/Oceanicola_granulosus_HTCC2516.fasta ==> Oceanicola_granulosus_HTCC2516
  /home/ins/GenomeAnalysis/output/2_quast/SRR4342129_qc/quast_downloaded_references/Planctomyces_brasiliensis_DSM_5305.fasta ==> Planctomyces_brasiliensis_DSM_5305
  /home/ins/GenomeAnalysis/output/2_quast/SRR4342129_qc/quast_downloaded_references/Planctomyces_maris_DSM_8797.fasta ==> Planctomyces_maris_DSM_8797
  /home/ins/GenomeAnalysis/output/2_quast/SRR4342129_qc/quast_downloaded_references/Rhodobacteraceae_bacterium_KLH11.fasta ==> Rhodobacteraceae_bacterium_KLH11
  /home/ins/GenomeAnalysis/output/2_quast/SRR4342129_qc/quast_downloaded_references/Ruegeria_pomeroyi.fasta ==> Ruegeria_pomeroyi
  /home/ins/GenomeAnalysis/output/2_quast/SRR4342129_qc/quast_downloaded_references/Serratia_symbiotica.fasta ==> Serratia_symbiotica
  /home/ins/GenomeAnalysis/output/2_quast/SRR4342129_qc/quast_downloaded_references/Sporosarcina_sp._EUR3_2.2.2.fasta ==> Sporosarcina_sp._EUR3_2.2.2
  /home/ins/GenomeAnalysis/output/2_quast/SRR4342129_qc/quast_downloaded_references/Synechococcus_sp._WH_7803.fasta ==> Synechococcus_sp._WH_7803
  /home/ins/GenomeAnalysis/output/2_quast/SRR4342129_qc/quast_downloaded_references/Syntrophus_aciditrophicus.fasta ==> Syntrophus_aciditrophicus
  /home/ins/GenomeAnalysis/output/2_quast/SRR4342129_qc/quast_downloaded_references/Thalassolituus_oleivorans_R6-15.fasta ==> Thalassolituus_oleivorans_R6-15
  /home/ins/GenomeAnalysis/output/2_quast/SRR4342129_qc/quast_downloaded_references/Thalassospira_xiamenensis_M-5___DSM_17429.fasta ==> Thalassospira_xiamenensis_M-5___DSM_17429
  /home/ins/GenomeAnalysis/output/2_quast/SRR4342129_qc/quast_downloaded_references/Thermoplasmatales_archaeon_A-plasma.fasta ==> Thermoplasmatales_archaeon_A-plasma
  /home/ins/GenomeAnalysis/output/2_quast/SRR4342129_qc/quast_downloaded_references/gamma_proteobacterium_SCGC_AB-629-P17.fasta ==> gamma_proteobacterium_SCGC_AB-629-P17
  /home/ins/GenomeAnalysis/output/2_quast/SRR4342129_qc/quast_downloaded_references/marine_gamma_proteobacterium_HTCC2080.fasta ==> marine_gamma_proteobacterium_HTCC2080
  All references were combined in combined_reference.fasta

Starting quast.py for the combined reference...
(logging to /home/ins/GenomeAnalysis/output/2_quast/SRR4342129_qc/combined_reference/quast.log)

Excluding downloaded references with low genome fraction from further analysis..
All downloaded references have low genome fraction. Nothing was excluded for now.

Partitioning contigs into bins aligned to each reference..
  processing final.contigs

Run QUAST on different references in parallel..

Starting quast.py for the contigs aligned to Alcanivorax_jadensis_T9... (logging to /home/ins/GenomeAnalysis/output/2_quast/SRR4342129_qc/runs_per_reference/Alcanivorax_jadensis_T9/quast.log)

No contigs were aligned to the reference Dehalogenimonas_lykanthroporepellens_BL-DC-9, skipping..

Starting quast.py for the contigs aligned to Flavobacterium_sp._SCGC_AAA160-P02... (logging to /home/ins/GenomeAnalysis/output/2_quast/SRR4342129_qc/runs_per_reference/Flavobacterium_sp._SCGC_AAA160-P02/quast.log)

Starting quast.py for the contigs aligned to Formosa_algae... (logging to /home/ins/GenomeAnalysis/output/2_quast/SRR4342129_qc/runs_per_reference/Formosa_algae/quast.log)

Starting quast.py for the contigs aligned to Ilumatobacter_fluminis... (logging to /home/ins/GenomeAnalysis/output/2_quast/SRR4342129_qc/runs_per_reference/Ilumatobacter_fluminis/quast.log)

Starting quast.py for the contigs aligned to Janibacter_sp._HTCC2649... (logging to /home/ins/GenomeAnalysis/output/2_quast/SRR4342129_qc/runs_per_reference/Janibacter_sp._HTCC2649/quast.log)

Starting quast.py for the contigs aligned to Lautropia_mirabilis_ATCC_51599... (logging to /home/ins/GenomeAnalysis/output/2_quast/SRR4342129_qc/runs_per_reference/Lautropia_mirabilis_ATCC_51599/quast.log)

Starting quast.py for the contigs aligned to Legionella_santicrucis... (logging to /home/ins/GenomeAnalysis/output/2_quast/SRR4342129_qc/runs_per_reference/Legionella_santicrucis/quast.log)

Starting quast.py for the contigs aligned to Luminiphilus_syltensis_NOR5-1B... (logging to /home/ins/GenomeAnalysis/output/2_quast/SRR4342129_qc/runs_per_reference/Luminiphilus_syltensis_NOR5-1B/quast.log)

Starting quast.py for the contigs aligned to Marinimicrobium_agarilyticum_DSM_16975... (logging to /home/ins/GenomeAnalysis/output/2_quast/SRR4342129_qc/runs_per_reference/Marinimicrobium_agarilyticum_DSM_16975/quast.log)

No contigs were aligned to the reference Melissococcus_plutonius_DAT561, skipping..

No contigs were aligned to the reference Methanococcoides_methylutens, skipping..

Starting quast.py for the contigs aligned to Microbulbifer_yueqingensis... (logging to /home/ins/GenomeAnalysis/output/2_quast/SRR4342129_qc/runs_per_reference/Microbulbifer_yueqingensis/quast.log)

Starting quast.py for the contigs aligned to Oceanicola_granulosus_HTCC2516... (logging to /home/ins/GenomeAnalysis/output/2_quast/SRR4342129_qc/runs_per_reference/Oceanicola_granulosus_HTCC2516/quast.log)

Starting quast.py for the contigs aligned to Planctomyces_brasiliensis_DSM_5305... (logging to /home/ins/GenomeAnalysis/output/2_quast/SRR4342129_qc/runs_per_reference/Planctomyces_brasiliensis_DSM_5305/quast.log)

Starting quast.py for the contigs aligned to Planctomyces_maris_DSM_8797... (logging to /home/ins/GenomeAnalysis/output/2_quast/SRR4342129_qc/runs_per_reference/Planctomyces_maris_DSM_8797/quast.log)

Starting quast.py for the contigs aligned to Rhodobacteraceae_bacterium_KLH11... (logging to /home/ins/GenomeAnalysis/output/2_quast/SRR4342129_qc/runs_per_reference/Rhodobacteraceae_bacterium_KLH11/quast.log)

Starting quast.py for the contigs aligned to Ruegeria_pomeroyi... (logging to /home/ins/GenomeAnalysis/output/2_quast/SRR4342129_qc/runs_per_reference/Ruegeria_pomeroyi/quast.log)

Starting quast.py for the contigs aligned to Serratia_symbiotica... (logging to /home/ins/GenomeAnalysis/output/2_quast/SRR4342129_qc/runs_per_reference/Serratia_symbiotica/quast.log)

No contigs were aligned to the reference Sporosarcina_sp._EUR3_2.2.2, skipping..

Starting quast.py for the contigs aligned to Synechococcus_sp._WH_7803... (logging to /home/ins/GenomeAnalysis/output/2_quast/SRR4342129_qc/runs_per_reference/Synechococcus_sp._WH_7803/quast.log)

Starting quast.py for the contigs aligned to Syntrophus_aciditrophicus... (logging to /home/ins/GenomeAnalysis/output/2_quast/SRR4342129_qc/runs_per_reference/Syntrophus_aciditrophicus/quast.log)

Starting quast.py for the contigs aligned to Thalassolituus_oleivorans_R6-15... (logging to /home/ins/GenomeAnalysis/output/2_quast/SRR4342129_qc/runs_per_reference/Thalassolituus_oleivorans_R6-15/quast.log)

Starting quast.py for the contigs aligned to Thalassospira_xiamenensis_M-5___DSM_17429... (logging to /home/ins/GenomeAnalysis/output/2_quast/SRR4342129_qc/runs_per_reference/Thalassospira_xiamenensis_M-5___DSM_17429/quast.log)

No contigs were aligned to the reference Thermoplasmatales_archaeon_A-plasma, skipping..

Starting quast.py for the contigs aligned to gamma_proteobacterium_SCGC_AB-629-P17... (logging to /home/ins/GenomeAnalysis/output/2_quast/SRR4342129_qc/runs_per_reference/gamma_proteobacterium_SCGC_AB-629-P17/quast.log)

Starting quast.py for the contigs aligned to marine_gamma_proteobacterium_HTCC2080... (logging to /home/ins/GenomeAnalysis/output/2_quast/SRR4342129_qc/runs_per_reference/marine_gamma_proteobacterium_HTCC2080/quast.log)

Starting quast.py for the contigs not aligned anywhere... (logging to /home/ins/GenomeAnalysis/output/2_quast/SRR4342129_qc/not_aligned/quast.log)

2021-04-14 15:41:52
Summarizing results...
  Drawing # contigs metaQUAST summary plot...
    saved to /home/ins/GenomeAnalysis/output/2_quast/SRR4342129_qc/summary/PDF/#_contigs.pdf
  Drawing Largest contig metaQUAST summary plot...
    saved to /home/ins/GenomeAnalysis/output/2_quast/SRR4342129_qc/summary/PDF/Largest_contig.pdf
  Drawing Total length metaQUAST summary plot...
    saved to /home/ins/GenomeAnalysis/output/2_quast/SRR4342129_qc/summary/PDF/Total_length.pdf
  Drawing Largest alignment metaQUAST summary plot...
    saved to /home/ins/GenomeAnalysis/output/2_quast/SRR4342129_qc/summary/PDF/Largest_alignment.pdf
  Drawing Total aligned length metaQUAST summary plot...
    saved to /home/ins/GenomeAnalysis/output/2_quast/SRR4342129_qc/summary/PDF/Total_aligned_length.pdf
  Drawing Total length (>= 1000 bp) metaQUAST summary plot...
    saved to /home/ins/GenomeAnalysis/output/2_quast/SRR4342129_qc/summary/PDF/Total_length_(>=_1000_bp).pdf
  Drawing Total length (>= 10000 bp) metaQUAST summary plot...
    saved to /home/ins/GenomeAnalysis/output/2_quast/SRR4342129_qc/summary/PDF/Total_length_(>=_10000_bp).pdf
  Drawing Total length (>= 50000 bp) metaQUAST summary plot...
    saved to /home/ins/GenomeAnalysis/output/2_quast/SRR4342129_qc/summary/PDF/Total_length_(>=_50000_bp).pdf
  Drawing # misassemblies metaQUAST summary plot...
    saved to /home/ins/GenomeAnalysis/output/2_quast/SRR4342129_qc/summary/PDF/#_misassemblies.pdf
  Drawing metaQUAST summary misassemblies plot for final.contigs...
    saved to /home/ins/GenomeAnalysis/output/2_quast/SRR4342129_qc/summary/PDF/final-contigs_misassemblies.pdf
  Drawing Misassembled contigs length metaQUAST summary plot...
    saved to /home/ins/GenomeAnalysis/output/2_quast/SRR4342129_qc/summary/PDF/Misassembled_contigs_length.pdf
  Drawing # mismatches per 100 kbp metaQUAST summary plot...
    saved to /home/ins/GenomeAnalysis/output/2_quast/SRR4342129_qc/summary/PDF/#_mismatches_per_100_kbp.pdf
  Drawing # indels per 100 kbp metaQUAST summary plot...
    saved to /home/ins/GenomeAnalysis/output/2_quast/SRR4342129_qc/summary/PDF/#_indels_per_100_kbp.pdf
  Drawing # N's per 100 kbp metaQUAST summary plot...
    saved to /home/ins/GenomeAnalysis/output/2_quast/SRR4342129_qc/summary/PDF/#_N's_per_100_kbp.pdf
  Drawing Genome fraction (%) metaQUAST summary plot...
    saved to /home/ins/GenomeAnalysis/output/2_quast/SRR4342129_qc/summary/PDF/Genome_fraction_(%).pdf
  Drawing Duplication ratio metaQUAST summary plot...
    saved to /home/ins/GenomeAnalysis/output/2_quast/SRR4342129_qc/summary/PDF/Duplication_ratio.pdf
  Drawing Avg contig read support metaQUAST summary plot...
    saved to /home/ins/GenomeAnalysis/output/2_quast/SRR4342129_qc/summary/PDF/Avg_contig_read_support.pdf
  Drawing # genes metaQUAST summary plot...
    saved to /home/ins/GenomeAnalysis/output/2_quast/SRR4342129_qc/summary/PDF/#_genes.pdf
  Drawing # operons metaQUAST summary plot...
    saved to /home/ins/GenomeAnalysis/output/2_quast/SRR4342129_qc/summary/PDF/#_operons.pdf
  Drawing NGA50 metaQUAST summary plot...
    saved to /home/ins/GenomeAnalysis/output/2_quast/SRR4342129_qc/summary/PDF/NGA50.pdf
  Drawing LGA50 metaQUAST summary plot...
    saved to /home/ins/GenomeAnalysis/output/2_quast/SRR4342129_qc/summary/PDF/LGA50.pdf
  Drawing # predicted genes (unique) metaQUAST summary plot...
    saved to /home/ins/GenomeAnalysis/output/2_quast/SRR4342129_qc/summary/PDF/#_predicted_genes_(unique).pdf

  Text versions of reports and plots for each metric (for all references and assemblies) are saved to /home/ins/GenomeAnalysis/output/2_quast/SRR4342129_qc/summary/
  Icarus (contig browser) is saved to /home/ins/GenomeAnalysis/output/2_quast/SRR4342129_qc/icarus.html
  Drawing interactive Krona plots...
  Krona chart for final.contigs is saved to /home/ins/GenomeAnalysis/output/2_quast/SRR4342129_qc/krona_charts/final.contigs_taxonomy_chart.html
  Extended version of HTML-report (for all references and assemblies) is saved to /home/ins/GenomeAnalysis/output/2_quast/SRR4342129_qc/report.html

MetaQUAST finished.
  Log saved to /home/ins/GenomeAnalysis/output/2_quast/SRR4342129_qc/metaquast.log

Finished: 2021-04-14 15:42:05
Elapsed time: 0:37:51.848605
Total NOTICEs: 28; WARNINGs: 1; non-fatal ERRORs: 0

Thank you for using QUAST!
