gnuplot 4.6 patchlevel 2
Aligning contigs to reference...
	Aligning contigs to the reference
Parsing coords...
Loading reference...
	Loaded [Legionella_santicrucis_NZ_LNYU01000001.1_Legionella_santicrucis_strain_SC-63-C7_Lsan_ctg001__whole_genome_shotgun_sequence]
	Loaded [Legionella_santicrucis_NZ_LNYU01000002.1_Legionella_santicrucis_strain_SC-63-C7_Lsan_ctg002__whole_genome_shotgun_sequence]
	Loaded [Legionella_santicrucis_NZ_LNYU01000003.1_Legionella_santicrucis_strain_SC-63-C7_Lsan_ctg003__whole_genome_shotgun_sequence]
	Loaded [Legionella_santicrucis_NZ_LNYU01000004.1_Legionella_santicrucis_strain_SC-63-C7_Lsan_ctg004__whole_genome_shotgun_sequence]
	Loaded [Legionella_santicrucis_NZ_LNYU01000005.1_Legionella_santicrucis_strain_SC-63-C7_Lsan_ctg005__whole_genome_shotgun_sequence]
	Loaded [Legionella_santicrucis_NZ_LNYU01000006.1_Legionella_santicrucis_strain_SC-63-C7_Lsan_ctg006__whole_genome_shotgun_sequence]
	Loaded [Legionella_santicrucis_NZ_LNYU01000007.1_Legionella_santicrucis_strain_SC-63-C7_Lsan_ctg007__whole_genome_shotgun_sequence]
	Loaded [Legionella_santicrucis_NZ_LNYU01000008.1_Legionella_santicrucis_strain_SC-63-C7_Lsan_ctg008__whole_genome_shotgun_sequence]
	Loaded [Legionella_santicrucis_NZ_LNYU01000009.1_Legionella_santicrucis_strain_SC-63-C7_Lsan_ctg009__whole_genome_shotgun_sequence]
	Loaded [Legionella_santicrucis_NZ_LNYU01000010.1_Legionella_santicrucis_strain_SC-63-C7_Lsan_ctg010__whole_genome_shotgun_sequence]
	Loaded [Legionella_santicrucis_NZ_LNYU01000011.1_Legionella_santicrucis_strain_SC-63-C7_Lsan_ctg011__whole_genome_shotgun_sequence]
	Loaded [Legionella_santicrucis_NZ_LNYU01000012.1_Legionella_santicrucis_strain_SC-63-C7_Lsan_ctg012__whole_genome_shotgun_sequence]
	Loaded [Legionella_santicrucis_NZ_LNYU01000013.1_Legionella_santicrucis_strain_SC-63-C7_Lsan_ctg013__whole_genome_shotgun_sequence]
	Loaded [Legionella_santicrucis_NZ_LNYU01000014.1_Legionella_santicrucis_strain_SC-63-C7_Lsan_ctg014__whole_genome_shotgun_sequence]
	Loaded [Legionella_santicrucis_NZ_LNYU01000015.1_Legionella_santicrucis_strain_SC-63-C7_Lsan_ctg015__whole_genome_shotgun_sequence]
	Loaded [Legionella_santicrucis_NZ_LNYU01000016.1_Legionella_santicrucis_strain_SC-63-C7_Lsan_ctg016__whole_genome_shotgun_sequence]
	Loaded [Legionella_santicrucis_NZ_LNYU01000017.1_Legionella_santicrucis_strain_SC-63-C7_Lsan_ctg017__whole_genome_shotgun_sequence]
	Loaded [Legionella_santicrucis_NZ_LNYU01000018.1_Legionella_santicrucis_strain_SC-63-C7_Lsan_ctg018__whole_genome_shotgun_sequence]
	Loaded [Legionella_santicrucis_NZ_LNYU01000019.1_Legionella_santicrucis_strain_SC-63-C7_Lsan_ctg019__whole_genome_shotgun_sequence]
	Loaded [Legionella_santicrucis_NZ_LNYU01000020.1_Legionella_santicrucis_strain_SC-63-C7_Lsan_ctg020__whole_genome_shotgun_sequence]
	Loaded [Legionella_santicrucis_NZ_LNYU01000021.1_Legionella_santicrucis_strain_SC-63-C7_Lsan_ctg021__whole_genome_shotgun_sequence]
	Loaded [Legionella_santicrucis_NZ_LNYU01000022.1_Legionella_santicrucis_strain_SC-63-C7_Lsan_ctg022__whole_genome_shotgun_sequence]
	Loaded [Legionella_santicrucis_NZ_LNYU01000023.1_Legionella_santicrucis_strain_SC-63-C7_Lsan_ctg023__whole_genome_shotgun_sequence]
	Loaded [Legionella_santicrucis_NZ_LNYU01000024.1_Legionella_santicrucis_strain_SC-63-C7_Lsan_ctg024__whole_genome_shotgun_sequence]
	Loaded [Legionella_santicrucis_NZ_LNYU01000025.1_Legionella_santicrucis_strain_SC-63-C7_Lsan_ctg025__whole_genome_shotgun_sequence]
	Loaded [Legionella_santicrucis_NZ_LNYU01000026.1_Legionella_santicrucis_strain_SC-63-C7_Lsan_ctg026__whole_genome_shotgun_sequence]
	Loaded [Legionella_santicrucis_NZ_LNYU01000027.1_Legionella_santicrucis_strain_SC-63-C7_Lsan_ctg027__whole_genome_shotgun_sequence]
	Loaded [Legionella_santicrucis_NZ_LNYU01000028.1_Legionella_santicrucis_strain_SC-63-C7_Lsan_ctg028__whole_genome_shotgun_sequence]
	Loaded [Legionella_santicrucis_NZ_LNYU01000029.1_Legionella_santicrucis_strain_SC-63-C7_Lsan_ctg029__whole_genome_shotgun_sequence]
	Loaded [Legionella_santicrucis_NZ_LNYU01000030.1_Legionella_santicrucis_strain_SC-63-C7_Lsan_ctg030__whole_genome_shotgun_sequence]
	Loaded [Legionella_santicrucis_NZ_LNYU01000031.1_Legionella_santicrucis_strain_SC-63-C7_Lsan_ctg031__whole_genome_shotgun_sequence]
	Loaded [Legionella_santicrucis_NZ_LNYU01000032.1_Legionella_santicrucis_strain_SC-63-C7_Lsan_ctg032__whole_genome_shotgun_sequence]
	Loaded [Legionella_santicrucis_NZ_LNYU01000033.1_Legionella_santicrucis_strain_SC-63-C7_Lsan_ctg033__whole_genome_shotgun_sequence]
	Loaded [Legionella_santicrucis_NZ_LNYU01000034.1_Legionella_santicrucis_strain_SC-63-C7_Lsan_ctg034__whole_genome_shotgun_sequence]
	Loaded [Legionella_santicrucis_NZ_LNYU01000035.1_Legionella_santicrucis_strain_SC-63-C7_Lsan_ctg035__whole_genome_shotgun_sequence]
	Loaded [Legionella_santicrucis_NZ_LNYU01000036.1_Legionella_santicrucis_strain_SC-63-C7_Lsan_ctg036__whole_genome_shotgun_sequence]
	Loaded [Legionella_santicrucis_NZ_LNYU01000037.1_Legionella_santicrucis_strain_SC-63-C7_Lsan_ctg037__whole_genome_shotgun_sequence]
	Loaded [Legionella_santicrucis_NZ_LNYU01000038.1_Legionella_santicrucis_strain_SC-63-C7_Lsan_ctg038__whole_genome_shotgun_sequence]
	Loaded [Legionella_santicrucis_NZ_LNYU01000039.1_Legionella_santicrucis_strain_SC-63-C7_Lsan_ctg039__whole_genome_shotgun_sequence]
	Loaded [Legionella_santicrucis_NZ_LNYU01000040.1_Legionella_santicrucis_strain_SC-63-C7_Lsan_ctg040__whole_genome_shotgun_sequence]
	Loaded [Legionella_santicrucis_NZ_LNYU01000041.1_Legionella_santicrucis_strain_SC-63-C7_Lsan_ctg041__whole_genome_shotgun_sequence]
	Loaded [Legionella_santicrucis_NZ_LNYU01000042.1_Legionella_santicrucis_strain_SC-63-C7_Lsan_ctg042__whole_genome_shotgun_sequence]
	Loaded [Legionella_santicrucis_NZ_LNYU01000043.1_Legionella_santicrucis_strain_SC-63-C7_Lsan_ctg043__whole_genome_shotgun_sequence]
	Loaded [Legionella_santicrucis_NZ_LNYU01000044.1_Legionella_santicrucis_strain_SC-63-C7_Lsan_ctg044__whole_genome_shotgun_sequence]
	Loaded [Legionella_santicrucis_NZ_LNYU01000045.1_Legionella_santicrucis_strain_SC-63-C7_Lsan_ctg045__whole_genome_shotgun_sequence]
	Loaded [Legionella_santicrucis_NZ_LNYU01000046.1_Legionella_santicrucis_strain_SC-63-C7_Lsan_ctg046__whole_genome_shotgun_sequence]
	Loaded [Legionella_santicrucis_NZ_LNYU01000047.1_Legionella_santicrucis_strain_SC-63-C7_Lsan_ctg047__whole_genome_shotgun_sequence]
	Loaded [Legionella_santicrucis_NZ_LNYU01000048.1_Legionella_santicrucis_strain_SC-63-C7_Lsan_ctg048__whole_genome_shotgun_sequence]
	Loaded [Legionella_santicrucis_NZ_LNYU01000049.1_Legionella_santicrucis_strain_SC-63-C7_Lsan_ctg049__whole_genome_shotgun_sequence]
	Loaded [Legionella_santicrucis_NZ_LNYU01000050.1_Legionella_santicrucis_strain_SC-63-C7_Lsan_ctg050__whole_genome_shotgun_sequence]
	Loaded [Legionella_santicrucis_NZ_LNYU01000051.1_Legionella_santicrucis_strain_SC-63-C7_Lsan_ctg051__whole_genome_shotgun_sequence]
	Loaded [Legionella_santicrucis_NZ_LNYU01000052.1_Legionella_santicrucis_strain_SC-63-C7_Lsan_ctg052__whole_genome_shotgun_sequence]
	Loaded [Legionella_santicrucis_NZ_LNYU01000053.1_Legionella_santicrucis_strain_SC-63-C7_Lsan_ctg053__whole_genome_shotgun_sequence]
	Loaded [Legionella_santicrucis_NZ_LNYU01000054.1_Legionella_santicrucis_strain_SC-63-C7_Lsan_ctg054__whole_genome_shotgun_sequence]
	Loaded [Legionella_santicrucis_NZ_LNYU01000055.1_Legionella_santicrucis_strain_SC-63-C7_Lsan_ctg055__whole_genome_shotgun_sequence]
	Loaded [Legionella_santicrucis_NZ_LNYU01000056.1_Legionella_santicrucis_strain_SC-63-C7_Lsan_ctg056__whole_genome_shotgun_sequence]
	Loaded [Legionella_santicrucis_NZ_LNYU01000057.1_Legionella_santicrucis_strain_SC-63-C7_Lsan_ctg057__whole_genome_shotgun_sequence]
	Loaded [Legionella_santicrucis_NZ_LNYU01000058.1_Legionella_santicrucis_strain_SC-63-C7_Lsan_ctg058__whole_genome_shotgun_sequence]
	Loaded [Legionella_santicrucis_NZ_LNYU01000059.1_Legionella_santicrucis_strain_SC-63-C7_Lsan_ctg059__whole_genome_shotgun_sequence]
	Loaded [Legionella_santicrucis_NZ_LNYU01000060.1_Legionella_santicrucis_strain_SC-63-C7_Lsan_ctg060__whole_genome_shotgun_sequence]
	Loaded [Legionella_santicrucis_NZ_LNYU01000061.1_Legionella_santicrucis_strain_SC-63-C7_Lsan_ctg061__whole_genome_shotgun_sequence]
	Loaded [Legionella_santicrucis_NZ_LNYU01000062.1_Legionella_santicrucis_strain_SC-63-C7_Lsan_ctg062__whole_genome_shotgun_sequence]
	Loaded [Legionella_santicrucis_NZ_LNYU01000063.1_Legionella_santicrucis_strain_SC-63-C7_Lsan_ctg063__whole_genome_shotgun_sequence]
	Loaded [Legionella_santicrucis_NZ_LNYU01000064.1_Legionella_santicrucis_strain_SC-63-C7_Lsan_ctg064__whole_genome_shotgun_sequence]
	Loaded [Legionella_santicrucis_NZ_LNYU01000065.1_Legionella_santicrucis_strain_SC-63-C7_Lsan_ctg065__whole_genome_shotgun_sequence]
	Loaded [Legionella_santicrucis_NZ_LNYU01000066.1_Legionella_santicrucis_strain_SC-63-C7_Lsan_ctg066__whole_genome_shotgun_sequence]
	Loaded [Legionella_santicrucis_NZ_LNYU01000067.1_Legionella_santicrucis_strain_SC-63-C7_Lsan_ctg067__whole_genome_shotgun_sequence]
	Loaded [Legionella_santicrucis_NZ_LNYU01000068.1_Legionella_santicrucis_strain_SC-63-C7_Lsan_ctg068__whole_genome_shotgun_sequence]
	Loaded [Legionella_santicrucis_NZ_LNYU01000069.1_Legionella_santicrucis_strain_SC-63-C7_Lsan_ctg069__whole_genome_shotgun_sequence]
	Loaded [Legionella_santicrucis_NZ_LNYU01000070.1_Legionella_santicrucis_strain_SC-63-C7_Lsan_ctg070__whole_genome_shotgun_sequence]
	Loaded [Legionella_santicrucis_NZ_LNYU01000071.1_Legionella_santicrucis_strain_SC-63-C7_Lsan_ctg071__whole_genome_shotgun_sequence]
	Loaded [Legionella_santicrucis_NZ_LNYU01000072.1_Legionella_santicrucis_strain_SC-63-C7_Lsan_ctg072__whole_genome_shotgun_sequence]
	Loaded [Legionella_santicrucis_NZ_LNYU01000073.1_Legionella_santicrucis_strain_SC-63-C7_Lsan_ctg073__whole_genome_shotgun_sequence]
	Loaded [Legionella_santicrucis_NZ_LNYU01000074.1_Legionella_santicrucis_strain_SC-63-C7_Lsan_ctg074__whole_genome_shotgun_sequence]
	Loaded [Legionella_santicrucis_NZ_LNYU01000075.1_Legionella_santicrucis_strain_SC-63-C7_Lsan_ctg075__whole_genome_shotgun_sequence]
	Loaded [Legionella_santicrucis_NZ_LNYU01000076.1_Legionella_santicrucis_strain_SC-63-C7_Lsan_ctg076__whole_genome_shotgun_sequence]
	Loaded [Legionella_santicrucis_NZ_LNYU01000077.1_Legionella_santicrucis_strain_SC-63-C7_Lsan_ctg077__whole_genome_shotgun_sequence]
	Loaded [Legionella_santicrucis_NZ_LNYU01000078.1_Legionella_santicrucis_strain_SC-63-C7_Lsan_ctg078__whole_genome_shotgun_sequence]
	Loaded [Legionella_santicrucis_NZ_LNYU01000079.1_Legionella_santicrucis_strain_SC-63-C7_Lsan_ctg079__whole_genome_shotgun_sequence]
	Loaded [Legionella_santicrucis_NZ_LNYU01000080.1_Legionella_santicrucis_strain_SC-63-C7_Lsan_ctg080__whole_genome_shotgun_sequence]
	Loaded [Legionella_santicrucis_NZ_LNYU01000081.1_Legionella_santicrucis_strain_SC-63-C7_Lsan_ctg081__whole_genome_shotgun_sequence]
	Loaded [Legionella_santicrucis_NZ_LNYU01000082.1_Legionella_santicrucis_strain_SC-63-C7_Lsan_ctg082__whole_genome_shotgun_sequence]
	Loaded [Legionella_santicrucis_NZ_LNYU01000083.1_Legionella_santicrucis_strain_SC-63-C7_Lsan_ctg083__whole_genome_shotgun_sequence]
	Loaded [Legionella_santicrucis_NZ_LNYU01000084.1_Legionella_santicrucis_strain_SC-63-C7_Lsan_ctg084__whole_genome_shotgun_sequence]
	Loaded [Legionella_santicrucis_NZ_LNYU01000085.1_Legionella_santicrucis_strain_SC-63-C7_Lsan_ctg085__whole_genome_shotgun_sequence]
	Loaded [Legionella_santicrucis_NZ_LNYU01000086.1_Legionella_santicrucis_strain_SC-63-C7_Lsan_ctg086__whole_genome_shotgun_sequence]
	Loaded [Legionella_santicrucis_NZ_LNYU01000087.1_Legionella_santicrucis_strain_SC-63-C7_Lsan_ctg087__whole_genome_shotgun_sequence]
	Loaded [Legionella_santicrucis_NZ_LNYU01000088.1_Legionella_santicrucis_strain_SC-63-C7_Lsan_ctg088__whole_genome_shotgun_sequence]
	Loaded [Legionella_santicrucis_NZ_LNYU01000089.1_Legionella_santicrucis_strain_SC-63-C7_Lsan_ctg089__whole_genome_shotgun_sequence]
	Loaded [Legionella_santicrucis_NZ_LNYU01000090.1_Legionella_santicrucis_strain_SC-63-C7_Lsan_ctg090__whole_genome_shotgun_sequence]
	Loaded [Legionella_santicrucis_NZ_LNYU01000091.1_Legionella_santicrucis_strain_SC-63-C7_Lsan_ctg091__whole_genome_shotgun_sequence]
	Loaded [Legionella_santicrucis_NZ_LNYU01000092.1_Legionella_santicrucis_strain_SC-63-C7_Lsan_ctg092__whole_genome_shotgun_sequence]
Loading SNPs...
	Total Regions: 92
	Total Region Length: 4820916
Analyzing contigs...
CONTIG: k119_215689_flag_1_multi_4.5428_len_2420 (2420bp)
Best alignment score: 77.0 (LEN: 77, IDY: 100.00)
			The best set is below. Score: 77.0, number of alignments: 1, unaligned bases: 2343
		This contig is partially unaligned. (Aligned 77 out of 2420 bases)
		Alignment: 156096 156172 | 199 275 | 77 77 | 100.0 | Legionella_santicrucis_NZ_LNYU01000032.1_Legionella_santicrucis_strain_SC-63-C7_Lsan_ctg032__whole_genome_shotgun_sequence k119_215689_flag_1_multi_4.5428_len_2420
		Unaligned bases: 1 to 198 (198)
		Unaligned bases: 276 to 2420 (2145)

CONTIG: k119_202408_flag_1_multi_1.8138_len_640 (640bp)
Best alignment score: 80.0 (LEN: 82, IDY: 97.56)
			The best set is below. Score: 80.0, number of alignments: 1, unaligned bases: 558
		This contig is partially unaligned. (Aligned 82 out of 640 bases)
		Alignment: 56497 56578 | 22 103 | 82 82 | 97.56 | Legionella_santicrucis_NZ_LNYU01000012.1_Legionella_santicrucis_strain_SC-63-C7_Lsan_ctg012__whole_genome_shotgun_sequence k119_202408_flag_1_multi_1.8138_len_640
		Unaligned bases: 1 to 21 (21)
		Unaligned bases: 104 to 640 (537)

CONTIG: k119_334256_flag_1_multi_2.5732_len_672 (672bp)
Best alignment score: 237.1 (LEN: 248, IDY: 95.60)
			The best set is below. Score: 237.1, number of alignments: 1, unaligned bases: 424
		Alignment: 68981 69230 | 648 401 | 250 248 | 95.6 | Legionella_santicrucis_NZ_LNYU01000009.1_Legionella_santicrucis_strain_SC-63-C7_Lsan_ctg009__whole_genome_shotgun_sequence k119_334256_flag_1_multi_2.5732_len_672

CONTIG: k119_292932_flag_1_multi_3.0000_len_677 (677bp)
Best alignment score: 75.0 (LEN: 76, IDY: 98.68)
			The best set is below. Score: 75.0, number of alignments: 1, unaligned bases: 601
		Alignment: 69490 69565 | 179 254 | 76 76 | 98.68 | Legionella_santicrucis_NZ_LNYU01000009.1_Legionella_santicrucis_strain_SC-63-C7_Lsan_ctg009__whole_genome_shotgun_sequence k119_292932_flag_1_multi_3.0000_len_677

Analyzing coverage...
Writing SNPs into /home/ins/GenomeAnalysis/output/2_quast/SRR4342129_qc/runs_per_reference/Legionella_santicrucis/contigs_reports/nucmer_output/final-contigs.used_snps.gz
WARNING: Reference Legionella_santicrucis_NZ_LNYU01000006.1_Legionella_santicrucis_strain_SC-63-C7_Lsan_ctg006__whole_genome_shotgun_sequence does not have any alignments! 
WARNING: Reference Legionella_santicrucis_NZ_LNYU01000007.1_Legionella_santicrucis_strain_SC-63-C7_Lsan_ctg007__whole_genome_shotgun_sequence does not have any alignments! 
WARNING: Reference Legionella_santicrucis_NZ_LNYU01000071.1_Legionella_santicrucis_strain_SC-63-C7_Lsan_ctg071__whole_genome_shotgun_sequence does not have any alignments! 
WARNING: Reference Legionella_santicrucis_NZ_LNYU01000066.1_Legionella_santicrucis_strain_SC-63-C7_Lsan_ctg066__whole_genome_shotgun_sequence does not have any alignments! 
WARNING: Reference Legionella_santicrucis_NZ_LNYU01000033.1_Legionella_santicrucis_strain_SC-63-C7_Lsan_ctg033__whole_genome_shotgun_sequence does not have any alignments! 
WARNING: Reference Legionella_santicrucis_NZ_LNYU01000041.1_Legionella_santicrucis_strain_SC-63-C7_Lsan_ctg041__whole_genome_shotgun_sequence does not have any alignments! 
WARNING: Reference Legionella_santicrucis_NZ_LNYU01000061.1_Legionella_santicrucis_strain_SC-63-C7_Lsan_ctg061__whole_genome_shotgun_sequence does not have any alignments! 
WARNING: Reference Legionella_santicrucis_NZ_LNYU01000005.1_Legionella_santicrucis_strain_SC-63-C7_Lsan_ctg005__whole_genome_shotgun_sequence does not have any alignments! 
WARNING: Reference Legionella_santicrucis_NZ_LNYU01000008.1_Legionella_santicrucis_strain_SC-63-C7_Lsan_ctg008__whole_genome_shotgun_sequence does not have any alignments! 
WARNING: Reference Legionella_santicrucis_NZ_LNYU01000045.1_Legionella_santicrucis_strain_SC-63-C7_Lsan_ctg045__whole_genome_shotgun_sequence does not have any alignments! 
WARNING: Reference Legionella_santicrucis_NZ_LNYU01000015.1_Legionella_santicrucis_strain_SC-63-C7_Lsan_ctg015__whole_genome_shotgun_sequence does not have any alignments! 
WARNING: Reference Legionella_santicrucis_NZ_LNYU01000065.1_Legionella_santicrucis_strain_SC-63-C7_Lsan_ctg065__whole_genome_shotgun_sequence does not have any alignments! 
WARNING: Reference Legionella_santicrucis_NZ_LNYU01000013.1_Legionella_santicrucis_strain_SC-63-C7_Lsan_ctg013__whole_genome_shotgun_sequence does not have any alignments! 
WARNING: Reference Legionella_santicrucis_NZ_LNYU01000080.1_Legionella_santicrucis_strain_SC-63-C7_Lsan_ctg080__whole_genome_shotgun_sequence does not have any alignments! 
WARNING: Reference Legionella_santicrucis_NZ_LNYU01000034.1_Legionella_santicrucis_strain_SC-63-C7_Lsan_ctg034__whole_genome_shotgun_sequence does not have any alignments! 
WARNING: Reference Legionella_santicrucis_NZ_LNYU01000027.1_Legionella_santicrucis_strain_SC-63-C7_Lsan_ctg027__whole_genome_shotgun_sequence does not have any alignments! 
WARNING: Reference Legionella_santicrucis_NZ_LNYU01000040.1_Legionella_santicrucis_strain_SC-63-C7_Lsan_ctg040__whole_genome_shotgun_sequence does not have any alignments! 
WARNING: Reference Legionella_santicrucis_NZ_LNYU01000030.1_Legionella_santicrucis_strain_SC-63-C7_Lsan_ctg030__whole_genome_shotgun_sequence does not have any alignments! 
WARNING: Reference Legionella_santicrucis_NZ_LNYU01000018.1_Legionella_santicrucis_strain_SC-63-C7_Lsan_ctg018__whole_genome_shotgun_sequence does not have any alignments! 
	Reference Legionella_santicrucis_NZ_LNYU01000012.1_Legionella_santicrucis_strain_SC-63-C7_Lsan_ctg012__whole_genome_shotgun_sequence: 1 total alignments. 1 total regions.
		Region: 1 to 77015 (77015 bp)
			START in gap: 1 to 56497 (56496 bp)
			Align 1: 56497 56578 k119_202408_flag_1_multi_1.8138_len_640 22 103
			END in gap: 56578 to 77015 (20437 bp).

WARNING: Reference Legionella_santicrucis_NZ_LNYU01000067.1_Legionella_santicrucis_strain_SC-63-C7_Lsan_ctg067__whole_genome_shotgun_sequence does not have any alignments! 
WARNING: Reference Legionella_santicrucis_NZ_LNYU01000014.1_Legionella_santicrucis_strain_SC-63-C7_Lsan_ctg014__whole_genome_shotgun_sequence does not have any alignments! 
WARNING: Reference Legionella_santicrucis_NZ_LNYU01000079.1_Legionella_santicrucis_strain_SC-63-C7_Lsan_ctg079__whole_genome_shotgun_sequence does not have any alignments! 
WARNING: Reference Legionella_santicrucis_NZ_LNYU01000046.1_Legionella_santicrucis_strain_SC-63-C7_Lsan_ctg046__whole_genome_shotgun_sequence does not have any alignments! 
WARNING: Reference Legionella_santicrucis_NZ_LNYU01000090.1_Legionella_santicrucis_strain_SC-63-C7_Lsan_ctg090__whole_genome_shotgun_sequence does not have any alignments! 
WARNING: Reference Legionella_santicrucis_NZ_LNYU01000077.1_Legionella_santicrucis_strain_SC-63-C7_Lsan_ctg077__whole_genome_shotgun_sequence does not have any alignments! 
WARNING: Reference Legionella_santicrucis_NZ_LNYU01000011.1_Legionella_santicrucis_strain_SC-63-C7_Lsan_ctg011__whole_genome_shotgun_sequence does not have any alignments! 
WARNING: Reference Legionella_santicrucis_NZ_LNYU01000086.1_Legionella_santicrucis_strain_SC-63-C7_Lsan_ctg086__whole_genome_shotgun_sequence does not have any alignments! 
WARNING: Reference Legionella_santicrucis_NZ_LNYU01000060.1_Legionella_santicrucis_strain_SC-63-C7_Lsan_ctg060__whole_genome_shotgun_sequence does not have any alignments! 
WARNING: Reference Legionella_santicrucis_NZ_LNYU01000072.1_Legionella_santicrucis_strain_SC-63-C7_Lsan_ctg072__whole_genome_shotgun_sequence does not have any alignments! 
WARNING: Reference Legionella_santicrucis_NZ_LNYU01000054.1_Legionella_santicrucis_strain_SC-63-C7_Lsan_ctg054__whole_genome_shotgun_sequence does not have any alignments! 
WARNING: Reference Legionella_santicrucis_NZ_LNYU01000020.1_Legionella_santicrucis_strain_SC-63-C7_Lsan_ctg020__whole_genome_shotgun_sequence does not have any alignments! 
WARNING: Reference Legionella_santicrucis_NZ_LNYU01000037.1_Legionella_santicrucis_strain_SC-63-C7_Lsan_ctg037__whole_genome_shotgun_sequence does not have any alignments! 
WARNING: Reference Legionella_santicrucis_NZ_LNYU01000075.1_Legionella_santicrucis_strain_SC-63-C7_Lsan_ctg075__whole_genome_shotgun_sequence does not have any alignments! 
WARNING: Reference Legionella_santicrucis_NZ_LNYU01000025.1_Legionella_santicrucis_strain_SC-63-C7_Lsan_ctg025__whole_genome_shotgun_sequence does not have any alignments! 
WARNING: Reference Legionella_santicrucis_NZ_LNYU01000026.1_Legionella_santicrucis_strain_SC-63-C7_Lsan_ctg026__whole_genome_shotgun_sequence does not have any alignments! 
WARNING: Reference Legionella_santicrucis_NZ_LNYU01000029.1_Legionella_santicrucis_strain_SC-63-C7_Lsan_ctg029__whole_genome_shotgun_sequence does not have any alignments! 
WARNING: Reference Legionella_santicrucis_NZ_LNYU01000010.1_Legionella_santicrucis_strain_SC-63-C7_Lsan_ctg010__whole_genome_shotgun_sequence does not have any alignments! 
WARNING: Reference Legionella_santicrucis_NZ_LNYU01000016.1_Legionella_santicrucis_strain_SC-63-C7_Lsan_ctg016__whole_genome_shotgun_sequence does not have any alignments! 
WARNING: Reference Legionella_santicrucis_NZ_LNYU01000059.1_Legionella_santicrucis_strain_SC-63-C7_Lsan_ctg059__whole_genome_shotgun_sequence does not have any alignments! 
WARNING: Reference Legionella_santicrucis_NZ_LNYU01000039.1_Legionella_santicrucis_strain_SC-63-C7_Lsan_ctg039__whole_genome_shotgun_sequence does not have any alignments! 
WARNING: Reference Legionella_santicrucis_NZ_LNYU01000022.1_Legionella_santicrucis_strain_SC-63-C7_Lsan_ctg022__whole_genome_shotgun_sequence does not have any alignments! 
WARNING: Reference Legionella_santicrucis_NZ_LNYU01000035.1_Legionella_santicrucis_strain_SC-63-C7_Lsan_ctg035__whole_genome_shotgun_sequence does not have any alignments! 
WARNING: Reference Legionella_santicrucis_NZ_LNYU01000092.1_Legionella_santicrucis_strain_SC-63-C7_Lsan_ctg092__whole_genome_shotgun_sequence does not have any alignments! 
WARNING: Reference Legionella_santicrucis_NZ_LNYU01000017.1_Legionella_santicrucis_strain_SC-63-C7_Lsan_ctg017__whole_genome_shotgun_sequence does not have any alignments! 
WARNING: Reference Legionella_santicrucis_NZ_LNYU01000063.1_Legionella_santicrucis_strain_SC-63-C7_Lsan_ctg063__whole_genome_shotgun_sequence does not have any alignments! 
WARNING: Reference Legionella_santicrucis_NZ_LNYU01000062.1_Legionella_santicrucis_strain_SC-63-C7_Lsan_ctg062__whole_genome_shotgun_sequence does not have any alignments! 
WARNING: Reference Legionella_santicrucis_NZ_LNYU01000082.1_Legionella_santicrucis_strain_SC-63-C7_Lsan_ctg082__whole_genome_shotgun_sequence does not have any alignments! 
WARNING: Reference Legionella_santicrucis_NZ_LNYU01000036.1_Legionella_santicrucis_strain_SC-63-C7_Lsan_ctg036__whole_genome_shotgun_sequence does not have any alignments! 
WARNING: Reference Legionella_santicrucis_NZ_LNYU01000043.1_Legionella_santicrucis_strain_SC-63-C7_Lsan_ctg043__whole_genome_shotgun_sequence does not have any alignments! 
WARNING: Reference Legionella_santicrucis_NZ_LNYU01000053.1_Legionella_santicrucis_strain_SC-63-C7_Lsan_ctg053__whole_genome_shotgun_sequence does not have any alignments! 
WARNING: Reference Legionella_santicrucis_NZ_LNYU01000057.1_Legionella_santicrucis_strain_SC-63-C7_Lsan_ctg057__whole_genome_shotgun_sequence does not have any alignments! 
WARNING: Reference Legionella_santicrucis_NZ_LNYU01000058.1_Legionella_santicrucis_strain_SC-63-C7_Lsan_ctg058__whole_genome_shotgun_sequence does not have any alignments! 
WARNING: Reference Legionella_santicrucis_NZ_LNYU01000042.1_Legionella_santicrucis_strain_SC-63-C7_Lsan_ctg042__whole_genome_shotgun_sequence does not have any alignments! 
WARNING: Reference Legionella_santicrucis_NZ_LNYU01000024.1_Legionella_santicrucis_strain_SC-63-C7_Lsan_ctg024__whole_genome_shotgun_sequence does not have any alignments! 
WARNING: Reference Legionella_santicrucis_NZ_LNYU01000055.1_Legionella_santicrucis_strain_SC-63-C7_Lsan_ctg055__whole_genome_shotgun_sequence does not have any alignments! 
	Reference Legionella_santicrucis_NZ_LNYU01000032.1_Legionella_santicrucis_strain_SC-63-C7_Lsan_ctg032__whole_genome_shotgun_sequence: 1 total alignments. 1 total regions.
		Region: 1 to 265161 (265161 bp)
			START in gap: 1 to 156096 (156095 bp)
			Align 1: 156096 156172 k119_215689_flag_1_multi_4.5428_len_2420 199 275
			END in gap: 156172 to 265161 (108989 bp).

WARNING: Reference Legionella_santicrucis_NZ_LNYU01000091.1_Legionella_santicrucis_strain_SC-63-C7_Lsan_ctg091__whole_genome_shotgun_sequence does not have any alignments! 
WARNING: Reference Legionella_santicrucis_NZ_LNYU01000048.1_Legionella_santicrucis_strain_SC-63-C7_Lsan_ctg048__whole_genome_shotgun_sequence does not have any alignments! 
WARNING: Reference Legionella_santicrucis_NZ_LNYU01000052.1_Legionella_santicrucis_strain_SC-63-C7_Lsan_ctg052__whole_genome_shotgun_sequence does not have any alignments! 
	Reference Legionella_santicrucis_NZ_LNYU01000009.1_Legionella_santicrucis_strain_SC-63-C7_Lsan_ctg009__whole_genome_shotgun_sequence: 2 total alignments. 1 total regions.
		Region: 1 to 269708 (269708 bp)
			START in gap: 1 to 68981 (68980 bp)
			Align 1: 68981 69230 k119_334256_flag_1_multi_2.5732_len_672 648 401
				Gap between this and next alignment: 69230 to 69490 (259 bp)
				Next Alignment: 69490 69565 k119_292932_flag_1_multi_3.0000_len_677 179 254

			Align 2: 69490 69565 k119_292932_flag_1_multi_3.0000_len_677 179 254
			END in gap: 69565 to 269708 (200143 bp).

WARNING: Reference Legionella_santicrucis_NZ_LNYU01000088.1_Legionella_santicrucis_strain_SC-63-C7_Lsan_ctg088__whole_genome_shotgun_sequence does not have any alignments! 
WARNING: Reference Legionella_santicrucis_NZ_LNYU01000085.1_Legionella_santicrucis_strain_SC-63-C7_Lsan_ctg085__whole_genome_shotgun_sequence does not have any alignments! 
WARNING: Reference Legionella_santicrucis_NZ_LNYU01000044.1_Legionella_santicrucis_strain_SC-63-C7_Lsan_ctg044__whole_genome_shotgun_sequence does not have any alignments! 
WARNING: Reference Legionella_santicrucis_NZ_LNYU01000002.1_Legionella_santicrucis_strain_SC-63-C7_Lsan_ctg002__whole_genome_shotgun_sequence does not have any alignments! 
WARNING: Reference Legionella_santicrucis_NZ_LNYU01000076.1_Legionella_santicrucis_strain_SC-63-C7_Lsan_ctg076__whole_genome_shotgun_sequence does not have any alignments! 
WARNING: Reference Legionella_santicrucis_NZ_LNYU01000023.1_Legionella_santicrucis_strain_SC-63-C7_Lsan_ctg023__whole_genome_shotgun_sequence does not have any alignments! 
WARNING: Reference Legionella_santicrucis_NZ_LNYU01000051.1_Legionella_santicrucis_strain_SC-63-C7_Lsan_ctg051__whole_genome_shotgun_sequence does not have any alignments! 
WARNING: Reference Legionella_santicrucis_NZ_LNYU01000038.1_Legionella_santicrucis_strain_SC-63-C7_Lsan_ctg038__whole_genome_shotgun_sequence does not have any alignments! 
WARNING: Reference Legionella_santicrucis_NZ_LNYU01000064.1_Legionella_santicrucis_strain_SC-63-C7_Lsan_ctg064__whole_genome_shotgun_sequence does not have any alignments! 
WARNING: Reference Legionella_santicrucis_NZ_LNYU01000001.1_Legionella_santicrucis_strain_SC-63-C7_Lsan_ctg001__whole_genome_shotgun_sequence does not have any alignments! 
WARNING: Reference Legionella_santicrucis_NZ_LNYU01000004.1_Legionella_santicrucis_strain_SC-63-C7_Lsan_ctg004__whole_genome_shotgun_sequence does not have any alignments! 
WARNING: Reference Legionella_santicrucis_NZ_LNYU01000083.1_Legionella_santicrucis_strain_SC-63-C7_Lsan_ctg083__whole_genome_shotgun_sequence does not have any alignments! 
WARNING: Reference Legionella_santicrucis_NZ_LNYU01000050.1_Legionella_santicrucis_strain_SC-63-C7_Lsan_ctg050__whole_genome_shotgun_sequence does not have any alignments! 
WARNING: Reference Legionella_santicrucis_NZ_LNYU01000073.1_Legionella_santicrucis_strain_SC-63-C7_Lsan_ctg073__whole_genome_shotgun_sequence does not have any alignments! 
WARNING: Reference Legionella_santicrucis_NZ_LNYU01000047.1_Legionella_santicrucis_strain_SC-63-C7_Lsan_ctg047__whole_genome_shotgun_sequence does not have any alignments! 
WARNING: Reference Legionella_santicrucis_NZ_LNYU01000028.1_Legionella_santicrucis_strain_SC-63-C7_Lsan_ctg028__whole_genome_shotgun_sequence does not have any alignments! 
WARNING: Reference Legionella_santicrucis_NZ_LNYU01000081.1_Legionella_santicrucis_strain_SC-63-C7_Lsan_ctg081__whole_genome_shotgun_sequence does not have any alignments! 
WARNING: Reference Legionella_santicrucis_NZ_LNYU01000087.1_Legionella_santicrucis_strain_SC-63-C7_Lsan_ctg087__whole_genome_shotgun_sequence does not have any alignments! 
WARNING: Reference Legionella_santicrucis_NZ_LNYU01000078.1_Legionella_santicrucis_strain_SC-63-C7_Lsan_ctg078__whole_genome_shotgun_sequence does not have any alignments! 
WARNING: Reference Legionella_santicrucis_NZ_LNYU01000031.1_Legionella_santicrucis_strain_SC-63-C7_Lsan_ctg031__whole_genome_shotgun_sequence does not have any alignments! 
WARNING: Reference Legionella_santicrucis_NZ_LNYU01000074.1_Legionella_santicrucis_strain_SC-63-C7_Lsan_ctg074__whole_genome_shotgun_sequence does not have any alignments! 
WARNING: Reference Legionella_santicrucis_NZ_LNYU01000069.1_Legionella_santicrucis_strain_SC-63-C7_Lsan_ctg069__whole_genome_shotgun_sequence does not have any alignments! 
WARNING: Reference Legionella_santicrucis_NZ_LNYU01000003.1_Legionella_santicrucis_strain_SC-63-C7_Lsan_ctg003__whole_genome_shotgun_sequence does not have any alignments! 
WARNING: Reference Legionella_santicrucis_NZ_LNYU01000089.1_Legionella_santicrucis_strain_SC-63-C7_Lsan_ctg089__whole_genome_shotgun_sequence does not have any alignments! 
WARNING: Reference Legionella_santicrucis_NZ_LNYU01000070.1_Legionella_santicrucis_strain_SC-63-C7_Lsan_ctg070__whole_genome_shotgun_sequence does not have any alignments! 
WARNING: Reference Legionella_santicrucis_NZ_LNYU01000019.1_Legionella_santicrucis_strain_SC-63-C7_Lsan_ctg019__whole_genome_shotgun_sequence does not have any alignments! 
WARNING: Reference Legionella_santicrucis_NZ_LNYU01000021.1_Legionella_santicrucis_strain_SC-63-C7_Lsan_ctg021__whole_genome_shotgun_sequence does not have any alignments! 
WARNING: Reference Legionella_santicrucis_NZ_LNYU01000084.1_Legionella_santicrucis_strain_SC-63-C7_Lsan_ctg084__whole_genome_shotgun_sequence does not have any alignments! 
WARNING: Reference Legionella_santicrucis_NZ_LNYU01000056.1_Legionella_santicrucis_strain_SC-63-C7_Lsan_ctg056__whole_genome_shotgun_sequence does not have any alignments! 
WARNING: Reference Legionella_santicrucis_NZ_LNYU01000068.1_Legionella_santicrucis_strain_SC-63-C7_Lsan_ctg068__whole_genome_shotgun_sequence does not have any alignments! 
WARNING: Reference Legionella_santicrucis_NZ_LNYU01000049.1_Legionella_santicrucis_strain_SC-63-C7_Lsan_ctg049__whole_genome_shotgun_sequence does not have any alignments! 
Analysis is finished!
Founded SNPs were written into /home/ins/GenomeAnalysis/output/2_quast/SRR4342129_qc/runs_per_reference/Legionella_santicrucis/contigs_reports/nucmer_output/final-contigs.used_snps.gz

Results:
	Local Misassemblies: 0
	Misassemblies: 0
		Relocations: 0
		Translocations: 0
		Inversions: 0
	Misassembled Contigs: 0
	Misassembled Contig Bases: 0
	Misassemblies Inter-Contig Overlap: 0
Uncovered Regions: 0 (0)
Unaligned Contigs: 0 + 2 part
Half Unaligned Contigs with Misassemblies: 0
Unaligned Contig Bases: 2901

Ambiguously Mapped Contigs: 0
Total Bases in Ambiguously Mapped Contigs: 0
Extra Bases in Ambiguously Mapped Contigs: 0
Note that --allow-ambiguity option was set to "one" and only first alignment per each of these contigs was used.

	Covered Bases: 485

	SNPs: 12
	Insertions: 0
	Deletions: 2

	Positive Gaps: 7
		Internal Gaps: 0
		External Gaps: 7
		External Gap Total: 611399
		External Gap Average: 87343
	Negative Gaps: 0
		Internal Overlaps: 0
		External Overlaps: 0
		External Overlaps Total: 0
		External Overlaps Average: 0
	Contigs with Redundant Alignments: 0 (0)
