[09:52:52] This is prokka 1.14.6
[09:52:52] Written by Torsten Seemann <torsten.seemann@gmail.com>
[09:52:52] Homepage is https://github.com/tseemann/prokka
[09:52:52] Local time is Fri Apr 23 09:52:52 2021
[09:52:52] You are ins
[09:52:52] Operating system is linux
[09:52:52] You have BioPerl 1.007001
[09:52:52] System has 16 cores.
[09:52:52] Will use maximum of 8 cores.
[09:52:52] Annotating as >>> Bacteria <<<
[09:52:52] 'SRR4342129_binning.10.fa' is not a readable non-empty FASTA file
[09:52:52] This is prokka 1.14.6
[09:52:52] Written by Torsten Seemann <torsten.seemann@gmail.com>
[09:52:52] Homepage is https://github.com/tseemann/prokka
[09:52:52] Local time is Fri Apr 23 09:52:52 2021
[09:52:52] You are ins
[09:52:52] Operating system is linux
[09:52:52] You have BioPerl 1.007001
[09:52:52] System has 16 cores.
[09:52:52] Will use maximum of 8 cores.
[09:52:52] Annotating as >>> Bacteria <<<
[09:52:52] 'SRR4342129_binning.11.fa' is not a readable non-empty FASTA file
[09:52:52] This is prokka 1.14.6
[09:52:52] Written by Torsten Seemann <torsten.seemann@gmail.com>
[09:52:52] Homepage is https://github.com/tseemann/prokka
[09:52:52] Local time is Fri Apr 23 09:52:52 2021
[09:52:52] You are ins
[09:52:52] Operating system is linux
[09:52:52] You have BioPerl 1.007001
[09:52:52] System has 16 cores.
[09:52:52] Will use maximum of 8 cores.
[09:52:52] Annotating as >>> Bacteria <<<
[09:52:52] 'SRR4342129_binning.12.fa' is not a readable non-empty FASTA file
[09:52:52] This is prokka 1.14.6
[09:52:52] Written by Torsten Seemann <torsten.seemann@gmail.com>
[09:52:52] Homepage is https://github.com/tseemann/prokka
[09:52:52] Local time is Fri Apr 23 09:52:52 2021
[09:52:52] You are ins
[09:52:52] Operating system is linux
[09:52:52] You have BioPerl 1.007001
[09:52:52] System has 16 cores.
[09:52:52] Will use maximum of 8 cores.
[09:52:52] Annotating as >>> Bacteria <<<
[09:52:52] 'SRR4342129_binning.13.fa' is not a readable non-empty FASTA file
[09:52:52] This is prokka 1.14.6
[09:52:52] Written by Torsten Seemann <torsten.seemann@gmail.com>
[09:52:52] Homepage is https://github.com/tseemann/prokka
[09:52:52] Local time is Fri Apr 23 09:52:52 2021
[09:52:52] You are ins
[09:52:52] Operating system is linux
[09:52:52] You have BioPerl 1.007001
[09:52:52] System has 16 cores.
[09:52:52] Will use maximum of 8 cores.
[09:52:52] Annotating as >>> Bacteria <<<
[09:52:52] 'SRR4342129_binning.14.fa' is not a readable non-empty FASTA file
[09:52:53] This is prokka 1.14.6
[09:52:53] Written by Torsten Seemann <torsten.seemann@gmail.com>
[09:52:53] Homepage is https://github.com/tseemann/prokka
[09:52:53] Local time is Fri Apr 23 09:52:53 2021
[09:52:53] You are ins
[09:52:53] Operating system is linux
[09:52:53] You have BioPerl 1.007001
[09:52:53] System has 16 cores.
[09:52:53] Will use maximum of 8 cores.
[09:52:53] Annotating as >>> Bacteria <<<
[09:52:53] 'SRR4342129_binning.15.fa' is not a readable non-empty FASTA file
[09:52:53] This is prokka 1.14.6
[09:52:53] Written by Torsten Seemann <torsten.seemann@gmail.com>
[09:52:53] Homepage is https://github.com/tseemann/prokka
[09:52:53] Local time is Fri Apr 23 09:52:53 2021
[09:52:53] You are ins
[09:52:53] Operating system is linux
[09:52:53] You have BioPerl 1.007001
[09:52:53] System has 16 cores.
[09:52:53] Will use maximum of 8 cores.
[09:52:53] Annotating as >>> Bacteria <<<
[09:52:53] 'SRR4342129_binning.16.fa' is not a readable non-empty FASTA file
[09:52:53] This is prokka 1.14.6
[09:52:53] Written by Torsten Seemann <torsten.seemann@gmail.com>
[09:52:53] Homepage is https://github.com/tseemann/prokka
[09:52:53] Local time is Fri Apr 23 09:52:53 2021
[09:52:53] You are ins
[09:52:53] Operating system is linux
[09:52:53] You have BioPerl 1.007001
[09:52:53] System has 16 cores.
[09:52:53] Will use maximum of 8 cores.
[09:52:53] Annotating as >>> Bacteria <<<
[09:52:53] 'SRR4342129_binning.17.fa' is not a readable non-empty FASTA file
[09:52:53] This is prokka 1.14.6
[09:52:53] Written by Torsten Seemann <torsten.seemann@gmail.com>
[09:52:53] Homepage is https://github.com/tseemann/prokka
[09:52:53] Local time is Fri Apr 23 09:52:53 2021
[09:52:53] You are ins
[09:52:53] Operating system is linux
[09:52:53] You have BioPerl 1.007001
[09:52:53] System has 16 cores.
[09:52:53] Will use maximum of 8 cores.
[09:52:53] Annotating as >>> Bacteria <<<
[09:52:53] 'SRR4342129_binning.18.fa' is not a readable non-empty FASTA file
[09:52:53] This is prokka 1.14.6
[09:52:53] Written by Torsten Seemann <torsten.seemann@gmail.com>
[09:52:53] Homepage is https://github.com/tseemann/prokka
[09:52:53] Local time is Fri Apr 23 09:52:53 2021
[09:52:53] You are ins
[09:52:53] Operating system is linux
[09:52:53] You have BioPerl 1.007001
[09:52:53] System has 16 cores.
[09:52:53] Will use maximum of 8 cores.
[09:52:53] Annotating as >>> Bacteria <<<
[09:52:53] 'SRR4342129_binning.19.fa' is not a readable non-empty FASTA file
[09:52:54] This is prokka 1.14.6
[09:52:54] Written by Torsten Seemann <torsten.seemann@gmail.com>
[09:52:54] Homepage is https://github.com/tseemann/prokka
[09:52:54] Local time is Fri Apr 23 09:52:54 2021
[09:52:54] You are ins
[09:52:54] Operating system is linux
[09:52:54] You have BioPerl 1.007001
[09:52:54] System has 16 cores.
[09:52:54] Will use maximum of 8 cores.
[09:52:54] Annotating as >>> Bacteria <<<
[09:52:54] 'SRR4342129_binning.1.fa' is not a readable non-empty FASTA file
[09:52:54] This is prokka 1.14.6
[09:52:54] Written by Torsten Seemann <torsten.seemann@gmail.com>
[09:52:54] Homepage is https://github.com/tseemann/prokka
[09:52:54] Local time is Fri Apr 23 09:52:54 2021
[09:52:54] You are ins
[09:52:54] Operating system is linux
[09:52:54] You have BioPerl 1.007001
[09:52:54] System has 16 cores.
[09:52:54] Will use maximum of 8 cores.
[09:52:54] Annotating as >>> Bacteria <<<
[09:52:54] 'SRR4342129_binning.20.fa' is not a readable non-empty FASTA file
[09:52:54] This is prokka 1.14.6
[09:52:54] Written by Torsten Seemann <torsten.seemann@gmail.com>
[09:52:54] Homepage is https://github.com/tseemann/prokka
[09:52:54] Local time is Fri Apr 23 09:52:54 2021
[09:52:54] You are ins
[09:52:54] Operating system is linux
[09:52:54] You have BioPerl 1.007001
[09:52:54] System has 16 cores.
[09:52:54] Will use maximum of 8 cores.
[09:52:54] Annotating as >>> Bacteria <<<
[09:52:54] 'SRR4342129_binning.21.fa' is not a readable non-empty FASTA file
[09:52:54] This is prokka 1.14.6
[09:52:54] Written by Torsten Seemann <torsten.seemann@gmail.com>
[09:52:54] Homepage is https://github.com/tseemann/prokka
[09:52:54] Local time is Fri Apr 23 09:52:54 2021
[09:52:54] You are ins
[09:52:54] Operating system is linux
[09:52:54] You have BioPerl 1.007001
[09:52:54] System has 16 cores.
[09:52:54] Will use maximum of 8 cores.
[09:52:54] Annotating as >>> Bacteria <<<
[09:52:54] 'SRR4342129_binning.22.fa' is not a readable non-empty FASTA file
[09:52:55] This is prokka 1.14.6
[09:52:55] Written by Torsten Seemann <torsten.seemann@gmail.com>
[09:52:55] Homepage is https://github.com/tseemann/prokka
[09:52:55] Local time is Fri Apr 23 09:52:55 2021
[09:52:55] You are ins
[09:52:55] Operating system is linux
[09:52:55] You have BioPerl 1.007001
[09:52:55] System has 16 cores.
[09:52:55] Will use maximum of 8 cores.
[09:52:55] Annotating as >>> Bacteria <<<
[09:52:55] 'SRR4342129_binning.23.fa' is not a readable non-empty FASTA file
[09:52:55] This is prokka 1.14.6
[09:52:55] Written by Torsten Seemann <torsten.seemann@gmail.com>
[09:52:55] Homepage is https://github.com/tseemann/prokka
[09:52:55] Local time is Fri Apr 23 09:52:55 2021
[09:52:55] You are ins
[09:52:55] Operating system is linux
[09:52:55] You have BioPerl 1.007001
[09:52:55] System has 16 cores.
[09:52:55] Will use maximum of 8 cores.
[09:52:55] Annotating as >>> Bacteria <<<
[09:52:55] 'SRR4342129_binning.24.fa' is not a readable non-empty FASTA file
[09:52:55] This is prokka 1.14.6
[09:52:55] Written by Torsten Seemann <torsten.seemann@gmail.com>
[09:52:55] Homepage is https://github.com/tseemann/prokka
[09:52:55] Local time is Fri Apr 23 09:52:55 2021
[09:52:55] You are ins
[09:52:55] Operating system is linux
[09:52:55] You have BioPerl 1.007001
[09:52:55] System has 16 cores.
[09:52:55] Will use maximum of 8 cores.
[09:52:55] Annotating as >>> Bacteria <<<
[09:52:55] 'SRR4342129_binning.25.fa' is not a readable non-empty FASTA file
[09:52:55] This is prokka 1.14.6
[09:52:55] Written by Torsten Seemann <torsten.seemann@gmail.com>
[09:52:55] Homepage is https://github.com/tseemann/prokka
[09:52:55] Local time is Fri Apr 23 09:52:55 2021
[09:52:55] You are ins
[09:52:55] Operating system is linux
[09:52:55] You have BioPerl 1.007001
[09:52:55] System has 16 cores.
[09:52:55] Will use maximum of 8 cores.
[09:52:55] Annotating as >>> Bacteria <<<
[09:52:55] 'SRR4342129_binning.26.fa' is not a readable non-empty FASTA file
[09:52:55] This is prokka 1.14.6
[09:52:55] Written by Torsten Seemann <torsten.seemann@gmail.com>
[09:52:55] Homepage is https://github.com/tseemann/prokka
[09:52:55] Local time is Fri Apr 23 09:52:55 2021
[09:52:55] You are ins
[09:52:55] Operating system is linux
[09:52:55] You have BioPerl 1.007001
[09:52:55] System has 16 cores.
[09:52:55] Will use maximum of 8 cores.
[09:52:55] Annotating as >>> Bacteria <<<
[09:52:55] 'SRR4342129_binning.2.fa' is not a readable non-empty FASTA file
[09:52:56] This is prokka 1.14.6
[09:52:56] Written by Torsten Seemann <torsten.seemann@gmail.com>
[09:52:56] Homepage is https://github.com/tseemann/prokka
[09:52:56] Local time is Fri Apr 23 09:52:56 2021
[09:52:56] You are ins
[09:52:56] Operating system is linux
[09:52:56] You have BioPerl 1.007001
[09:52:56] System has 16 cores.
[09:52:56] Will use maximum of 8 cores.
[09:52:56] Annotating as >>> Bacteria <<<
[09:52:56] 'SRR4342129_binning.3.fa' is not a readable non-empty FASTA file
[09:52:56] This is prokka 1.14.6
[09:52:56] Written by Torsten Seemann <torsten.seemann@gmail.com>
[09:52:56] Homepage is https://github.com/tseemann/prokka
[09:52:56] Local time is Fri Apr 23 09:52:56 2021
[09:52:56] You are ins
[09:52:56] Operating system is linux
[09:52:56] You have BioPerl 1.007001
[09:52:56] System has 16 cores.
[09:52:56] Will use maximum of 8 cores.
[09:52:56] Annotating as >>> Bacteria <<<
[09:52:56] 'SRR4342129_binning.4.fa' is not a readable non-empty FASTA file
[09:52:56] This is prokka 1.14.6
[09:52:56] Written by Torsten Seemann <torsten.seemann@gmail.com>
[09:52:56] Homepage is https://github.com/tseemann/prokka
[09:52:56] Local time is Fri Apr 23 09:52:56 2021
[09:52:56] You are ins
[09:52:56] Operating system is linux
[09:52:56] You have BioPerl 1.007001
[09:52:56] System has 16 cores.
[09:52:56] Will use maximum of 8 cores.
[09:52:56] Annotating as >>> Bacteria <<<
[09:52:56] 'SRR4342129_binning.5.fa' is not a readable non-empty FASTA file
[09:52:56] This is prokka 1.14.6
[09:52:56] Written by Torsten Seemann <torsten.seemann@gmail.com>
[09:52:56] Homepage is https://github.com/tseemann/prokka
[09:52:56] Local time is Fri Apr 23 09:52:56 2021
[09:52:56] You are ins
[09:52:56] Operating system is linux
[09:52:56] You have BioPerl 1.007001
[09:52:56] System has 16 cores.
[09:52:56] Will use maximum of 8 cores.
[09:52:56] Annotating as >>> Bacteria <<<
[09:52:56] 'SRR4342129_binning.6.fa' is not a readable non-empty FASTA file
[09:52:56] This is prokka 1.14.6
[09:52:56] Written by Torsten Seemann <torsten.seemann@gmail.com>
[09:52:56] Homepage is https://github.com/tseemann/prokka
[09:52:56] Local time is Fri Apr 23 09:52:56 2021
[09:52:56] You are ins
[09:52:56] Operating system is linux
[09:52:56] You have BioPerl 1.007001
[09:52:56] System has 16 cores.
[09:52:56] Will use maximum of 8 cores.
[09:52:56] Annotating as >>> Bacteria <<<
[09:52:56] 'SRR4342129_binning.7.fa' is not a readable non-empty FASTA file
[09:52:57] This is prokka 1.14.6
[09:52:57] Written by Torsten Seemann <torsten.seemann@gmail.com>
[09:52:57] Homepage is https://github.com/tseemann/prokka
[09:52:57] Local time is Fri Apr 23 09:52:57 2021
[09:52:57] You are ins
[09:52:57] Operating system is linux
[09:52:57] You have BioPerl 1.007001
[09:52:57] System has 16 cores.
[09:52:57] Will use maximum of 8 cores.
[09:52:57] Annotating as >>> Bacteria <<<
[09:52:57] 'SRR4342129_binning.8.fa' is not a readable non-empty FASTA file
[09:52:57] This is prokka 1.14.6
[09:52:57] Written by Torsten Seemann <torsten.seemann@gmail.com>
[09:52:57] Homepage is https://github.com/tseemann/prokka
[09:52:57] Local time is Fri Apr 23 09:52:57 2021
[09:52:57] You are ins
[09:52:57] Operating system is linux
[09:52:57] You have BioPerl 1.007001
[09:52:57] System has 16 cores.
[09:52:57] Will use maximum of 8 cores.
[09:52:57] Annotating as >>> Bacteria <<<
[09:52:57] 'SRR4342129_binning.9.fa' is not a readable non-empty FASTA file
[09:52:57] This is prokka 1.14.6
[09:52:57] Written by Torsten Seemann <torsten.seemann@gmail.com>
[09:52:57] Homepage is https://github.com/tseemann/prokka
[09:52:57] Local time is Fri Apr 23 09:52:57 2021
[09:52:57] You are ins
[09:52:57] Operating system is linux
[09:52:57] You have BioPerl 1.007001
[09:52:57] System has 16 cores.
[09:52:57] Will use maximum of 8 cores.
[09:52:57] Annotating as >>> Archaea <<<
[09:52:57] 'SRR4342129_binning.9.fa' is not a readable non-empty FASTA file
[09:52:57] This is prokka 1.14.6
[09:52:57] Written by Torsten Seemann <torsten.seemann@gmail.com>
[09:52:57] Homepage is https://github.com/tseemann/prokka
[09:52:57] Local time is Fri Apr 23 09:52:57 2021
[09:52:57] You are ins
[09:52:57] Operating system is linux
[09:52:57] You have BioPerl 1.007001
[09:52:57] System has 16 cores.
[09:52:57] Will use maximum of 8 cores.
[09:52:57] Annotating as >>> Archaea <<<
[09:52:57] 'SRR4342129_binning.9.fa' is not a readable non-empty FASTA file
[09:52:57] This is prokka 1.14.6
[09:52:57] Written by Torsten Seemann <torsten.seemann@gmail.com>
[09:52:57] Homepage is https://github.com/tseemann/prokka
[09:52:57] Local time is Fri Apr 23 09:52:57 2021
[09:52:57] You are ins
[09:52:57] Operating system is linux
[09:52:57] You have BioPerl 1.007001
[09:52:57] System has 16 cores.
[09:52:57] Will use maximum of 8 cores.
[09:52:57] Annotating as >>> Archaea <<<
[09:52:57] 'SRR4342129_binning.9.fa' is not a readable non-empty FASTA file
[09:52:58] This is prokka 1.14.6
[09:52:58] Written by Torsten Seemann <torsten.seemann@gmail.com>
[09:52:58] Homepage is https://github.com/tseemann/prokka
[09:52:58] Local time is Fri Apr 23 09:52:58 2021
[09:52:58] You are ins
[09:52:58] Operating system is linux
[09:52:58] You have BioPerl 1.007001
[09:52:58] System has 16 cores.
[09:52:58] Will use maximum of 8 cores.
[09:52:58] Annotating as >>> Archaea <<<
[09:52:58] 'SRR4342129_binning.9.fa' is not a readable non-empty FASTA file
[09:52:58] This is prokka 1.14.6
[09:52:58] Written by Torsten Seemann <torsten.seemann@gmail.com>
[09:52:58] Homepage is https://github.com/tseemann/prokka
[09:52:58] Local time is Fri Apr 23 09:52:58 2021
[09:52:58] You are ins
[09:52:58] Operating system is linux
[09:52:58] You have BioPerl 1.007001
[09:52:58] System has 16 cores.
[09:52:58] Will use maximum of 8 cores.
[09:52:58] Annotating as >>> Archaea <<<
[09:52:58] 'SRR4342129_binning.9.fa' is not a readable non-empty FASTA file
[09:52:58] This is prokka 1.14.6
[09:52:58] Written by Torsten Seemann <torsten.seemann@gmail.com>
[09:52:58] Homepage is https://github.com/tseemann/prokka
[09:52:58] Local time is Fri Apr 23 09:52:58 2021
[09:52:58] You are ins
[09:52:58] Operating system is linux
[09:52:58] You have BioPerl 1.007001
[09:52:58] System has 16 cores.
[09:52:58] Will use maximum of 8 cores.
[09:52:58] Annotating as >>> Archaea <<<
[09:52:58] 'SRR4342129_binning.9.fa' is not a readable non-empty FASTA file
[09:52:58] This is prokka 1.14.6
[09:52:58] Written by Torsten Seemann <torsten.seemann@gmail.com>
[09:52:58] Homepage is https://github.com/tseemann/prokka
[09:52:58] Local time is Fri Apr 23 09:52:58 2021
[09:52:58] You are ins
[09:52:58] Operating system is linux
[09:52:58] You have BioPerl 1.007001
[09:52:58] System has 16 cores.
[09:52:58] Will use maximum of 8 cores.
[09:52:58] Annotating as >>> Archaea <<<
[09:52:58] 'SRR4342129_binning.9.fa' is not a readable non-empty FASTA file
[09:52:59] This is prokka 1.14.6
[09:52:59] Written by Torsten Seemann <torsten.seemann@gmail.com>
[09:52:59] Homepage is https://github.com/tseemann/prokka
[09:52:59] Local time is Fri Apr 23 09:52:59 2021
[09:52:59] You are ins
[09:52:59] Operating system is linux
[09:52:59] You have BioPerl 1.007001
[09:52:59] System has 16 cores.
[09:52:59] Will use maximum of 8 cores.
[09:52:59] Annotating as >>> Archaea <<<
[09:52:59] 'SRR4342129_binning.9.fa' is not a readable non-empty FASTA file
[09:52:59] This is prokka 1.14.6
[09:52:59] Written by Torsten Seemann <torsten.seemann@gmail.com>
[09:52:59] Homepage is https://github.com/tseemann/prokka
[09:52:59] Local time is Fri Apr 23 09:52:59 2021
[09:52:59] You are ins
[09:52:59] Operating system is linux
[09:52:59] You have BioPerl 1.007001
[09:52:59] System has 16 cores.
[09:52:59] Will use maximum of 8 cores.
[09:52:59] Annotating as >>> Archaea <<<
[09:52:59] 'SRR4342129_binning.9.fa' is not a readable non-empty FASTA file
[09:52:59] This is prokka 1.14.6
[09:52:59] Written by Torsten Seemann <torsten.seemann@gmail.com>
[09:52:59] Homepage is https://github.com/tseemann/prokka
[09:52:59] Local time is Fri Apr 23 09:52:59 2021
[09:52:59] You are ins
[09:52:59] Operating system is linux
[09:52:59] You have BioPerl 1.007001
[09:52:59] System has 16 cores.
[09:52:59] Will use maximum of 8 cores.
[09:52:59] Annotating as >>> Archaea <<<
[09:52:59] 'SRR4342129_binning.9.fa' is not a readable non-empty FASTA file
[09:52:59] This is prokka 1.14.6
[09:52:59] Written by Torsten Seemann <torsten.seemann@gmail.com>
[09:52:59] Homepage is https://github.com/tseemann/prokka
[09:52:59] Local time is Fri Apr 23 09:52:59 2021
[09:52:59] You are ins
[09:52:59] Operating system is linux
[09:52:59] You have BioPerl 1.007001
[09:52:59] System has 16 cores.
[09:52:59] Will use maximum of 8 cores.
[09:52:59] Annotating as >>> Archaea <<<
[09:52:59] 'SRR4342129_binning.9.fa' is not a readable non-empty FASTA file
[09:52:59] This is prokka 1.14.6
[09:52:59] Written by Torsten Seemann <torsten.seemann@gmail.com>
[09:52:59] Homepage is https://github.com/tseemann/prokka
[09:52:59] Local time is Fri Apr 23 09:52:59 2021
[09:52:59] You are ins
[09:52:59] Operating system is linux
[09:52:59] You have BioPerl 1.007001
[09:52:59] System has 16 cores.
[09:52:59] Will use maximum of 8 cores.
[09:52:59] Annotating as >>> Archaea <<<
[09:52:59] 'SRR4342129_binning.9.fa' is not a readable non-empty FASTA file
[09:53:00] This is prokka 1.14.6
[09:53:00] Written by Torsten Seemann <torsten.seemann@gmail.com>
[09:53:00] Homepage is https://github.com/tseemann/prokka
[09:53:00] Local time is Fri Apr 23 09:53:00 2021
[09:53:00] You are ins
[09:53:00] Operating system is linux
[09:53:00] You have BioPerl 1.007001
[09:53:00] System has 16 cores.
[09:53:00] Will use maximum of 8 cores.
[09:53:00] Annotating as >>> Archaea <<<
[09:53:00] 'SRR4342129_binning.9.fa' is not a readable non-empty FASTA file
[09:53:00] This is prokka 1.14.6
[09:53:00] Written by Torsten Seemann <torsten.seemann@gmail.com>
[09:53:00] Homepage is https://github.com/tseemann/prokka
[09:53:00] Local time is Fri Apr 23 09:53:00 2021
[09:53:00] You are ins
[09:53:00] Operating system is linux
[09:53:00] You have BioPerl 1.007001
[09:53:00] System has 16 cores.
[09:53:00] Will use maximum of 8 cores.
[09:53:00] Annotating as >>> Archaea <<<
[09:53:00] 'SRR4342129_binning.9.fa' is not a readable non-empty FASTA file
[09:53:00] This is prokka 1.14.6
[09:53:00] Written by Torsten Seemann <torsten.seemann@gmail.com>
[09:53:00] Homepage is https://github.com/tseemann/prokka
[09:53:00] Local time is Fri Apr 23 09:53:00 2021
[09:53:00] You are ins
[09:53:00] Operating system is linux
[09:53:00] You have BioPerl 1.007001
[09:53:00] System has 16 cores.
[09:53:00] Will use maximum of 8 cores.
[09:53:00] Annotating as >>> Archaea <<<
[09:53:00] 'SRR4342129_binning.9.fa' is not a readable non-empty FASTA file
[09:53:00] This is prokka 1.14.6
[09:53:00] Written by Torsten Seemann <torsten.seemann@gmail.com>
[09:53:00] Homepage is https://github.com/tseemann/prokka
[09:53:00] Local time is Fri Apr 23 09:53:00 2021
[09:53:00] You are ins
[09:53:00] Operating system is linux
[09:53:00] You have BioPerl 1.007001
[09:53:00] System has 16 cores.
[09:53:00] Will use maximum of 8 cores.
[09:53:00] Annotating as >>> Archaea <<<
[09:53:00] 'SRR4342129_binning.9.fa' is not a readable non-empty FASTA file
[09:53:00] This is prokka 1.14.6
[09:53:00] Written by Torsten Seemann <torsten.seemann@gmail.com>
[09:53:00] Homepage is https://github.com/tseemann/prokka
[09:53:00] Local time is Fri Apr 23 09:53:00 2021
[09:53:00] You are ins
[09:53:00] Operating system is linux
[09:53:00] You have BioPerl 1.007001
[09:53:00] System has 16 cores.
[09:53:00] Will use maximum of 8 cores.
[09:53:00] Annotating as >>> Archaea <<<
[09:53:00] 'SRR4342129_binning.9.fa' is not a readable non-empty FASTA file
[09:53:01] This is prokka 1.14.6
[09:53:01] Written by Torsten Seemann <torsten.seemann@gmail.com>
[09:53:01] Homepage is https://github.com/tseemann/prokka
[09:53:01] Local time is Fri Apr 23 09:53:01 2021
[09:53:01] You are ins
[09:53:01] Operating system is linux
[09:53:01] You have BioPerl 1.007001
[09:53:01] System has 16 cores.
[09:53:01] Will use maximum of 8 cores.
[09:53:01] Annotating as >>> Archaea <<<
[09:53:01] 'SRR4342129_binning.9.fa' is not a readable non-empty FASTA file
[09:53:01] This is prokka 1.14.6
[09:53:01] Written by Torsten Seemann <torsten.seemann@gmail.com>
[09:53:01] Homepage is https://github.com/tseemann/prokka
[09:53:01] Local time is Fri Apr 23 09:53:01 2021
[09:53:01] You are ins
[09:53:01] Operating system is linux
[09:53:01] You have BioPerl 1.007001
[09:53:01] System has 16 cores.
[09:53:01] Will use maximum of 8 cores.
[09:53:01] Annotating as >>> Archaea <<<
[09:53:01] 'SRR4342129_binning.9.fa' is not a readable non-empty FASTA file
[09:53:01] This is prokka 1.14.6
[09:53:01] Written by Torsten Seemann <torsten.seemann@gmail.com>
[09:53:01] Homepage is https://github.com/tseemann/prokka
[09:53:01] Local time is Fri Apr 23 09:53:01 2021
[09:53:01] You are ins
[09:53:01] Operating system is linux
[09:53:01] You have BioPerl 1.007001
[09:53:01] System has 16 cores.
[09:53:01] Will use maximum of 8 cores.
[09:53:01] Annotating as >>> Archaea <<<
[09:53:01] 'SRR4342129_binning.9.fa' is not a readable non-empty FASTA file
[09:53:01] This is prokka 1.14.6
[09:53:01] Written by Torsten Seemann <torsten.seemann@gmail.com>
[09:53:01] Homepage is https://github.com/tseemann/prokka
[09:53:01] Local time is Fri Apr 23 09:53:01 2021
[09:53:01] You are ins
[09:53:01] Operating system is linux
[09:53:01] You have BioPerl 1.007001
[09:53:01] System has 16 cores.
[09:53:01] Will use maximum of 8 cores.
[09:53:01] Annotating as >>> Archaea <<<
[09:53:01] 'SRR4342129_binning.9.fa' is not a readable non-empty FASTA file
[09:53:02] This is prokka 1.14.6
[09:53:02] Written by Torsten Seemann <torsten.seemann@gmail.com>
[09:53:02] Homepage is https://github.com/tseemann/prokka
[09:53:02] Local time is Fri Apr 23 09:53:02 2021
[09:53:02] You are ins
[09:53:02] Operating system is linux
[09:53:02] You have BioPerl 1.007001
[09:53:02] System has 16 cores.
[09:53:02] Will use maximum of 8 cores.
[09:53:02] Annotating as >>> Archaea <<<
[09:53:02] 'SRR4342129_binning.9.fa' is not a readable non-empty FASTA file
[09:53:02] This is prokka 1.14.6
[09:53:02] Written by Torsten Seemann <torsten.seemann@gmail.com>
[09:53:02] Homepage is https://github.com/tseemann/prokka
[09:53:02] Local time is Fri Apr 23 09:53:02 2021
[09:53:02] You are ins
[09:53:02] Operating system is linux
[09:53:02] You have BioPerl 1.007001
[09:53:02] System has 16 cores.
[09:53:02] Will use maximum of 8 cores.
[09:53:02] Annotating as >>> Archaea <<<
[09:53:02] 'SRR4342129_binning.9.fa' is not a readable non-empty FASTA file
[09:53:02] This is prokka 1.14.6
[09:53:02] Written by Torsten Seemann <torsten.seemann@gmail.com>
[09:53:02] Homepage is https://github.com/tseemann/prokka
[09:53:02] Local time is Fri Apr 23 09:53:02 2021
[09:53:02] You are ins
[09:53:02] Operating system is linux
[09:53:02] You have BioPerl 1.007001
[09:53:02] System has 16 cores.
[09:53:02] Will use maximum of 8 cores.
[09:53:02] Annotating as >>> Archaea <<<
[09:53:02] 'SRR4342129_binning.9.fa' is not a readable non-empty FASTA file
[09:53:02] This is prokka 1.14.6
[09:53:02] Written by Torsten Seemann <torsten.seemann@gmail.com>
[09:53:02] Homepage is https://github.com/tseemann/prokka
[09:53:02] Local time is Fri Apr 23 09:53:02 2021
[09:53:02] You are ins
[09:53:02] Operating system is linux
[09:53:02] You have BioPerl 1.007001
[09:53:02] System has 16 cores.
[09:53:02] Will use maximum of 8 cores.
[09:53:02] Annotating as >>> Archaea <<<
[09:53:02] 'SRR4342129_binning.9.fa' is not a readable non-empty FASTA file
[09:53:02] This is prokka 1.14.6
[09:53:02] Written by Torsten Seemann <torsten.seemann@gmail.com>
[09:53:02] Homepage is https://github.com/tseemann/prokka
[09:53:02] Local time is Fri Apr 23 09:53:02 2021
[09:53:02] You are ins
[09:53:02] Operating system is linux
[09:53:02] You have BioPerl 1.007001
[09:53:02] System has 16 cores.
[09:53:02] Will use maximum of 8 cores.
[09:53:02] Annotating as >>> Archaea <<<
[09:53:02] 'SRR4342129_binning.9.fa' is not a readable non-empty FASTA file
[09:53:03] This is prokka 1.14.6
[09:53:03] Written by Torsten Seemann <torsten.seemann@gmail.com>
[09:53:03] Homepage is https://github.com/tseemann/prokka
[09:53:03] Local time is Fri Apr 23 09:53:03 2021
[09:53:03] You are ins
[09:53:03] Operating system is linux
[09:53:03] You have BioPerl 1.007001
[09:53:03] System has 16 cores.
[09:53:03] Will use maximum of 8 cores.
[09:53:03] Annotating as >>> Bacteria <<<
[09:53:03] 'SRR4342129_binning.9.fa' is not a readable non-empty FASTA file
[09:53:03] This is prokka 1.14.6
[09:53:03] Written by Torsten Seemann <torsten.seemann@gmail.com>
[09:53:03] Homepage is https://github.com/tseemann/prokka
[09:53:03] Local time is Fri Apr 23 09:53:03 2021
[09:53:03] You are ins
[09:53:03] Operating system is linux
[09:53:03] You have BioPerl 1.007001
[09:53:03] System has 16 cores.
[09:53:03] Will use maximum of 8 cores.
[09:53:03] Annotating as >>> Bacteria <<<
[09:53:03] 'SRR4342129_binning.9.fa' is not a readable non-empty FASTA file
[09:53:03] This is prokka 1.14.6
[09:53:03] Written by Torsten Seemann <torsten.seemann@gmail.com>
[09:53:03] Homepage is https://github.com/tseemann/prokka
[09:53:03] Local time is Fri Apr 23 09:53:03 2021
[09:53:03] You are ins
[09:53:03] Operating system is linux
[09:53:03] You have BioPerl 1.007001
[09:53:03] System has 16 cores.
[09:53:03] Will use maximum of 8 cores.
[09:53:03] Annotating as >>> Bacteria <<<
[09:53:03] 'SRR4342129_binning.9.fa' is not a readable non-empty FASTA file
[09:53:03] This is prokka 1.14.6
[09:53:03] Written by Torsten Seemann <torsten.seemann@gmail.com>
[09:53:03] Homepage is https://github.com/tseemann/prokka
[09:53:03] Local time is Fri Apr 23 09:53:03 2021
[09:53:03] You are ins
[09:53:03] Operating system is linux
[09:53:03] You have BioPerl 1.007001
[09:53:03] System has 16 cores.
[09:53:03] Will use maximum of 8 cores.
[09:53:03] Annotating as >>> Bacteria <<<
[09:53:03] 'SRR4342129_binning.9.fa' is not a readable non-empty FASTA file
[09:53:03] This is prokka 1.14.6
[09:53:03] Written by Torsten Seemann <torsten.seemann@gmail.com>
[09:53:03] Homepage is https://github.com/tseemann/prokka
[09:53:03] Local time is Fri Apr 23 09:53:03 2021
[09:53:03] You are ins
[09:53:03] Operating system is linux
[09:53:03] You have BioPerl 1.007001
[09:53:03] System has 16 cores.
[09:53:03] Will use maximum of 8 cores.
[09:53:03] Annotating as >>> Bacteria <<<
[09:53:03] 'SRR4342129_binning.9.fa' is not a readable non-empty FASTA file
[09:53:04] This is prokka 1.14.6
[09:53:04] Written by Torsten Seemann <torsten.seemann@gmail.com>
[09:53:04] Homepage is https://github.com/tseemann/prokka
[09:53:04] Local time is Fri Apr 23 09:53:04 2021
[09:53:04] You are ins
[09:53:04] Operating system is linux
[09:53:04] You have BioPerl 1.007001
[09:53:04] System has 16 cores.
[09:53:04] Will use maximum of 8 cores.
[09:53:04] Annotating as >>> Bacteria <<<
[09:53:04] 'SRR4342129_binning.9.fa' is not a readable non-empty FASTA file
[09:53:04] This is prokka 1.14.6
[09:53:04] Written by Torsten Seemann <torsten.seemann@gmail.com>
[09:53:04] Homepage is https://github.com/tseemann/prokka
[09:53:04] Local time is Fri Apr 23 09:53:04 2021
[09:53:04] You are ins
[09:53:04] Operating system is linux
[09:53:04] You have BioPerl 1.007001
[09:53:04] System has 16 cores.
[09:53:04] Will use maximum of 8 cores.
[09:53:04] Annotating as >>> Bacteria <<<
[09:53:04] 'SRR4342129_binning.9.fa' is not a readable non-empty FASTA file
[09:53:04] This is prokka 1.14.6
[09:53:04] Written by Torsten Seemann <torsten.seemann@gmail.com>
[09:53:04] Homepage is https://github.com/tseemann/prokka
[09:53:04] Local time is Fri Apr 23 09:53:04 2021
[09:53:04] You are ins
[09:53:04] Operating system is linux
[09:53:04] You have BioPerl 1.007001
[09:53:04] System has 16 cores.
[09:53:04] Will use maximum of 8 cores.
[09:53:04] Annotating as >>> Bacteria <<<
[09:53:04] 'SRR4342129_binning.9.fa' is not a readable non-empty FASTA file
[09:53:04] This is prokka 1.14.6
[09:53:04] Written by Torsten Seemann <torsten.seemann@gmail.com>
[09:53:04] Homepage is https://github.com/tseemann/prokka
[09:53:04] Local time is Fri Apr 23 09:53:04 2021
[09:53:04] You are ins
[09:53:04] Operating system is linux
[09:53:04] You have BioPerl 1.007001
[09:53:04] System has 16 cores.
[09:53:04] Will use maximum of 8 cores.
[09:53:04] Annotating as >>> Bacteria <<<
[09:53:04] 'SRR4342129_binning.9.fa' is not a readable non-empty FASTA file
[09:53:04] This is prokka 1.14.6
[09:53:04] Written by Torsten Seemann <torsten.seemann@gmail.com>
[09:53:04] Homepage is https://github.com/tseemann/prokka
[09:53:04] Local time is Fri Apr 23 09:53:04 2021
[09:53:04] You are ins
[09:53:04] Operating system is linux
[09:53:04] You have BioPerl 1.007001
[09:53:04] System has 16 cores.
[09:53:04] Will use maximum of 8 cores.
[09:53:04] Annotating as >>> Bacteria <<<
[09:53:04] 'SRR4342129_binning.9.fa' is not a readable non-empty FASTA file
[09:53:05] This is prokka 1.14.6
[09:53:05] Written by Torsten Seemann <torsten.seemann@gmail.com>
[09:53:05] Homepage is https://github.com/tseemann/prokka
[09:53:05] Local time is Fri Apr 23 09:53:05 2021
[09:53:05] You are ins
[09:53:05] Operating system is linux
[09:53:05] You have BioPerl 1.007001
[09:53:05] System has 16 cores.
[09:53:05] Will use maximum of 8 cores.
[09:53:05] Annotating as >>> Bacteria <<<
[09:53:05] 'SRR4342129_binning.9.fa' is not a readable non-empty FASTA file
[09:53:05] This is prokka 1.14.6
[09:53:05] Written by Torsten Seemann <torsten.seemann@gmail.com>
[09:53:05] Homepage is https://github.com/tseemann/prokka
[09:53:05] Local time is Fri Apr 23 09:53:05 2021
[09:53:05] You are ins
[09:53:05] Operating system is linux
[09:53:05] You have BioPerl 1.007001
[09:53:05] System has 16 cores.
[09:53:05] Will use maximum of 8 cores.
[09:53:05] Annotating as >>> Bacteria <<<
[09:53:05] 'SRR4342129_binning.9.fa' is not a readable non-empty FASTA file
[09:53:05] This is prokka 1.14.6
[09:53:05] Written by Torsten Seemann <torsten.seemann@gmail.com>
[09:53:05] Homepage is https://github.com/tseemann/prokka
[09:53:05] Local time is Fri Apr 23 09:53:05 2021
[09:53:05] You are ins
[09:53:05] Operating system is linux
[09:53:05] You have BioPerl 1.007001
[09:53:05] System has 16 cores.
[09:53:05] Will use maximum of 8 cores.
[09:53:05] Annotating as >>> Bacteria <<<
[09:53:05] 'SRR4342129_binning.9.fa' is not a readable non-empty FASTA file
[09:53:05] This is prokka 1.14.6
[09:53:05] Written by Torsten Seemann <torsten.seemann@gmail.com>
[09:53:05] Homepage is https://github.com/tseemann/prokka
[09:53:05] Local time is Fri Apr 23 09:53:05 2021
[09:53:05] You are ins
[09:53:05] Operating system is linux
[09:53:05] You have BioPerl 1.007001
[09:53:05] System has 16 cores.
[09:53:05] Will use maximum of 8 cores.
[09:53:05] Annotating as >>> Bacteria <<<
[09:53:05] 'SRR4342129_binning.9.fa' is not a readable non-empty FASTA file
[09:53:06] This is prokka 1.14.6
[09:53:06] Written by Torsten Seemann <torsten.seemann@gmail.com>
[09:53:06] Homepage is https://github.com/tseemann/prokka
[09:53:06] Local time is Fri Apr 23 09:53:06 2021
[09:53:06] You are ins
[09:53:06] Operating system is linux
[09:53:06] You have BioPerl 1.007001
[09:53:06] System has 16 cores.
[09:53:06] Will use maximum of 8 cores.
[09:53:06] Annotating as >>> Bacteria <<<
[09:53:06] 'SRR4342129_binning.9.fa' is not a readable non-empty FASTA file
[09:53:06] This is prokka 1.14.6
[09:53:06] Written by Torsten Seemann <torsten.seemann@gmail.com>
[09:53:06] Homepage is https://github.com/tseemann/prokka
[09:53:06] Local time is Fri Apr 23 09:53:06 2021
[09:53:06] You are ins
[09:53:06] Operating system is linux
[09:53:06] You have BioPerl 1.007001
[09:53:06] System has 16 cores.
[09:53:06] Will use maximum of 8 cores.
[09:53:06] Annotating as >>> Bacteria <<<
[09:53:06] 'SRR4342129_binning.9.fa' is not a readable non-empty FASTA file
[09:53:06] This is prokka 1.14.6
[09:53:06] Written by Torsten Seemann <torsten.seemann@gmail.com>
[09:53:06] Homepage is https://github.com/tseemann/prokka
[09:53:06] Local time is Fri Apr 23 09:53:06 2021
[09:53:06] You are ins
[09:53:06] Operating system is linux
[09:53:06] You have BioPerl 1.007001
[09:53:06] System has 16 cores.
[09:53:06] Will use maximum of 8 cores.
[09:53:06] Annotating as >>> Bacteria <<<
[09:53:06] 'SRR4342129_binning.9.fa' is not a readable non-empty FASTA file
[09:53:06] This is prokka 1.14.6
[09:53:06] Written by Torsten Seemann <torsten.seemann@gmail.com>
[09:53:06] Homepage is https://github.com/tseemann/prokka
[09:53:06] Local time is Fri Apr 23 09:53:06 2021
[09:53:06] You are ins
[09:53:06] Operating system is linux
[09:53:06] You have BioPerl 1.007001
[09:53:06] System has 16 cores.
[09:53:06] Will use maximum of 8 cores.
[09:53:06] Annotating as >>> Bacteria <<<
[09:53:06] 'SRR4342129_binning.9.fa' is not a readable non-empty FASTA file
[09:53:06] This is prokka 1.14.6
[09:53:06] Written by Torsten Seemann <torsten.seemann@gmail.com>
[09:53:06] Homepage is https://github.com/tseemann/prokka
[09:53:06] Local time is Fri Apr 23 09:53:06 2021
[09:53:06] You are ins
[09:53:06] Operating system is linux
[09:53:06] You have BioPerl 1.007001
[09:53:06] System has 16 cores.
[09:53:06] Will use maximum of 8 cores.
[09:53:06] Annotating as >>> Bacteria <<<
[09:53:06] 'SRR4342129_binning.9.fa' is not a readable non-empty FASTA file
[09:53:07] This is prokka 1.14.6
[09:53:07] Written by Torsten Seemann <torsten.seemann@gmail.com>
[09:53:07] Homepage is https://github.com/tseemann/prokka
[09:53:07] Local time is Fri Apr 23 09:53:07 2021
[09:53:07] You are ins
[09:53:07] Operating system is linux
[09:53:07] You have BioPerl 1.007001
[09:53:07] System has 16 cores.
[09:53:07] Will use maximum of 8 cores.
[09:53:07] Annotating as >>> Bacteria <<<
[09:53:07] 'SRR4342129_binning.9.fa' is not a readable non-empty FASTA file
[09:53:07] This is prokka 1.14.6
[09:53:07] Written by Torsten Seemann <torsten.seemann@gmail.com>
[09:53:07] Homepage is https://github.com/tseemann/prokka
[09:53:07] Local time is Fri Apr 23 09:53:07 2021
[09:53:07] You are ins
[09:53:07] Operating system is linux
[09:53:07] You have BioPerl 1.007001
[09:53:07] System has 16 cores.
[09:53:07] Will use maximum of 8 cores.
[09:53:07] Annotating as >>> Bacteria <<<
[09:53:07] 'SRR4342129_binning.9.fa' is not a readable non-empty FASTA file
[09:53:07] This is prokka 1.14.6
[09:53:07] Written by Torsten Seemann <torsten.seemann@gmail.com>
[09:53:07] Homepage is https://github.com/tseemann/prokka
[09:53:07] Local time is Fri Apr 23 09:53:07 2021
[09:53:07] You are ins
[09:53:07] Operating system is linux
[09:53:07] You have BioPerl 1.007001
[09:53:07] System has 16 cores.
[09:53:07] Will use maximum of 8 cores.
[09:53:07] Annotating as >>> Bacteria <<<
[09:53:07] 'SRR4342129_binning.9.fa' is not a readable non-empty FASTA file
[09:53:07] This is prokka 1.14.6
[09:53:07] Written by Torsten Seemann <torsten.seemann@gmail.com>
[09:53:07] Homepage is https://github.com/tseemann/prokka
[09:53:07] Local time is Fri Apr 23 09:53:07 2021
[09:53:07] You are ins
[09:53:07] Operating system is linux
[09:53:07] You have BioPerl 1.007001
[09:53:07] System has 16 cores.
[09:53:07] Will use maximum of 8 cores.
[09:53:07] Annotating as >>> Bacteria <<<
[09:53:07] 'SRR4342129_binning.9.fa' is not a readable non-empty FASTA file
[09:53:07] This is prokka 1.14.6
[09:53:07] Written by Torsten Seemann <torsten.seemann@gmail.com>
[09:53:07] Homepage is https://github.com/tseemann/prokka
[09:53:07] Local time is Fri Apr 23 09:53:07 2021
[09:53:07] You are ins
[09:53:07] Operating system is linux
[09:53:07] You have BioPerl 1.007001
[09:53:07] System has 16 cores.
[09:53:07] Will use maximum of 8 cores.
[09:53:07] Annotating as >>> Bacteria <<<
[09:53:07] 'SRR4342129_binning.9.fa' is not a readable non-empty FASTA file
[09:53:08] This is prokka 1.14.6
[09:53:08] Written by Torsten Seemann <torsten.seemann@gmail.com>
[09:53:08] Homepage is https://github.com/tseemann/prokka
[09:53:08] Local time is Fri Apr 23 09:53:08 2021
[09:53:08] You are ins
[09:53:08] Operating system is linux
[09:53:08] You have BioPerl 1.007001
[09:53:08] System has 16 cores.
[09:53:08] Will use maximum of 8 cores.
[09:53:08] Annotating as >>> Bacteria <<<
[09:53:08] 'SRR4342129_binning.9.fa' is not a readable non-empty FASTA file
[09:53:08] This is prokka 1.14.6
[09:53:08] Written by Torsten Seemann <torsten.seemann@gmail.com>
[09:53:08] Homepage is https://github.com/tseemann/prokka
[09:53:08] Local time is Fri Apr 23 09:53:08 2021
[09:53:08] You are ins
[09:53:08] Operating system is linux
[09:53:08] You have BioPerl 1.007001
[09:53:08] System has 16 cores.
[09:53:08] Will use maximum of 8 cores.
[09:53:08] Annotating as >>> Bacteria <<<
[09:53:08] 'SRR4342129_binning.9.fa' is not a readable non-empty FASTA file
[09:53:08] This is prokka 1.14.6
[09:53:08] Written by Torsten Seemann <torsten.seemann@gmail.com>
[09:53:08] Homepage is https://github.com/tseemann/prokka
[09:53:08] Local time is Fri Apr 23 09:53:08 2021
[09:53:08] You are ins
[09:53:08] Operating system is linux
[09:53:08] You have BioPerl 1.007001
[09:53:08] System has 16 cores.
[09:53:08] Will use maximum of 8 cores.
[09:53:08] Annotating as >>> Bacteria <<<
[09:53:08] 'SRR4342129_binning.9.fa' is not a readable non-empty FASTA file
[09:53:08] This is prokka 1.14.6
[09:53:08] Written by Torsten Seemann <torsten.seemann@gmail.com>
[09:53:08] Homepage is https://github.com/tseemann/prokka
[09:53:08] Local time is Fri Apr 23 09:53:08 2021
[09:53:08] You are ins
[09:53:08] Operating system is linux
[09:53:08] You have BioPerl 1.007001
[09:53:08] System has 16 cores.
[09:53:08] Will use maximum of 8 cores.
[09:53:08] Annotating as >>> Bacteria <<<
[09:53:08] 'SRR4342129_binning.9.fa' is not a readable non-empty FASTA file
[09:53:08] This is prokka 1.14.6
[09:53:08] Written by Torsten Seemann <torsten.seemann@gmail.com>
[09:53:08] Homepage is https://github.com/tseemann/prokka
[09:53:08] Local time is Fri Apr 23 09:53:08 2021
[09:53:08] You are ins
[09:53:08] Operating system is linux
[09:53:08] You have BioPerl 1.007001
[09:53:08] System has 16 cores.
[09:53:08] Will use maximum of 8 cores.
[09:53:08] Annotating as >>> Bacteria <<<
[09:53:08] 'SRR4342129_binning.9.fa' is not a readable non-empty FASTA file
[09:53:09] This is prokka 1.14.6
[09:53:09] Written by Torsten Seemann <torsten.seemann@gmail.com>
[09:53:09] Homepage is https://github.com/tseemann/prokka
[09:53:09] Local time is Fri Apr 23 09:53:09 2021
[09:53:09] You are ins
[09:53:09] Operating system is linux
[09:53:09] You have BioPerl 1.007001
[09:53:09] System has 16 cores.
[09:53:09] Will use maximum of 8 cores.
[09:53:09] Annotating as >>> Bacteria <<<
[09:53:09] 'SRR4342129_binning.9.fa' is not a readable non-empty FASTA file
[09:53:09] This is prokka 1.14.6
[09:53:09] Written by Torsten Seemann <torsten.seemann@gmail.com>
[09:53:09] Homepage is https://github.com/tseemann/prokka
[09:53:09] Local time is Fri Apr 23 09:53:09 2021
[09:53:09] You are ins
[09:53:09] Operating system is linux
[09:53:09] You have BioPerl 1.007001
[09:53:09] System has 16 cores.
[09:53:09] Will use maximum of 8 cores.
[09:53:09] Annotating as >>> Bacteria <<<
[09:53:09] 'SRR4342129_binning.9.fa' is not a readable non-empty FASTA file
[09:53:09] This is prokka 1.14.6
[09:53:09] Written by Torsten Seemann <torsten.seemann@gmail.com>
[09:53:09] Homepage is https://github.com/tseemann/prokka
[09:53:09] Local time is Fri Apr 23 09:53:09 2021
[09:53:09] You are ins
[09:53:09] Operating system is linux
[09:53:09] You have BioPerl 1.007001
[09:53:09] System has 16 cores.
[09:53:09] Will use maximum of 8 cores.
[09:53:09] Annotating as >>> Archaea <<<
[09:53:09] 'done' is not a readable non-empty FASTA file
[09:53:09] This is prokka 1.14.6
[09:53:09] Written by Torsten Seemann <torsten.seemann@gmail.com>
[09:53:09] Homepage is https://github.com/tseemann/prokka
[09:53:09] Local time is Fri Apr 23 09:53:09 2021
[09:53:09] You are ins
[09:53:09] Operating system is linux
[09:53:09] You have BioPerl 1.007001
[09:53:09] System has 16 cores.
[09:53:09] Will use maximum of 8 cores.
[09:53:09] Annotating as >>> Archaea <<<
[09:53:09] 'done' is not a readable non-empty FASTA file
[09:53:09] This is prokka 1.14.6
[09:53:09] Written by Torsten Seemann <torsten.seemann@gmail.com>
[09:53:09] Homepage is https://github.com/tseemann/prokka
[09:53:09] Local time is Fri Apr 23 09:53:09 2021
[09:53:09] You are ins
[09:53:09] Operating system is linux
[09:53:09] You have BioPerl 1.007001
[09:53:09] System has 16 cores.
[09:53:09] Will use maximum of 8 cores.
[09:53:09] Annotating as >>> Archaea <<<
[09:53:09] 'done' is not a readable non-empty FASTA file
[09:53:10] This is prokka 1.14.6
[09:53:10] Written by Torsten Seemann <torsten.seemann@gmail.com>
[09:53:10] Homepage is https://github.com/tseemann/prokka
[09:53:10] Local time is Fri Apr 23 09:53:10 2021
[09:53:10] You are ins
[09:53:10] Operating system is linux
[09:53:10] You have BioPerl 1.007001
[09:53:10] System has 16 cores.
[09:53:10] Will use maximum of 8 cores.
[09:53:10] Annotating as >>> Archaea <<<
[09:53:10] 'done' is not a readable non-empty FASTA file
[09:53:10] This is prokka 1.14.6
[09:53:10] Written by Torsten Seemann <torsten.seemann@gmail.com>
[09:53:10] Homepage is https://github.com/tseemann/prokka
[09:53:10] Local time is Fri Apr 23 09:53:10 2021
[09:53:10] You are ins
[09:53:10] Operating system is linux
[09:53:10] You have BioPerl 1.007001
[09:53:10] System has 16 cores.
[09:53:10] Will use maximum of 8 cores.
[09:53:10] Annotating as >>> Archaea <<<
[09:53:10] 'done' is not a readable non-empty FASTA file
[09:53:10] This is prokka 1.14.6
[09:53:10] Written by Torsten Seemann <torsten.seemann@gmail.com>
[09:53:10] Homepage is https://github.com/tseemann/prokka
[09:53:10] Local time is Fri Apr 23 09:53:10 2021
[09:53:10] You are ins
[09:53:10] Operating system is linux
[09:53:10] You have BioPerl 1.007001
[09:53:10] System has 16 cores.
[09:53:10] Will use maximum of 8 cores.
[09:53:10] Annotating as >>> Archaea <<<
[09:53:10] 'done' is not a readable non-empty FASTA file
[09:53:10] This is prokka 1.14.6
[09:53:10] Written by Torsten Seemann <torsten.seemann@gmail.com>
[09:53:10] Homepage is https://github.com/tseemann/prokka
[09:53:10] Local time is Fri Apr 23 09:53:10 2021
[09:53:10] You are ins
[09:53:10] Operating system is linux
[09:53:10] You have BioPerl 1.007001
[09:53:10] System has 16 cores.
[09:53:10] Will use maximum of 8 cores.
[09:53:10] Annotating as >>> Archaea <<<
[09:53:10] 'done' is not a readable non-empty FASTA file
[09:53:11] This is prokka 1.14.6
[09:53:11] Written by Torsten Seemann <torsten.seemann@gmail.com>
[09:53:11] Homepage is https://github.com/tseemann/prokka
[09:53:11] Local time is Fri Apr 23 09:53:11 2021
[09:53:11] You are ins
[09:53:11] Operating system is linux
[09:53:11] You have BioPerl 1.007001
[09:53:11] System has 16 cores.
[09:53:11] Will use maximum of 8 cores.
[09:53:11] Annotating as >>> Archaea <<<
[09:53:11] 'done' is not a readable non-empty FASTA file
[09:53:11] This is prokka 1.14.6
[09:53:11] Written by Torsten Seemann <torsten.seemann@gmail.com>
[09:53:11] Homepage is https://github.com/tseemann/prokka
[09:53:11] Local time is Fri Apr 23 09:53:11 2021
[09:53:11] You are ins
[09:53:11] Operating system is linux
[09:53:11] You have BioPerl 1.007001
[09:53:11] System has 16 cores.
[09:53:11] Will use maximum of 8 cores.
[09:53:11] Annotating as >>> Archaea <<<
[09:53:11] 'done' is not a readable non-empty FASTA file
[09:53:11] This is prokka 1.14.6
[09:53:11] Written by Torsten Seemann <torsten.seemann@gmail.com>
[09:53:11] Homepage is https://github.com/tseemann/prokka
[09:53:11] Local time is Fri Apr 23 09:53:11 2021
[09:53:11] You are ins
[09:53:11] Operating system is linux
[09:53:11] You have BioPerl 1.007001
[09:53:11] System has 16 cores.
[09:53:11] Will use maximum of 8 cores.
[09:53:11] Annotating as >>> Archaea <<<
[09:53:11] 'done' is not a readable non-empty FASTA file
[09:53:11] This is prokka 1.14.6
[09:53:11] Written by Torsten Seemann <torsten.seemann@gmail.com>
[09:53:11] Homepage is https://github.com/tseemann/prokka
[09:53:11] Local time is Fri Apr 23 09:53:11 2021
[09:53:11] You are ins
[09:53:11] Operating system is linux
[09:53:11] You have BioPerl 1.007001
[09:53:11] System has 16 cores.
[09:53:11] Will use maximum of 8 cores.
[09:53:11] Annotating as >>> Archaea <<<
[09:53:11] 'done' is not a readable non-empty FASTA file
[09:53:11] This is prokka 1.14.6
[09:53:11] Written by Torsten Seemann <torsten.seemann@gmail.com>
[09:53:11] Homepage is https://github.com/tseemann/prokka
[09:53:11] Local time is Fri Apr 23 09:53:11 2021
[09:53:11] You are ins
[09:53:11] Operating system is linux
[09:53:11] You have BioPerl 1.007001
[09:53:11] System has 16 cores.
[09:53:11] Will use maximum of 8 cores.
[09:53:11] Annotating as >>> Archaea <<<
[09:53:11] 'done' is not a readable non-empty FASTA file
[09:53:12] This is prokka 1.14.6
[09:53:12] Written by Torsten Seemann <torsten.seemann@gmail.com>
[09:53:12] Homepage is https://github.com/tseemann/prokka
[09:53:12] Local time is Fri Apr 23 09:53:12 2021
[09:53:12] You are ins
[09:53:12] Operating system is linux
[09:53:12] You have BioPerl 1.007001
[09:53:12] System has 16 cores.
[09:53:12] Will use maximum of 8 cores.
[09:53:12] Annotating as >>> Archaea <<<
[09:53:12] 'done' is not a readable non-empty FASTA file
[09:53:12] This is prokka 1.14.6
[09:53:12] Written by Torsten Seemann <torsten.seemann@gmail.com>
[09:53:12] Homepage is https://github.com/tseemann/prokka
[09:53:12] Local time is Fri Apr 23 09:53:12 2021
[09:53:12] You are ins
[09:53:12] Operating system is linux
[09:53:12] You have BioPerl 1.007001
[09:53:12] System has 16 cores.
[09:53:12] Will use maximum of 8 cores.
[09:53:12] Annotating as >>> Archaea <<<
[09:53:12] 'done' is not a readable non-empty FASTA file
[09:53:12] This is prokka 1.14.6
[09:53:12] Written by Torsten Seemann <torsten.seemann@gmail.com>
[09:53:12] Homepage is https://github.com/tseemann/prokka
[09:53:12] Local time is Fri Apr 23 09:53:12 2021
[09:53:12] You are ins
[09:53:12] Operating system is linux
[09:53:12] You have BioPerl 1.007001
[09:53:12] System has 16 cores.
[09:53:12] Will use maximum of 8 cores.
[09:53:12] Annotating as >>> Archaea <<<
[09:53:12] 'done' is not a readable non-empty FASTA file
[09:53:12] This is prokka 1.14.6
[09:53:12] Written by Torsten Seemann <torsten.seemann@gmail.com>
[09:53:12] Homepage is https://github.com/tseemann/prokka
[09:53:12] Local time is Fri Apr 23 09:53:12 2021
[09:53:12] You are ins
[09:53:12] Operating system is linux
[09:53:12] You have BioPerl 1.007001
[09:53:12] System has 16 cores.
[09:53:12] Will use maximum of 8 cores.
[09:53:12] Annotating as >>> Archaea <<<
[09:53:12] 'done' is not a readable non-empty FASTA file
[09:53:12] This is prokka 1.14.6
[09:53:12] Written by Torsten Seemann <torsten.seemann@gmail.com>
[09:53:12] Homepage is https://github.com/tseemann/prokka
[09:53:12] Local time is Fri Apr 23 09:53:12 2021
[09:53:12] You are ins
[09:53:12] Operating system is linux
[09:53:12] You have BioPerl 1.007001
[09:53:12] System has 16 cores.
[09:53:12] Will use maximum of 8 cores.
[09:53:12] Annotating as >>> Archaea <<<
[09:53:12] 'done' is not a readable non-empty FASTA file
[09:53:13] This is prokka 1.14.6
[09:53:13] Written by Torsten Seemann <torsten.seemann@gmail.com>
[09:53:13] Homepage is https://github.com/tseemann/prokka
[09:53:13] Local time is Fri Apr 23 09:53:13 2021
[09:53:13] You are ins
[09:53:13] Operating system is linux
[09:53:13] You have BioPerl 1.007001
[09:53:13] System has 16 cores.
[09:53:13] Will use maximum of 8 cores.
[09:53:13] Annotating as >>> Archaea <<<
[09:53:13] 'done' is not a readable non-empty FASTA file
[09:53:13] This is prokka 1.14.6
[09:53:13] Written by Torsten Seemann <torsten.seemann@gmail.com>
[09:53:13] Homepage is https://github.com/tseemann/prokka
[09:53:13] Local time is Fri Apr 23 09:53:13 2021
[09:53:13] You are ins
[09:53:13] Operating system is linux
[09:53:13] You have BioPerl 1.007001
[09:53:13] System has 16 cores.
[09:53:13] Will use maximum of 8 cores.
[09:53:13] Annotating as >>> Archaea <<<
[09:53:13] 'done' is not a readable non-empty FASTA file
[09:53:13] This is prokka 1.14.6
[09:53:13] Written by Torsten Seemann <torsten.seemann@gmail.com>
[09:53:13] Homepage is https://github.com/tseemann/prokka
[09:53:13] Local time is Fri Apr 23 09:53:13 2021
[09:53:13] You are ins
[09:53:13] Operating system is linux
[09:53:13] You have BioPerl 1.007001
[09:53:13] System has 16 cores.
[09:53:13] Will use maximum of 8 cores.
[09:53:13] Annotating as >>> Archaea <<<
[09:53:13] 'done' is not a readable non-empty FASTA file
[09:53:13] This is prokka 1.14.6
[09:53:13] Written by Torsten Seemann <torsten.seemann@gmail.com>
[09:53:13] Homepage is https://github.com/tseemann/prokka
[09:53:13] Local time is Fri Apr 23 09:53:13 2021
[09:53:13] You are ins
[09:53:13] Operating system is linux
[09:53:13] You have BioPerl 1.007001
[09:53:13] System has 16 cores.
[09:53:13] Will use maximum of 8 cores.
[09:53:13] Annotating as >>> Archaea <<<
[09:53:13] 'done' is not a readable non-empty FASTA file
[09:53:13] This is prokka 1.14.6
[09:53:13] Written by Torsten Seemann <torsten.seemann@gmail.com>
[09:53:13] Homepage is https://github.com/tseemann/prokka
[09:53:13] Local time is Fri Apr 23 09:53:13 2021
[09:53:13] You are ins
[09:53:13] Operating system is linux
[09:53:13] You have BioPerl 1.007001
[09:53:13] System has 16 cores.
[09:53:13] Will use maximum of 8 cores.
[09:53:13] Annotating as >>> Archaea <<<
[09:53:13] 'done' is not a readable non-empty FASTA file
[09:53:14] This is prokka 1.14.6
[09:53:14] Written by Torsten Seemann <torsten.seemann@gmail.com>
[09:53:14] Homepage is https://github.com/tseemann/prokka
[09:53:14] Local time is Fri Apr 23 09:53:14 2021
[09:53:14] You are ins
[09:53:14] Operating system is linux
[09:53:14] You have BioPerl 1.007001
[09:53:14] System has 16 cores.
[09:53:14] Will use maximum of 8 cores.
[09:53:14] Annotating as >>> Archaea <<<
[09:53:14] 'done' is not a readable non-empty FASTA file
[09:53:14] This is prokka 1.14.6
[09:53:14] Written by Torsten Seemann <torsten.seemann@gmail.com>
[09:53:14] Homepage is https://github.com/tseemann/prokka
[09:53:14] Local time is Fri Apr 23 09:53:14 2021
[09:53:14] You are ins
[09:53:14] Operating system is linux
[09:53:14] You have BioPerl 1.007001
[09:53:14] System has 16 cores.
[09:53:14] Will use maximum of 8 cores.
[09:53:14] Annotating as >>> Archaea <<<
[09:53:14] 'done' is not a readable non-empty FASTA file
[09:53:14] This is prokka 1.14.6
[09:53:14] Written by Torsten Seemann <torsten.seemann@gmail.com>
[09:53:14] Homepage is https://github.com/tseemann/prokka
[09:53:14] Local time is Fri Apr 23 09:53:14 2021
[09:53:14] You are ins
[09:53:14] Operating system is linux
[09:53:14] You have BioPerl 1.007001
[09:53:14] System has 16 cores.
[09:53:14] Will use maximum of 8 cores.
[09:53:14] Annotating as >>> Archaea <<<
[09:53:14] 'done' is not a readable non-empty FASTA file
[09:53:14] This is prokka 1.14.6
[09:53:14] Written by Torsten Seemann <torsten.seemann@gmail.com>
[09:53:14] Homepage is https://github.com/tseemann/prokka
[09:53:14] Local time is Fri Apr 23 09:53:14 2021
[09:53:14] You are ins
[09:53:14] Operating system is linux
[09:53:14] You have BioPerl 1.007001
[09:53:14] System has 16 cores.
[09:53:14] Will use maximum of 8 cores.
[09:53:14] Annotating as >>> Archaea <<<
[09:53:14] 'done' is not a readable non-empty FASTA file
[09:53:14] This is prokka 1.14.6
[09:53:14] Written by Torsten Seemann <torsten.seemann@gmail.com>
[09:53:14] Homepage is https://github.com/tseemann/prokka
[09:53:14] Local time is Fri Apr 23 09:53:14 2021
[09:53:14] You are ins
[09:53:14] Operating system is linux
[09:53:14] You have BioPerl 1.007001
[09:53:14] System has 16 cores.
[09:53:14] Will use maximum of 8 cores.
[09:53:14] Annotating as >>> Archaea <<<
[09:53:14] 'done' is not a readable non-empty FASTA file
[09:53:15] This is prokka 1.14.6
[09:53:15] Written by Torsten Seemann <torsten.seemann@gmail.com>
[09:53:15] Homepage is https://github.com/tseemann/prokka
[09:53:15] Local time is Fri Apr 23 09:53:15 2021
[09:53:15] You are ins
[09:53:15] Operating system is linux
[09:53:15] You have BioPerl 1.007001
[09:53:15] System has 16 cores.
[09:53:15] Will use maximum of 8 cores.
[09:53:15] Annotating as >>> Archaea <<<
[09:53:15] 'done' is not a readable non-empty FASTA file
[09:53:15] This is prokka 1.14.6
[09:53:15] Written by Torsten Seemann <torsten.seemann@gmail.com>
[09:53:15] Homepage is https://github.com/tseemann/prokka
[09:53:15] Local time is Fri Apr 23 09:53:15 2021
[09:53:15] You are ins
[09:53:15] Operating system is linux
[09:53:15] You have BioPerl 1.007001
[09:53:15] System has 16 cores.
[09:53:15] Will use maximum of 8 cores.
[09:53:15] Annotating as >>> Archaea <<<
[09:53:15] 'done' is not a readable non-empty FASTA file
[09:53:15] This is prokka 1.14.6
[09:53:15] Written by Torsten Seemann <torsten.seemann@gmail.com>
[09:53:15] Homepage is https://github.com/tseemann/prokka
[09:53:15] Local time is Fri Apr 23 09:53:15 2021
[09:53:15] You are ins
[09:53:15] Operating system is linux
[09:53:15] You have BioPerl 1.007001
[09:53:15] System has 16 cores.
[09:53:15] Will use maximum of 8 cores.
[09:53:15] Annotating as >>> Archaea <<<
[09:53:15] 'done' is not a readable non-empty FASTA file
[09:53:15] This is prokka 1.14.6
[09:53:15] Written by Torsten Seemann <torsten.seemann@gmail.com>
[09:53:15] Homepage is https://github.com/tseemann/prokka
[09:53:15] Local time is Fri Apr 23 09:53:15 2021
[09:53:15] You are ins
[09:53:15] Operating system is linux
[09:53:15] You have BioPerl 1.007001
[09:53:15] System has 16 cores.
[09:53:15] Will use maximum of 8 cores.
[09:53:15] Annotating as >>> Archaea <<<
[09:53:15] 'done' is not a readable non-empty FASTA file
