/sw/bioinfo/quast/4.5.4/rackham/bin/metaquast.py /home/ins/GenomeAnalysis/output/2_megahit/SRR4342129_assembly/final.contigs.fa -o /home/ins/GenomeAnalysis/output/2_quast/SRR4342129_qc

Version: 4.5.4

System information:
  OS: Linux-3.10.0-1160.21.1.el7.x86_64-x86_64-with-centos-7.9.2009-Core (linux_64)
  Python version: 2.7.6
  CPUs number: 16

Started: 2021-04-14 15:04:14

Logging to /home/ins/GenomeAnalysis/output/2_quast/SRR4342129_qc/metaquast.log
NOTICE: Maximum number of threads is set to 4 (use --threads option to set it manually)

Contigs:
  Pre-processing...
  /home/ins/GenomeAnalysis/output/2_megahit/SRR4342129_assembly/final.contigs.fa ==> final.contigs

No references are provided, starting to search for reference genomes in SILVA 16S rRNA database and to download them from NCBI...

2021-04-14 15:04:22
NOTICE: Permission denied accessing /sw/bioinfo/quast/4.5.4/rackham/lib/python2.7/site-packages/quast_libs/blast. BLAST will be downloaded to home directory /home/ins/.quast
Downloading makeblastdb...
 0.0% of 27429520 bytes  1.0% of 27429520 bytes  2.0% of 27429520 bytes  3.0% of 27429520 bytes  4.0% of 27429520 bytes  5.0% of 27429520 bytes  6.0% of 27429520 bytes  7.0% of 27429520 bytes  8.0% of 27429520 bytes  9.0% of 27429520 bytes  10.0% of 27429520 bytes  11.0% of 27429520 bytes  12.0% of 27429520 bytes  13.0% of 27429520 bytes  14.0% of 27429520 bytes  15.0% of 27429520 bytes  16.0% of 27429520 bytes  17.0% of 27429520 bytes  18.0% of 27429520 bytes  19.0% of 27429520 bytes  20.0% of 27429520 bytes  21.0% of 27429520 bytes  22.0% of 27429520 bytes  23.0% of 27429520 bytes  24.0% of 27429520 bytes  25.0% of 27429520 bytes  26.0% of 27429520 bytes  27.0% of 27429520 bytes  28.0% of 27429520 bytes  29.0% of 27429520 bytes  30.0% of 27429520 bytes  31.0% of 27429520 bytes  32.0% of 27429520 bytes  33.0% of 27429520 bytes  34.0% of 27429520 bytes  35.0% of 27429520 bytes  36.0% of 27429520 bytes  37.0% of 27429520 bytes  38.0% of 27429520 bytes  39.0% of 27429520 bytes  40.0% of 27429520 bytes  41.0% of 27429520 bytes  42.0% of 27429520 bytes  43.0% of 27429520 bytes  44.0% of 27429520 bytes  45.0% of 27429520 bytes  46.0% of 27429520 bytes  47.0% of 27429520 bytes  48.0% of 27429520 bytes  49.0% of 27429520 bytes  50.0% of 27429520 bytes  51.0% of 27429520 bytes  52.0% of 27429520 bytes  53.0% of 27429520 bytes  54.0% of 27429520 bytes  55.0% of 27429520 bytes  56.0% of 27429520 bytes  57.0% of 27429520 bytes  58.0% of 27429520 bytes  59.0% of 27429520 bytes  60.0% of 27429520 bytes  61.0% of 27429520 bytes  62.0% of 27429520 bytes  63.0% of 27429520 bytes  64.0% of 27429520 bytes  65.0% of 27429520 bytes  66.0% of 27429520 bytes  67.0% of 27429520 bytes  68.0% of 27429520 bytes  68.0% of 27429520 bytes  69.0% of 27429520 bytes  70.0% of 27429520 bytes  71.0% of 27429520 bytes  72.0% of 27429520 bytes  73.0% of 27429520 bytes  74.0% of 27429520 bytes  75.0% of 27429520 bytes  76.0% of 27429520 bytes  77.0% of 27429520 bytes  78.0% of 27429520 bytes  79.0% of 27429520 bytes  80.0% of 27429520 bytes  81.0% of 27429520 bytes  82.0% of 27429520 bytes  83.0% of 27429520 bytes  84.0% of 27429520 bytes  85.0% of 27429520 bytes  86.0% of 27429520 bytes  87.0% of 27429520 bytes  88.0% of 27429520 bytes  89.0% of 27429520 bytes  90.0% of 27429520 bytes  91.0% of 27429520 bytes  92.0% of 27429520 bytes  93.0% of 27429520 bytes  94.0% of 27429520 bytes  95.0% of 27429520 bytes  96.0% of 27429520 bytes  97.0% of 27429520 bytes  98.0% of 27429520 bytes  99.0% of 27429520 bytesmakeblastdb successfully downloaded!

Downloading blastn...
 0.0% of 39777200 bytes  1.0% of 39777200 bytes  2.0% of 39777200 bytes  3.0% of 39777200 bytes  4.0% of 39777200 bytes  5.0% of 39777200 bytes  6.0% of 39777200 bytes  7.0% of 39777200 bytes  8.0% of 39777200 bytes  9.0% of 39777200 bytes  10.0% of 39777200 bytes  11.0% of 39777200 bytes  12.0% of 39777200 bytes  13.0% of 39777200 bytes  14.0% of 39777200 bytes  15.0% of 39777200 bytes  16.0% of 39777200 bytes  17.0% of 39777200 bytes  18.0% of 39777200 bytes  19.0% of 39777200 bytes  20.0% of 39777200 bytes  21.0% of 39777200 bytes  22.0% of 39777200 bytes  23.0% of 39777200 bytes  24.0% of 39777200 bytes  25.0% of 39777200 bytes  26.0% of 39777200 bytes  27.0% of 39777200 bytes  28.0% of 39777200 bytes  29.0% of 39777200 bytes  30.0% of 39777200 bytes  31.0% of 39777200 bytes  32.0% of 39777200 bytes  33.0% of 39777200 bytes  34.0% of 39777200 bytes  35.0% of 39777200 bytes  36.0% of 39777200 bytes  37.0% of 39777200 bytes  38.0% of 39777200 bytes  39.0% of 39777200 bytes  40.0% of 39777200 bytes  41.0% of 39777200 bytes  42.0% of 39777200 bytes  43.0% of 39777200 bytes  44.0% of 39777200 bytes  45.0% of 39777200 bytes  46.0% of 39777200 bytes  47.0% of 39777200 bytes  48.0% of 39777200 bytes  49.0% of 39777200 bytes  50.0% of 39777200 bytes  51.0% of 39777200 bytes  52.0% of 39777200 bytes  53.0% of 39777200 bytes  54.0% of 39777200 bytes  55.0% of 39777200 bytes  56.0% of 39777200 bytes  57.0% of 39777200 bytes  58.0% of 39777200 bytes  59.0% of 39777200 bytes  60.0% of 39777200 bytes  61.0% of 39777200 bytes  62.0% of 39777200 bytes  63.0% of 39777200 bytes  64.0% of 39777200 bytes  65.0% of 39777200 bytes  66.0% of 39777200 bytes  67.0% of 39777200 bytes  68.0% of 39777200 bytes  69.0% of 39777200 bytes  70.0% of 39777200 bytes  71.0% of 39777200 bytes  72.0% of 39777200 bytes  73.0% of 39777200 bytes  74.0% of 39777200 bytes  75.0% of 39777200 bytes  76.0% of 39777200 bytes  77.0% of 39777200 bytes  78.0% of 39777200 bytes  79.0% of 39777200 bytes  80.0% of 39777200 bytes  81.0% of 39777200 bytes  82.0% of 39777200 bytes  83.0% of 39777200 bytes  84.0% of 39777200 bytes  85.0% of 39777200 bytes  86.0% of 39777200 bytes  86.0% of 39777200 bytes  87.0% of 39777200 bytes  88.0% of 39777200 bytes  89.0% of 39777200 bytes  90.0% of 39777200 bytes  91.0% of 39777200 bytes  92.0% of 39777200 bytes  93.0% of 39777200 bytes  94.0% of 39777200 bytes  95.0% of 39777200 bytes  96.0% of 39777200 bytes  97.0% of 39777200 bytes  98.0% of 39777200 bytes  99.0% of 39777200 bytesblastn successfully downloaded!

NOTICE: Permission denied accessing /sw/bioinfo/quast/4.5.4/rackham/lib/python2.7/site-packages/quast_libs/silva. Silva will be downloaded to home directory /home/ins/.quast

Downloading SILVA 16S ribosomal RNA gene database...
 0.0% of 177015356 bytes  1.0% of 177015356 bytes  2.0% of 177015356 bytes  3.0% of 177015356 bytes  4.0% of 177015356 bytes  5.0% of 177015356 bytes  6.0% of 177015356 bytes  7.0% of 177015356 bytes  8.0% of 177015356 bytes  9.0% of 177015356 bytes  10.0% of 177015356 bytes  11.0% of 177015356 bytes  12.0% of 177015356 bytes  13.0% of 177015356 bytes  14.0% of 177015356 bytes  15.0% of 177015356 bytes  16.0% of 177015356 bytes  17.0% of 177015356 bytes  18.0% of 177015356 bytes  19.0% of 177015356 bytes  20.0% of 177015356 bytes  21.0% of 177015356 bytes  22.0% of 177015356 bytes  23.0% of 177015356 bytes  24.0% of 177015356 bytes  25.0% of 177015356 bytes  26.0% of 177015356 bytes  27.0% of 177015356 bytes  28.0% of 177015356 bytes  29.0% of 177015356 bytes  30.0% of 177015356 bytes  31.0% of 177015356 bytes  32.0% of 177015356 bytes  33.0% of 177015356 bytes  34.0% of 177015356 bytes  35.0% of 177015356 bytes  36.0% of 177015356 bytes  37.0% of 177015356 bytes  38.0% of 177015356 bytes  39.0% of 177015356 bytes  40.0% of 177015356 bytes  41.0% of 177015356 bytes  42.0% of 177015356 bytes  43.0% of 177015356 bytes  44.0% of 177015356 bytes  45.0% of 177015356 bytes  46.0% of 177015356 bytes  47.0% of 177015356 bytes  48.0% of 177015356 bytes  49.0% of 177015356 bytes  50.0% of 177015356 bytes  51.0% of 177015356 bytes  52.0% of 177015356 bytes  53.0% of 177015356 bytes  54.0% of 177015356 bytes  55.0% of 177015356 bytes  56.0% of 177015356 bytes  57.0% of 177015356 bytes  58.0% of 177015356 bytes  59.0% of 177015356 bytes  60.0% of 177015356 bytes  61.0% of 177015356 bytes  62.0% of 177015356 bytes  63.0% of 177015356 bytes  64.0% of 177015356 bytes  65.0% of 177015356 bytes  66.0% of 177015356 bytes  67.0% of 177015356 bytes  68.0% of 177015356 bytes  69.0% of 177015356 bytes  70.0% of 177015356 bytes  71.0% of 177015356 bytes  72.0% of 177015356 bytes  73.0% of 177015356 bytes  74.0% of 177015356 bytes  75.0% of 177015356 bytes  76.0% of 177015356 bytes  77.0% of 177015356 bytes  78.0% of 177015356 bytes  79.0% of 177015356 bytes  80.0% of 177015356 bytes  81.0% of 177015356 bytes  82.0% of 177015356 bytes  83.0% of 177015356 bytes  84.0% of 177015356 bytes  85.0% of 177015356 bytes  86.0% of 177015356 bytes  87.0% of 177015356 bytes  88.0% of 177015356 bytes  89.0% of 177015356 bytes  90.0% of 177015356 bytes  91.0% of 177015356 bytes  92.0% of 177015356 bytes  93.0% of 177015356 bytes  94.0% of 177015356 bytes  95.0% of 177015356 bytes  96.0% of 177015356 bytes  97.0% of 177015356 bytes  98.0% of 177015356 bytes  99.0% of 177015356 bytesProcessing downloaded file. Logging to /home/ins/.quast/silva/blastdb.log...
Unpacking and replacing " " with "_"...
Making BLAST database...
Running BlastN..
  processing final.contigs
  BLAST results for final.contigs are saved to /home/ins/GenomeAnalysis/output/2_quast/SRR4342129_qc/quast_downloaded_references/blast.res_final-contigs...


2021-04-14 15:17:35
Trying to download found references from NCBI. Totally 50 organisms to try.
  Synechococcus_sp._WH_7803                                | successfully downloaded (total 1, 49 more to go)
marine metagenome has too fragmented reference genome! It will not be downloaded.
  marine_metagenome                                        | not found in the NCBI database
  Lutimonas_sp._RSS3-C1                                    | not found in the NCBI database
  unidentified_marine_bacterioplankton                     | not found in the NCBI database
  Dehalogenimonas_lykanthroporepellens_BL-DC-9             | successfully downloaded (total 2, 45 more to go)
  Marinoscillum_pacificum                                  | not found in the NCBI database
  Planctomyces_brasiliensis_DSM_5305                       | successfully downloaded (total 3, 43 more to go)
  Planctomyces_maris_DSM_8797                              | successfully downloaded (total 4, 42 more to go)
  Syntrophus_aciditrophicus                                | successfully downloaded (total 5, 41 more to go)
  denitrifying_bacterium_enrichment_culture_clone_NOB_2_C9 | not found in the NCBI database
  Haloferula_phyci                                         | not found in the NCBI database
  Idiomarina_sp._G-R2A15                                   | not found in the NCBI database
  Flavobacterium_sp._SCGC_AAA160-P02                       | successfully downloaded (total 6, 37 more to go)
  bacterium_episymbiont_of_Kiwa_sp                         | not found in the NCBI database
  Litoribaculum_gwangyangense                              | not found in the NCBI database
  gamma_proteobacterium_SCGC_AB-629-P17                    | successfully downloaded (total 7, 34 more to go)
  bacterium_rJ14                                           | not found in the NCBI database
  marine_gamma_proteobacterium_HTCC2080                    | successfully downloaded (total 8, 32 more to go)
  Sphingobium_sp._GR1                                      | not found in the NCBI database
  Bacteriovorax_sp._SAU4                                   | not found in the NCBI database
  Melissococcus_plutonius_DAT561                           | successfully downloaded (total 9, 29 more to go)
  Mesorhizobium_sp._DG943                                  | not found in the NCBI database
  Lautropia_mirabilis_ATCC_51599                           | successfully downloaded (total 10, 27 more to go)
  Formosa_algae                                            | successfully downloaded (total 11, 26 more to go)
  marine_bacterium_WH-5                                    | not found in the NCBI database
  Pseudomonas_sp._7068                                     | not found in the NCBI database
  Hippea_sp._Lau09-781r                                    | not found in the NCBI database
  Alcanivorax_jadensis_T9                                  | successfully downloaded (total 12, 22 more to go)
  Thermoplasmatales_archaeon_A-plasma                      | successfully downloaded (total 13, 21 more to go)
  Desulfovibrio_giganteus                                  | not found in the NCBI database
  Rhodobacteraceae_bacterium_KLH11                         | successfully downloaded (total 14, 19 more to go)
  bacterium_WH5-6                                          | not found in the NCBI database
  Thalassolituus_oleivorans_R6-15                          | successfully downloaded (total 15, 17 more to go)
  Ruegeria_pomeroyi                                        | successfully downloaded (total 16, 16 more to go)
  Microbulbifer_yueqingensis                               | successfully downloaded (total 17, 15 more to go)
  Desulfoglaeba_sp._Lake                                   | not found in the NCBI database
  Nitrospina_sp._347                                       | not found in the NCBI database
  Luminiphilus_syltensis_NOR5-1B                           | successfully downloaded (total 18, 12 more to go)
  Legionella_santicrucis                                   | successfully downloaded (total 19, 11 more to go)
  Marinimicrobium_agarilyticum_DSM_16975                   | successfully downloaded (total 20, 10 more to go)
  Azospirillum_sp._LH-CAB12                                | not found in the NCBI database
  Ilumatobacter_fluminis                                   | successfully downloaded (total 21, 8 more to go)
  Pelobacter_sp._A3b3                                      | not found in the NCBI database
  Serratia_symbiotica                                      | successfully downloaded (total 22, 6 more to go)
  Janibacter_sp._HTCC2649                                  | successfully downloaded (total 23, 5 more to go)
  Oceanicola_granulosus_HTCC2516                           | successfully downloaded (total 24, 4 more to go)
  Thalassospira_xiamenensis_M-5_=_DSM_17429                | successfully downloaded (total 25, 3 more to go)
  Methanococcoides_methylutens                             | successfully downloaded (total 26, 2 more to go)
  Nitrospira_enrichment_culture_clone_Ga3a                 | not found in the NCBI database
  Sporosarcina_sp._EUR3_2.2.2                              | successfully downloaded (total 27, 0 more to go)

Downloaded reference(s):
  /home/ins/GenomeAnalysis/output/2_quast/SRR4342129_qc/quast_downloaded_references/Alcanivorax_jadensis_T9.fasta ==> Alcanivorax_jadensis_T9
  /home/ins/GenomeAnalysis/output/2_quast/SRR4342129_qc/quast_downloaded_references/Dehalogenimonas_lykanthroporepellens_BL-DC-9.fasta ==> Dehalogenimonas_lykanthroporepellens_BL-DC-9
  /home/ins/GenomeAnalysis/output/2_quast/SRR4342129_qc/quast_downloaded_references/Flavobacterium_sp._SCGC_AAA160-P02.fasta ==> Flavobacterium_sp._SCGC_AAA160-P02
  /home/ins/GenomeAnalysis/output/2_quast/SRR4342129_qc/quast_downloaded_references/Formosa_algae.fasta ==> Formosa_algae
  /home/ins/GenomeAnalysis/output/2_quast/SRR4342129_qc/quast_downloaded_references/Ilumatobacter_fluminis.fasta ==> Ilumatobacter_fluminis
  /home/ins/GenomeAnalysis/output/2_quast/SRR4342129_qc/quast_downloaded_references/Janibacter_sp._HTCC2649.fasta ==> Janibacter_sp._HTCC2649
  /home/ins/GenomeAnalysis/output/2_quast/SRR4342129_qc/quast_downloaded_references/Lautropia_mirabilis_ATCC_51599.fasta ==> Lautropia_mirabilis_ATCC_51599
  /home/ins/GenomeAnalysis/output/2_quast/SRR4342129_qc/quast_downloaded_references/Legionella_santicrucis.fasta ==> Legionella_santicrucis
  /home/ins/GenomeAnalysis/output/2_quast/SRR4342129_qc/quast_downloaded_references/Luminiphilus_syltensis_NOR5-1B.fasta ==> Luminiphilus_syltensis_NOR5-1B
  /home/ins/GenomeAnalysis/output/2_quast/SRR4342129_qc/quast_downloaded_references/Marinimicrobium_agarilyticum_DSM_16975.fasta ==> Marinimicrobium_agarilyticum_DSM_16975
  /home/ins/GenomeAnalysis/output/2_quast/SRR4342129_qc/quast_downloaded_references/Melissococcus_plutonius_DAT561.fasta ==> Melissococcus_plutonius_DAT561
  /home/ins/GenomeAnalysis/output/2_quast/SRR4342129_qc/quast_downloaded_references/Methanococcoides_methylutens.fasta ==> Methanococcoides_methylutens
  /home/ins/GenomeAnalysis/output/2_quast/SRR4342129_qc/quast_downloaded_references/Microbulbifer_yueqingensis.fasta ==> Microbulbifer_yueqingensis
  /home/ins/GenomeAnalysis/output/2_quast/SRR4342129_qc/quast_downloaded_references/Oceanicola_granulosus_HTCC2516.fasta ==> Oceanicola_granulosus_HTCC2516
  /home/ins/GenomeAnalysis/output/2_quast/SRR4342129_qc/quast_downloaded_references/Planctomyces_brasiliensis_DSM_5305.fasta ==> Planctomyces_brasiliensis_DSM_5305
  /home/ins/GenomeAnalysis/output/2_quast/SRR4342129_qc/quast_downloaded_references/Planctomyces_maris_DSM_8797.fasta ==> Planctomyces_maris_DSM_8797
  /home/ins/GenomeAnalysis/output/2_quast/SRR4342129_qc/quast_downloaded_references/Rhodobacteraceae_bacterium_KLH11.fasta ==> Rhodobacteraceae_bacterium_KLH11
  /home/ins/GenomeAnalysis/output/2_quast/SRR4342129_qc/quast_downloaded_references/Ruegeria_pomeroyi.fasta ==> Ruegeria_pomeroyi
  /home/ins/GenomeAnalysis/output/2_quast/SRR4342129_qc/quast_downloaded_references/Serratia_symbiotica.fasta ==> Serratia_symbiotica
  /home/ins/GenomeAnalysis/output/2_quast/SRR4342129_qc/quast_downloaded_references/Sporosarcina_sp._EUR3_2.2.2.fasta ==> Sporosarcina_sp._EUR3_2.2.2
  /home/ins/GenomeAnalysis/output/2_quast/SRR4342129_qc/quast_downloaded_references/Synechococcus_sp._WH_7803.fasta ==> Synechococcus_sp._WH_7803
  /home/ins/GenomeAnalysis/output/2_quast/SRR4342129_qc/quast_downloaded_references/Syntrophus_aciditrophicus.fasta ==> Syntrophus_aciditrophicus
  /home/ins/GenomeAnalysis/output/2_quast/SRR4342129_qc/quast_downloaded_references/Thalassolituus_oleivorans_R6-15.fasta ==> Thalassolituus_oleivorans_R6-15
  /home/ins/GenomeAnalysis/output/2_quast/SRR4342129_qc/quast_downloaded_references/Thalassospira_xiamenensis_M-5___DSM_17429.fasta ==> Thalassospira_xiamenensis_M-5___DSM_17429
  /home/ins/GenomeAnalysis/output/2_quast/SRR4342129_qc/quast_downloaded_references/Thermoplasmatales_archaeon_A-plasma.fasta ==> Thermoplasmatales_archaeon_A-plasma
  /home/ins/GenomeAnalysis/output/2_quast/SRR4342129_qc/quast_downloaded_references/gamma_proteobacterium_SCGC_AB-629-P17.fasta ==> gamma_proteobacterium_SCGC_AB-629-P17
  /home/ins/GenomeAnalysis/output/2_quast/SRR4342129_qc/quast_downloaded_references/marine_gamma_proteobacterium_HTCC2080.fasta ==> marine_gamma_proteobacterium_HTCC2080
  All references were combined in combined_reference.fasta

Starting quast.py for the combined reference...
/sw/bioinfo/quast/4.5.4/rackham/bin/quast.py --combined-ref --colors #E31A1C --ls solid --ambiguity-usage all /home/ins/GenomeAnalysis/output/2_megahit/SRR4342129_assembly/final.contigs.fa -R /home/ins/GenomeAnalysis/output/2_quast/SRR4342129_qc/quast_corrected_input/combined_reference.fasta -o /home/ins/GenomeAnalysis/output/2_quast/SRR4342129_qc/combined_reference --labels final.contigs

Started: 2021-04-14 15:34:47

Logging to /home/ins/GenomeAnalysis/output/2_quast/SRR4342129_qc/combined_reference/quast.log
NOTICE: Maximum number of threads is set to 4 (use --threads option to set it manually)

CWD: /domus/h1/ins/GenomeAnalysis/code
Main parameters: 
  Threads: 4, minimum contig length: 500, ambiguity: all, threshold for extensive misassembly size: 1000

Reference:
  /home/ins/GenomeAnalysis/output/2_quast/SRR4342129_qc/quast_corrected_input/combined_reference.fasta ==> combined_reference

Contigs:
  Pre-processing...
  /home/ins/GenomeAnalysis/output/2_megahit/SRR4342129_assembly/final.contigs.fa ==> final.contigs

2021-04-14 15:35:13
Running Basic statistics processor...
  Reference genome:
    combined_reference.fasta, length = 98017596, num fragments = 643, GC % = 53.23
WARNING:   Reference genome is fragmented. You may consider rerunning QUAST using --fragmented option. QUAST will try to detect misassemblies caused by the fragmentation and mark them fake (will be excluded from # misassemblies).
  Contig files: 
    final.contigs
  Calculating N50 and L50...
    final.contigs, N50 = 1388, L50 = 40279, Total length = 249816090, GC % = 47.54, # N's per 100 kbp =  0.00
  Drawing Nx plot...
    saved to /home/ins/GenomeAnalysis/output/2_quast/SRR4342129_qc/combined_reference/basic_stats/Nx_plot.pdf
  Drawing cumulative plot...
    saved to /home/ins/GenomeAnalysis/output/2_quast/SRR4342129_qc/combined_reference/basic_stats/cumulative_plot.pdf
  Drawing GC content plot...
    saved to /home/ins/GenomeAnalysis/output/2_quast/SRR4342129_qc/combined_reference/basic_stats/GC_content_plot.pdf
  Drawing final.contigs GC content plot...
    saved to /home/ins/GenomeAnalysis/output/2_quast/SRR4342129_qc/combined_reference/basic_stats/final.contigs_GC_content_plot.pdf
Done.

2021-04-14 15:35:45
Running Contig analyzer...
  final.contigs
  Logging to files /home/ins/GenomeAnalysis/output/2_quast/SRR4342129_qc/combined_reference/contigs_reports/contigs_report_final-contigs.stdout and contigs_report_final-contigs.stderr...
  Aligning contigs to the reference
  MUMmer plot saved to /home/ins/GenomeAnalysis/output/2_quast/SRR4342129_qc/combined_reference/contigs_reports/nucmer_output/final-contigs_mummerplot.html
  Analysis is finished.
  Gzipping /home/ins/GenomeAnalysis/output/2_quast/SRR4342129_qc/combined_reference/contigs_reports/nucmer_output/raw/final-contigs.all_snps to reduce disk space usage...
    saved to /home/ins/GenomeAnalysis/output/2_quast/SRR4342129_qc/combined_reference/contigs_reports/nucmer_output/raw/final-contigs.all_snps.gz
  Information about interspecies translocations by references for final-contigs is saved to /home/ins/GenomeAnalysis/output/2_quast/SRR4342129_qc/combined_reference/contigs_reports/interspecies_translocations_by_refs_final-contigs.info
  Drawing Intergenomic misassemblies (found and supposed) metaQUAST summary plot...
    saved to /home/ins/GenomeAnalysis/output/2_quast/SRR4342129_qc/combined_reference/contigs_reports/intergenomic_misassemblies.pdf
  Creating total report...
    saved to /home/ins/GenomeAnalysis/output/2_quast/SRR4342129_qc/combined_reference/contigs_reports/misassemblies_report.txt, misassemblies_report.tsv, and misassemblies_report.tex
  Transposed version of total report...
    saved to /home/ins/GenomeAnalysis/output/2_quast/SRR4342129_qc/combined_reference/contigs_reports/transposed_report_misassemblies.txt, transposed_report_misassemblies.tsv, and transposed_report_misassemblies.tex
  Creating total report...
    saved to /home/ins/GenomeAnalysis/output/2_quast/SRR4342129_qc/combined_reference/contigs_reports/unaligned_report.txt, unaligned_report.tsv, and unaligned_report.tex
  Drawing misassemblies by types plot...
    saved to /home/ins/GenomeAnalysis/output/2_quast/SRR4342129_qc/combined_reference/contigs_reports/misassemblies_plot.pdf
  Drawing misassemblies FRCurve plot...
    saved to /home/ins/GenomeAnalysis/output/2_quast/SRR4342129_qc/combined_reference/contigs_reports/misassemblies_frcurve_plot.pdf
Done.

2021-04-14 15:37:39
Running NA-NGA calculation...
  final.contigs, Largest alignment = 3271, NA50 = None, LA50 = None
  Drawing cumulative plot...
    saved to /home/ins/GenomeAnalysis/output/2_quast/SRR4342129_qc/combined_reference/aligned_stats/cumulative_plot.pdf
  Drawing NAx plot...
    saved to /home/ins/GenomeAnalysis/output/2_quast/SRR4342129_qc/combined_reference/aligned_stats/NAx_plot.pdf
Done.

2021-04-14 15:37:49
Running Genome analyzer...
  NOTICE: No file with genes provided. Use the -G option if you want to specify it.
  NOTICE: No file with operons provided. Use the -O option if you want to specify it.
  final.contigs
  Analysis is finished.
  Skipping drawing Genome fraction, % histogram... (less than 2 columns histogram makes no sense)
Done.

NOTICE: Genes are not predicted by default. Use --gene-finding option to enable it.

2021-04-14 15:38:16
Creating large visual summaries...
This may take a while: press Ctrl-C to skip this step..
  1 of 2: Creating Icarus viewers...
  2 of 2: Creating PDF with all tables and plots...
Done

2021-04-14 15:38:27
RESULTS:
  Text versions of total report are saved to /home/ins/GenomeAnalysis/output/2_quast/SRR4342129_qc/combined_reference/report.txt, report.tsv, and report.tex
  Text versions of transposed total report are saved to /home/ins/GenomeAnalysis/output/2_quast/SRR4342129_qc/combined_reference/transposed_report.txt, transposed_report.tsv, and transposed_report.tex
  HTML version (interactive tables and plots) saved to /home/ins/GenomeAnalysis/output/2_quast/SRR4342129_qc/combined_reference/report.html
  PDF version (tables and plots) is saved to /home/ins/GenomeAnalysis/output/2_quast/SRR4342129_qc/combined_reference/report.pdf
  Icarus (contig browser) is saved to /home/ins/GenomeAnalysis/output/2_quast/SRR4342129_qc/combined_reference/icarus.html

Excluding downloaded references with low genome fraction from further analysis..
All downloaded references have low genome fraction. Nothing was excluded for now.

Partitioning contigs into bins aligned to each reference..
  processing final.contigs

Run QUAST on different references in parallel..

Starting quast.py for the contigs aligned to Alcanivorax_jadensis_T9... (logging to /home/ins/GenomeAnalysis/output/2_quast/SRR4342129_qc/runs_per_reference/Alcanivorax_jadensis_T9/quast.log)

No contigs were aligned to the reference Dehalogenimonas_lykanthroporepellens_BL-DC-9, skipping..

Starting quast.py for the contigs aligned to Flavobacterium_sp._SCGC_AAA160-P02... (logging to /home/ins/GenomeAnalysis/output/2_quast/SRR4342129_qc/runs_per_reference/Flavobacterium_sp._SCGC_AAA160-P02/quast.log)

Starting quast.py for the contigs aligned to Formosa_algae... (logging to /home/ins/GenomeAnalysis/output/2_quast/SRR4342129_qc/runs_per_reference/Formosa_algae/quast.log)

Starting quast.py for the contigs aligned to Ilumatobacter_fluminis... (logging to /home/ins/GenomeAnalysis/output/2_quast/SRR4342129_qc/runs_per_reference/Ilumatobacter_fluminis/quast.log)

Starting quast.py for the contigs aligned to Janibacter_sp._HTCC2649... (logging to /home/ins/GenomeAnalysis/output/2_quast/SRR4342129_qc/runs_per_reference/Janibacter_sp._HTCC2649/quast.log)

Starting quast.py for the contigs aligned to Lautropia_mirabilis_ATCC_51599... (logging to /home/ins/GenomeAnalysis/output/2_quast/SRR4342129_qc/runs_per_reference/Lautropia_mirabilis_ATCC_51599/quast.log)

Starting quast.py for the contigs aligned to Legionella_santicrucis... (logging to /home/ins/GenomeAnalysis/output/2_quast/SRR4342129_qc/runs_per_reference/Legionella_santicrucis/quast.log)

Starting quast.py for the contigs aligned to Luminiphilus_syltensis_NOR5-1B... (logging to /home/ins/GenomeAnalysis/output/2_quast/SRR4342129_qc/runs_per_reference/Luminiphilus_syltensis_NOR5-1B/quast.log)

Starting quast.py for the contigs aligned to Marinimicrobium_agarilyticum_DSM_16975... (logging to /home/ins/GenomeAnalysis/output/2_quast/SRR4342129_qc/runs_per_reference/Marinimicrobium_agarilyticum_DSM_16975/quast.log)

No contigs were aligned to the reference Melissococcus_plutonius_DAT561, skipping..

No contigs were aligned to the reference Methanococcoides_methylutens, skipping..

Starting quast.py for the contigs aligned to Microbulbifer_yueqingensis... (logging to /home/ins/GenomeAnalysis/output/2_quast/SRR4342129_qc/runs_per_reference/Microbulbifer_yueqingensis/quast.log)

Starting quast.py for the contigs aligned to Oceanicola_granulosus_HTCC2516... (logging to /home/ins/GenomeAnalysis/output/2_quast/SRR4342129_qc/runs_per_reference/Oceanicola_granulosus_HTCC2516/quast.log)

Starting quast.py for the contigs aligned to Planctomyces_brasiliensis_DSM_5305... (logging to /home/ins/GenomeAnalysis/output/2_quast/SRR4342129_qc/runs_per_reference/Planctomyces_brasiliensis_DSM_5305/quast.log)

Starting quast.py for the contigs aligned to Planctomyces_maris_DSM_8797... (logging to /home/ins/GenomeAnalysis/output/2_quast/SRR4342129_qc/runs_per_reference/Planctomyces_maris_DSM_8797/quast.log)

Starting quast.py for the contigs aligned to Rhodobacteraceae_bacterium_KLH11... (logging to /home/ins/GenomeAnalysis/output/2_quast/SRR4342129_qc/runs_per_reference/Rhodobacteraceae_bacterium_KLH11/quast.log)

Starting quast.py for the contigs aligned to Ruegeria_pomeroyi... (logging to /home/ins/GenomeAnalysis/output/2_quast/SRR4342129_qc/runs_per_reference/Ruegeria_pomeroyi/quast.log)

Starting quast.py for the contigs aligned to Serratia_symbiotica... (logging to /home/ins/GenomeAnalysis/output/2_quast/SRR4342129_qc/runs_per_reference/Serratia_symbiotica/quast.log)

No contigs were aligned to the reference Sporosarcina_sp._EUR3_2.2.2, skipping..

Starting quast.py for the contigs aligned to Synechococcus_sp._WH_7803... (logging to /home/ins/GenomeAnalysis/output/2_quast/SRR4342129_qc/runs_per_reference/Synechococcus_sp._WH_7803/quast.log)

Starting quast.py for the contigs aligned to Syntrophus_aciditrophicus... (logging to /home/ins/GenomeAnalysis/output/2_quast/SRR4342129_qc/runs_per_reference/Syntrophus_aciditrophicus/quast.log)

Starting quast.py for the contigs aligned to Thalassolituus_oleivorans_R6-15... (logging to /home/ins/GenomeAnalysis/output/2_quast/SRR4342129_qc/runs_per_reference/Thalassolituus_oleivorans_R6-15/quast.log)

Starting quast.py for the contigs aligned to Thalassospira_xiamenensis_M-5___DSM_17429... (logging to /home/ins/GenomeAnalysis/output/2_quast/SRR4342129_qc/runs_per_reference/Thalassospira_xiamenensis_M-5___DSM_17429/quast.log)

No contigs were aligned to the reference Thermoplasmatales_archaeon_A-plasma, skipping..

Starting quast.py for the contigs aligned to gamma_proteobacterium_SCGC_AB-629-P17... (logging to /home/ins/GenomeAnalysis/output/2_quast/SRR4342129_qc/runs_per_reference/gamma_proteobacterium_SCGC_AB-629-P17/quast.log)

Starting quast.py for the contigs aligned to marine_gamma_proteobacterium_HTCC2080... (logging to /home/ins/GenomeAnalysis/output/2_quast/SRR4342129_qc/runs_per_reference/marine_gamma_proteobacterium_HTCC2080/quast.log)

Starting quast.py for the contigs not aligned anywhere... (logging to /home/ins/GenomeAnalysis/output/2_quast/SRR4342129_qc/not_aligned/quast.log)
/sw/bioinfo/quast/4.5.4/rackham/bin/quast.py --colors #E31A1C --ls solid --no-check-meta --contig-thresholds 1000,5000,10000,25000,50000 /home/ins/GenomeAnalysis/output/2_quast/SRR4342129_qc/quast_corrected_input/final-contigs_not_aligned_anywhere.fasta -o /home/ins/GenomeAnalysis/output/2_quast/SRR4342129_qc/not_aligned --labels final.contigs

Started: 2021-04-14 15:41:17

Logging to /home/ins/GenomeAnalysis/output/2_quast/SRR4342129_qc/not_aligned/quast.log
NOTICE: Maximum number of threads is set to 4 (use --threads option to set it manually)

CWD: /domus/h1/ins/GenomeAnalysis/code
Main parameters: 
  Threads: 4, minimum contig length: 500, ambiguity: one, threshold for extensive misassembly size: 1000

Contigs:
  Pre-processing...
  /home/ins/GenomeAnalysis/output/2_quast/SRR4342129_qc/quast_corrected_input/final-contigs_not_aligned_anywhere.fasta ==> final.contigs

2021-04-14 15:41:21
Running Basic statistics processor...
  Contig files: 
    final.contigs
  Calculating N50 and L50...
    final.contigs, N50 = 1386, L50 = 40291, Total length = 249342516, GC % = 47.54, # N's per 100 kbp =  0.00
  Drawing Nx plot...
    saved to /home/ins/GenomeAnalysis/output/2_quast/SRR4342129_qc/not_aligned/basic_stats/Nx_plot.pdf
  Drawing cumulative plot...
    saved to /home/ins/GenomeAnalysis/output/2_quast/SRR4342129_qc/not_aligned/basic_stats/cumulative_plot.pdf
  Drawing GC content plot...
    saved to /home/ins/GenomeAnalysis/output/2_quast/SRR4342129_qc/not_aligned/basic_stats/GC_content_plot.pdf
  Drawing final.contigs GC content plot...
    saved to /home/ins/GenomeAnalysis/output/2_quast/SRR4342129_qc/not_aligned/basic_stats/final.contigs_GC_content_plot.pdf
Done.

NOTICE: Genes are not predicted by default. Use --gene-finding option to enable it.

2021-04-14 15:41:43
Creating large visual summaries...
This may take a while: press Ctrl-C to skip this step..
  1 of 2: Creating Icarus viewers...
  2 of 2: Creating PDF with all tables and plots...
Done

2021-04-14 15:41:52
RESULTS:
  Text versions of total report are saved to /home/ins/GenomeAnalysis/output/2_quast/SRR4342129_qc/not_aligned/report.txt, report.tsv, and report.tex
  Text versions of transposed total report are saved to /home/ins/GenomeAnalysis/output/2_quast/SRR4342129_qc/not_aligned/transposed_report.txt, transposed_report.tsv, and transposed_report.tex
  HTML version (interactive tables and plots) saved to /home/ins/GenomeAnalysis/output/2_quast/SRR4342129_qc/not_aligned/report.html
  PDF version (tables and plots) is saved to /home/ins/GenomeAnalysis/output/2_quast/SRR4342129_qc/not_aligned/report.pdf
  Icarus (contig browser) is saved to /home/ins/GenomeAnalysis/output/2_quast/SRR4342129_qc/not_aligned/icarus.html

2021-04-14 15:41:52
Summarizing results...
  Drawing # contigs metaQUAST summary plot...
    saved to /home/ins/GenomeAnalysis/output/2_quast/SRR4342129_qc/summary/PDF/#_contigs.pdf
  Drawing Largest contig metaQUAST summary plot...
    saved to /home/ins/GenomeAnalysis/output/2_quast/SRR4342129_qc/summary/PDF/Largest_contig.pdf
  Drawing Total length metaQUAST summary plot...
    saved to /home/ins/GenomeAnalysis/output/2_quast/SRR4342129_qc/summary/PDF/Total_length.pdf
  Drawing Largest alignment metaQUAST summary plot...
    saved to /home/ins/GenomeAnalysis/output/2_quast/SRR4342129_qc/summary/PDF/Largest_alignment.pdf
  Drawing Total aligned length metaQUAST summary plot...
    saved to /home/ins/GenomeAnalysis/output/2_quast/SRR4342129_qc/summary/PDF/Total_aligned_length.pdf
  Drawing Total length (>= 1000 bp) metaQUAST summary plot...
    saved to /home/ins/GenomeAnalysis/output/2_quast/SRR4342129_qc/summary/PDF/Total_length_(>=_1000_bp).pdf
  Drawing Total length (>= 10000 bp) metaQUAST summary plot...
    saved to /home/ins/GenomeAnalysis/output/2_quast/SRR4342129_qc/summary/PDF/Total_length_(>=_10000_bp).pdf
  Drawing Total length (>= 50000 bp) metaQUAST summary plot...
    saved to /home/ins/GenomeAnalysis/output/2_quast/SRR4342129_qc/summary/PDF/Total_length_(>=_50000_bp).pdf
  Drawing # misassemblies metaQUAST summary plot...
    saved to /home/ins/GenomeAnalysis/output/2_quast/SRR4342129_qc/summary/PDF/#_misassemblies.pdf
  Drawing metaQUAST summary misassemblies plot for final.contigs...
    saved to /home/ins/GenomeAnalysis/output/2_quast/SRR4342129_qc/summary/PDF/final-contigs_misassemblies.pdf
  Drawing Misassembled contigs length metaQUAST summary plot...
    saved to /home/ins/GenomeAnalysis/output/2_quast/SRR4342129_qc/summary/PDF/Misassembled_contigs_length.pdf
  Drawing # mismatches per 100 kbp metaQUAST summary plot...
    saved to /home/ins/GenomeAnalysis/output/2_quast/SRR4342129_qc/summary/PDF/#_mismatches_per_100_kbp.pdf
  Drawing # indels per 100 kbp metaQUAST summary plot...
    saved to /home/ins/GenomeAnalysis/output/2_quast/SRR4342129_qc/summary/PDF/#_indels_per_100_kbp.pdf
  Drawing # N's per 100 kbp metaQUAST summary plot...
    saved to /home/ins/GenomeAnalysis/output/2_quast/SRR4342129_qc/summary/PDF/#_N's_per_100_kbp.pdf
  Drawing Genome fraction (%) metaQUAST summary plot...
    saved to /home/ins/GenomeAnalysis/output/2_quast/SRR4342129_qc/summary/PDF/Genome_fraction_(%).pdf
  Drawing Duplication ratio metaQUAST summary plot...
    saved to /home/ins/GenomeAnalysis/output/2_quast/SRR4342129_qc/summary/PDF/Duplication_ratio.pdf
  Drawing Avg contig read support metaQUAST summary plot...
    saved to /home/ins/GenomeAnalysis/output/2_quast/SRR4342129_qc/summary/PDF/Avg_contig_read_support.pdf
  Drawing # genes metaQUAST summary plot...
    saved to /home/ins/GenomeAnalysis/output/2_quast/SRR4342129_qc/summary/PDF/#_genes.pdf
  Drawing # operons metaQUAST summary plot...
    saved to /home/ins/GenomeAnalysis/output/2_quast/SRR4342129_qc/summary/PDF/#_operons.pdf
  Drawing NGA50 metaQUAST summary plot...
    saved to /home/ins/GenomeAnalysis/output/2_quast/SRR4342129_qc/summary/PDF/NGA50.pdf
  Drawing LGA50 metaQUAST summary plot...
    saved to /home/ins/GenomeAnalysis/output/2_quast/SRR4342129_qc/summary/PDF/LGA50.pdf
  Drawing # predicted genes (unique) metaQUAST summary plot...
    saved to /home/ins/GenomeAnalysis/output/2_quast/SRR4342129_qc/summary/PDF/#_predicted_genes_(unique).pdf

  Text versions of reports and plots for each metric (for all references and assemblies) are saved to /home/ins/GenomeAnalysis/output/2_quast/SRR4342129_qc/summary/
  Icarus (contig browser) is saved to /home/ins/GenomeAnalysis/output/2_quast/SRR4342129_qc/icarus.html
  Drawing interactive Krona plots...
  Krona chart for final.contigs is saved to /home/ins/GenomeAnalysis/output/2_quast/SRR4342129_qc/krona_charts/final.contigs_taxonomy_chart.html
  Extended version of HTML-report (for all references and assemblies) is saved to /home/ins/GenomeAnalysis/output/2_quast/SRR4342129_qc/report.html

MetaQUAST finished.
  Log saved to /home/ins/GenomeAnalysis/output/2_quast/SRR4342129_qc/metaquast.log

Finished: 2021-04-14 15:42:05
Elapsed time: 0:37:51.848605
Total NOTICEs: 28; WARNINGs: 1; non-fatal ERRORs: 0

Thank you for using QUAST!
/sw/bioinfo/quast/4.5.4/rackham/bin/metaquast.py /home/ins/GenomeAnalysis/output/2_megahit/SRR4342133_assembly/final.contigs.fa -o /home/ins/GenomeAnalysis/output/2_quast/SRR4342133_qc

Version: 4.5.4

System information:
  OS: Linux-3.10.0-1160.21.1.el7.x86_64-x86_64-with-centos-7.9.2009-Core (linux_64)
  Python version: 2.7.6
  CPUs number: 16

Started: 2021-04-14 15:42:06

Logging to /home/ins/GenomeAnalysis/output/2_quast/SRR4342133_qc/metaquast.log
NOTICE: Maximum number of threads is set to 4 (use --threads option to set it manually)

Contigs:
  Pre-processing...
  /home/ins/GenomeAnalysis/output/2_megahit/SRR4342133_assembly/final.contigs.fa ==> final.contigs

No references are provided, starting to search for reference genomes in SILVA 16S rRNA database and to download them from NCBI...

2021-04-14 15:42:09


Running BlastN..
  processing final.contigs
  BLAST results for final.contigs are saved to /home/ins/GenomeAnalysis/output/2_quast/SRR4342133_qc/quast_downloaded_references/blast.res_final-contigs...


2021-04-14 15:52:25
Trying to download found references from NCBI. Totally 42 organisms to try.
marine metagenome has too fragmented reference genome! It will not be downloaded.
  marine_metagenome                            | not found in the NCBI database
  bacterium_Ellin5025                          | not found in the NCBI database
  unidentified_marine_bacterioplankton         | not found in the NCBI database
  Owenweeksia_hongkongensis_DSM_17368          | successfully downloaded (total 1, 38 more to go)
  Luminiphilus_syltensis_NOR5-1B               | successfully downloaded (total 2, 37 more to go)
  Acidithiomicrobium_sp._P1                    | not found in the NCBI database
  Marivirga_tractuosa                          | successfully downloaded (total 3, 35 more to go)
  Aquimarina_sp._22II-S11-z7                   | successfully downloaded (total 4, 34 more to go)
  Synechococcus_sp._MH305                      | not found in the NCBI database
  bacterium_WH3-1                              | not found in the NCBI database
  bacterium_enrichment_culture_clone_136(2011) | not found in the NCBI database
  Syntrophus_aciditrophicus                    | successfully downloaded (total 5, 30 more to go)
  bacterium_enrichment_culture_clone_41(2013)  | not found in the NCBI database
  Formosa_algae                                | successfully downloaded (total 6, 28 more to go)
  Psychrobacter_sp._PRwf-1                     | successfully downloaded (total 7, 27 more to go)
  Sulfitobacter_sp._NAS-14.1                   | successfully downloaded (total 8, 26 more to go)
  Ilumatobacter_coccineus_YM16-304             | successfully downloaded (total 9, 25 more to go)
  Acidithiobacillus_sp._lsh-01                 | not found in the NCBI database
  Coxiella_cheraxi                             | not found in the NCBI database
  gamma_proteobacterium_BW-2                   | successfully downloaded (total 10, 22 more to go)
  Parcubacteria_bacterium_SCGC_AAA011-N16      | successfully downloaded (total 11, 21 more to go)
  Magnetococcus_marinus                        | successfully downloaded (total 12, 20 more to go)
  Shewanella_amazonensis_SB2B                  | successfully downloaded (total 13, 19 more to go)
  Nitrospina_gracilis_3                        | not found in the NCBI database
  bacterium_enrichment_culture_clone_136(2011) | not found in the NCBI database
  bacterium_endosymbiont_of_Osedax_mucofloris  | not found in the NCBI database
  Nitrospina_sp._SCGC_AAA288-L16               | successfully downloaded (total 14, 15 more to go)
  Flavobacteriales_bacterium_ALC-1             | successfully downloaded (total 15, 14 more to go)
  Ilumatobacter_fluminis                       | successfully downloaded (total 16, 13 more to go)
  Puniceicoccus_vermicola                      | successfully downloaded (total 17, 12 more to go)
  Alcanivorax_jadensis_T9                      | successfully downloaded (total 18, 11 more to go)
  Pseudomonas_rhizosphaerae                    | successfully downloaded (total 19, 10 more to go)
  Kitasatospora_mediocidica_KCTC_9733          | successfully downloaded (total 20, 9 more to go)
  Bacteriovorax_sp._NZ7                        | not found in the NCBI database
  Geobacter_pickeringii                        | successfully downloaded (total 21, 7 more to go)
  alpha_proteobacterium_NH6-42                 | not found in the NCBI database
  Solibacillus_silvestris_StLB046              | successfully downloaded (total 22, 5 more to go)
  bacterium_WH5-6                              | not found in the NCBI database
  Geopsychrobacter_electrodiphilus_DSM_16401   | successfully downloaded (total 23, 3 more to go)
  Marinilabilia_sp._L21-Xan-D3                 | not found in the NCBI database
  Idiomarina_indica                            | successfully downloaded (total 24, 1 more to go)
  Sporosarcina_sp._EUR3_2.2.2                  | successfully downloaded (total 25, 0 more to go)

Downloaded reference(s):
  /home/ins/GenomeAnalysis/output/2_quast/SRR4342133_qc/quast_downloaded_references/Alcanivorax_jadensis_T9.fasta ==> Alcanivorax_jadensis_T9
  /home/ins/GenomeAnalysis/output/2_quast/SRR4342133_qc/quast_downloaded_references/Aquimarina_sp._22II-S11-z7.fasta ==> Aquimarina_sp._22II-S11-z7
  /home/ins/GenomeAnalysis/output/2_quast/SRR4342133_qc/quast_downloaded_references/Flavobacteriales_bacterium_ALC-1.fasta ==> Flavobacteriales_bacterium_ALC-1
  /home/ins/GenomeAnalysis/output/2_quast/SRR4342133_qc/quast_downloaded_references/Formosa_algae.fasta ==> Formosa_algae
  /home/ins/GenomeAnalysis/output/2_quast/SRR4342133_qc/quast_downloaded_references/Geobacter_pickeringii.fasta ==> Geobacter_pickeringii
  /home/ins/GenomeAnalysis/output/2_quast/SRR4342133_qc/quast_downloaded_references/Geopsychrobacter_electrodiphilus_DSM_16401.fasta ==> Geopsychrobacter_electrodiphilus_DSM_16401
  /home/ins/GenomeAnalysis/output/2_quast/SRR4342133_qc/quast_downloaded_references/Idiomarina_indica.fasta ==> Idiomarina_indica
  /home/ins/GenomeAnalysis/output/2_quast/SRR4342133_qc/quast_downloaded_references/Ilumatobacter_coccineus_YM16-304.fasta ==> Ilumatobacter_coccineus_YM16-304
  /home/ins/GenomeAnalysis/output/2_quast/SRR4342133_qc/quast_downloaded_references/Ilumatobacter_fluminis.fasta ==> Ilumatobacter_fluminis
  /home/ins/GenomeAnalysis/output/2_quast/SRR4342133_qc/quast_downloaded_references/Kitasatospora_mediocidica_KCTC_9733.fasta ==> Kitasatospora_mediocidica_KCTC_9733
  /home/ins/GenomeAnalysis/output/2_quast/SRR4342133_qc/quast_downloaded_references/Luminiphilus_syltensis_NOR5-1B.fasta ==> Luminiphilus_syltensis_NOR5-1B
  /home/ins/GenomeAnalysis/output/2_quast/SRR4342133_qc/quast_downloaded_references/Magnetococcus_marinus.fasta ==> Magnetococcus_marinus
  /home/ins/GenomeAnalysis/output/2_quast/SRR4342133_qc/quast_downloaded_references/Marivirga_tractuosa.fasta ==> Marivirga_tractuosa
  /home/ins/GenomeAnalysis/output/2_quast/SRR4342133_qc/quast_downloaded_references/Nitrospina_sp._SCGC_AAA288-L16.fasta ==> Nitrospina_sp._SCGC_AAA288-L16
  /home/ins/GenomeAnalysis/output/2_quast/SRR4342133_qc/quast_downloaded_references/Owenweeksia_hongkongensis_DSM_17368.fasta ==> Owenweeksia_hongkongensis_DSM_17368
  /home/ins/GenomeAnalysis/output/2_quast/SRR4342133_qc/quast_downloaded_references/Parcubacteria_bacterium_SCGC_AAA011-N16.fasta ==> Parcubacteria_bacterium_SCGC_AAA011-N16
  /home/ins/GenomeAnalysis/output/2_quast/SRR4342133_qc/quast_downloaded_references/Pseudomonas_rhizosphaerae.fasta ==> Pseudomonas_rhizosphaerae
  /home/ins/GenomeAnalysis/output/2_quast/SRR4342133_qc/quast_downloaded_references/Psychrobacter_sp._PRwf-1.fasta ==> Psychrobacter_sp._PRwf-1
  /home/ins/GenomeAnalysis/output/2_quast/SRR4342133_qc/quast_downloaded_references/Puniceicoccus_vermicola.fasta ==> Puniceicoccus_vermicola
  /home/ins/GenomeAnalysis/output/2_quast/SRR4342133_qc/quast_downloaded_references/Shewanella_amazonensis_SB2B.fasta ==> Shewanella_amazonensis_SB2B
  /home/ins/GenomeAnalysis/output/2_quast/SRR4342133_qc/quast_downloaded_references/Solibacillus_silvestris_StLB046.fasta ==> Solibacillus_silvestris_StLB046
  /home/ins/GenomeAnalysis/output/2_quast/SRR4342133_qc/quast_downloaded_references/Sporosarcina_sp._EUR3_2.2.2.fasta ==> Sporosarcina_sp._EUR3_2.2.2
  /home/ins/GenomeAnalysis/output/2_quast/SRR4342133_qc/quast_downloaded_references/Sulfitobacter_sp._NAS-14.1.fasta ==> Sulfitobacter_sp._NAS-14.1
  /home/ins/GenomeAnalysis/output/2_quast/SRR4342133_qc/quast_downloaded_references/Syntrophus_aciditrophicus.fasta ==> Syntrophus_aciditrophicus
  /home/ins/GenomeAnalysis/output/2_quast/SRR4342133_qc/quast_downloaded_references/gamma_proteobacterium_BW-2.fasta ==> gamma_proteobacterium_BW-2
  All references were combined in combined_reference.fasta

Starting quast.py for the combined reference...
/sw/bioinfo/quast/4.5.4/rackham/bin/quast.py --combined-ref --colors #E31A1C --ls solid --ambiguity-usage all /home/ins/GenomeAnalysis/output/2_megahit/SRR4342133_assembly/final.contigs.fa -R /home/ins/GenomeAnalysis/output/2_quast/SRR4342133_qc/quast_corrected_input/combined_reference.fasta -o /home/ins/GenomeAnalysis/output/2_quast/SRR4342133_qc/combined_reference --labels final.contigs

Started: 2021-04-14 16:12:57

Logging to /home/ins/GenomeAnalysis/output/2_quast/SRR4342133_qc/combined_reference/quast.log
NOTICE: Maximum number of threads is set to 4 (use --threads option to set it manually)

CWD: /domus/h1/ins/GenomeAnalysis/code
Main parameters: 
  Threads: 4, minimum contig length: 500, ambiguity: all, threshold for extensive misassembly size: 1000

Reference:
  /home/ins/GenomeAnalysis/output/2_quast/SRR4342133_qc/quast_corrected_input/combined_reference.fasta ==> combined_reference

Contigs:
  Pre-processing...
  /home/ins/GenomeAnalysis/output/2_megahit/SRR4342133_assembly/final.contigs.fa ==> final.contigs

2021-04-14 16:13:21
Running Basic statistics processor...
  Reference genome:
    combined_reference.fasta, length = 100726002, num fragments = 509, GC % = 51.74
WARNING:   Reference genome is fragmented. You may consider rerunning QUAST using --fragmented option. QUAST will try to detect misassemblies caused by the fragmentation and mark them fake (will be excluded from # misassemblies).
  Contig files: 
    final.contigs
  Calculating N50 and L50...
    final.contigs, N50 = 1501, L50 = 30336, Total length = 236413144, GC % = 48.84, # N's per 100 kbp =  0.00
  Drawing Nx plot...
    saved to /home/ins/GenomeAnalysis/output/2_quast/SRR4342133_qc/combined_reference/basic_stats/Nx_plot.pdf
  Drawing cumulative plot...
    saved to /home/ins/GenomeAnalysis/output/2_quast/SRR4342133_qc/combined_reference/basic_stats/cumulative_plot.pdf
  Drawing GC content plot...
    saved to /home/ins/GenomeAnalysis/output/2_quast/SRR4342133_qc/combined_reference/basic_stats/GC_content_plot.pdf
  Drawing final.contigs GC content plot...
    saved to /home/ins/GenomeAnalysis/output/2_quast/SRR4342133_qc/combined_reference/basic_stats/final.contigs_GC_content_plot.pdf
Done.

2021-04-14 16:13:51
Running Contig analyzer...
  final.contigs
  Logging to files /home/ins/GenomeAnalysis/output/2_quast/SRR4342133_qc/combined_reference/contigs_reports/contigs_report_final-contigs.stdout and contigs_report_final-contigs.stderr...
  Aligning contigs to the reference
  MUMmer plot saved to /home/ins/GenomeAnalysis/output/2_quast/SRR4342133_qc/combined_reference/contigs_reports/nucmer_output/final-contigs_mummerplot.html
  Analysis is finished.
  Gzipping /home/ins/GenomeAnalysis/output/2_quast/SRR4342133_qc/combined_reference/contigs_reports/nucmer_output/raw/final-contigs.all_snps to reduce disk space usage...
    saved to /home/ins/GenomeAnalysis/output/2_quast/SRR4342133_qc/combined_reference/contigs_reports/nucmer_output/raw/final-contigs.all_snps.gz
  Information about interspecies translocations by references for final-contigs is saved to /home/ins/GenomeAnalysis/output/2_quast/SRR4342133_qc/combined_reference/contigs_reports/interspecies_translocations_by_refs_final-contigs.info
  Drawing Intergenomic misassemblies (found and supposed) metaQUAST summary plot...
    saved to /home/ins/GenomeAnalysis/output/2_quast/SRR4342133_qc/combined_reference/contigs_reports/intergenomic_misassemblies.pdf
  Creating total report...
    saved to /home/ins/GenomeAnalysis/output/2_quast/SRR4342133_qc/combined_reference/contigs_reports/misassemblies_report.txt, misassemblies_report.tsv, and misassemblies_report.tex
  Transposed version of total report...
    saved to /home/ins/GenomeAnalysis/output/2_quast/SRR4342133_qc/combined_reference/contigs_reports/transposed_report_misassemblies.txt, transposed_report_misassemblies.tsv, and transposed_report_misassemblies.tex
  Creating total report...
    saved to /home/ins/GenomeAnalysis/output/2_quast/SRR4342133_qc/combined_reference/contigs_reports/unaligned_report.txt, unaligned_report.tsv, and unaligned_report.tex
  Drawing misassemblies by types plot...
    saved to /home/ins/GenomeAnalysis/output/2_quast/SRR4342133_qc/combined_reference/contigs_reports/misassemblies_plot.pdf
  Drawing misassemblies FRCurve plot...
    saved to /home/ins/GenomeAnalysis/output/2_quast/SRR4342133_qc/combined_reference/contigs_reports/misassemblies_frcurve_plot.pdf
Done.

2021-04-14 16:15:43
Running NA-NGA calculation...
  final.contigs, Largest alignment = 869, NA50 = None, LA50 = None
  Drawing cumulative plot...
    saved to /home/ins/GenomeAnalysis/output/2_quast/SRR4342133_qc/combined_reference/aligned_stats/cumulative_plot.pdf
  Drawing NAx plot...
    saved to /home/ins/GenomeAnalysis/output/2_quast/SRR4342133_qc/combined_reference/aligned_stats/NAx_plot.pdf
Done.

2021-04-14 16:15:52
Running Genome analyzer...
  NOTICE: No file with genes provided. Use the -G option if you want to specify it.
  NOTICE: No file with operons provided. Use the -O option if you want to specify it.
  final.contigs
  Analysis is finished.
  Skipping drawing Genome fraction, % histogram... (less than 2 columns histogram makes no sense)
Done.

NOTICE: Genes are not predicted by default. Use --gene-finding option to enable it.

2021-04-14 16:16:20
Creating large visual summaries...
This may take a while: press Ctrl-C to skip this step..
  1 of 2: Creating Icarus viewers...
  2 of 2: Creating PDF with all tables and plots...
Done

2021-04-14 16:16:30
RESULTS:
  Text versions of total report are saved to /home/ins/GenomeAnalysis/output/2_quast/SRR4342133_qc/combined_reference/report.txt, report.tsv, and report.tex
  Text versions of transposed total report are saved to /home/ins/GenomeAnalysis/output/2_quast/SRR4342133_qc/combined_reference/transposed_report.txt, transposed_report.tsv, and transposed_report.tex
  HTML version (interactive tables and plots) saved to /home/ins/GenomeAnalysis/output/2_quast/SRR4342133_qc/combined_reference/report.html
  PDF version (tables and plots) is saved to /home/ins/GenomeAnalysis/output/2_quast/SRR4342133_qc/combined_reference/report.pdf
  Icarus (contig browser) is saved to /home/ins/GenomeAnalysis/output/2_quast/SRR4342133_qc/combined_reference/icarus.html

Excluding downloaded references with low genome fraction from further analysis..
All downloaded references have low genome fraction. Nothing was excluded for now.

Partitioning contigs into bins aligned to each reference..
  processing final.contigs

Run QUAST on different references in parallel..

Starting quast.py for the contigs aligned to Alcanivorax_jadensis_T9... (logging to /home/ins/GenomeAnalysis/output/2_quast/SRR4342133_qc/runs_per_reference/Alcanivorax_jadensis_T9/quast.log)

Starting quast.py for the contigs aligned to Aquimarina_sp._22II-S11-z7... (logging to /home/ins/GenomeAnalysis/output/2_quast/SRR4342133_qc/runs_per_reference/Aquimarina_sp._22II-S11-z7/quast.log)

Starting quast.py for the contigs aligned to Flavobacteriales_bacterium_ALC-1... (logging to /home/ins/GenomeAnalysis/output/2_quast/SRR4342133_qc/runs_per_reference/Flavobacteriales_bacterium_ALC-1/quast.log)

Starting quast.py for the contigs aligned to Formosa_algae... (logging to /home/ins/GenomeAnalysis/output/2_quast/SRR4342133_qc/runs_per_reference/Formosa_algae/quast.log)

Starting quast.py for the contigs aligned to Geobacter_pickeringii... (logging to /home/ins/GenomeAnalysis/output/2_quast/SRR4342133_qc/runs_per_reference/Geobacter_pickeringii/quast.log)

No contigs were aligned to the reference Geopsychrobacter_electrodiphilus_DSM_16401, skipping..

Starting quast.py for the contigs aligned to Idiomarina_indica... (logging to /home/ins/GenomeAnalysis/output/2_quast/SRR4342133_qc/runs_per_reference/Idiomarina_indica/quast.log)

Starting quast.py for the contigs aligned to Ilumatobacter_coccineus_YM16-304... (logging to /home/ins/GenomeAnalysis/output/2_quast/SRR4342133_qc/runs_per_reference/Ilumatobacter_coccineus_YM16-304/quast.log)

Starting quast.py for the contigs aligned to Ilumatobacter_fluminis... (logging to /home/ins/GenomeAnalysis/output/2_quast/SRR4342133_qc/runs_per_reference/Ilumatobacter_fluminis/quast.log)

Starting quast.py for the contigs aligned to Kitasatospora_mediocidica_KCTC_9733... (logging to /home/ins/GenomeAnalysis/output/2_quast/SRR4342133_qc/runs_per_reference/Kitasatospora_mediocidica_KCTC_9733/quast.log)

Starting quast.py for the contigs aligned to Luminiphilus_syltensis_NOR5-1B... (logging to /home/ins/GenomeAnalysis/output/2_quast/SRR4342133_qc/runs_per_reference/Luminiphilus_syltensis_NOR5-1B/quast.log)

Starting quast.py for the contigs aligned to Magnetococcus_marinus... (logging to /home/ins/GenomeAnalysis/output/2_quast/SRR4342133_qc/runs_per_reference/Magnetococcus_marinus/quast.log)

Starting quast.py for the contigs aligned to Marivirga_tractuosa... (logging to /home/ins/GenomeAnalysis/output/2_quast/SRR4342133_qc/runs_per_reference/Marivirga_tractuosa/quast.log)

Starting quast.py for the contigs aligned to Nitrospina_sp._SCGC_AAA288-L16... (logging to /home/ins/GenomeAnalysis/output/2_quast/SRR4342133_qc/runs_per_reference/Nitrospina_sp._SCGC_AAA288-L16/quast.log)

Starting quast.py for the contigs aligned to Owenweeksia_hongkongensis_DSM_17368... (logging to /home/ins/GenomeAnalysis/output/2_quast/SRR4342133_qc/runs_per_reference/Owenweeksia_hongkongensis_DSM_17368/quast.log)

No contigs were aligned to the reference Parcubacteria_bacterium_SCGC_AAA011-N16, skipping..

No contigs were aligned to the reference Pseudomonas_rhizosphaerae, skipping..

Starting quast.py for the contigs aligned to Psychrobacter_sp._PRwf-1... (logging to /home/ins/GenomeAnalysis/output/2_quast/SRR4342133_qc/runs_per_reference/Psychrobacter_sp._PRwf-1/quast.log)

No contigs were aligned to the reference Puniceicoccus_vermicola, skipping..

Starting quast.py for the contigs aligned to Shewanella_amazonensis_SB2B... (logging to /home/ins/GenomeAnalysis/output/2_quast/SRR4342133_qc/runs_per_reference/Shewanella_amazonensis_SB2B/quast.log)

No contigs were aligned to the reference Solibacillus_silvestris_StLB046, skipping..

No contigs were aligned to the reference Sporosarcina_sp._EUR3_2.2.2, skipping..

Starting quast.py for the contigs aligned to Sulfitobacter_sp._NAS-14.1... (logging to /home/ins/GenomeAnalysis/output/2_quast/SRR4342133_qc/runs_per_reference/Sulfitobacter_sp._NAS-14.1/quast.log)

Starting quast.py for the contigs aligned to Syntrophus_aciditrophicus... (logging to /home/ins/GenomeAnalysis/output/2_quast/SRR4342133_qc/runs_per_reference/Syntrophus_aciditrophicus/quast.log)

Starting quast.py for the contigs aligned to gamma_proteobacterium_BW-2... (logging to /home/ins/GenomeAnalysis/output/2_quast/SRR4342133_qc/runs_per_reference/gamma_proteobacterium_BW-2/quast.log)

Starting quast.py for the contigs not aligned anywhere... (logging to /home/ins/GenomeAnalysis/output/2_quast/SRR4342133_qc/not_aligned/quast.log)
/sw/bioinfo/quast/4.5.4/rackham/bin/quast.py --colors #E31A1C --ls solid --no-check-meta --contig-thresholds 1000,5000,10000,25000,50000 /home/ins/GenomeAnalysis/output/2_quast/SRR4342133_qc/quast_corrected_input/final-contigs_not_aligned_anywhere.fasta -o /home/ins/GenomeAnalysis/output/2_quast/SRR4342133_qc/not_aligned --labels final.contigs

Started: 2021-04-14 16:18:26

Logging to /home/ins/GenomeAnalysis/output/2_quast/SRR4342133_qc/not_aligned/quast.log
NOTICE: Maximum number of threads is set to 4 (use --threads option to set it manually)

CWD: /domus/h1/ins/GenomeAnalysis/code
Main parameters: 
  Threads: 4, minimum contig length: 500, ambiguity: one, threshold for extensive misassembly size: 1000

Contigs:
  Pre-processing...
  /home/ins/GenomeAnalysis/output/2_quast/SRR4342133_qc/quast_corrected_input/final-contigs_not_aligned_anywhere.fasta ==> final.contigs

2021-04-14 16:18:31
Running Basic statistics processor...
  Contig files: 
    final.contigs
  Calculating N50 and L50...
    final.contigs, N50 = 1491, L50 = 30562, Total length = 235384305, GC % = 48.80, # N's per 100 kbp =  0.00
  Drawing Nx plot...
    saved to /home/ins/GenomeAnalysis/output/2_quast/SRR4342133_qc/not_aligned/basic_stats/Nx_plot.pdf
  Drawing cumulative plot...
    saved to /home/ins/GenomeAnalysis/output/2_quast/SRR4342133_qc/not_aligned/basic_stats/cumulative_plot.pdf
  Drawing GC content plot...
    saved to /home/ins/GenomeAnalysis/output/2_quast/SRR4342133_qc/not_aligned/basic_stats/GC_content_plot.pdf
  Drawing final.contigs GC content plot...
    saved to /home/ins/GenomeAnalysis/output/2_quast/SRR4342133_qc/not_aligned/basic_stats/final.contigs_GC_content_plot.pdf
Done.

NOTICE: Genes are not predicted by default. Use --gene-finding option to enable it.

2021-04-14 16:18:51
Creating large visual summaries...
This may take a while: press Ctrl-C to skip this step..
  1 of 2: Creating Icarus viewers...
  2 of 2: Creating PDF with all tables and plots...
Done

2021-04-14 16:18:59
RESULTS:
  Text versions of total report are saved to /home/ins/GenomeAnalysis/output/2_quast/SRR4342133_qc/not_aligned/report.txt, report.tsv, and report.tex
  Text versions of transposed total report are saved to /home/ins/GenomeAnalysis/output/2_quast/SRR4342133_qc/not_aligned/transposed_report.txt, transposed_report.tsv, and transposed_report.tex
  HTML version (interactive tables and plots) saved to /home/ins/GenomeAnalysis/output/2_quast/SRR4342133_qc/not_aligned/report.html
  PDF version (tables and plots) is saved to /home/ins/GenomeAnalysis/output/2_quast/SRR4342133_qc/not_aligned/report.pdf
  Icarus (contig browser) is saved to /home/ins/GenomeAnalysis/output/2_quast/SRR4342133_qc/not_aligned/icarus.html

2021-04-14 16:18:59
Summarizing results...
  Drawing # contigs metaQUAST summary plot...
    saved to /home/ins/GenomeAnalysis/output/2_quast/SRR4342133_qc/summary/PDF/#_contigs.pdf
  Drawing Largest contig metaQUAST summary plot...
    saved to /home/ins/GenomeAnalysis/output/2_quast/SRR4342133_qc/summary/PDF/Largest_contig.pdf
  Drawing Total length metaQUAST summary plot...
    saved to /home/ins/GenomeAnalysis/output/2_quast/SRR4342133_qc/summary/PDF/Total_length.pdf
  Drawing Largest alignment metaQUAST summary plot...
    saved to /home/ins/GenomeAnalysis/output/2_quast/SRR4342133_qc/summary/PDF/Largest_alignment.pdf
  Drawing Total aligned length metaQUAST summary plot...
    saved to /home/ins/GenomeAnalysis/output/2_quast/SRR4342133_qc/summary/PDF/Total_aligned_length.pdf
  Drawing Total length (>= 1000 bp) metaQUAST summary plot...
    saved to /home/ins/GenomeAnalysis/output/2_quast/SRR4342133_qc/summary/PDF/Total_length_(>=_1000_bp).pdf
  Drawing Total length (>= 10000 bp) metaQUAST summary plot...
    saved to /home/ins/GenomeAnalysis/output/2_quast/SRR4342133_qc/summary/PDF/Total_length_(>=_10000_bp).pdf
  Drawing Total length (>= 50000 bp) metaQUAST summary plot...
    saved to /home/ins/GenomeAnalysis/output/2_quast/SRR4342133_qc/summary/PDF/Total_length_(>=_50000_bp).pdf
  Drawing # misassemblies metaQUAST summary plot...
    saved to /home/ins/GenomeAnalysis/output/2_quast/SRR4342133_qc/summary/PDF/#_misassemblies.pdf
  Drawing metaQUAST summary misassemblies plot for final.contigs...
    saved to /home/ins/GenomeAnalysis/output/2_quast/SRR4342133_qc/summary/PDF/final-contigs_misassemblies.pdf
  Drawing Misassembled contigs length metaQUAST summary plot...
    saved to /home/ins/GenomeAnalysis/output/2_quast/SRR4342133_qc/summary/PDF/Misassembled_contigs_length.pdf
  Drawing # mismatches per 100 kbp metaQUAST summary plot...
    saved to /home/ins/GenomeAnalysis/output/2_quast/SRR4342133_qc/summary/PDF/#_mismatches_per_100_kbp.pdf
  Drawing # indels per 100 kbp metaQUAST summary plot...
    saved to /home/ins/GenomeAnalysis/output/2_quast/SRR4342133_qc/summary/PDF/#_indels_per_100_kbp.pdf
  Drawing # N's per 100 kbp metaQUAST summary plot...
    saved to /home/ins/GenomeAnalysis/output/2_quast/SRR4342133_qc/summary/PDF/#_N's_per_100_kbp.pdf
  Drawing Genome fraction (%) metaQUAST summary plot...
    saved to /home/ins/GenomeAnalysis/output/2_quast/SRR4342133_qc/summary/PDF/Genome_fraction_(%).pdf
  Drawing Duplication ratio metaQUAST summary plot...
    saved to /home/ins/GenomeAnalysis/output/2_quast/SRR4342133_qc/summary/PDF/Duplication_ratio.pdf
  Drawing Avg contig read support metaQUAST summary plot...
    saved to /home/ins/GenomeAnalysis/output/2_quast/SRR4342133_qc/summary/PDF/Avg_contig_read_support.pdf
  Drawing # genes metaQUAST summary plot...
    saved to /home/ins/GenomeAnalysis/output/2_quast/SRR4342133_qc/summary/PDF/#_genes.pdf
  Drawing # operons metaQUAST summary plot...
    saved to /home/ins/GenomeAnalysis/output/2_quast/SRR4342133_qc/summary/PDF/#_operons.pdf
  Drawing NGA50 metaQUAST summary plot...
    saved to /home/ins/GenomeAnalysis/output/2_quast/SRR4342133_qc/summary/PDF/NGA50.pdf
  Drawing LGA50 metaQUAST summary plot...
    saved to /home/ins/GenomeAnalysis/output/2_quast/SRR4342133_qc/summary/PDF/LGA50.pdf
  Drawing # predicted genes (unique) metaQUAST summary plot...
    saved to /home/ins/GenomeAnalysis/output/2_quast/SRR4342133_qc/summary/PDF/#_predicted_genes_(unique).pdf

  Text versions of reports and plots for each metric (for all references and assemblies) are saved to /home/ins/GenomeAnalysis/output/2_quast/SRR4342133_qc/summary/
  Icarus (contig browser) is saved to /home/ins/GenomeAnalysis/output/2_quast/SRR4342133_qc/icarus.html
  Drawing interactive Krona plots...
  Krona chart for final.contigs is saved to /home/ins/GenomeAnalysis/output/2_quast/SRR4342133_qc/krona_charts/final.contigs_taxonomy_chart.html
  Extended version of HTML-report (for all references and assemblies) is saved to /home/ins/GenomeAnalysis/output/2_quast/SRR4342133_qc/report.html

MetaQUAST finished.
  Log saved to /home/ins/GenomeAnalysis/output/2_quast/SRR4342133_qc/metaquast.log

Finished: 2021-04-14 16:19:11
Elapsed time: 0:37:05.327944
Total NOTICEs: 25; WARNINGs: 1; non-fatal ERRORs: 0

Thank you for using QUAST!
