2021-04-11 09:58:30 - MEGAHIT v1.2.9
2021-04-11 09:58:30 - Using megahit_core with POPCNT support
2021-04-11 09:58:30 - Convert reads to binary library
2021-04-11 10:00:39 - INFO  sequence/io/sequence_lib.cpp  :   75 - Lib 0 (/home/ins/GenomeAnalysis/raw_data/DNA_trimmed/SRR4342129_1.paired.trimmed.fastq.gz,/home/ins/GenomeAnalysis/raw_data/DNA_trimmed/SRR4342129_2.paired.trimmed.fastq.gz): pe, 48110692 reads, 101 max length
2021-04-11 10:00:40 - INFO  utils/utils.h                 :  152 - Real: 130.3652	user: 49.3289	sys: 6.9592	maxrss: 273404
2021-04-11 10:00:40 - k-max reset to: 119 
2021-04-11 10:00:40 - Start assembly. Number of CPU threads 16 
2021-04-11 10:00:40 - k list: 21,29,39,59,79,99,119 
2021-04-11 10:00:40 - Memory used: 121485632716
2021-04-11 10:00:40 - Extract solid (k+1)-mers for k = 21 
2021-04-11 10:21:03 - Build graph for k = 21 
2021-04-11 10:43:31 - Assemble contigs from SdBG for k = 21
2021-04-11 12:23:07 - Local assembly for k = 21
2021-04-11 12:31:32 - Extract iterative edges from k = 21 to 29 
2021-04-11 12:46:36 - Build graph for k = 29 
2021-04-11 12:56:28 - Assemble contigs from SdBG for k = 29
2021-04-11 13:56:57 - Local assembly for k = 29
2021-04-11 14:11:31 - Extract iterative edges from k = 29 to 39 
2021-04-11 14:17:42 - Build graph for k = 39 
2021-04-11 14:25:19 - Assemble contigs from SdBG for k = 39
2021-04-11 15:10:56 - Local assembly for k = 39
2021-04-11 15:30:32 - Extract iterative edges from k = 39 to 59 
2021-04-11 15:34:30 - Build graph for k = 59 
2021-04-11 15:40:05 - Assemble contigs from SdBG for k = 59
2021-04-11 16:12:25 - Local assembly for k = 59
2021-04-11 16:28:34 - Extract iterative edges from k = 59 to 79 
2021-04-11 16:30:24 - Build graph for k = 79 
2021-04-11 16:34:00 - Assemble contigs from SdBG for k = 79
2021-04-11 16:59:57 - Local assembly for k = 79
2021-04-11 17:11:59 - Extract iterative edges from k = 79 to 99 
2021-04-11 17:12:59 - Build graph for k = 99 
2021-04-11 17:15:35 - Assemble contigs from SdBG for k = 99
2021-04-11 17:36:45 - Local assembly for k = 99
2021-04-11 17:47:33 - Extract iterative edges from k = 99 to 119 
2021-04-11 17:47:38 - Build graph for k = 119 
2021-04-11 17:49:53 - Assemble contigs from SdBG for k = 119
2021-04-11 18:06:16 - Merging to output final contigs 
2021-04-11 18:06:20 - 440792 contigs, total 339514356 bp, min 200 bp, max 107401 bp, avg 770 bp, N50 891 bp
2021-04-11 18:06:21 - ALL DONE. Time elapsed: 29271.308219 seconds 
2021-04-11 18:06:21 - MEGAHIT v1.2.9
2021-04-11 18:06:21 - Using megahit_core with POPCNT support
2021-04-11 18:06:21 - Convert reads to binary library
2021-04-11 18:09:13 - INFO  sequence/io/sequence_lib.cpp  :   75 - Lib 0 (/home/ins/GenomeAnalysis/raw_data/DNA_trimmed/SRR4342133_1.paired.trimmed.fastq.gz,/home/ins/GenomeAnalysis/raw_data/DNA_trimmed/SRR4342133_2.paired.trimmed.fastq.gz): pe, 59954188 reads, 101 max length
2021-04-11 18:09:13 - INFO  utils/utils.h                 :  152 - Real: 172.0385	user: 64.0105	sys: 9.2317	maxrss: 273360
2021-04-11 18:09:13 - k-max reset to: 119 
2021-04-11 18:09:13 - Start assembly. Number of CPU threads 16 
2021-04-11 18:09:13 - k list: 21,29,39,59,79,99,119 
2021-04-11 18:09:13 - Memory used: 121485632716
2021-04-11 18:09:13 - Extract solid (k+1)-mers for k = 21 
2021-04-11 18:34:40 - Build graph for k = 21 
2021-04-11 18:53:31 - Assemble contigs from SdBG for k = 21
2021-04-11 20:36:29 - Local assembly for k = 21
2021-04-11 20:46:39 - Extract iterative edges from k = 21 to 29 
2021-04-11 21:11:28 - Build graph for k = 29 
2021-04-11 21:22:15 - Assemble contigs from SdBG for k = 29
2021-04-11 22:31:38 - Local assembly for k = 29
2021-04-11 22:47:56 - Extract iterative edges from k = 29 to 39 
2021-04-11 22:58:30 - Build graph for k = 39 
2021-04-11 23:06:57 - Assemble contigs from SdBG for k = 39
2021-04-11 23:58:30 - Local assembly for k = 39
2021-04-12 00:22:07 - Extract iterative edges from k = 39 to 59 
2021-04-12 00:28:06 - Build graph for k = 59 
2021-04-12 00:34:24 - Assemble contigs from SdBG for k = 59
2021-04-12 01:12:28 - Local assembly for k = 59
2021-04-12 01:35:48 - Extract iterative edges from k = 59 to 79 
2021-04-12 01:38:13 - Build graph for k = 79 
2021-04-12 01:42:28 - Assemble contigs from SdBG for k = 79
2021-04-12 02:13:54 - Local assembly for k = 79
2021-04-12 02:30:10 - Extract iterative edges from k = 79 to 99 
2021-04-12 02:31:36 - Build graph for k = 99 
2021-04-12 02:34:50 - Assemble contigs from SdBG for k = 99
2021-04-12 03:00:29 - Local assembly for k = 99
2021-04-12 03:13:59 - Extract iterative edges from k = 99 to 119 
2021-04-12 03:14:05 - Build graph for k = 119 
2021-04-12 03:16:56 - Assemble contigs from SdBG for k = 119
2021-04-12 03:37:00 - Merging to output final contigs 
2021-04-12 03:37:05 - 393172 contigs, total 316557061 bp, min 200 bp, max 343433 bp, avg 805 bp, N50 946 bp
2021-04-12 03:37:05 - ALL DONE. Time elapsed: 34244.308485 seconds 
