Lmod has detected the following error: These module(s) or extension(s) exist
but cannot be loaded as requested: "SAMtools"
   Try: "module spider SAMtools" to see how to load the module(s).



[bwa_index] Pack FASTA... 0.02 sec
[bwa_index] Construct BWT for the packed sequence...
[bwa_index] 0.72 seconds elapse.
[bwa_index] Update BWT... 0.01 sec
[bwa_index] Pack forward-only FASTA... 0.02 sec
[bwa_index] Construct SA from BWT and Occ... 0.32 sec
[main] Version: 0.7.17-r1188
[main] CMD: bwa index /home/ins/GenomeAnalysis/output/3_metabat/combined_binning/combined_binning.1.fa
[main] Real time: 1.197 sec; CPU: 1.098 sec
/var/spool/slurmd/job4635337/slurm_script: line 24: samtools: command not found
[M::bwa_idx_load_from_disk] read 0 ALT contigs
[M::process] read 203410 sequences (20000108 bp)...
[M::process] read 204242 sequences (20000152 bp)...
[M::mem_pestat] # candidate unique pairs for (FF, FR, RF, RR): (0, 729, 0, 0)
[M::mem_pestat] skip orientation FF as there are not enough pairs
[M::mem_pestat] analyzing insert size distribution for orientation FR...
[M::mem_pestat] (25, 50, 75) percentile: (70, 98, 123)
[M::mem_pestat] low and high boundaries for computing mean and std.dev: (1, 229)
[M::mem_pestat] mean and std.dev: (96.86, 44.52)
[M::mem_pestat] low and high boundaries for proper pairs: (1, 282)
[M::mem_pestat] skip orientation RF as there are not enough pairs
[M::mem_pestat] skip orientation RR as there are not enough pairs
[M::mem_process_seqs] Processed 203410 reads in 12.231 CPU sec, 6.160 real sec
/var/spool/slurmd/job4635337/slurm_script: line 25: samtools: command not found
[M::bwa_idx_load_from_disk] read 0 ALT contigs
[M::process] read 203696 sequences (20000094 bp)...
[M::process] read 204214 sequences (20000055 bp)...
[M::mem_pestat] # candidate unique pairs for (FF, FR, RF, RR): (0, 439, 0, 0)
[M::mem_pestat] skip orientation FF as there are not enough pairs
[M::mem_pestat] analyzing insert size distribution for orientation FR...
[M::mem_pestat] (25, 50, 75) percentile: (111, 147, 197)
[M::mem_pestat] low and high boundaries for computing mean and std.dev: (1, 369)
[M::mem_pestat] mean and std.dev: (155.01, 64.96)
[M::mem_pestat] low and high boundaries for proper pairs: (1, 455)
[M::mem_pestat] skip orientation RF as there are not enough pairs
[M::mem_pestat] skip orientation RR as there are not enough pairs
[M::mem_process_seqs] Processed 203696 reads in 12.138 CPU sec, 6.109 real sec
[bwa_index] Pack FASTA... 0.02 sec
[bwa_index] Construct BWT for the packed sequence...
[bwa_index] 0.77 seconds elapse.
[bwa_index] Update BWT... 0.02 sec
[bwa_index] Pack forward-only FASTA... 0.01 sec
[bwa_index] Construct SA from BWT and Occ... 0.34 sec
[main] Version: 0.7.17-r1188
[main] CMD: bwa index /home/ins/GenomeAnalysis/output/3_metabat/combined_binning/combined_binning.2.fa
[main] Real time: 1.261 sec; CPU: 1.165 sec
/var/spool/slurmd/job4635337/slurm_script: line 24: samtools: command not found
[M::bwa_idx_load_from_disk] read 0 ALT contigs
/var/spool/slurmd/job4635337/slurm_script: line 25: samtools: command not found
[M::bwa_idx_load_from_disk] read 0 ALT contigs
[bwa_index] Pack FASTA... 0.01 sec
[bwa_index] Construct BWT for the packed sequence...
[bwa_index] 0.53 seconds elapse.
[bwa_index] Update BWT... 0.01 sec
[bwa_index] Pack forward-only FASTA... 0.01 sec
[bwa_index] Construct SA from BWT and Occ... 0.24 sec
[main] Version: 0.7.17-r1188
[main] CMD: bwa index /home/ins/GenomeAnalysis/output/3_metabat/combined_binning/combined_binning.3.fa
[main] Real time: 0.886 sec; CPU: 0.811 sec
/var/spool/slurmd/job4635337/slurm_script: line 24: samtools: command not found
[M::bwa_idx_load_from_disk] read 0 ALT contigs
/var/spool/slurmd/job4635337/slurm_script: line 25: samtools: command not found
[M::bwa_idx_load_from_disk] read 0 ALT contigs
[bwa_index] Pack FASTA... 0.02 sec
[bwa_index] Construct BWT for the packed sequence...
[bwa_index] 1.12 seconds elapse.
[bwa_index] Update BWT... 0.01 sec
[bwa_index] Pack forward-only FASTA... 0.03 sec
[bwa_index] Construct SA from BWT and Occ... 0.44 sec
[main] Version: 0.7.17-r1188
[main] CMD: bwa index /home/ins/GenomeAnalysis/output/3_metabat/combined_binning/combined_binning.5.fa
[main] Real time: 1.753 sec; CPU: 1.634 sec
/var/spool/slurmd/job4635337/slurm_script: line 24: samtools: command not found
[M::bwa_idx_load_from_disk] read 0 ALT contigs
/var/spool/slurmd/job4635337/slurm_script: line 25: samtools: command not found
[M::bwa_idx_load_from_disk] read 0 ALT contigs
[bwa_index] Pack FASTA... 0.01 sec
[bwa_index] Construct BWT for the packed sequence...
[bwa_index] 0.50 seconds elapse.
[bwa_index] Update BWT... 0.01 sec
[bwa_index] Pack forward-only FASTA... 0.02 sec
[bwa_index] Construct SA from BWT and Occ... 0.23 sec
[main] Version: 0.7.17-r1188
[main] CMD: bwa index /home/ins/GenomeAnalysis/output/3_metabat/combined_binning/combined_binning.6.fa
[main] Real time: 0.847 sec; CPU: 0.778 sec
/var/spool/slurmd/job4635337/slurm_script: line 24: samtools: command not found
[M::bwa_idx_load_from_disk] read 0 ALT contigs
/var/spool/slurmd/job4635337/slurm_script: line 25: samtools: command not found
[M::bwa_idx_load_from_disk] read 0 ALT contigs
[bwa_index] Pack FASTA... 0.01 sec
[bwa_index] Construct BWT for the packed sequence...
[bwa_index] 0.58 seconds elapse.
[bwa_index] Update BWT... 0.02 sec
[bwa_index] Pack forward-only FASTA... 0.01 sec
[bwa_index] Construct SA from BWT and Occ... 0.26 sec
[main] Version: 0.7.17-r1188
[main] CMD: bwa index /home/ins/GenomeAnalysis/output/3_metabat/combined_binning/combined_binning.7.fa
[main] Real time: 0.969 sec; CPU: 0.891 sec
/var/spool/slurmd/job4635337/slurm_script: line 24: samtools: command not found
[M::bwa_idx_load_from_disk] read 0 ALT contigs
/var/spool/slurmd/job4635337/slurm_script: line 25: samtools: command not found
[M::bwa_idx_load_from_disk] read 0 ALT contigs
[bwa_index] Pack FASTA... 0.01 sec
[bwa_index] Construct BWT for the packed sequence...
[bwa_index] 0.34 seconds elapse.
[bwa_index] Update BWT... 0.01 sec
[bwa_index] Pack forward-only FASTA... 0.00 sec
[bwa_index] Construct SA from BWT and Occ... 0.17 sec
[main] Version: 0.7.17-r1188
[main] CMD: bwa index /home/ins/GenomeAnalysis/output/3_metabat/combined_binning/combined_binning.8.fa
[main] Real time: 0.603 sec; CPU: 0.539 sec
/var/spool/slurmd/job4635337/slurm_script: line 24: samtools: command not found
[M::bwa_idx_load_from_disk] read 0 ALT contigs
[M::process] read 203410 sequences (20000108 bp)...
[M::process] read 204242 sequences (20000152 bp)...
[M::mem_pestat] # candidate unique pairs for (FF, FR, RF, RR): (0, 282, 0, 0)
[M::mem_pestat] skip orientation FF as there are not enough pairs
[M::mem_pestat] analyzing insert size distribution for orientation FR...
[M::mem_pestat] (25, 50, 75) percentile: (106, 139, 172)
[M::mem_pestat] low and high boundaries for computing mean and std.dev: (1, 304)
[M::mem_pestat] mean and std.dev: (139.36, 51.19)
[M::mem_pestat] low and high boundaries for proper pairs: (1, 370)
[M::mem_pestat] skip orientation RF as there are not enough pairs
[M::mem_pestat] skip orientation RR as there are not enough pairs
[M::mem_process_seqs] Processed 203410 reads in 11.609 CPU sec, 5.820 real sec
/var/spool/slurmd/job4635337/slurm_script: line 25: samtools: command not found
[M::bwa_idx_load_from_disk] read 0 ALT contigs
[M::process] read 203696 sequences (20000094 bp)...
[M::process] read 204214 sequences (20000055 bp)...
[M::mem_pestat] # candidate unique pairs for (FF, FR, RF, RR): (0, 435, 0, 0)
[M::mem_pestat] skip orientation FF as there are not enough pairs
[M::mem_pestat] analyzing insert size distribution for orientation FR...
[M::mem_pestat] (25, 50, 75) percentile: (126, 159, 201)
[M::mem_pestat] low and high boundaries for computing mean and std.dev: (1, 351)
[M::mem_pestat] mean and std.dev: (167.44, 54.80)
[M::mem_pestat] low and high boundaries for proper pairs: (1, 426)
[M::mem_pestat] skip orientation RF as there are not enough pairs
[M::mem_pestat] skip orientation RR as there are not enough pairs
[M::mem_process_seqs] Processed 203696 reads in 11.677 CPU sec, 5.853 real sec
[bwa_index] Pack FASTA... 0.01 sec
[bwa_index] Construct BWT for the packed sequence...
[bwa_index] 0.38 seconds elapse.
[bwa_index] Update BWT... 0.00 sec
[bwa_index] Pack forward-only FASTA... 0.01 sec
[bwa_index] Construct SA from BWT and Occ... 0.19 sec
[main] Version: 0.7.17-r1188
[main] CMD: bwa index /home/ins/GenomeAnalysis/output/3_metabat/combined_binning/combined_binning.9.fa
[main] Real time: 0.667 sec; CPU: 0.597 sec
/var/spool/slurmd/job4635337/slurm_script: line 24: samtools: command not found
[M::bwa_idx_load_from_disk] read 0 ALT contigs
/var/spool/slurmd/job4635337/slurm_script: line 25: samtools: command not found
[M::bwa_idx_load_from_disk] read 0 ALT contigs
[bwa_index] Pack FASTA... 0.01 sec
[bwa_index] Construct BWT for the packed sequence...
[bwa_index] 0.25 seconds elapse.
[bwa_index] Update BWT... 0.01 sec
[bwa_index] Pack forward-only FASTA... 0.01 sec
[bwa_index] Construct SA from BWT and Occ... 0.13 sec
[main] Version: 0.7.17-r1188
[main] CMD: bwa index /home/ins/GenomeAnalysis/output/3_metabat/combined_binning/combined_binning.11.fa
[main] Real time: 0.485 sec; CPU: 0.426 sec
/var/spool/slurmd/job4635337/slurm_script: line 24: samtools: command not found
[M::bwa_idx_load_from_disk] read 0 ALT contigs
/var/spool/slurmd/job4635337/slurm_script: line 25: samtools: command not found
[M::bwa_idx_load_from_disk] read 0 ALT contigs
[bwa_index] Pack FASTA... 0.00 sec
[bwa_index] Construct BWT for the packed sequence...
[bwa_index] 0.12 seconds elapse.
[bwa_index] Update BWT... 0.00 sec
[bwa_index] Pack forward-only FASTA... 0.01 sec
[bwa_index] Construct SA from BWT and Occ... 0.06 sec
[main] Version: 0.7.17-r1188
[main] CMD: bwa index /home/ins/GenomeAnalysis/output/3_metabat/combined_binning/combined_binning.12.fa
[main] Real time: 0.236 sec; CPU: 0.204 sec
/var/spool/slurmd/job4635337/slurm_script: line 24: samtools: command not found
[M::bwa_idx_load_from_disk] read 0 ALT contigs
/var/spool/slurmd/job4635337/slurm_script: line 25: samtools: command not found
[M::bwa_idx_load_from_disk] read 0 ALT contigs
[bwa_index] Pack FASTA... 0.01 sec
[bwa_index] Construct BWT for the packed sequence...
[bwa_index] 0.50 seconds elapse.
[bwa_index] Update BWT... 0.01 sec
[bwa_index] Pack forward-only FASTA... 0.01 sec
[bwa_index] Construct SA from BWT and Occ... 0.23 sec
[main] Version: 0.7.17-r1188
[main] CMD: bwa index /home/ins/GenomeAnalysis/output/3_metabat/combined_binning/combined_binning.16.fa
[main] Real time: 0.854 sec; CPU: 0.769 sec
/var/spool/slurmd/job4635337/slurm_script: line 24: samtools: command not found
[M::bwa_idx_load_from_disk] read 0 ALT contigs
/var/spool/slurmd/job4635337/slurm_script: line 25: samtools: command not found
[M::bwa_idx_load_from_disk] read 0 ALT contigs
[bwa_index] Pack FASTA... 0.01 sec
[bwa_index] Construct BWT for the packed sequence...
[bwa_index] 0.40 seconds elapse.
[bwa_index] Update BWT... 0.01 sec
[bwa_index] Pack forward-only FASTA... 0.01 sec
[bwa_index] Construct SA from BWT and Occ... 0.19 sec
[main] Version: 0.7.17-r1188
[main] CMD: bwa index /home/ins/GenomeAnalysis/output/3_metabat/combined_binning/combined_binning.18.fa
[main] Real time: 0.697 sec; CPU: 0.634 sec
/var/spool/slurmd/job4635337/slurm_script: line 24: samtools: command not found
[M::bwa_idx_load_from_disk] read 0 ALT contigs
[M::process] read 203410 sequences (20000108 bp)...
[M::process] read 204242 sequences (20000152 bp)...
[M::mem_pestat] # candidate unique pairs for (FF, FR, RF, RR): (0, 727, 0, 0)
[M::mem_pestat] skip orientation FF as there are not enough pairs
[M::mem_pestat] analyzing insert size distribution for orientation FR...
[M::mem_pestat] (25, 50, 75) percentile: (84, 128, 178)
[M::mem_pestat] low and high boundaries for computing mean and std.dev: (1, 366)
[M::mem_pestat] mean and std.dev: (132.05, 65.35)
[M::mem_pestat] low and high boundaries for proper pairs: (1, 460)
[M::mem_pestat] skip orientation RF as there are not enough pairs
[M::mem_pestat] skip orientation RR as there are not enough pairs
[M::mem_process_seqs] Processed 203410 reads in 12.131 CPU sec, 6.082 real sec
/var/spool/slurmd/job4635337/slurm_script: line 25: samtools: command not found
[M::bwa_idx_load_from_disk] read 0 ALT contigs
[M::process] read 203696 sequences (20000094 bp)...
[M::process] read 204214 sequences (20000055 bp)...
[M::mem_pestat] # candidate unique pairs for (FF, FR, RF, RR): (0, 466, 0, 0)
[M::mem_pestat] skip orientation FF as there are not enough pairs
[M::mem_pestat] analyzing insert size distribution for orientation FR...
[M::mem_pestat] (25, 50, 75) percentile: (117, 146, 188)
[M::mem_pestat] low and high boundaries for computing mean and std.dev: (1, 330)
[M::mem_pestat] mean and std.dev: (151.51, 57.67)
[M::mem_pestat] low and high boundaries for proper pairs: (1, 401)
[M::mem_pestat] skip orientation RF as there are not enough pairs
[M::mem_pestat] skip orientation RR as there are not enough pairs
[M::mem_process_seqs] Processed 203696 reads in 12.074 CPU sec, 6.052 real sec
[bwa_index] Pack FASTA... 0.01 sec
[bwa_index] Construct BWT for the packed sequence...
[bwa_index] 0.34 seconds elapse.
[bwa_index] Update BWT... 0.01 sec
[bwa_index] Pack forward-only FASTA... 0.00 sec
[bwa_index] Construct SA from BWT and Occ... 0.17 sec
[main] Version: 0.7.17-r1188
[main] CMD: bwa index /home/ins/GenomeAnalysis/output/3_metabat/combined_binning/combined_binning.19.fa
[main] Real time: 0.603 sec; CPU: 0.545 sec
/var/spool/slurmd/job4635337/slurm_script: line 24: samtools: command not found
[M::bwa_idx_load_from_disk] read 0 ALT contigs
/var/spool/slurmd/job4635337/slurm_script: line 25: samtools: command not found
[M::bwa_idx_load_from_disk] read 0 ALT contigs
[bwa_index] Pack FASTA... 0.01 sec
[bwa_index] Construct BWT for the packed sequence...
[bwa_index] 0.30 seconds elapse.
[bwa_index] Update BWT... 0.01 sec
[bwa_index] Pack forward-only FASTA... 0.00 sec
[bwa_index] Construct SA from BWT and Occ... 0.16 sec
[main] Version: 0.7.17-r1188
[main] CMD: bwa index /home/ins/GenomeAnalysis/output/3_metabat/combined_binning/combined_binning.20.fa
[main] Real time: 0.559 sec; CPU: 0.489 sec
/var/spool/slurmd/job4635337/slurm_script: line 24: samtools: command not found
[M::bwa_idx_load_from_disk] read 0 ALT contigs
/var/spool/slurmd/job4635337/slurm_script: line 25: samtools: command not found
[M::bwa_idx_load_from_disk] read 0 ALT contigs
[bwa_index] Pack FASTA... 0.01 sec
[bwa_index] Construct BWT for the packed sequence...
[bwa_index] 0.48 seconds elapse.
[bwa_index] Update BWT... 0.01 sec
[bwa_index] Pack forward-only FASTA... 0.01 sec
[bwa_index] Construct SA from BWT and Occ... 0.22 sec
[main] Version: 0.7.17-r1188
[main] CMD: bwa index /home/ins/GenomeAnalysis/output/3_metabat/combined_binning/combined_binning.22.fa
[main] Real time: 0.812 sec; CPU: 0.737 sec
/var/spool/slurmd/job4635337/slurm_script: line 24: samtools: command not found
[M::bwa_idx_load_from_disk] read 0 ALT contigs
/var/spool/slurmd/job4635337/slurm_script: line 25: samtools: command not found
[M::bwa_idx_load_from_disk] read 0 ALT contigs
[bwa_index] Pack FASTA... 0.00 sec
[bwa_index] Construct BWT for the packed sequence...
[bwa_index] 0.14 seconds elapse.
[bwa_index] Update BWT... 0.01 sec
[bwa_index] Pack forward-only FASTA... 0.00 sec
[bwa_index] Construct SA from BWT and Occ... 0.08 sec
[main] Version: 0.7.17-r1188
[main] CMD: bwa index /home/ins/GenomeAnalysis/output/3_metabat/combined_binning/combined_binning.23.fa
[main] Real time: 0.284 sec; CPU: 0.241 sec
/var/spool/slurmd/job4635337/slurm_script: line 24: samtools: command not found
[M::bwa_idx_load_from_disk] read 0 ALT contigs
/var/spool/slurmd/job4635337/slurm_script: line 25: samtools: command not found
[M::bwa_idx_load_from_disk] read 0 ALT contigs
[bwa_index] Pack FASTA... 0.01 sec
[bwa_index] Construct BWT for the packed sequence...
[bwa_index] 0.42 seconds elapse.
[bwa_index] Update BWT... 0.02 sec
[bwa_index] Pack forward-only FASTA... 0.00 sec
[bwa_index] Construct SA from BWT and Occ... 0.20 sec
[main] Version: 0.7.17-r1188
[main] CMD: bwa index /home/ins/GenomeAnalysis/output/3_metabat/combined_binning/combined_binning.24.fa
[main] Real time: 0.738 sec; CPU: 0.662 sec
/var/spool/slurmd/job4635337/slurm_script: line 24: samtools: command not found
[M::bwa_idx_load_from_disk] read 0 ALT contigs
/var/spool/slurmd/job4635337/slurm_script: line 25: samtools: command not found
[M::bwa_idx_load_from_disk] read 0 ALT contigs
