[09:14:48] This is prokka 1.14.6
[09:14:48] Written by Torsten Seemann <torsten.seemann@gmail.com>
[09:14:48] Homepage is https://github.com/tseemann/prokka
[09:14:48] Local time is Fri Apr 23 09:14:48 2021
[09:14:48] You are ins
[09:14:48] Operating system is linux
[09:14:48] You have BioPerl 1.007001
[09:14:48] System has 16 cores.
[09:14:48] Will use maximum of 8 cores.
[09:14:48] Annotating as >>> Bacteria <<<
[09:14:48] Generating locus_tag from '/home/ins/GenomeAnalysis/output/3_metabat/SRR4342129_binning/SRR4342129_binning.10.fa' contents.
[09:14:48] Setting --locustag HOGLPIAO from MD5 180592a881a0f482d52e65d8509fb172
[09:14:48] Folder '/home/ins/GenomeAnalysis/output/4_prokka/SRR4342129_bacteria' already exists! Please change --outdir or use --force
[09:14:49] This is prokka 1.14.6
[09:14:49] Written by Torsten Seemann <torsten.seemann@gmail.com>
[09:14:49] Homepage is https://github.com/tseemann/prokka
[09:14:49] Local time is Fri Apr 23 09:14:49 2021
[09:14:49] You are ins
[09:14:49] Operating system is linux
[09:14:49] You have BioPerl 1.007001
[09:14:49] System has 16 cores.
[09:14:49] Will use maximum of 8 cores.
[09:14:49] Annotating as >>> Bacteria <<<
[09:14:49] Generating locus_tag from '/home/ins/GenomeAnalysis/output/3_metabat/SRR4342129_binning/SRR4342129_binning.11.fa' contents.
[09:14:49] Setting --locustag BPPDENIC from MD5 b99de72c39ddae2329599938bbe6b600
[09:14:49] Folder '/home/ins/GenomeAnalysis/output/4_prokka/SRR4342129_bacteria' already exists! Please change --outdir or use --force
[09:14:49] This is prokka 1.14.6
[09:14:49] Written by Torsten Seemann <torsten.seemann@gmail.com>
[09:14:49] Homepage is https://github.com/tseemann/prokka
[09:14:49] Local time is Fri Apr 23 09:14:49 2021
[09:14:49] You are ins
[09:14:49] Operating system is linux
[09:14:49] You have BioPerl 1.007001
[09:14:49] System has 16 cores.
[09:14:49] Will use maximum of 8 cores.
[09:14:49] Annotating as >>> Bacteria <<<
[09:14:49] Generating locus_tag from '/home/ins/GenomeAnalysis/output/3_metabat/SRR4342129_binning/SRR4342129_binning.12.fa' contents.
[09:14:49] Setting --locustag ELFGKKCN from MD5 e5f044c70367cfa31cc43bc86858e89c
[09:14:49] Folder '/home/ins/GenomeAnalysis/output/4_prokka/SRR4342129_bacteria' already exists! Please change --outdir or use --force
[09:14:49] This is prokka 1.14.6
[09:14:49] Written by Torsten Seemann <torsten.seemann@gmail.com>
[09:14:49] Homepage is https://github.com/tseemann/prokka
[09:14:49] Local time is Fri Apr 23 09:14:49 2021
[09:14:49] You are ins
[09:14:49] Operating system is linux
[09:14:49] You have BioPerl 1.007001
[09:14:49] System has 16 cores.
[09:14:49] Will use maximum of 8 cores.
[09:14:49] Annotating as >>> Bacteria <<<
[09:14:49] Generating locus_tag from '/home/ins/GenomeAnalysis/output/3_metabat/SRR4342129_binning/SRR4342129_binning.13.fa' contents.
[09:14:49] Setting --locustag NNPLDJBB from MD5 7795d3bb99eb5beb2383114e859c032a
[09:14:49] Folder '/home/ins/GenomeAnalysis/output/4_prokka/SRR4342129_bacteria' already exists! Please change --outdir or use --force
[09:14:49] This is prokka 1.14.6
[09:14:49] Written by Torsten Seemann <torsten.seemann@gmail.com>
[09:14:49] Homepage is https://github.com/tseemann/prokka
[09:14:49] Local time is Fri Apr 23 09:14:49 2021
[09:14:49] You are ins
[09:14:49] Operating system is linux
[09:14:49] You have BioPerl 1.007001
[09:14:49] System has 16 cores.
[09:14:49] Will use maximum of 8 cores.
[09:14:49] Annotating as >>> Bacteria <<<
[09:14:49] Generating locus_tag from '/home/ins/GenomeAnalysis/output/3_metabat/SRR4342129_binning/SRR4342129_binning.14.fa' contents.
[09:14:49] Setting --locustag AMACPPBO from MD5 a6ac99b8a6f75573e5eb067e85f472ac
[09:14:49] Folder '/home/ins/GenomeAnalysis/output/4_prokka/SRR4342129_bacteria' already exists! Please change --outdir or use --force
[09:14:50] This is prokka 1.14.6
[09:14:50] Written by Torsten Seemann <torsten.seemann@gmail.com>
[09:14:50] Homepage is https://github.com/tseemann/prokka
[09:14:50] Local time is Fri Apr 23 09:14:50 2021
[09:14:50] You are ins
[09:14:50] Operating system is linux
[09:14:50] You have BioPerl 1.007001
[09:14:50] System has 16 cores.
[09:14:50] Will use maximum of 8 cores.
[09:14:50] Annotating as >>> Bacteria <<<
[09:14:50] Generating locus_tag from '/home/ins/GenomeAnalysis/output/3_metabat/SRR4342129_binning/SRR4342129_binning.15.fa' contents.
[09:14:50] Setting --locustag ACHBOKIK from MD5 ac1b8424055113bea1cce6888535b8ed
[09:14:50] Folder '/home/ins/GenomeAnalysis/output/4_prokka/SRR4342129_bacteria' already exists! Please change --outdir or use --force
[09:14:50] This is prokka 1.14.6
[09:14:50] Written by Torsten Seemann <torsten.seemann@gmail.com>
[09:14:50] Homepage is https://github.com/tseemann/prokka
[09:14:50] Local time is Fri Apr 23 09:14:50 2021
[09:14:50] You are ins
[09:14:50] Operating system is linux
[09:14:50] You have BioPerl 1.007001
[09:14:50] System has 16 cores.
[09:14:50] Will use maximum of 8 cores.
[09:14:50] Annotating as >>> Bacteria <<<
[09:14:50] Generating locus_tag from '/home/ins/GenomeAnalysis/output/3_metabat/SRR4342129_binning/SRR4342129_binning.16.fa' contents.
[09:14:50] Setting --locustag HADFMPKI from MD5 1adf694203bfa119b6a2dafa522a61b5
[09:14:50] Folder '/home/ins/GenomeAnalysis/output/4_prokka/SRR4342129_bacteria' already exists! Please change --outdir or use --force
[09:14:50] This is prokka 1.14.6
[09:14:50] Written by Torsten Seemann <torsten.seemann@gmail.com>
[09:14:50] Homepage is https://github.com/tseemann/prokka
[09:14:50] Local time is Fri Apr 23 09:14:50 2021
[09:14:50] You are ins
[09:14:50] Operating system is linux
[09:14:50] You have BioPerl 1.007001
[09:14:50] System has 16 cores.
[09:14:50] Will use maximum of 8 cores.
[09:14:50] Annotating as >>> Bacteria <<<
[09:14:50] Generating locus_tag from '/home/ins/GenomeAnalysis/output/3_metabat/SRR4342129_binning/SRR4342129_binning.17.fa' contents.
[09:14:50] Setting --locustag BHCJIFFG from MD5 b1c32ff01922092cd860099f5f0ca16e
[09:14:50] Folder '/home/ins/GenomeAnalysis/output/4_prokka/SRR4342129_bacteria' already exists! Please change --outdir or use --force
[09:14:50] This is prokka 1.14.6
[09:14:50] Written by Torsten Seemann <torsten.seemann@gmail.com>
[09:14:50] Homepage is https://github.com/tseemann/prokka
[09:14:50] Local time is Fri Apr 23 09:14:50 2021
[09:14:50] You are ins
[09:14:50] Operating system is linux
[09:14:50] You have BioPerl 1.007001
[09:14:50] System has 16 cores.
[09:14:50] Will use maximum of 8 cores.
[09:14:50] Annotating as >>> Bacteria <<<
[09:14:50] Generating locus_tag from '/home/ins/GenomeAnalysis/output/3_metabat/SRR4342129_binning/SRR4342129_binning.18.fa' contents.
[09:14:50] Setting --locustag MGNBBBGJ from MD5 607bbb03d498e53f0da53d5e4165b9c6
[09:14:50] Folder '/home/ins/GenomeAnalysis/output/4_prokka/SRR4342129_bacteria' already exists! Please change --outdir or use --force
[09:14:50] This is prokka 1.14.6
[09:14:50] Written by Torsten Seemann <torsten.seemann@gmail.com>
[09:14:50] Homepage is https://github.com/tseemann/prokka
[09:14:50] Local time is Fri Apr 23 09:14:50 2021
[09:14:50] You are ins
[09:14:50] Operating system is linux
[09:14:50] You have BioPerl 1.007001
[09:14:50] System has 16 cores.
[09:14:50] Will use maximum of 8 cores.
[09:14:50] Annotating as >>> Bacteria <<<
[09:14:50] Generating locus_tag from '/home/ins/GenomeAnalysis/output/3_metabat/SRR4342129_binning/SRR4342129_binning.19.fa' contents.
[09:14:51] Setting --locustag OONCOKNA from MD5 887c847a8db55a246c838946e9474487
[09:14:51] Folder '/home/ins/GenomeAnalysis/output/4_prokka/SRR4342129_bacteria' already exists! Please change --outdir or use --force
[09:14:51] This is prokka 1.14.6
[09:14:51] Written by Torsten Seemann <torsten.seemann@gmail.com>
[09:14:51] Homepage is https://github.com/tseemann/prokka
[09:14:51] Local time is Fri Apr 23 09:14:51 2021
[09:14:51] You are ins
[09:14:51] Operating system is linux
[09:14:51] You have BioPerl 1.007001
[09:14:51] System has 16 cores.
[09:14:51] Will use maximum of 8 cores.
[09:14:51] Annotating as >>> Bacteria <<<
[09:14:51] Generating locus_tag from '/home/ins/GenomeAnalysis/output/3_metabat/SRR4342129_binning/SRR4342129_binning.1.fa' contents.
[09:14:51] Setting --locustag OEJEFFAH from MD5 8e3effa149b6521ea38c6328aceb3471
[09:14:51] Folder '/home/ins/GenomeAnalysis/output/4_prokka/SRR4342129_bacteria' already exists! Please change --outdir or use --force
[09:14:51] This is prokka 1.14.6
[09:14:51] Written by Torsten Seemann <torsten.seemann@gmail.com>
[09:14:51] Homepage is https://github.com/tseemann/prokka
[09:14:51] Local time is Fri Apr 23 09:14:51 2021
[09:14:51] You are ins
[09:14:51] Operating system is linux
[09:14:51] You have BioPerl 1.007001
[09:14:51] System has 16 cores.
[09:14:51] Will use maximum of 8 cores.
[09:14:51] Annotating as >>> Bacteria <<<
[09:14:51] Generating locus_tag from '/home/ins/GenomeAnalysis/output/3_metabat/SRR4342129_binning/SRR4342129_binning.20.fa' contents.
[09:14:51] Setting --locustag MBOLLBBG from MD5 6b855bb01f4f490321d65a1147dee3f0
[09:14:51] Folder '/home/ins/GenomeAnalysis/output/4_prokka/SRR4342129_bacteria' already exists! Please change --outdir or use --force
[09:14:51] This is prokka 1.14.6
[09:14:51] Written by Torsten Seemann <torsten.seemann@gmail.com>
[09:14:51] Homepage is https://github.com/tseemann/prokka
[09:14:51] Local time is Fri Apr 23 09:14:51 2021
[09:14:51] You are ins
[09:14:51] Operating system is linux
[09:14:51] You have BioPerl 1.007001
[09:14:51] System has 16 cores.
[09:14:51] Will use maximum of 8 cores.
[09:14:51] Annotating as >>> Bacteria <<<
[09:14:51] Generating locus_tag from '/home/ins/GenomeAnalysis/output/3_metabat/SRR4342129_binning/SRR4342129_binning.21.fa' contents.
[09:14:51] Setting --locustag JLMAHDHJ from MD5 356a1d131c72fb8afe290fa7e6f607df
[09:14:51] Folder '/home/ins/GenomeAnalysis/output/4_prokka/SRR4342129_bacteria' already exists! Please change --outdir or use --force
[09:14:51] This is prokka 1.14.6
[09:14:51] Written by Torsten Seemann <torsten.seemann@gmail.com>
[09:14:51] Homepage is https://github.com/tseemann/prokka
[09:14:51] Local time is Fri Apr 23 09:14:51 2021
[09:14:51] You are ins
[09:14:51] Operating system is linux
[09:14:51] You have BioPerl 1.007001
[09:14:51] System has 16 cores.
[09:14:51] Will use maximum of 8 cores.
[09:14:51] Annotating as >>> Bacteria <<<
[09:14:51] Generating locus_tag from '/home/ins/GenomeAnalysis/output/3_metabat/SRR4342129_binning/SRR4342129_binning.22.fa' contents.
[09:14:51] Setting --locustag FCKCBJAK from MD5 fc4cb3a4e71f5aa8e7bc7a3c9062d97f
[09:14:51] Folder '/home/ins/GenomeAnalysis/output/4_prokka/SRR4342129_bacteria' already exists! Please change --outdir or use --force
[09:14:52] This is prokka 1.14.6
[09:14:52] Written by Torsten Seemann <torsten.seemann@gmail.com>
[09:14:52] Homepage is https://github.com/tseemann/prokka
[09:14:52] Local time is Fri Apr 23 09:14:52 2021
[09:14:52] You are ins
[09:14:52] Operating system is linux
[09:14:52] You have BioPerl 1.007001
[09:14:52] System has 16 cores.
[09:14:52] Will use maximum of 8 cores.
[09:14:52] Annotating as >>> Bacteria <<<
[09:14:52] Generating locus_tag from '/home/ins/GenomeAnalysis/output/3_metabat/SRR4342129_binning/SRR4342129_binning.23.fa' contents.
[09:14:52] Setting --locustag GMCCCAAC from MD5 06cccaac5f82688507ceaf8d788f0c55
[09:14:52] Folder '/home/ins/GenomeAnalysis/output/4_prokka/SRR4342129_bacteria' already exists! Please change --outdir or use --force
[09:14:52] This is prokka 1.14.6
[09:14:52] Written by Torsten Seemann <torsten.seemann@gmail.com>
[09:14:52] Homepage is https://github.com/tseemann/prokka
[09:14:52] Local time is Fri Apr 23 09:14:52 2021
[09:14:52] You are ins
[09:14:52] Operating system is linux
[09:14:52] You have BioPerl 1.007001
[09:14:52] System has 16 cores.
[09:14:52] Will use maximum of 8 cores.
[09:14:52] Annotating as >>> Bacteria <<<
[09:14:52] Generating locus_tag from '/home/ins/GenomeAnalysis/output/3_metabat/SRR4342129_binning/SRR4342129_binning.24.fa' contents.
[09:14:52] Setting --locustag OABLDBGP from MD5 8ab5db09a3d28c79dc1fc392e6e7bcf4
[09:14:52] Folder '/home/ins/GenomeAnalysis/output/4_prokka/SRR4342129_bacteria' already exists! Please change --outdir or use --force
[09:14:52] This is prokka 1.14.6
[09:14:52] Written by Torsten Seemann <torsten.seemann@gmail.com>
[09:14:52] Homepage is https://github.com/tseemann/prokka
[09:14:52] Local time is Fri Apr 23 09:14:52 2021
[09:14:52] You are ins
[09:14:52] Operating system is linux
[09:14:52] You have BioPerl 1.007001
[09:14:52] System has 16 cores.
[09:14:52] Will use maximum of 8 cores.
[09:14:52] Annotating as >>> Bacteria <<<
[09:14:52] Generating locus_tag from '/home/ins/GenomeAnalysis/output/3_metabat/SRR4342129_binning/SRR4342129_binning.25.fa' contents.
[09:14:52] Setting --locustag POCEKDIC from MD5 98ce4d2c83569010bab8b5260c060504
[09:14:52] Folder '/home/ins/GenomeAnalysis/output/4_prokka/SRR4342129_bacteria' already exists! Please change --outdir or use --force
[09:14:52] This is prokka 1.14.6
[09:14:52] Written by Torsten Seemann <torsten.seemann@gmail.com>
[09:14:52] Homepage is https://github.com/tseemann/prokka
[09:14:52] Local time is Fri Apr 23 09:14:52 2021
[09:14:52] You are ins
[09:14:52] Operating system is linux
[09:14:52] You have BioPerl 1.007001
[09:14:52] System has 16 cores.
[09:14:52] Will use maximum of 8 cores.
[09:14:52] Annotating as >>> Bacteria <<<
[09:14:52] Generating locus_tag from '/home/ins/GenomeAnalysis/output/3_metabat/SRR4342129_binning/SRR4342129_binning.26.fa' contents.
[09:14:52] Setting --locustag JOBHHCNP from MD5 38b11c79452d9a04559c0503c7471bf9
[09:14:52] Folder '/home/ins/GenomeAnalysis/output/4_prokka/SRR4342129_bacteria' already exists! Please change --outdir or use --force
[09:14:53] This is prokka 1.14.6
[09:14:53] Written by Torsten Seemann <torsten.seemann@gmail.com>
[09:14:53] Homepage is https://github.com/tseemann/prokka
[09:14:53] Local time is Fri Apr 23 09:14:53 2021
[09:14:53] You are ins
[09:14:53] Operating system is linux
[09:14:53] You have BioPerl 1.007001
[09:14:53] System has 16 cores.
[09:14:53] Will use maximum of 8 cores.
[09:14:53] Annotating as >>> Bacteria <<<
[09:14:53] Generating locus_tag from '/home/ins/GenomeAnalysis/output/3_metabat/SRR4342129_binning/SRR4342129_binning.2.fa' contents.
[09:14:53] Setting --locustag HELFCAFK from MD5 1e5fcaf4ff4b16347394624986148c2c
[09:14:53] Folder '/home/ins/GenomeAnalysis/output/4_prokka/SRR4342129_bacteria' already exists! Please change --outdir or use --force
[09:14:53] This is prokka 1.14.6
[09:14:53] Written by Torsten Seemann <torsten.seemann@gmail.com>
[09:14:53] Homepage is https://github.com/tseemann/prokka
[09:14:53] Local time is Fri Apr 23 09:14:53 2021
[09:14:53] You are ins
[09:14:53] Operating system is linux
[09:14:53] You have BioPerl 1.007001
[09:14:53] System has 16 cores.
[09:14:53] Will use maximum of 8 cores.
[09:14:53] Annotating as >>> Bacteria <<<
[09:14:53] Generating locus_tag from '/home/ins/GenomeAnalysis/output/3_metabat/SRR4342129_binning/SRR4342129_binning.3.fa' contents.
[09:14:53] Setting --locustag LCKANIEM from MD5 5c4a72e670593034c393ddedf44826f8
[09:14:53] Folder '/home/ins/GenomeAnalysis/output/4_prokka/SRR4342129_bacteria' already exists! Please change --outdir or use --force
[09:14:53] This is prokka 1.14.6
[09:14:53] Written by Torsten Seemann <torsten.seemann@gmail.com>
[09:14:53] Homepage is https://github.com/tseemann/prokka
[09:14:53] Local time is Fri Apr 23 09:14:53 2021
[09:14:53] You are ins
[09:14:53] Operating system is linux
[09:14:53] You have BioPerl 1.007001
[09:14:53] System has 16 cores.
[09:14:53] Will use maximum of 8 cores.
[09:14:53] Annotating as >>> Bacteria <<<
[09:14:53] Generating locus_tag from '/home/ins/GenomeAnalysis/output/3_metabat/SRR4342129_binning/SRR4342129_binning.4.fa' contents.
[09:14:53] Setting --locustag PPIAOPFF from MD5 992a89ff19cc068dba5a6bae54a28636
[09:14:53] Folder '/home/ins/GenomeAnalysis/output/4_prokka/SRR4342129_bacteria' already exists! Please change --outdir or use --force
[09:14:53] This is prokka 1.14.6
[09:14:53] Written by Torsten Seemann <torsten.seemann@gmail.com>
[09:14:53] Homepage is https://github.com/tseemann/prokka
[09:14:53] Local time is Fri Apr 23 09:14:53 2021
[09:14:53] You are ins
[09:14:53] Operating system is linux
[09:14:53] You have BioPerl 1.007001
[09:14:53] System has 16 cores.
[09:14:53] Will use maximum of 8 cores.
[09:14:53] Annotating as >>> Bacteria <<<
[09:14:53] Generating locus_tag from '/home/ins/GenomeAnalysis/output/3_metabat/SRR4342129_binning/SRR4342129_binning.5.fa' contents.
[09:14:53] Setting --locustag PLMEOGGF from MD5 956e800fb3114379cad0dbee17d0a94d
[09:14:53] Folder '/home/ins/GenomeAnalysis/output/4_prokka/SRR4342129_bacteria' already exists! Please change --outdir or use --force
[09:14:54] This is prokka 1.14.6
[09:14:54] Written by Torsten Seemann <torsten.seemann@gmail.com>
[09:14:54] Homepage is https://github.com/tseemann/prokka
[09:14:54] Local time is Fri Apr 23 09:14:54 2021
[09:14:54] You are ins
[09:14:54] Operating system is linux
[09:14:54] You have BioPerl 1.007001
[09:14:54] System has 16 cores.
[09:14:54] Will use maximum of 8 cores.
[09:14:54] Annotating as >>> Bacteria <<<
[09:14:54] Generating locus_tag from '/home/ins/GenomeAnalysis/output/3_metabat/SRR4342129_binning/SRR4342129_binning.6.fa' contents.
[09:14:54] Setting --locustag EHEFFNFA from MD5 e1eff7fa16ab55b8ea626adde691eed0
[09:14:54] Folder '/home/ins/GenomeAnalysis/output/4_prokka/SRR4342129_bacteria' already exists! Please change --outdir or use --force
[09:14:54] This is prokka 1.14.6
[09:14:54] Written by Torsten Seemann <torsten.seemann@gmail.com>
[09:14:54] Homepage is https://github.com/tseemann/prokka
[09:14:54] Local time is Fri Apr 23 09:14:54 2021
[09:14:54] You are ins
[09:14:54] Operating system is linux
[09:14:54] You have BioPerl 1.007001
[09:14:54] System has 16 cores.
[09:14:54] Will use maximum of 8 cores.
[09:14:54] Annotating as >>> Bacteria <<<
[09:14:54] Generating locus_tag from '/home/ins/GenomeAnalysis/output/3_metabat/SRR4342129_binning/SRR4342129_binning.7.fa' contents.
[09:14:54] Setting --locustag KGHHOBPN from MD5 40118b97e631cfc32f33101ca79a7aec
[09:14:54] Folder '/home/ins/GenomeAnalysis/output/4_prokka/SRR4342129_bacteria' already exists! Please change --outdir or use --force
[09:14:54] This is prokka 1.14.6
[09:14:54] Written by Torsten Seemann <torsten.seemann@gmail.com>
[09:14:54] Homepage is https://github.com/tseemann/prokka
[09:14:54] Local time is Fri Apr 23 09:14:54 2021
[09:14:54] You are ins
[09:14:54] Operating system is linux
[09:14:54] You have BioPerl 1.007001
[09:14:54] System has 16 cores.
[09:14:54] Will use maximum of 8 cores.
[09:14:54] Annotating as >>> Bacteria <<<
[09:14:54] Generating locus_tag from '/home/ins/GenomeAnalysis/output/3_metabat/SRR4342129_binning/SRR4342129_binning.8.fa' contents.
[09:14:54] Setting --locustag ONKBKMOG from MD5 874b46802541c5039cfbc9e75749834d
[09:14:54] Folder '/home/ins/GenomeAnalysis/output/4_prokka/SRR4342129_bacteria' already exists! Please change --outdir or use --force
[09:14:54] This is prokka 1.14.6
[09:14:54] Written by Torsten Seemann <torsten.seemann@gmail.com>
[09:14:54] Homepage is https://github.com/tseemann/prokka
[09:14:54] Local time is Fri Apr 23 09:14:54 2021
[09:14:54] You are ins
[09:14:54] Operating system is linux
[09:14:54] You have BioPerl 1.007001
[09:14:54] System has 16 cores.
[09:14:54] Will use maximum of 8 cores.
[09:14:54] Annotating as >>> Bacteria <<<
[09:14:54] Generating locus_tag from '/home/ins/GenomeAnalysis/output/3_metabat/SRR4342129_binning/SRR4342129_binning.9.fa' contents.
[09:14:55] Setting --locustag IIPOEDGP from MD5 2298ed09d19215e939276c216ce6e7b0
[09:14:55] Folder '/home/ins/GenomeAnalysis/output/4_prokka/SRR4342129_bacteria' already exists! Please change --outdir or use --force
[09:14:55] This is prokka 1.14.6
[09:14:55] Written by Torsten Seemann <torsten.seemann@gmail.com>
[09:14:55] Homepage is https://github.com/tseemann/prokka
[09:14:55] Local time is Fri Apr 23 09:14:55 2021
[09:14:55] You are ins
[09:14:55] Operating system is linux
[09:14:55] You have BioPerl 1.007001
[09:14:55] System has 16 cores.
[09:14:55] Will use maximum of 8 cores.
[09:14:55] Annotating as >>> Archaea <<<
[09:14:55] Generating locus_tag from '/home/ins/GenomeAnalysis/output/3_metabat/SRR4342129_binning/SRR4342129_binning.10.fa' contents.
[09:14:55] Setting --locustag HOGLPIAO from MD5 180592a881a0f482d52e65d8509fb172
[09:14:55] Folder '/home/ins/GenomeAnalysis/output/4_prokka/SRR4342129_archaea' already exists! Please change --outdir or use --force
[09:14:55] This is prokka 1.14.6
[09:14:55] Written by Torsten Seemann <torsten.seemann@gmail.com>
[09:14:55] Homepage is https://github.com/tseemann/prokka
[09:14:55] Local time is Fri Apr 23 09:14:55 2021
[09:14:55] You are ins
[09:14:55] Operating system is linux
[09:14:55] You have BioPerl 1.007001
[09:14:55] System has 16 cores.
[09:14:55] Will use maximum of 8 cores.
[09:14:55] Annotating as >>> Archaea <<<
[09:14:55] Generating locus_tag from '/home/ins/GenomeAnalysis/output/3_metabat/SRR4342129_binning/SRR4342129_binning.11.fa' contents.
[09:14:55] Setting --locustag BPPDENIC from MD5 b99de72c39ddae2329599938bbe6b600
[09:14:55] Folder '/home/ins/GenomeAnalysis/output/4_prokka/SRR4342129_archaea' already exists! Please change --outdir or use --force
[09:14:55] This is prokka 1.14.6
[09:14:55] Written by Torsten Seemann <torsten.seemann@gmail.com>
[09:14:55] Homepage is https://github.com/tseemann/prokka
[09:14:55] Local time is Fri Apr 23 09:14:55 2021
[09:14:55] You are ins
[09:14:55] Operating system is linux
[09:14:55] You have BioPerl 1.007001
[09:14:55] System has 16 cores.
[09:14:55] Will use maximum of 8 cores.
[09:14:55] Annotating as >>> Archaea <<<
[09:14:55] Generating locus_tag from '/home/ins/GenomeAnalysis/output/3_metabat/SRR4342129_binning/SRR4342129_binning.12.fa' contents.
[09:14:55] Setting --locustag ELFGKKCN from MD5 e5f044c70367cfa31cc43bc86858e89c
[09:14:55] Folder '/home/ins/GenomeAnalysis/output/4_prokka/SRR4342129_archaea' already exists! Please change --outdir or use --force
[09:14:55] This is prokka 1.14.6
[09:14:55] Written by Torsten Seemann <torsten.seemann@gmail.com>
[09:14:55] Homepage is https://github.com/tseemann/prokka
[09:14:55] Local time is Fri Apr 23 09:14:55 2021
[09:14:55] You are ins
[09:14:55] Operating system is linux
[09:14:55] You have BioPerl 1.007001
[09:14:55] System has 16 cores.
[09:14:55] Will use maximum of 8 cores.
[09:14:55] Annotating as >>> Archaea <<<
[09:14:55] Generating locus_tag from '/home/ins/GenomeAnalysis/output/3_metabat/SRR4342129_binning/SRR4342129_binning.13.fa' contents.
[09:14:55] Setting --locustag NNPLDJBB from MD5 7795d3bb99eb5beb2383114e859c032a
[09:14:55] Folder '/home/ins/GenomeAnalysis/output/4_prokka/SRR4342129_archaea' already exists! Please change --outdir or use --force
[09:14:56] This is prokka 1.14.6
[09:14:56] Written by Torsten Seemann <torsten.seemann@gmail.com>
[09:14:56] Homepage is https://github.com/tseemann/prokka
[09:14:56] Local time is Fri Apr 23 09:14:56 2021
[09:14:56] You are ins
[09:14:56] Operating system is linux
[09:14:56] You have BioPerl 1.007001
[09:14:56] System has 16 cores.
[09:14:56] Will use maximum of 8 cores.
[09:14:56] Annotating as >>> Archaea <<<
[09:14:56] Generating locus_tag from '/home/ins/GenomeAnalysis/output/3_metabat/SRR4342129_binning/SRR4342129_binning.14.fa' contents.
[09:14:56] Setting --locustag AMACPPBO from MD5 a6ac99b8a6f75573e5eb067e85f472ac
[09:14:56] Folder '/home/ins/GenomeAnalysis/output/4_prokka/SRR4342129_archaea' already exists! Please change --outdir or use --force
[09:14:56] This is prokka 1.14.6
[09:14:56] Written by Torsten Seemann <torsten.seemann@gmail.com>
[09:14:56] Homepage is https://github.com/tseemann/prokka
[09:14:56] Local time is Fri Apr 23 09:14:56 2021
[09:14:56] You are ins
[09:14:56] Operating system is linux
[09:14:56] You have BioPerl 1.007001
[09:14:56] System has 16 cores.
[09:14:56] Will use maximum of 8 cores.
[09:14:56] Annotating as >>> Archaea <<<
[09:14:56] Generating locus_tag from '/home/ins/GenomeAnalysis/output/3_metabat/SRR4342129_binning/SRR4342129_binning.15.fa' contents.
[09:14:56] Setting --locustag ACHBOKIK from MD5 ac1b8424055113bea1cce6888535b8ed
[09:14:56] Folder '/home/ins/GenomeAnalysis/output/4_prokka/SRR4342129_archaea' already exists! Please change --outdir or use --force
[09:14:56] This is prokka 1.14.6
[09:14:56] Written by Torsten Seemann <torsten.seemann@gmail.com>
[09:14:56] Homepage is https://github.com/tseemann/prokka
[09:14:56] Local time is Fri Apr 23 09:14:56 2021
[09:14:56] You are ins
[09:14:56] Operating system is linux
[09:14:56] You have BioPerl 1.007001
[09:14:56] System has 16 cores.
[09:14:56] Will use maximum of 8 cores.
[09:14:56] Annotating as >>> Archaea <<<
[09:14:56] Generating locus_tag from '/home/ins/GenomeAnalysis/output/3_metabat/SRR4342129_binning/SRR4342129_binning.16.fa' contents.
[09:14:56] Setting --locustag HADFMPKI from MD5 1adf694203bfa119b6a2dafa522a61b5
[09:14:56] Folder '/home/ins/GenomeAnalysis/output/4_prokka/SRR4342129_archaea' already exists! Please change --outdir or use --force
[09:14:56] This is prokka 1.14.6
[09:14:56] Written by Torsten Seemann <torsten.seemann@gmail.com>
[09:14:56] Homepage is https://github.com/tseemann/prokka
[09:14:56] Local time is Fri Apr 23 09:14:56 2021
[09:14:56] You are ins
[09:14:56] Operating system is linux
[09:14:56] You have BioPerl 1.007001
[09:14:56] System has 16 cores.
[09:14:56] Will use maximum of 8 cores.
[09:14:56] Annotating as >>> Archaea <<<
[09:14:56] Generating locus_tag from '/home/ins/GenomeAnalysis/output/3_metabat/SRR4342129_binning/SRR4342129_binning.17.fa' contents.
[09:14:56] Setting --locustag BHCJIFFG from MD5 b1c32ff01922092cd860099f5f0ca16e
[09:14:56] Folder '/home/ins/GenomeAnalysis/output/4_prokka/SRR4342129_archaea' already exists! Please change --outdir or use --force
[09:14:56] This is prokka 1.14.6
[09:14:56] Written by Torsten Seemann <torsten.seemann@gmail.com>
[09:14:56] Homepage is https://github.com/tseemann/prokka
[09:14:56] Local time is Fri Apr 23 09:14:56 2021
[09:14:56] You are ins
[09:14:56] Operating system is linux
[09:14:56] You have BioPerl 1.007001
[09:14:56] System has 16 cores.
[09:14:56] Will use maximum of 8 cores.
[09:14:56] Annotating as >>> Archaea <<<
[09:14:56] Generating locus_tag from '/home/ins/GenomeAnalysis/output/3_metabat/SRR4342129_binning/SRR4342129_binning.18.fa' contents.
[09:14:56] Setting --locustag MGNBBBGJ from MD5 607bbb03d498e53f0da53d5e4165b9c6
[09:14:56] Folder '/home/ins/GenomeAnalysis/output/4_prokka/SRR4342129_archaea' already exists! Please change --outdir or use --force
[09:14:57] This is prokka 1.14.6
[09:14:57] Written by Torsten Seemann <torsten.seemann@gmail.com>
[09:14:57] Homepage is https://github.com/tseemann/prokka
[09:14:57] Local time is Fri Apr 23 09:14:57 2021
[09:14:57] You are ins
[09:14:57] Operating system is linux
[09:14:57] You have BioPerl 1.007001
[09:14:57] System has 16 cores.
[09:14:57] Will use maximum of 8 cores.
[09:14:57] Annotating as >>> Archaea <<<
[09:14:57] Generating locus_tag from '/home/ins/GenomeAnalysis/output/3_metabat/SRR4342129_binning/SRR4342129_binning.19.fa' contents.
[09:14:57] Setting --locustag OONCOKNA from MD5 887c847a8db55a246c838946e9474487
[09:14:57] Folder '/home/ins/GenomeAnalysis/output/4_prokka/SRR4342129_archaea' already exists! Please change --outdir or use --force
[09:14:57] This is prokka 1.14.6
[09:14:57] Written by Torsten Seemann <torsten.seemann@gmail.com>
[09:14:57] Homepage is https://github.com/tseemann/prokka
[09:14:57] Local time is Fri Apr 23 09:14:57 2021
[09:14:57] You are ins
[09:14:57] Operating system is linux
[09:14:57] You have BioPerl 1.007001
[09:14:57] System has 16 cores.
[09:14:57] Will use maximum of 8 cores.
[09:14:57] Annotating as >>> Archaea <<<
[09:14:57] Generating locus_tag from '/home/ins/GenomeAnalysis/output/3_metabat/SRR4342129_binning/SRR4342129_binning.1.fa' contents.
[09:14:57] Setting --locustag OEJEFFAH from MD5 8e3effa149b6521ea38c6328aceb3471
[09:14:57] Folder '/home/ins/GenomeAnalysis/output/4_prokka/SRR4342129_archaea' already exists! Please change --outdir or use --force
[09:14:57] This is prokka 1.14.6
[09:14:57] Written by Torsten Seemann <torsten.seemann@gmail.com>
[09:14:57] Homepage is https://github.com/tseemann/prokka
[09:14:57] Local time is Fri Apr 23 09:14:57 2021
[09:14:57] You are ins
[09:14:57] Operating system is linux
[09:14:57] You have BioPerl 1.007001
[09:14:57] System has 16 cores.
[09:14:57] Will use maximum of 8 cores.
[09:14:57] Annotating as >>> Archaea <<<
[09:14:57] Generating locus_tag from '/home/ins/GenomeAnalysis/output/3_metabat/SRR4342129_binning/SRR4342129_binning.20.fa' contents.
[09:14:57] Setting --locustag MBOLLBBG from MD5 6b855bb01f4f490321d65a1147dee3f0
[09:14:57] Folder '/home/ins/GenomeAnalysis/output/4_prokka/SRR4342129_archaea' already exists! Please change --outdir or use --force
[09:14:57] This is prokka 1.14.6
[09:14:57] Written by Torsten Seemann <torsten.seemann@gmail.com>
[09:14:57] Homepage is https://github.com/tseemann/prokka
[09:14:57] Local time is Fri Apr 23 09:14:57 2021
[09:14:57] You are ins
[09:14:57] Operating system is linux
[09:14:57] You have BioPerl 1.007001
[09:14:57] System has 16 cores.
[09:14:57] Will use maximum of 8 cores.
[09:14:57] Annotating as >>> Archaea <<<
[09:14:57] Generating locus_tag from '/home/ins/GenomeAnalysis/output/3_metabat/SRR4342129_binning/SRR4342129_binning.21.fa' contents.
[09:14:57] Setting --locustag JLMAHDHJ from MD5 356a1d131c72fb8afe290fa7e6f607df
[09:14:57] Folder '/home/ins/GenomeAnalysis/output/4_prokka/SRR4342129_archaea' already exists! Please change --outdir or use --force
[09:14:57] This is prokka 1.14.6
[09:14:57] Written by Torsten Seemann <torsten.seemann@gmail.com>
[09:14:57] Homepage is https://github.com/tseemann/prokka
[09:14:57] Local time is Fri Apr 23 09:14:57 2021
[09:14:57] You are ins
[09:14:57] Operating system is linux
[09:14:57] You have BioPerl 1.007001
[09:14:57] System has 16 cores.
[09:14:57] Will use maximum of 8 cores.
[09:14:57] Annotating as >>> Archaea <<<
[09:14:57] Generating locus_tag from '/home/ins/GenomeAnalysis/output/3_metabat/SRR4342129_binning/SRR4342129_binning.22.fa' contents.
[09:14:57] Setting --locustag FCKCBJAK from MD5 fc4cb3a4e71f5aa8e7bc7a3c9062d97f
[09:14:57] Folder '/home/ins/GenomeAnalysis/output/4_prokka/SRR4342129_archaea' already exists! Please change --outdir or use --force
[09:14:58] This is prokka 1.14.6
[09:14:58] Written by Torsten Seemann <torsten.seemann@gmail.com>
[09:14:58] Homepage is https://github.com/tseemann/prokka
[09:14:58] Local time is Fri Apr 23 09:14:58 2021
[09:14:58] You are ins
[09:14:58] Operating system is linux
[09:14:58] You have BioPerl 1.007001
[09:14:58] System has 16 cores.
[09:14:58] Will use maximum of 8 cores.
[09:14:58] Annotating as >>> Archaea <<<
[09:14:58] Generating locus_tag from '/home/ins/GenomeAnalysis/output/3_metabat/SRR4342129_binning/SRR4342129_binning.23.fa' contents.
[09:14:58] Setting --locustag GMCCCAAC from MD5 06cccaac5f82688507ceaf8d788f0c55
[09:14:58] Folder '/home/ins/GenomeAnalysis/output/4_prokka/SRR4342129_archaea' already exists! Please change --outdir or use --force
[09:14:58] This is prokka 1.14.6
[09:14:58] Written by Torsten Seemann <torsten.seemann@gmail.com>
[09:14:58] Homepage is https://github.com/tseemann/prokka
[09:14:58] Local time is Fri Apr 23 09:14:58 2021
[09:14:58] You are ins
[09:14:58] Operating system is linux
[09:14:58] You have BioPerl 1.007001
[09:14:58] System has 16 cores.
[09:14:58] Will use maximum of 8 cores.
[09:14:58] Annotating as >>> Archaea <<<
[09:14:58] Generating locus_tag from '/home/ins/GenomeAnalysis/output/3_metabat/SRR4342129_binning/SRR4342129_binning.24.fa' contents.
[09:14:58] Setting --locustag OABLDBGP from MD5 8ab5db09a3d28c79dc1fc392e6e7bcf4
[09:14:58] Folder '/home/ins/GenomeAnalysis/output/4_prokka/SRR4342129_archaea' already exists! Please change --outdir or use --force
[09:14:58] This is prokka 1.14.6
[09:14:58] Written by Torsten Seemann <torsten.seemann@gmail.com>
[09:14:58] Homepage is https://github.com/tseemann/prokka
[09:14:58] Local time is Fri Apr 23 09:14:58 2021
[09:14:58] You are ins
[09:14:58] Operating system is linux
[09:14:58] You have BioPerl 1.007001
[09:14:58] System has 16 cores.
[09:14:58] Will use maximum of 8 cores.
[09:14:58] Annotating as >>> Archaea <<<
[09:14:58] Generating locus_tag from '/home/ins/GenomeAnalysis/output/3_metabat/SRR4342129_binning/SRR4342129_binning.25.fa' contents.
[09:14:58] Setting --locustag POCEKDIC from MD5 98ce4d2c83569010bab8b5260c060504
[09:14:58] Folder '/home/ins/GenomeAnalysis/output/4_prokka/SRR4342129_archaea' already exists! Please change --outdir or use --force
[09:14:58] This is prokka 1.14.6
[09:14:58] Written by Torsten Seemann <torsten.seemann@gmail.com>
[09:14:58] Homepage is https://github.com/tseemann/prokka
[09:14:58] Local time is Fri Apr 23 09:14:58 2021
[09:14:58] You are ins
[09:14:58] Operating system is linux
[09:14:58] You have BioPerl 1.007001
[09:14:58] System has 16 cores.
[09:14:58] Will use maximum of 8 cores.
[09:14:58] Annotating as >>> Archaea <<<
[09:14:58] Generating locus_tag from '/home/ins/GenomeAnalysis/output/3_metabat/SRR4342129_binning/SRR4342129_binning.26.fa' contents.
[09:14:58] Setting --locustag JOBHHCNP from MD5 38b11c79452d9a04559c0503c7471bf9
[09:14:58] Folder '/home/ins/GenomeAnalysis/output/4_prokka/SRR4342129_archaea' already exists! Please change --outdir or use --force
[09:14:59] This is prokka 1.14.6
[09:14:59] Written by Torsten Seemann <torsten.seemann@gmail.com>
[09:14:59] Homepage is https://github.com/tseemann/prokka
[09:14:59] Local time is Fri Apr 23 09:14:59 2021
[09:14:59] You are ins
[09:14:59] Operating system is linux
[09:14:59] You have BioPerl 1.007001
[09:14:59] System has 16 cores.
[09:14:59] Will use maximum of 8 cores.
[09:14:59] Annotating as >>> Archaea <<<
[09:14:59] Generating locus_tag from '/home/ins/GenomeAnalysis/output/3_metabat/SRR4342129_binning/SRR4342129_binning.2.fa' contents.
[09:14:59] Setting --locustag HELFCAFK from MD5 1e5fcaf4ff4b16347394624986148c2c
[09:14:59] Folder '/home/ins/GenomeAnalysis/output/4_prokka/SRR4342129_archaea' already exists! Please change --outdir or use --force
[09:14:59] This is prokka 1.14.6
[09:14:59] Written by Torsten Seemann <torsten.seemann@gmail.com>
[09:14:59] Homepage is https://github.com/tseemann/prokka
[09:14:59] Local time is Fri Apr 23 09:14:59 2021
[09:14:59] You are ins
[09:14:59] Operating system is linux
[09:14:59] You have BioPerl 1.007001
[09:14:59] System has 16 cores.
[09:14:59] Will use maximum of 8 cores.
[09:14:59] Annotating as >>> Archaea <<<
[09:14:59] Generating locus_tag from '/home/ins/GenomeAnalysis/output/3_metabat/SRR4342129_binning/SRR4342129_binning.3.fa' contents.
[09:14:59] Setting --locustag LCKANIEM from MD5 5c4a72e670593034c393ddedf44826f8
[09:14:59] Folder '/home/ins/GenomeAnalysis/output/4_prokka/SRR4342129_archaea' already exists! Please change --outdir or use --force
[09:14:59] This is prokka 1.14.6
[09:14:59] Written by Torsten Seemann <torsten.seemann@gmail.com>
[09:14:59] Homepage is https://github.com/tseemann/prokka
[09:14:59] Local time is Fri Apr 23 09:14:59 2021
[09:14:59] You are ins
[09:14:59] Operating system is linux
[09:14:59] You have BioPerl 1.007001
[09:14:59] System has 16 cores.
[09:14:59] Will use maximum of 8 cores.
[09:14:59] Annotating as >>> Archaea <<<
[09:14:59] Generating locus_tag from '/home/ins/GenomeAnalysis/output/3_metabat/SRR4342129_binning/SRR4342129_binning.4.fa' contents.
[09:14:59] Setting --locustag PPIAOPFF from MD5 992a89ff19cc068dba5a6bae54a28636
[09:14:59] Folder '/home/ins/GenomeAnalysis/output/4_prokka/SRR4342129_archaea' already exists! Please change --outdir or use --force
[09:14:59] This is prokka 1.14.6
[09:14:59] Written by Torsten Seemann <torsten.seemann@gmail.com>
[09:14:59] Homepage is https://github.com/tseemann/prokka
[09:14:59] Local time is Fri Apr 23 09:14:59 2021
[09:14:59] You are ins
[09:14:59] Operating system is linux
[09:14:59] You have BioPerl 1.007001
[09:14:59] System has 16 cores.
[09:14:59] Will use maximum of 8 cores.
[09:14:59] Annotating as >>> Archaea <<<
[09:14:59] Generating locus_tag from '/home/ins/GenomeAnalysis/output/3_metabat/SRR4342129_binning/SRR4342129_binning.5.fa' contents.
[09:14:59] Setting --locustag PLMEOGGF from MD5 956e800fb3114379cad0dbee17d0a94d
[09:14:59] Folder '/home/ins/GenomeAnalysis/output/4_prokka/SRR4342129_archaea' already exists! Please change --outdir or use --force
[09:14:59] This is prokka 1.14.6
[09:14:59] Written by Torsten Seemann <torsten.seemann@gmail.com>
[09:14:59] Homepage is https://github.com/tseemann/prokka
[09:14:59] Local time is Fri Apr 23 09:14:59 2021
[09:14:59] You are ins
[09:14:59] Operating system is linux
[09:14:59] You have BioPerl 1.007001
[09:14:59] System has 16 cores.
[09:14:59] Will use maximum of 8 cores.
[09:14:59] Annotating as >>> Archaea <<<
[09:14:59] Generating locus_tag from '/home/ins/GenomeAnalysis/output/3_metabat/SRR4342129_binning/SRR4342129_binning.6.fa' contents.
[09:14:59] Setting --locustag EHEFFNFA from MD5 e1eff7fa16ab55b8ea626adde691eed0
[09:14:59] Folder '/home/ins/GenomeAnalysis/output/4_prokka/SRR4342129_archaea' already exists! Please change --outdir or use --force
[09:15:00] This is prokka 1.14.6
[09:15:00] Written by Torsten Seemann <torsten.seemann@gmail.com>
[09:15:00] Homepage is https://github.com/tseemann/prokka
[09:15:00] Local time is Fri Apr 23 09:15:00 2021
[09:15:00] You are ins
[09:15:00] Operating system is linux
[09:15:00] You have BioPerl 1.007001
[09:15:00] System has 16 cores.
[09:15:00] Will use maximum of 8 cores.
[09:15:00] Annotating as >>> Archaea <<<
[09:15:00] Generating locus_tag from '/home/ins/GenomeAnalysis/output/3_metabat/SRR4342129_binning/SRR4342129_binning.7.fa' contents.
[09:15:00] Setting --locustag KGHHOBPN from MD5 40118b97e631cfc32f33101ca79a7aec
[09:15:00] Folder '/home/ins/GenomeAnalysis/output/4_prokka/SRR4342129_archaea' already exists! Please change --outdir or use --force
[09:15:00] This is prokka 1.14.6
[09:15:00] Written by Torsten Seemann <torsten.seemann@gmail.com>
[09:15:00] Homepage is https://github.com/tseemann/prokka
[09:15:00] Local time is Fri Apr 23 09:15:00 2021
[09:15:00] You are ins
[09:15:00] Operating system is linux
[09:15:00] You have BioPerl 1.007001
[09:15:00] System has 16 cores.
[09:15:00] Will use maximum of 8 cores.
[09:15:00] Annotating as >>> Archaea <<<
[09:15:00] Generating locus_tag from '/home/ins/GenomeAnalysis/output/3_metabat/SRR4342129_binning/SRR4342129_binning.8.fa' contents.
[09:15:00] Setting --locustag ONKBKMOG from MD5 874b46802541c5039cfbc9e75749834d
[09:15:00] Folder '/home/ins/GenomeAnalysis/output/4_prokka/SRR4342129_archaea' already exists! Please change --outdir or use --force
[09:15:00] This is prokka 1.14.6
[09:15:00] Written by Torsten Seemann <torsten.seemann@gmail.com>
[09:15:00] Homepage is https://github.com/tseemann/prokka
[09:15:00] Local time is Fri Apr 23 09:15:00 2021
[09:15:00] You are ins
[09:15:00] Operating system is linux
[09:15:00] You have BioPerl 1.007001
[09:15:00] System has 16 cores.
[09:15:00] Will use maximum of 8 cores.
[09:15:00] Annotating as >>> Archaea <<<
[09:15:00] Generating locus_tag from '/home/ins/GenomeAnalysis/output/3_metabat/SRR4342129_binning/SRR4342129_binning.9.fa' contents.
[09:15:00] Setting --locustag IIPOEDGP from MD5 2298ed09d19215e939276c216ce6e7b0
[09:15:00] Folder '/home/ins/GenomeAnalysis/output/4_prokka/SRR4342129_archaea' already exists! Please change --outdir or use --force
[09:15:00] This is prokka 1.14.6
[09:15:00] Written by Torsten Seemann <torsten.seemann@gmail.com>
[09:15:00] Homepage is https://github.com/tseemann/prokka
[09:15:00] Local time is Fri Apr 23 09:15:00 2021
[09:15:00] You are ins
[09:15:00] Operating system is linux
[09:15:00] You have BioPerl 1.007001
[09:15:00] System has 16 cores.
[09:15:00] Will use maximum of 8 cores.
[09:15:00] Annotating as >>> Bacteria <<<
[09:15:00] Generating locus_tag from '/home/ins/GenomeAnalysis/output/3_metabat/SRR4342133_binning/SRR4342133_binning.10.fa' contents.
[09:15:00] Setting --locustag APEKKHPF from MD5 a9e4419f541f2378b4250f4603dcbc09
[09:15:00] Folder '/home/ins/GenomeAnalysis/output/4_prokka/SRR4342133_bacteria' already exists! Please change --outdir or use --force
[09:15:01] This is prokka 1.14.6
[09:15:01] Written by Torsten Seemann <torsten.seemann@gmail.com>
[09:15:01] Homepage is https://github.com/tseemann/prokka
[09:15:01] Local time is Fri Apr 23 09:15:01 2021
[09:15:01] You are ins
[09:15:01] Operating system is linux
[09:15:01] You have BioPerl 1.007001
[09:15:01] System has 16 cores.
[09:15:01] Will use maximum of 8 cores.
[09:15:01] Annotating as >>> Bacteria <<<
[09:15:01] Generating locus_tag from '/home/ins/GenomeAnalysis/output/3_metabat/SRR4342133_binning/SRR4342133_binning.11.fa' contents.
[09:15:01] Setting --locustag KINHHODN from MD5 427118d7fc9d9f0c1276b48bdbe3d425
[09:15:01] Folder '/home/ins/GenomeAnalysis/output/4_prokka/SRR4342133_bacteria' already exists! Please change --outdir or use --force
[09:15:01] This is prokka 1.14.6
[09:15:01] Written by Torsten Seemann <torsten.seemann@gmail.com>
[09:15:01] Homepage is https://github.com/tseemann/prokka
[09:15:01] Local time is Fri Apr 23 09:15:01 2021
[09:15:01] You are ins
[09:15:01] Operating system is linux
[09:15:01] You have BioPerl 1.007001
[09:15:01] System has 16 cores.
[09:15:01] Will use maximum of 8 cores.
[09:15:01] Annotating as >>> Bacteria <<<
[09:15:01] Generating locus_tag from '/home/ins/GenomeAnalysis/output/3_metabat/SRR4342133_binning/SRR4342133_binning.12.fa' contents.
[09:15:01] Setting --locustag HAHJGOID from MD5 1a13082d576e358c5b5605ba922f5264
[09:15:01] Folder '/home/ins/GenomeAnalysis/output/4_prokka/SRR4342133_bacteria' already exists! Please change --outdir or use --force
[09:15:01] This is prokka 1.14.6
[09:15:01] Written by Torsten Seemann <torsten.seemann@gmail.com>
[09:15:01] Homepage is https://github.com/tseemann/prokka
[09:15:01] Local time is Fri Apr 23 09:15:01 2021
[09:15:01] You are ins
[09:15:01] Operating system is linux
[09:15:01] You have BioPerl 1.007001
[09:15:01] System has 16 cores.
[09:15:01] Will use maximum of 8 cores.
[09:15:01] Annotating as >>> Bacteria <<<
[09:15:01] Generating locus_tag from '/home/ins/GenomeAnalysis/output/3_metabat/SRR4342133_binning/SRR4342133_binning.13.fa' contents.
[09:15:01] Setting --locustag BDIBNMMB from MD5 bd2b766b5c5df4c5cf6027a498b23c99
[09:15:01] Folder '/home/ins/GenomeAnalysis/output/4_prokka/SRR4342133_bacteria' already exists! Please change --outdir or use --force
[09:15:01] This is prokka 1.14.6
[09:15:01] Written by Torsten Seemann <torsten.seemann@gmail.com>
[09:15:01] Homepage is https://github.com/tseemann/prokka
[09:15:01] Local time is Fri Apr 23 09:15:01 2021
[09:15:01] You are ins
[09:15:01] Operating system is linux
[09:15:01] You have BioPerl 1.007001
[09:15:01] System has 16 cores.
[09:15:01] Will use maximum of 8 cores.
[09:15:01] Annotating as >>> Bacteria <<<
[09:15:01] Generating locus_tag from '/home/ins/GenomeAnalysis/output/3_metabat/SRR4342133_binning/SRR4342133_binning.14.fa' contents.
[09:15:01] Setting --locustag EECPJEIP from MD5 eec93e29ae06dc15e0d3f09239064c65
[09:15:01] Folder '/home/ins/GenomeAnalysis/output/4_prokka/SRR4342133_bacteria' already exists! Please change --outdir or use --force
[09:15:02] This is prokka 1.14.6
[09:15:02] Written by Torsten Seemann <torsten.seemann@gmail.com>
[09:15:02] Homepage is https://github.com/tseemann/prokka
[09:15:02] Local time is Fri Apr 23 09:15:02 2021
[09:15:02] You are ins
[09:15:02] Operating system is linux
[09:15:02] You have BioPerl 1.007001
[09:15:02] System has 16 cores.
[09:15:02] Will use maximum of 8 cores.
[09:15:02] Annotating as >>> Bacteria <<<
[09:15:02] Generating locus_tag from '/home/ins/GenomeAnalysis/output/3_metabat/SRR4342133_binning/SRR4342133_binning.15.fa' contents.
[09:15:02] Setting --locustag AHLHMLGB from MD5 a151650b8f73594dd70518ace8ad750c
[09:15:02] Folder '/home/ins/GenomeAnalysis/output/4_prokka/SRR4342133_bacteria' already exists! Please change --outdir or use --force
[09:15:02] This is prokka 1.14.6
[09:15:02] Written by Torsten Seemann <torsten.seemann@gmail.com>
[09:15:02] Homepage is https://github.com/tseemann/prokka
[09:15:02] Local time is Fri Apr 23 09:15:02 2021
[09:15:02] You are ins
[09:15:02] Operating system is linux
[09:15:02] You have BioPerl 1.007001
[09:15:02] System has 16 cores.
[09:15:02] Will use maximum of 8 cores.
[09:15:02] Annotating as >>> Bacteria <<<
[09:15:02] Generating locus_tag from '/home/ins/GenomeAnalysis/output/3_metabat/SRR4342133_binning/SRR4342133_binning.16.fa' contents.
[09:15:02] Setting --locustag KDLNHNAM from MD5 4d5717a6b6b0ed75959aeaad5f2f2e32
[09:15:02] Folder '/home/ins/GenomeAnalysis/output/4_prokka/SRR4342133_bacteria' already exists! Please change --outdir or use --force
[09:15:02] This is prokka 1.14.6
[09:15:02] Written by Torsten Seemann <torsten.seemann@gmail.com>
[09:15:02] Homepage is https://github.com/tseemann/prokka
[09:15:02] Local time is Fri Apr 23 09:15:02 2021
[09:15:02] You are ins
[09:15:02] Operating system is linux
[09:15:02] You have BioPerl 1.007001
[09:15:02] System has 16 cores.
[09:15:02] Will use maximum of 8 cores.
[09:15:02] Annotating as >>> Bacteria <<<
[09:15:02] Generating locus_tag from '/home/ins/GenomeAnalysis/output/3_metabat/SRR4342133_binning/SRR4342133_binning.17.fa' contents.
[09:15:02] Setting --locustag AEKDGHCG from MD5 ae4d01c03b4c2aebf920f26211b74917
[09:15:02] Folder '/home/ins/GenomeAnalysis/output/4_prokka/SRR4342133_bacteria' already exists! Please change --outdir or use --force
[09:15:02] This is prokka 1.14.6
[09:15:02] Written by Torsten Seemann <torsten.seemann@gmail.com>
[09:15:02] Homepage is https://github.com/tseemann/prokka
[09:15:02] Local time is Fri Apr 23 09:15:02 2021
[09:15:02] You are ins
[09:15:02] Operating system is linux
[09:15:02] You have BioPerl 1.007001
[09:15:02] System has 16 cores.
[09:15:02] Will use maximum of 8 cores.
[09:15:02] Annotating as >>> Bacteria <<<
[09:15:02] Generating locus_tag from '/home/ins/GenomeAnalysis/output/3_metabat/SRR4342133_binning/SRR4342133_binning.18.fa' contents.
[09:15:02] Setting --locustag HICKCGIF from MD5 12c4c02fe1075d889ae821af7c974108
[09:15:02] Folder '/home/ins/GenomeAnalysis/output/4_prokka/SRR4342133_bacteria' already exists! Please change --outdir or use --force
[09:15:03] This is prokka 1.14.6
[09:15:03] Written by Torsten Seemann <torsten.seemann@gmail.com>
[09:15:03] Homepage is https://github.com/tseemann/prokka
[09:15:03] Local time is Fri Apr 23 09:15:03 2021
[09:15:03] You are ins
[09:15:03] Operating system is linux
[09:15:03] You have BioPerl 1.007001
[09:15:03] System has 16 cores.
[09:15:03] Will use maximum of 8 cores.
[09:15:03] Annotating as >>> Bacteria <<<
[09:15:03] Generating locus_tag from '/home/ins/GenomeAnalysis/output/3_metabat/SRR4342133_binning/SRR4342133_binning.19.fa' contents.
[09:15:03] Setting --locustag LOGEBKOG from MD5 580eb480738c588821fd9d6704939086
[09:15:03] Folder '/home/ins/GenomeAnalysis/output/4_prokka/SRR4342133_bacteria' already exists! Please change --outdir or use --force
[09:15:03] This is prokka 1.14.6
[09:15:03] Written by Torsten Seemann <torsten.seemann@gmail.com>
[09:15:03] Homepage is https://github.com/tseemann/prokka
[09:15:03] Local time is Fri Apr 23 09:15:03 2021
[09:15:03] You are ins
[09:15:03] Operating system is linux
[09:15:03] You have BioPerl 1.007001
[09:15:03] System has 16 cores.
[09:15:03] Will use maximum of 8 cores.
[09:15:03] Annotating as >>> Bacteria <<<
[09:15:03] Generating locus_tag from '/home/ins/GenomeAnalysis/output/3_metabat/SRR4342133_binning/SRR4342133_binning.1.fa' contents.
[09:15:03] Setting --locustag POBEKHIG from MD5 98be41208a9205b62d208d66d522f790
[09:15:03] Folder '/home/ins/GenomeAnalysis/output/4_prokka/SRR4342133_bacteria' already exists! Please change --outdir or use --force
[09:15:03] This is prokka 1.14.6
[09:15:03] Written by Torsten Seemann <torsten.seemann@gmail.com>
[09:15:03] Homepage is https://github.com/tseemann/prokka
[09:15:03] Local time is Fri Apr 23 09:15:03 2021
[09:15:03] You are ins
[09:15:03] Operating system is linux
[09:15:03] You have BioPerl 1.007001
[09:15:03] System has 16 cores.
[09:15:03] Will use maximum of 8 cores.
[09:15:03] Annotating as >>> Bacteria <<<
[09:15:03] Generating locus_tag from '/home/ins/GenomeAnalysis/output/3_metabat/SRR4342133_binning/SRR4342133_binning.20.fa' contents.
[09:15:03] Setting --locustag IHOHCHKJ from MD5 2181c14332d5ada3642187556f878ac1
[09:15:03] Folder '/home/ins/GenomeAnalysis/output/4_prokka/SRR4342133_bacteria' already exists! Please change --outdir or use --force
[09:15:03] This is prokka 1.14.6
[09:15:03] Written by Torsten Seemann <torsten.seemann@gmail.com>
[09:15:03] Homepage is https://github.com/tseemann/prokka
[09:15:03] Local time is Fri Apr 23 09:15:03 2021
[09:15:03] You are ins
[09:15:03] Operating system is linux
[09:15:03] You have BioPerl 1.007001
[09:15:03] System has 16 cores.
[09:15:03] Will use maximum of 8 cores.
[09:15:03] Annotating as >>> Bacteria <<<
[09:15:03] Generating locus_tag from '/home/ins/GenomeAnalysis/output/3_metabat/SRR4342133_binning/SRR4342133_binning.21.fa' contents.
[09:15:03] Setting --locustag JGEHOAMD from MD5 30e18a6d3faaf6880c2abb55b39cb32a
[09:15:03] Folder '/home/ins/GenomeAnalysis/output/4_prokka/SRR4342133_bacteria' already exists! Please change --outdir or use --force
[09:15:04] This is prokka 1.14.6
[09:15:04] Written by Torsten Seemann <torsten.seemann@gmail.com>
[09:15:04] Homepage is https://github.com/tseemann/prokka
[09:15:04] Local time is Fri Apr 23 09:15:04 2021
[09:15:04] You are ins
[09:15:04] Operating system is linux
[09:15:04] You have BioPerl 1.007001
[09:15:04] System has 16 cores.
[09:15:04] Will use maximum of 8 cores.
[09:15:04] Annotating as >>> Bacteria <<<
[09:15:04] Generating locus_tag from '/home/ins/GenomeAnalysis/output/3_metabat/SRR4342133_binning/SRR4342133_binning.22.fa' contents.
[09:15:04] Setting --locustag MOPIJNAA from MD5 689237aae657a2b54ba8b6da2a64d1df
[09:15:04] Folder '/home/ins/GenomeAnalysis/output/4_prokka/SRR4342133_bacteria' already exists! Please change --outdir or use --force
[09:15:04] This is prokka 1.14.6
[09:15:04] Written by Torsten Seemann <torsten.seemann@gmail.com>
[09:15:04] Homepage is https://github.com/tseemann/prokka
[09:15:04] Local time is Fri Apr 23 09:15:04 2021
[09:15:04] You are ins
[09:15:04] Operating system is linux
[09:15:04] You have BioPerl 1.007001
[09:15:04] System has 16 cores.
[09:15:04] Will use maximum of 8 cores.
[09:15:04] Annotating as >>> Bacteria <<<
[09:15:04] Generating locus_tag from '/home/ins/GenomeAnalysis/output/3_metabat/SRR4342133_binning/SRR4342133_binning.23.fa' contents.
[09:15:04] Setting --locustag OBJMFNCE from MD5 8b36f7ceb7e4b38bcdfec35c989058d1
[09:15:04] Folder '/home/ins/GenomeAnalysis/output/4_prokka/SRR4342133_bacteria' already exists! Please change --outdir or use --force
[09:15:04] This is prokka 1.14.6
[09:15:04] Written by Torsten Seemann <torsten.seemann@gmail.com>
[09:15:04] Homepage is https://github.com/tseemann/prokka
[09:15:04] Local time is Fri Apr 23 09:15:04 2021
[09:15:04] You are ins
[09:15:04] Operating system is linux
[09:15:04] You have BioPerl 1.007001
[09:15:04] System has 16 cores.
[09:15:04] Will use maximum of 8 cores.
[09:15:04] Annotating as >>> Bacteria <<<
[09:15:04] Generating locus_tag from '/home/ins/GenomeAnalysis/output/3_metabat/SRR4342133_binning/SRR4342133_binning.24.fa' contents.
[09:15:04] Setting --locustag CCLJGKLC from MD5 cc53045c7af38e5bc0cbccb5a56cf018
[09:15:04] Folder '/home/ins/GenomeAnalysis/output/4_prokka/SRR4342133_bacteria' already exists! Please change --outdir or use --force
[09:15:04] This is prokka 1.14.6
[09:15:04] Written by Torsten Seemann <torsten.seemann@gmail.com>
[09:15:04] Homepage is https://github.com/tseemann/prokka
[09:15:04] Local time is Fri Apr 23 09:15:04 2021
[09:15:04] You are ins
[09:15:04] Operating system is linux
[09:15:04] You have BioPerl 1.007001
[09:15:04] System has 16 cores.
[09:15:04] Will use maximum of 8 cores.
[09:15:04] Annotating as >>> Bacteria <<<
[09:15:04] Generating locus_tag from '/home/ins/GenomeAnalysis/output/3_metabat/SRR4342133_binning/SRR4342133_binning.25.fa' contents.
[09:15:04] Setting --locustag CDNFDECI from MD5 cd7fdec25f715d3b936fd1ec4c7191a7
[09:15:04] Folder '/home/ins/GenomeAnalysis/output/4_prokka/SRR4342133_bacteria' already exists! Please change --outdir or use --force
[09:15:05] This is prokka 1.14.6
[09:15:05] Written by Torsten Seemann <torsten.seemann@gmail.com>
[09:15:05] Homepage is https://github.com/tseemann/prokka
[09:15:05] Local time is Fri Apr 23 09:15:05 2021
[09:15:05] You are ins
[09:15:05] Operating system is linux
[09:15:05] You have BioPerl 1.007001
[09:15:05] System has 16 cores.
[09:15:05] Will use maximum of 8 cores.
[09:15:05] Annotating as >>> Bacteria <<<
[09:15:05] Generating locus_tag from '/home/ins/GenomeAnalysis/output/3_metabat/SRR4342133_binning/SRR4342133_binning.26.fa' contents.
[09:15:05] Setting --locustag HOLFIAIN from MD5 185f2a27bcc5acf5e659e0925a9d9464
[09:15:05] Folder '/home/ins/GenomeAnalysis/output/4_prokka/SRR4342133_bacteria' already exists! Please change --outdir or use --force
[09:15:05] This is prokka 1.14.6
[09:15:05] Written by Torsten Seemann <torsten.seemann@gmail.com>
[09:15:05] Homepage is https://github.com/tseemann/prokka
[09:15:05] Local time is Fri Apr 23 09:15:05 2021
[09:15:05] You are ins
[09:15:05] Operating system is linux
[09:15:05] You have BioPerl 1.007001
[09:15:05] System has 16 cores.
[09:15:05] Will use maximum of 8 cores.
[09:15:05] Annotating as >>> Bacteria <<<
[09:15:05] Generating locus_tag from '/home/ins/GenomeAnalysis/output/3_metabat/SRR4342133_binning/SRR4342133_binning.27.fa' contents.
[09:15:05] Setting --locustag LPFOHLJP from MD5 59f81539c1e75b3c9d724de88f12da59
[09:15:05] Folder '/home/ins/GenomeAnalysis/output/4_prokka/SRR4342133_bacteria' already exists! Please change --outdir or use --force
[09:15:05] This is prokka 1.14.6
[09:15:05] Written by Torsten Seemann <torsten.seemann@gmail.com>
[09:15:05] Homepage is https://github.com/tseemann/prokka
[09:15:05] Local time is Fri Apr 23 09:15:05 2021
[09:15:05] You are ins
[09:15:05] Operating system is linux
[09:15:05] You have BioPerl 1.007001
[09:15:05] System has 16 cores.
[09:15:05] Will use maximum of 8 cores.
[09:15:05] Annotating as >>> Bacteria <<<
[09:15:05] Generating locus_tag from '/home/ins/GenomeAnalysis/output/3_metabat/SRR4342133_binning/SRR4342133_binning.28.fa' contents.
[09:15:05] Setting --locustag CLELAOBE from MD5 c5e5a8be3273d356e10363d75a16c3fc
[09:15:05] Folder '/home/ins/GenomeAnalysis/output/4_prokka/SRR4342133_bacteria' already exists! Please change --outdir or use --force
[09:15:05] This is prokka 1.14.6
[09:15:05] Written by Torsten Seemann <torsten.seemann@gmail.com>
[09:15:05] Homepage is https://github.com/tseemann/prokka
[09:15:05] Local time is Fri Apr 23 09:15:05 2021
[09:15:05] You are ins
[09:15:05] Operating system is linux
[09:15:05] You have BioPerl 1.007001
[09:15:05] System has 16 cores.
[09:15:05] Will use maximum of 8 cores.
[09:15:05] Annotating as >>> Bacteria <<<
[09:15:05] Generating locus_tag from '/home/ins/GenomeAnalysis/output/3_metabat/SRR4342133_binning/SRR4342133_binning.29.fa' contents.
[09:15:05] Setting --locustag ICNNFPLF from MD5 2c77f95f796df25f3e39c6249b5743fb
[09:15:05] Folder '/home/ins/GenomeAnalysis/output/4_prokka/SRR4342133_bacteria' already exists! Please change --outdir or use --force
[09:15:06] This is prokka 1.14.6
[09:15:06] Written by Torsten Seemann <torsten.seemann@gmail.com>
[09:15:06] Homepage is https://github.com/tseemann/prokka
[09:15:06] Local time is Fri Apr 23 09:15:06 2021
[09:15:06] You are ins
[09:15:06] Operating system is linux
[09:15:06] You have BioPerl 1.007001
[09:15:06] System has 16 cores.
[09:15:06] Will use maximum of 8 cores.
[09:15:06] Annotating as >>> Bacteria <<<
[09:15:06] Generating locus_tag from '/home/ins/GenomeAnalysis/output/3_metabat/SRR4342133_binning/SRR4342133_binning.2.fa' contents.
[09:15:06] Setting --locustag HPGLJHND from MD5 1905317dec292380b04f2f63e7235aba
[09:15:06] Folder '/home/ins/GenomeAnalysis/output/4_prokka/SRR4342133_bacteria' already exists! Please change --outdir or use --force
[09:15:06] This is prokka 1.14.6
[09:15:06] Written by Torsten Seemann <torsten.seemann@gmail.com>
[09:15:06] Homepage is https://github.com/tseemann/prokka
[09:15:06] Local time is Fri Apr 23 09:15:06 2021
[09:15:06] You are ins
[09:15:06] Operating system is linux
[09:15:06] You have BioPerl 1.007001
[09:15:06] System has 16 cores.
[09:15:06] Will use maximum of 8 cores.
[09:15:06] Annotating as >>> Bacteria <<<
[09:15:06] Generating locus_tag from '/home/ins/GenomeAnalysis/output/3_metabat/SRR4342133_binning/SRR4342133_binning.30.fa' contents.
[09:15:06] Setting --locustag GNKNCJNI from MD5 0747c37264bd44fb3d3efbe12bfb5e21
[09:15:06] Folder '/home/ins/GenomeAnalysis/output/4_prokka/SRR4342133_bacteria' already exists! Please change --outdir or use --force
[09:15:06] This is prokka 1.14.6
[09:15:06] Written by Torsten Seemann <torsten.seemann@gmail.com>
[09:15:06] Homepage is https://github.com/tseemann/prokka
[09:15:06] Local time is Fri Apr 23 09:15:06 2021
[09:15:06] You are ins
[09:15:06] Operating system is linux
[09:15:06] You have BioPerl 1.007001
[09:15:06] System has 16 cores.
[09:15:06] Will use maximum of 8 cores.
[09:15:06] Annotating as >>> Bacteria <<<
[09:15:06] Generating locus_tag from '/home/ins/GenomeAnalysis/output/3_metabat/SRR4342133_binning/SRR4342133_binning.31.fa' contents.
[09:15:06] Setting --locustag KHGDGPJP from MD5 410d093909f3c7d3bef00a4326f37e6c
[09:15:06] Folder '/home/ins/GenomeAnalysis/output/4_prokka/SRR4342133_bacteria' already exists! Please change --outdir or use --force
[09:15:06] This is prokka 1.14.6
[09:15:06] Written by Torsten Seemann <torsten.seemann@gmail.com>
[09:15:06] Homepage is https://github.com/tseemann/prokka
[09:15:06] Local time is Fri Apr 23 09:15:06 2021
[09:15:06] You are ins
[09:15:06] Operating system is linux
[09:15:06] You have BioPerl 1.007001
[09:15:06] System has 16 cores.
[09:15:06] Will use maximum of 8 cores.
[09:15:06] Annotating as >>> Bacteria <<<
[09:15:06] Generating locus_tag from '/home/ins/GenomeAnalysis/output/3_metabat/SRR4342133_binning/SRR4342133_binning.3.fa' contents.
[09:15:06] Setting --locustag BPPLJFOK from MD5 b9953f842242bd92ef7b12bd58dfba58
[09:15:06] Folder '/home/ins/GenomeAnalysis/output/4_prokka/SRR4342133_bacteria' already exists! Please change --outdir or use --force
[09:15:07] This is prokka 1.14.6
[09:15:07] Written by Torsten Seemann <torsten.seemann@gmail.com>
[09:15:07] Homepage is https://github.com/tseemann/prokka
[09:15:07] Local time is Fri Apr 23 09:15:07 2021
[09:15:07] You are ins
[09:15:07] Operating system is linux
[09:15:07] You have BioPerl 1.007001
[09:15:07] System has 16 cores.
[09:15:07] Will use maximum of 8 cores.
[09:15:07] Annotating as >>> Bacteria <<<
[09:15:07] Generating locus_tag from '/home/ins/GenomeAnalysis/output/3_metabat/SRR4342133_binning/SRR4342133_binning.4.fa' contents.
[09:15:07] Setting --locustag INCDHIPP from MD5 27cd12993600d7463d1e0b84581621fb
[09:15:07] Folder '/home/ins/GenomeAnalysis/output/4_prokka/SRR4342133_bacteria' already exists! Please change --outdir or use --force
[09:15:07] This is prokka 1.14.6
[09:15:07] Written by Torsten Seemann <torsten.seemann@gmail.com>
[09:15:07] Homepage is https://github.com/tseemann/prokka
[09:15:07] Local time is Fri Apr 23 09:15:07 2021
[09:15:07] You are ins
[09:15:07] Operating system is linux
[09:15:07] You have BioPerl 1.007001
[09:15:07] System has 16 cores.
[09:15:07] Will use maximum of 8 cores.
[09:15:07] Annotating as >>> Bacteria <<<
[09:15:07] Generating locus_tag from '/home/ins/GenomeAnalysis/output/3_metabat/SRR4342133_binning/SRR4342133_binning.5.fa' contents.
[09:15:07] Setting --locustag KDGMNFHN from MD5 4d067f176a7c994ebf9160381c8ceca6
[09:15:07] Folder '/home/ins/GenomeAnalysis/output/4_prokka/SRR4342133_bacteria' already exists! Please change --outdir or use --force
[09:15:07] This is prokka 1.14.6
[09:15:07] Written by Torsten Seemann <torsten.seemann@gmail.com>
[09:15:07] Homepage is https://github.com/tseemann/prokka
[09:15:07] Local time is Fri Apr 23 09:15:07 2021
[09:15:07] You are ins
[09:15:07] Operating system is linux
[09:15:07] You have BioPerl 1.007001
[09:15:07] System has 16 cores.
[09:15:07] Will use maximum of 8 cores.
[09:15:07] Annotating as >>> Bacteria <<<
[09:15:07] Generating locus_tag from '/home/ins/GenomeAnalysis/output/3_metabat/SRR4342133_binning/SRR4342133_binning.6.fa' contents.
[09:15:07] Setting --locustag EIPLJJKJ from MD5 e29533435f89332940eebf7a0ab6b654
[09:15:07] Folder '/home/ins/GenomeAnalysis/output/4_prokka/SRR4342133_bacteria' already exists! Please change --outdir or use --force
[09:15:07] This is prokka 1.14.6
[09:15:07] Written by Torsten Seemann <torsten.seemann@gmail.com>
[09:15:07] Homepage is https://github.com/tseemann/prokka
[09:15:07] Local time is Fri Apr 23 09:15:07 2021
[09:15:07] You are ins
[09:15:07] Operating system is linux
[09:15:07] You have BioPerl 1.007001
[09:15:07] System has 16 cores.
[09:15:07] Will use maximum of 8 cores.
[09:15:07] Annotating as >>> Bacteria <<<
[09:15:07] Generating locus_tag from '/home/ins/GenomeAnalysis/output/3_metabat/SRR4342133_binning/SRR4342133_binning.7.fa' contents.
[09:15:07] Setting --locustag EAKCLOJG from MD5 ea4c5830ec5435a43a4f421b7b452daa
[09:15:07] Folder '/home/ins/GenomeAnalysis/output/4_prokka/SRR4342133_bacteria' already exists! Please change --outdir or use --force
[09:15:08] This is prokka 1.14.6
[09:15:08] Written by Torsten Seemann <torsten.seemann@gmail.com>
[09:15:08] Homepage is https://github.com/tseemann/prokka
[09:15:08] Local time is Fri Apr 23 09:15:08 2021
[09:15:08] You are ins
[09:15:08] Operating system is linux
[09:15:08] You have BioPerl 1.007001
[09:15:08] System has 16 cores.
[09:15:08] Will use maximum of 8 cores.
[09:15:08] Annotating as >>> Bacteria <<<
[09:15:08] Generating locus_tag from '/home/ins/GenomeAnalysis/output/3_metabat/SRR4342133_binning/SRR4342133_binning.8.fa' contents.
[09:15:08] Setting --locustag EIOCEPAM from MD5 e28ce9a6a949f87f87cf955fc420971f
[09:15:08] Folder '/home/ins/GenomeAnalysis/output/4_prokka/SRR4342133_bacteria' already exists! Please change --outdir or use --force
[09:15:08] This is prokka 1.14.6
[09:15:08] Written by Torsten Seemann <torsten.seemann@gmail.com>
[09:15:08] Homepage is https://github.com/tseemann/prokka
[09:15:08] Local time is Fri Apr 23 09:15:08 2021
[09:15:08] You are ins
[09:15:08] Operating system is linux
[09:15:08] You have BioPerl 1.007001
[09:15:08] System has 16 cores.
[09:15:08] Will use maximum of 8 cores.
[09:15:08] Annotating as >>> Bacteria <<<
[09:15:08] Generating locus_tag from '/home/ins/GenomeAnalysis/output/3_metabat/SRR4342133_binning/SRR4342133_binning.9.fa' contents.
[09:15:08] Setting --locustag PHACGNJB from MD5 91ac073bd9ee89990a9a9c1b613cf43e
[09:15:08] Folder '/home/ins/GenomeAnalysis/output/4_prokka/SRR4342133_bacteria' already exists! Please change --outdir or use --force
/var/spool/slurmd/job4490735/slurm_script: line 39: syntax error: unexpected end of file
