[09:19:04] This is prokka 1.14.6
[09:19:04] Written by Torsten Seemann <torsten.seemann@gmail.com>
[09:19:04] Homepage is https://github.com/tseemann/prokka
[09:19:04] Local time is Fri Apr 23 09:19:04 2021
[09:19:04] You are ins
[09:19:04] Operating system is linux
[09:19:04] You have BioPerl 1.007001
[09:19:04] System has 16 cores.
[09:19:04] Will use maximum of 8 cores.
[09:19:04] Annotating as >>> Bacteria <<<
[09:19:04] Generating locus_tag from '/home/ins/GenomeAnalysis/output/3_metabat/SRR4342129_binning/SRR4342129_binning.10.fa' contents.
[09:19:04] Setting --locustag HOGLPIAO from MD5 180592a881a0f482d52e65d8509fb172
[09:19:04] Creating new output folder: /home/ins/GenomeAnalysis/output/4_prokka/SRR4342129_bacteria
[09:19:04] Running: mkdir -p \/home\/ins\/GenomeAnalysis\/output\/4_prokka\/SRR4342129_bacteria
[09:19:04] Using filename prefix: /home/ins/GenomeAnalysis/output/3_metabat/SRR4342129_binning/SRR4342129_binning.10.fa.XXX
[09:19:04] Setting HMMER_NCPU=1
[09:19:04] Writing log to: /home/ins/GenomeAnalysis/output/4_prokka/SRR4342129_bacteria//home/ins/GenomeAnalysis/output/3_metabat/SRR4342129_binning/SRR4342129_binning.10.fa.log
[09:19:04] Can't open logfile
[09:19:04] This is prokka 1.14.6
[09:19:04] Written by Torsten Seemann <torsten.seemann@gmail.com>
[09:19:04] Homepage is https://github.com/tseemann/prokka
[09:19:04] Local time is Fri Apr 23 09:19:04 2021
[09:19:04] You are ins
[09:19:04] Operating system is linux
[09:19:04] You have BioPerl 1.007001
[09:19:04] System has 16 cores.
[09:19:04] Will use maximum of 8 cores.
[09:19:04] Annotating as >>> Bacteria <<<
[09:19:04] Generating locus_tag from '/home/ins/GenomeAnalysis/output/3_metabat/SRR4342129_binning/SRR4342129_binning.11.fa' contents.
[09:19:04] Setting --locustag BPPDENIC from MD5 b99de72c39ddae2329599938bbe6b600
[09:19:04] Folder '/home/ins/GenomeAnalysis/output/4_prokka/SRR4342129_bacteria' already exists! Please change --outdir or use --force
[09:19:05] This is prokka 1.14.6
[09:19:05] Written by Torsten Seemann <torsten.seemann@gmail.com>
[09:19:05] Homepage is https://github.com/tseemann/prokka
[09:19:05] Local time is Fri Apr 23 09:19:05 2021
[09:19:05] You are ins
[09:19:05] Operating system is linux
[09:19:05] You have BioPerl 1.007001
[09:19:05] System has 16 cores.
[09:19:05] Will use maximum of 8 cores.
[09:19:05] Annotating as >>> Bacteria <<<
[09:19:05] Generating locus_tag from '/home/ins/GenomeAnalysis/output/3_metabat/SRR4342129_binning/SRR4342129_binning.12.fa' contents.
[09:19:05] Setting --locustag ELFGKKCN from MD5 e5f044c70367cfa31cc43bc86858e89c
[09:19:05] Folder '/home/ins/GenomeAnalysis/output/4_prokka/SRR4342129_bacteria' already exists! Please change --outdir or use --force
[09:19:05] This is prokka 1.14.6
[09:19:05] Written by Torsten Seemann <torsten.seemann@gmail.com>
[09:19:05] Homepage is https://github.com/tseemann/prokka
[09:19:05] Local time is Fri Apr 23 09:19:05 2021
[09:19:05] You are ins
[09:19:05] Operating system is linux
[09:19:05] You have BioPerl 1.007001
[09:19:05] System has 16 cores.
[09:19:05] Will use maximum of 8 cores.
[09:19:05] Annotating as >>> Bacteria <<<
[09:19:05] Generating locus_tag from '/home/ins/GenomeAnalysis/output/3_metabat/SRR4342129_binning/SRR4342129_binning.13.fa' contents.
[09:19:05] Setting --locustag NNPLDJBB from MD5 7795d3bb99eb5beb2383114e859c032a
[09:19:05] Folder '/home/ins/GenomeAnalysis/output/4_prokka/SRR4342129_bacteria' already exists! Please change --outdir or use --force
[09:19:05] This is prokka 1.14.6
[09:19:05] Written by Torsten Seemann <torsten.seemann@gmail.com>
[09:19:05] Homepage is https://github.com/tseemann/prokka
[09:19:05] Local time is Fri Apr 23 09:19:05 2021
[09:19:05] You are ins
[09:19:05] Operating system is linux
[09:19:05] You have BioPerl 1.007001
[09:19:05] System has 16 cores.
[09:19:05] Will use maximum of 8 cores.
[09:19:05] Annotating as >>> Bacteria <<<
[09:19:05] Generating locus_tag from '/home/ins/GenomeAnalysis/output/3_metabat/SRR4342129_binning/SRR4342129_binning.14.fa' contents.
[09:19:05] Setting --locustag AMACPPBO from MD5 a6ac99b8a6f75573e5eb067e85f472ac
[09:19:05] Folder '/home/ins/GenomeAnalysis/output/4_prokka/SRR4342129_bacteria' already exists! Please change --outdir or use --force
[09:19:05] This is prokka 1.14.6
[09:19:05] Written by Torsten Seemann <torsten.seemann@gmail.com>
[09:19:05] Homepage is https://github.com/tseemann/prokka
[09:19:05] Local time is Fri Apr 23 09:19:05 2021
[09:19:05] You are ins
[09:19:05] Operating system is linux
[09:19:05] You have BioPerl 1.007001
[09:19:05] System has 16 cores.
[09:19:05] Will use maximum of 8 cores.
[09:19:05] Annotating as >>> Bacteria <<<
[09:19:05] Generating locus_tag from '/home/ins/GenomeAnalysis/output/3_metabat/SRR4342129_binning/SRR4342129_binning.15.fa' contents.
[09:19:05] Setting --locustag ACHBOKIK from MD5 ac1b8424055113bea1cce6888535b8ed
[09:19:05] Folder '/home/ins/GenomeAnalysis/output/4_prokka/SRR4342129_bacteria' already exists! Please change --outdir or use --force
[09:19:06] This is prokka 1.14.6
[09:19:06] Written by Torsten Seemann <torsten.seemann@gmail.com>
[09:19:06] Homepage is https://github.com/tseemann/prokka
[09:19:06] Local time is Fri Apr 23 09:19:05 2021
[09:19:06] You are ins
[09:19:06] Operating system is linux
[09:19:06] You have BioPerl 1.007001
[09:19:06] System has 16 cores.
[09:19:06] Will use maximum of 8 cores.
[09:19:06] Annotating as >>> Bacteria <<<
[09:19:06] Generating locus_tag from '/home/ins/GenomeAnalysis/output/3_metabat/SRR4342129_binning/SRR4342129_binning.16.fa' contents.
[09:19:06] Setting --locustag HADFMPKI from MD5 1adf694203bfa119b6a2dafa522a61b5
[09:19:06] Folder '/home/ins/GenomeAnalysis/output/4_prokka/SRR4342129_bacteria' already exists! Please change --outdir or use --force
[09:19:06] This is prokka 1.14.6
[09:19:06] Written by Torsten Seemann <torsten.seemann@gmail.com>
[09:19:06] Homepage is https://github.com/tseemann/prokka
[09:19:06] Local time is Fri Apr 23 09:19:06 2021
[09:19:06] You are ins
[09:19:06] Operating system is linux
[09:19:06] You have BioPerl 1.007001
[09:19:06] System has 16 cores.
[09:19:06] Will use maximum of 8 cores.
[09:19:06] Annotating as >>> Bacteria <<<
[09:19:06] Generating locus_tag from '/home/ins/GenomeAnalysis/output/3_metabat/SRR4342129_binning/SRR4342129_binning.17.fa' contents.
[09:19:06] Setting --locustag BHCJIFFG from MD5 b1c32ff01922092cd860099f5f0ca16e
[09:19:06] Folder '/home/ins/GenomeAnalysis/output/4_prokka/SRR4342129_bacteria' already exists! Please change --outdir or use --force
[09:19:06] This is prokka 1.14.6
[09:19:06] Written by Torsten Seemann <torsten.seemann@gmail.com>
[09:19:06] Homepage is https://github.com/tseemann/prokka
[09:19:06] Local time is Fri Apr 23 09:19:06 2021
[09:19:06] You are ins
[09:19:06] Operating system is linux
[09:19:06] You have BioPerl 1.007001
[09:19:06] System has 16 cores.
[09:19:06] Will use maximum of 8 cores.
[09:19:06] Annotating as >>> Bacteria <<<
[09:19:06] Generating locus_tag from '/home/ins/GenomeAnalysis/output/3_metabat/SRR4342129_binning/SRR4342129_binning.18.fa' contents.
[09:19:06] Setting --locustag MGNBBBGJ from MD5 607bbb03d498e53f0da53d5e4165b9c6
[09:19:06] Folder '/home/ins/GenomeAnalysis/output/4_prokka/SRR4342129_bacteria' already exists! Please change --outdir or use --force
[09:19:06] This is prokka 1.14.6
[09:19:06] Written by Torsten Seemann <torsten.seemann@gmail.com>
[09:19:06] Homepage is https://github.com/tseemann/prokka
[09:19:06] Local time is Fri Apr 23 09:19:06 2021
[09:19:06] You are ins
[09:19:06] Operating system is linux
[09:19:06] You have BioPerl 1.007001
[09:19:06] System has 16 cores.
[09:19:06] Will use maximum of 8 cores.
[09:19:06] Annotating as >>> Bacteria <<<
[09:19:06] Generating locus_tag from '/home/ins/GenomeAnalysis/output/3_metabat/SRR4342129_binning/SRR4342129_binning.19.fa' contents.
[09:19:06] Setting --locustag OONCOKNA from MD5 887c847a8db55a246c838946e9474487
[09:19:06] Folder '/home/ins/GenomeAnalysis/output/4_prokka/SRR4342129_bacteria' already exists! Please change --outdir or use --force
[09:19:06] This is prokka 1.14.6
[09:19:06] Written by Torsten Seemann <torsten.seemann@gmail.com>
[09:19:06] Homepage is https://github.com/tseemann/prokka
[09:19:06] Local time is Fri Apr 23 09:19:06 2021
[09:19:06] You are ins
[09:19:06] Operating system is linux
[09:19:06] You have BioPerl 1.007001
[09:19:06] System has 16 cores.
[09:19:06] Will use maximum of 8 cores.
[09:19:06] Annotating as >>> Bacteria <<<
[09:19:06] Generating locus_tag from '/home/ins/GenomeAnalysis/output/3_metabat/SRR4342129_binning/SRR4342129_binning.1.fa' contents.
[09:19:06] Setting --locustag OEJEFFAH from MD5 8e3effa149b6521ea38c6328aceb3471
[09:19:06] Folder '/home/ins/GenomeAnalysis/output/4_prokka/SRR4342129_bacteria' already exists! Please change --outdir or use --force
[09:19:07] This is prokka 1.14.6
[09:19:07] Written by Torsten Seemann <torsten.seemann@gmail.com>
[09:19:07] Homepage is https://github.com/tseemann/prokka
[09:19:07] Local time is Fri Apr 23 09:19:07 2021
[09:19:07] You are ins
[09:19:07] Operating system is linux
[09:19:07] You have BioPerl 1.007001
[09:19:07] System has 16 cores.
[09:19:07] Will use maximum of 8 cores.
[09:19:07] Annotating as >>> Bacteria <<<
[09:19:07] Generating locus_tag from '/home/ins/GenomeAnalysis/output/3_metabat/SRR4342129_binning/SRR4342129_binning.20.fa' contents.
[09:19:07] Setting --locustag MBOLLBBG from MD5 6b855bb01f4f490321d65a1147dee3f0
[09:19:07] Folder '/home/ins/GenomeAnalysis/output/4_prokka/SRR4342129_bacteria' already exists! Please change --outdir or use --force
[09:19:07] This is prokka 1.14.6
[09:19:07] Written by Torsten Seemann <torsten.seemann@gmail.com>
[09:19:07] Homepage is https://github.com/tseemann/prokka
[09:19:07] Local time is Fri Apr 23 09:19:07 2021
[09:19:07] You are ins
[09:19:07] Operating system is linux
[09:19:07] You have BioPerl 1.007001
[09:19:07] System has 16 cores.
[09:19:07] Will use maximum of 8 cores.
[09:19:07] Annotating as >>> Bacteria <<<
[09:19:07] Generating locus_tag from '/home/ins/GenomeAnalysis/output/3_metabat/SRR4342129_binning/SRR4342129_binning.21.fa' contents.
[09:19:07] Setting --locustag JLMAHDHJ from MD5 356a1d131c72fb8afe290fa7e6f607df
[09:19:07] Folder '/home/ins/GenomeAnalysis/output/4_prokka/SRR4342129_bacteria' already exists! Please change --outdir or use --force
[09:19:07] This is prokka 1.14.6
[09:19:07] Written by Torsten Seemann <torsten.seemann@gmail.com>
[09:19:07] Homepage is https://github.com/tseemann/prokka
[09:19:07] Local time is Fri Apr 23 09:19:07 2021
[09:19:07] You are ins
[09:19:07] Operating system is linux
[09:19:07] You have BioPerl 1.007001
[09:19:07] System has 16 cores.
[09:19:07] Will use maximum of 8 cores.
[09:19:07] Annotating as >>> Bacteria <<<
[09:19:07] Generating locus_tag from '/home/ins/GenomeAnalysis/output/3_metabat/SRR4342129_binning/SRR4342129_binning.22.fa' contents.
[09:19:07] Setting --locustag FCKCBJAK from MD5 fc4cb3a4e71f5aa8e7bc7a3c9062d97f
[09:19:07] Folder '/home/ins/GenomeAnalysis/output/4_prokka/SRR4342129_bacteria' already exists! Please change --outdir or use --force
[09:19:07] This is prokka 1.14.6
[09:19:07] Written by Torsten Seemann <torsten.seemann@gmail.com>
[09:19:07] Homepage is https://github.com/tseemann/prokka
[09:19:07] Local time is Fri Apr 23 09:19:07 2021
[09:19:07] You are ins
[09:19:07] Operating system is linux
[09:19:07] You have BioPerl 1.007001
[09:19:07] System has 16 cores.
[09:19:07] Will use maximum of 8 cores.
[09:19:07] Annotating as >>> Bacteria <<<
[09:19:07] Generating locus_tag from '/home/ins/GenomeAnalysis/output/3_metabat/SRR4342129_binning/SRR4342129_binning.23.fa' contents.
[09:19:07] Setting --locustag GMCCCAAC from MD5 06cccaac5f82688507ceaf8d788f0c55
[09:19:07] Folder '/home/ins/GenomeAnalysis/output/4_prokka/SRR4342129_bacteria' already exists! Please change --outdir or use --force
[09:19:08] This is prokka 1.14.6
[09:19:08] Written by Torsten Seemann <torsten.seemann@gmail.com>
[09:19:08] Homepage is https://github.com/tseemann/prokka
[09:19:08] Local time is Fri Apr 23 09:19:08 2021
[09:19:08] You are ins
[09:19:08] Operating system is linux
[09:19:08] You have BioPerl 1.007001
[09:19:08] System has 16 cores.
[09:19:08] Will use maximum of 8 cores.
[09:19:08] Annotating as >>> Bacteria <<<
[09:19:08] Generating locus_tag from '/home/ins/GenomeAnalysis/output/3_metabat/SRR4342129_binning/SRR4342129_binning.24.fa' contents.
[09:19:08] Setting --locustag OABLDBGP from MD5 8ab5db09a3d28c79dc1fc392e6e7bcf4
[09:19:08] Folder '/home/ins/GenomeAnalysis/output/4_prokka/SRR4342129_bacteria' already exists! Please change --outdir or use --force
[09:19:08] This is prokka 1.14.6
[09:19:08] Written by Torsten Seemann <torsten.seemann@gmail.com>
[09:19:08] Homepage is https://github.com/tseemann/prokka
[09:19:08] Local time is Fri Apr 23 09:19:08 2021
[09:19:08] You are ins
[09:19:08] Operating system is linux
[09:19:08] You have BioPerl 1.007001
[09:19:08] System has 16 cores.
[09:19:08] Will use maximum of 8 cores.
[09:19:08] Annotating as >>> Bacteria <<<
[09:19:08] Generating locus_tag from '/home/ins/GenomeAnalysis/output/3_metabat/SRR4342129_binning/SRR4342129_binning.25.fa' contents.
[09:19:08] Setting --locustag POCEKDIC from MD5 98ce4d2c83569010bab8b5260c060504
[09:19:08] Folder '/home/ins/GenomeAnalysis/output/4_prokka/SRR4342129_bacteria' already exists! Please change --outdir or use --force
[09:19:08] This is prokka 1.14.6
[09:19:08] Written by Torsten Seemann <torsten.seemann@gmail.com>
[09:19:08] Homepage is https://github.com/tseemann/prokka
[09:19:08] Local time is Fri Apr 23 09:19:08 2021
[09:19:08] You are ins
[09:19:08] Operating system is linux
[09:19:08] You have BioPerl 1.007001
[09:19:08] System has 16 cores.
[09:19:08] Will use maximum of 8 cores.
[09:19:08] Annotating as >>> Bacteria <<<
[09:19:08] Generating locus_tag from '/home/ins/GenomeAnalysis/output/3_metabat/SRR4342129_binning/SRR4342129_binning.26.fa' contents.
[09:19:08] Setting --locustag JOBHHCNP from MD5 38b11c79452d9a04559c0503c7471bf9
[09:19:08] Folder '/home/ins/GenomeAnalysis/output/4_prokka/SRR4342129_bacteria' already exists! Please change --outdir or use --force
[09:19:08] This is prokka 1.14.6
[09:19:08] Written by Torsten Seemann <torsten.seemann@gmail.com>
[09:19:08] Homepage is https://github.com/tseemann/prokka
[09:19:08] Local time is Fri Apr 23 09:19:08 2021
[09:19:08] You are ins
[09:19:08] Operating system is linux
[09:19:08] You have BioPerl 1.007001
[09:19:08] System has 16 cores.
[09:19:08] Will use maximum of 8 cores.
[09:19:08] Annotating as >>> Bacteria <<<
[09:19:08] Generating locus_tag from '/home/ins/GenomeAnalysis/output/3_metabat/SRR4342129_binning/SRR4342129_binning.2.fa' contents.
[09:19:08] Setting --locustag HELFCAFK from MD5 1e5fcaf4ff4b16347394624986148c2c
[09:19:08] Folder '/home/ins/GenomeAnalysis/output/4_prokka/SRR4342129_bacteria' already exists! Please change --outdir or use --force
[09:19:09] This is prokka 1.14.6
[09:19:09] Written by Torsten Seemann <torsten.seemann@gmail.com>
[09:19:09] Homepage is https://github.com/tseemann/prokka
[09:19:09] Local time is Fri Apr 23 09:19:09 2021
[09:19:09] You are ins
[09:19:09] Operating system is linux
[09:19:09] You have BioPerl 1.007001
[09:19:09] System has 16 cores.
[09:19:09] Will use maximum of 8 cores.
[09:19:09] Annotating as >>> Bacteria <<<
[09:19:09] Generating locus_tag from '/home/ins/GenomeAnalysis/output/3_metabat/SRR4342129_binning/SRR4342129_binning.3.fa' contents.
[09:19:09] Setting --locustag LCKANIEM from MD5 5c4a72e670593034c393ddedf44826f8
[09:19:09] Folder '/home/ins/GenomeAnalysis/output/4_prokka/SRR4342129_bacteria' already exists! Please change --outdir or use --force
[09:19:09] This is prokka 1.14.6
[09:19:09] Written by Torsten Seemann <torsten.seemann@gmail.com>
[09:19:09] Homepage is https://github.com/tseemann/prokka
[09:19:09] Local time is Fri Apr 23 09:19:09 2021
[09:19:09] You are ins
[09:19:09] Operating system is linux
[09:19:09] You have BioPerl 1.007001
[09:19:09] System has 16 cores.
[09:19:09] Will use maximum of 8 cores.
[09:19:09] Annotating as >>> Bacteria <<<
[09:19:09] Generating locus_tag from '/home/ins/GenomeAnalysis/output/3_metabat/SRR4342129_binning/SRR4342129_binning.4.fa' contents.
[09:19:09] Setting --locustag PPIAOPFF from MD5 992a89ff19cc068dba5a6bae54a28636
[09:19:09] Folder '/home/ins/GenomeAnalysis/output/4_prokka/SRR4342129_bacteria' already exists! Please change --outdir or use --force
[09:19:09] This is prokka 1.14.6
[09:19:09] Written by Torsten Seemann <torsten.seemann@gmail.com>
[09:19:09] Homepage is https://github.com/tseemann/prokka
[09:19:09] Local time is Fri Apr 23 09:19:09 2021
[09:19:09] You are ins
[09:19:09] Operating system is linux
[09:19:09] You have BioPerl 1.007001
[09:19:09] System has 16 cores.
[09:19:09] Will use maximum of 8 cores.
[09:19:09] Annotating as >>> Bacteria <<<
[09:19:09] Generating locus_tag from '/home/ins/GenomeAnalysis/output/3_metabat/SRR4342129_binning/SRR4342129_binning.5.fa' contents.
[09:19:09] Setting --locustag PLMEOGGF from MD5 956e800fb3114379cad0dbee17d0a94d
[09:19:09] Folder '/home/ins/GenomeAnalysis/output/4_prokka/SRR4342129_bacteria' already exists! Please change --outdir or use --force
[09:19:09] This is prokka 1.14.6
[09:19:09] Written by Torsten Seemann <torsten.seemann@gmail.com>
[09:19:09] Homepage is https://github.com/tseemann/prokka
[09:19:09] Local time is Fri Apr 23 09:19:09 2021
[09:19:09] You are ins
[09:19:09] Operating system is linux
[09:19:09] You have BioPerl 1.007001
[09:19:09] System has 16 cores.
[09:19:09] Will use maximum of 8 cores.
[09:19:09] Annotating as >>> Bacteria <<<
[09:19:09] Generating locus_tag from '/home/ins/GenomeAnalysis/output/3_metabat/SRR4342129_binning/SRR4342129_binning.6.fa' contents.
[09:19:09] Setting --locustag EHEFFNFA from MD5 e1eff7fa16ab55b8ea626adde691eed0
[09:19:09] Folder '/home/ins/GenomeAnalysis/output/4_prokka/SRR4342129_bacteria' already exists! Please change --outdir or use --force
[09:19:10] This is prokka 1.14.6
[09:19:10] Written by Torsten Seemann <torsten.seemann@gmail.com>
[09:19:10] Homepage is https://github.com/tseemann/prokka
[09:19:10] Local time is Fri Apr 23 09:19:10 2021
[09:19:10] You are ins
[09:19:10] Operating system is linux
[09:19:10] You have BioPerl 1.007001
[09:19:10] System has 16 cores.
[09:19:10] Will use maximum of 8 cores.
[09:19:10] Annotating as >>> Bacteria <<<
[09:19:10] Generating locus_tag from '/home/ins/GenomeAnalysis/output/3_metabat/SRR4342129_binning/SRR4342129_binning.7.fa' contents.
[09:19:10] Setting --locustag KGHHOBPN from MD5 40118b97e631cfc32f33101ca79a7aec
[09:19:10] Folder '/home/ins/GenomeAnalysis/output/4_prokka/SRR4342129_bacteria' already exists! Please change --outdir or use --force
[09:19:10] This is prokka 1.14.6
[09:19:10] Written by Torsten Seemann <torsten.seemann@gmail.com>
[09:19:10] Homepage is https://github.com/tseemann/prokka
[09:19:10] Local time is Fri Apr 23 09:19:10 2021
[09:19:10] You are ins
[09:19:10] Operating system is linux
[09:19:10] You have BioPerl 1.007001
[09:19:10] System has 16 cores.
[09:19:10] Will use maximum of 8 cores.
[09:19:10] Annotating as >>> Bacteria <<<
[09:19:10] Generating locus_tag from '/home/ins/GenomeAnalysis/output/3_metabat/SRR4342129_binning/SRR4342129_binning.8.fa' contents.
[09:19:10] Setting --locustag ONKBKMOG from MD5 874b46802541c5039cfbc9e75749834d
[09:19:10] Folder '/home/ins/GenomeAnalysis/output/4_prokka/SRR4342129_bacteria' already exists! Please change --outdir or use --force
[09:19:10] This is prokka 1.14.6
[09:19:10] Written by Torsten Seemann <torsten.seemann@gmail.com>
[09:19:10] Homepage is https://github.com/tseemann/prokka
[09:19:10] Local time is Fri Apr 23 09:19:10 2021
[09:19:10] You are ins
[09:19:10] Operating system is linux
[09:19:10] You have BioPerl 1.007001
[09:19:10] System has 16 cores.
[09:19:10] Will use maximum of 8 cores.
[09:19:10] Annotating as >>> Bacteria <<<
[09:19:10] Generating locus_tag from '/home/ins/GenomeAnalysis/output/3_metabat/SRR4342129_binning/SRR4342129_binning.9.fa' contents.
[09:19:10] Setting --locustag IIPOEDGP from MD5 2298ed09d19215e939276c216ce6e7b0
[09:19:10] Folder '/home/ins/GenomeAnalysis/output/4_prokka/SRR4342129_bacteria' already exists! Please change --outdir or use --force
[09:19:10] This is prokka 1.14.6
[09:19:10] Written by Torsten Seemann <torsten.seemann@gmail.com>
[09:19:10] Homepage is https://github.com/tseemann/prokka
[09:19:10] Local time is Fri Apr 23 09:19:10 2021
[09:19:10] You are ins
[09:19:10] Operating system is linux
[09:19:10] You have BioPerl 1.007001
[09:19:10] System has 16 cores.
[09:19:10] Will use maximum of 8 cores.
[09:19:10] Annotating as >>> Archaea <<<
[09:19:10] Generating locus_tag from '/home/ins/GenomeAnalysis/output/3_metabat/SRR4342129_binning/SRR4342129_binning.10.fa' contents.
[09:19:10] Setting --locustag HOGLPIAO from MD5 180592a881a0f482d52e65d8509fb172
[09:19:10] Creating new output folder: /home/ins/GenomeAnalysis/output/4_prokka/SRR4342129_archaea
[09:19:10] Running: mkdir -p \/home\/ins\/GenomeAnalysis\/output\/4_prokka\/SRR4342129_archaea
[09:19:10] Using filename prefix: /home/ins/GenomeAnalysis/output/3_metabat/SRR4342129_binning/SRR4342129_binning.10.fa.XXX
[09:19:10] Setting HMMER_NCPU=1
[09:19:10] Writing log to: /home/ins/GenomeAnalysis/output/4_prokka/SRR4342129_archaea//home/ins/GenomeAnalysis/output/3_metabat/SRR4342129_binning/SRR4342129_binning.10.fa.log
[09:19:10] Can't open logfile
[09:19:11] This is prokka 1.14.6
[09:19:11] Written by Torsten Seemann <torsten.seemann@gmail.com>
[09:19:11] Homepage is https://github.com/tseemann/prokka
[09:19:11] Local time is Fri Apr 23 09:19:11 2021
[09:19:11] You are ins
[09:19:11] Operating system is linux
[09:19:11] You have BioPerl 1.007001
[09:19:11] System has 16 cores.
[09:19:11] Will use maximum of 8 cores.
[09:19:11] Annotating as >>> Archaea <<<
[09:19:11] Generating locus_tag from '/home/ins/GenomeAnalysis/output/3_metabat/SRR4342129_binning/SRR4342129_binning.11.fa' contents.
[09:19:11] Setting --locustag BPPDENIC from MD5 b99de72c39ddae2329599938bbe6b600
[09:19:11] Folder '/home/ins/GenomeAnalysis/output/4_prokka/SRR4342129_archaea' already exists! Please change --outdir or use --force
[09:19:11] This is prokka 1.14.6
[09:19:11] Written by Torsten Seemann <torsten.seemann@gmail.com>
[09:19:11] Homepage is https://github.com/tseemann/prokka
[09:19:11] Local time is Fri Apr 23 09:19:11 2021
[09:19:11] You are ins
[09:19:11] Operating system is linux
[09:19:11] You have BioPerl 1.007001
[09:19:11] System has 16 cores.
[09:19:11] Will use maximum of 8 cores.
[09:19:11] Annotating as >>> Archaea <<<
[09:19:11] Generating locus_tag from '/home/ins/GenomeAnalysis/output/3_metabat/SRR4342129_binning/SRR4342129_binning.12.fa' contents.
[09:19:11] Setting --locustag ELFGKKCN from MD5 e5f044c70367cfa31cc43bc86858e89c
[09:19:11] Folder '/home/ins/GenomeAnalysis/output/4_prokka/SRR4342129_archaea' already exists! Please change --outdir or use --force
[09:19:11] This is prokka 1.14.6
[09:19:11] Written by Torsten Seemann <torsten.seemann@gmail.com>
[09:19:11] Homepage is https://github.com/tseemann/prokka
[09:19:11] Local time is Fri Apr 23 09:19:11 2021
[09:19:11] You are ins
[09:19:11] Operating system is linux
[09:19:11] You have BioPerl 1.007001
[09:19:11] System has 16 cores.
[09:19:11] Will use maximum of 8 cores.
[09:19:11] Annotating as >>> Archaea <<<
[09:19:11] Generating locus_tag from '/home/ins/GenomeAnalysis/output/3_metabat/SRR4342129_binning/SRR4342129_binning.13.fa' contents.
[09:19:11] Setting --locustag NNPLDJBB from MD5 7795d3bb99eb5beb2383114e859c032a
[09:19:11] Folder '/home/ins/GenomeAnalysis/output/4_prokka/SRR4342129_archaea' already exists! Please change --outdir or use --force
[09:19:11] This is prokka 1.14.6
[09:19:11] Written by Torsten Seemann <torsten.seemann@gmail.com>
[09:19:11] Homepage is https://github.com/tseemann/prokka
[09:19:11] Local time is Fri Apr 23 09:19:11 2021
[09:19:11] You are ins
[09:19:11] Operating system is linux
[09:19:11] You have BioPerl 1.007001
[09:19:11] System has 16 cores.
[09:19:11] Will use maximum of 8 cores.
[09:19:11] Annotating as >>> Archaea <<<
[09:19:11] Generating locus_tag from '/home/ins/GenomeAnalysis/output/3_metabat/SRR4342129_binning/SRR4342129_binning.14.fa' contents.
[09:19:11] Setting --locustag AMACPPBO from MD5 a6ac99b8a6f75573e5eb067e85f472ac
[09:19:11] Folder '/home/ins/GenomeAnalysis/output/4_prokka/SRR4342129_archaea' already exists! Please change --outdir or use --force
[09:19:12] This is prokka 1.14.6
[09:19:12] Written by Torsten Seemann <torsten.seemann@gmail.com>
[09:19:12] Homepage is https://github.com/tseemann/prokka
[09:19:12] Local time is Fri Apr 23 09:19:12 2021
[09:19:12] You are ins
[09:19:12] Operating system is linux
[09:19:12] You have BioPerl 1.007001
[09:19:12] System has 16 cores.
[09:19:12] Will use maximum of 8 cores.
[09:19:12] Annotating as >>> Archaea <<<
[09:19:12] Generating locus_tag from '/home/ins/GenomeAnalysis/output/3_metabat/SRR4342129_binning/SRR4342129_binning.15.fa' contents.
[09:19:12] Setting --locustag ACHBOKIK from MD5 ac1b8424055113bea1cce6888535b8ed
[09:19:12] Folder '/home/ins/GenomeAnalysis/output/4_prokka/SRR4342129_archaea' already exists! Please change --outdir or use --force
[09:19:12] This is prokka 1.14.6
[09:19:12] Written by Torsten Seemann <torsten.seemann@gmail.com>
[09:19:12] Homepage is https://github.com/tseemann/prokka
[09:19:12] Local time is Fri Apr 23 09:19:12 2021
[09:19:12] You are ins
[09:19:12] Operating system is linux
[09:19:12] You have BioPerl 1.007001
[09:19:12] System has 16 cores.
[09:19:12] Will use maximum of 8 cores.
[09:19:12] Annotating as >>> Archaea <<<
[09:19:12] Generating locus_tag from '/home/ins/GenomeAnalysis/output/3_metabat/SRR4342129_binning/SRR4342129_binning.16.fa' contents.
[09:19:12] Setting --locustag HADFMPKI from MD5 1adf694203bfa119b6a2dafa522a61b5
[09:19:12] Folder '/home/ins/GenomeAnalysis/output/4_prokka/SRR4342129_archaea' already exists! Please change --outdir or use --force
[09:19:12] This is prokka 1.14.6
[09:19:12] Written by Torsten Seemann <torsten.seemann@gmail.com>
[09:19:12] Homepage is https://github.com/tseemann/prokka
[09:19:12] Local time is Fri Apr 23 09:19:12 2021
[09:19:12] You are ins
[09:19:12] Operating system is linux
[09:19:12] You have BioPerl 1.007001
[09:19:12] System has 16 cores.
[09:19:12] Will use maximum of 8 cores.
[09:19:12] Annotating as >>> Archaea <<<
[09:19:12] Generating locus_tag from '/home/ins/GenomeAnalysis/output/3_metabat/SRR4342129_binning/SRR4342129_binning.17.fa' contents.
[09:19:12] Setting --locustag BHCJIFFG from MD5 b1c32ff01922092cd860099f5f0ca16e
[09:19:12] Folder '/home/ins/GenomeAnalysis/output/4_prokka/SRR4342129_archaea' already exists! Please change --outdir or use --force
[09:19:12] This is prokka 1.14.6
[09:19:12] Written by Torsten Seemann <torsten.seemann@gmail.com>
[09:19:12] Homepage is https://github.com/tseemann/prokka
[09:19:12] Local time is Fri Apr 23 09:19:12 2021
[09:19:12] You are ins
[09:19:12] Operating system is linux
[09:19:12] You have BioPerl 1.007001
[09:19:12] System has 16 cores.
[09:19:12] Will use maximum of 8 cores.
[09:19:12] Annotating as >>> Archaea <<<
[09:19:12] Generating locus_tag from '/home/ins/GenomeAnalysis/output/3_metabat/SRR4342129_binning/SRR4342129_binning.18.fa' contents.
[09:19:12] Setting --locustag MGNBBBGJ from MD5 607bbb03d498e53f0da53d5e4165b9c6
[09:19:12] Folder '/home/ins/GenomeAnalysis/output/4_prokka/SRR4342129_archaea' already exists! Please change --outdir or use --force
[09:19:12] This is prokka 1.14.6
[09:19:12] Written by Torsten Seemann <torsten.seemann@gmail.com>
[09:19:12] Homepage is https://github.com/tseemann/prokka
[09:19:12] Local time is Fri Apr 23 09:19:12 2021
[09:19:12] You are ins
[09:19:12] Operating system is linux
[09:19:12] You have BioPerl 1.007001
[09:19:12] System has 16 cores.
[09:19:12] Will use maximum of 8 cores.
[09:19:12] Annotating as >>> Archaea <<<
[09:19:12] Generating locus_tag from '/home/ins/GenomeAnalysis/output/3_metabat/SRR4342129_binning/SRR4342129_binning.19.fa' contents.
[09:19:12] Setting --locustag OONCOKNA from MD5 887c847a8db55a246c838946e9474487
[09:19:12] Folder '/home/ins/GenomeAnalysis/output/4_prokka/SRR4342129_archaea' already exists! Please change --outdir or use --force
[09:19:13] This is prokka 1.14.6
[09:19:13] Written by Torsten Seemann <torsten.seemann@gmail.com>
[09:19:13] Homepage is https://github.com/tseemann/prokka
[09:19:13] Local time is Fri Apr 23 09:19:13 2021
[09:19:13] You are ins
[09:19:13] Operating system is linux
[09:19:13] You have BioPerl 1.007001
[09:19:13] System has 16 cores.
[09:19:13] Will use maximum of 8 cores.
[09:19:13] Annotating as >>> Archaea <<<
[09:19:13] Generating locus_tag from '/home/ins/GenomeAnalysis/output/3_metabat/SRR4342129_binning/SRR4342129_binning.1.fa' contents.
[09:19:13] Setting --locustag OEJEFFAH from MD5 8e3effa149b6521ea38c6328aceb3471
[09:19:13] Folder '/home/ins/GenomeAnalysis/output/4_prokka/SRR4342129_archaea' already exists! Please change --outdir or use --force
[09:19:13] This is prokka 1.14.6
[09:19:13] Written by Torsten Seemann <torsten.seemann@gmail.com>
[09:19:13] Homepage is https://github.com/tseemann/prokka
[09:19:13] Local time is Fri Apr 23 09:19:13 2021
[09:19:13] You are ins
[09:19:13] Operating system is linux
[09:19:13] You have BioPerl 1.007001
[09:19:13] System has 16 cores.
[09:19:13] Will use maximum of 8 cores.
[09:19:13] Annotating as >>> Archaea <<<
[09:19:13] Generating locus_tag from '/home/ins/GenomeAnalysis/output/3_metabat/SRR4342129_binning/SRR4342129_binning.20.fa' contents.
[09:19:13] Setting --locustag MBOLLBBG from MD5 6b855bb01f4f490321d65a1147dee3f0
[09:19:13] Folder '/home/ins/GenomeAnalysis/output/4_prokka/SRR4342129_archaea' already exists! Please change --outdir or use --force
[09:19:13] This is prokka 1.14.6
[09:19:13] Written by Torsten Seemann <torsten.seemann@gmail.com>
[09:19:13] Homepage is https://github.com/tseemann/prokka
[09:19:13] Local time is Fri Apr 23 09:19:13 2021
[09:19:13] You are ins
[09:19:13] Operating system is linux
[09:19:13] You have BioPerl 1.007001
[09:19:13] System has 16 cores.
[09:19:13] Will use maximum of 8 cores.
[09:19:13] Annotating as >>> Archaea <<<
[09:19:13] Generating locus_tag from '/home/ins/GenomeAnalysis/output/3_metabat/SRR4342129_binning/SRR4342129_binning.21.fa' contents.
[09:19:13] Setting --locustag JLMAHDHJ from MD5 356a1d131c72fb8afe290fa7e6f607df
[09:19:13] Folder '/home/ins/GenomeAnalysis/output/4_prokka/SRR4342129_archaea' already exists! Please change --outdir or use --force
[09:19:13] This is prokka 1.14.6
[09:19:13] Written by Torsten Seemann <torsten.seemann@gmail.com>
[09:19:13] Homepage is https://github.com/tseemann/prokka
[09:19:13] Local time is Fri Apr 23 09:19:13 2021
[09:19:13] You are ins
[09:19:13] Operating system is linux
[09:19:13] You have BioPerl 1.007001
[09:19:13] System has 16 cores.
[09:19:13] Will use maximum of 8 cores.
[09:19:13] Annotating as >>> Archaea <<<
[09:19:13] Generating locus_tag from '/home/ins/GenomeAnalysis/output/3_metabat/SRR4342129_binning/SRR4342129_binning.22.fa' contents.
[09:19:13] Setting --locustag FCKCBJAK from MD5 fc4cb3a4e71f5aa8e7bc7a3c9062d97f
[09:19:13] Folder '/home/ins/GenomeAnalysis/output/4_prokka/SRR4342129_archaea' already exists! Please change --outdir or use --force
[09:19:14] This is prokka 1.14.6
[09:19:14] Written by Torsten Seemann <torsten.seemann@gmail.com>
[09:19:14] Homepage is https://github.com/tseemann/prokka
[09:19:14] Local time is Fri Apr 23 09:19:14 2021
[09:19:14] You are ins
[09:19:14] Operating system is linux
[09:19:14] You have BioPerl 1.007001
[09:19:14] System has 16 cores.
[09:19:14] Will use maximum of 8 cores.
[09:19:14] Annotating as >>> Archaea <<<
[09:19:14] Generating locus_tag from '/home/ins/GenomeAnalysis/output/3_metabat/SRR4342129_binning/SRR4342129_binning.23.fa' contents.
[09:19:14] Setting --locustag GMCCCAAC from MD5 06cccaac5f82688507ceaf8d788f0c55
[09:19:14] Folder '/home/ins/GenomeAnalysis/output/4_prokka/SRR4342129_archaea' already exists! Please change --outdir or use --force
[09:19:14] This is prokka 1.14.6
[09:19:14] Written by Torsten Seemann <torsten.seemann@gmail.com>
[09:19:14] Homepage is https://github.com/tseemann/prokka
[09:19:14] Local time is Fri Apr 23 09:19:14 2021
[09:19:14] You are ins
[09:19:14] Operating system is linux
[09:19:14] You have BioPerl 1.007001
[09:19:14] System has 16 cores.
[09:19:14] Will use maximum of 8 cores.
[09:19:14] Annotating as >>> Archaea <<<
[09:19:14] Generating locus_tag from '/home/ins/GenomeAnalysis/output/3_metabat/SRR4342129_binning/SRR4342129_binning.24.fa' contents.
[09:19:14] Setting --locustag OABLDBGP from MD5 8ab5db09a3d28c79dc1fc392e6e7bcf4
[09:19:14] Folder '/home/ins/GenomeAnalysis/output/4_prokka/SRR4342129_archaea' already exists! Please change --outdir or use --force
[09:19:14] This is prokka 1.14.6
[09:19:14] Written by Torsten Seemann <torsten.seemann@gmail.com>
[09:19:14] Homepage is https://github.com/tseemann/prokka
[09:19:14] Local time is Fri Apr 23 09:19:14 2021
[09:19:14] You are ins
[09:19:14] Operating system is linux
[09:19:14] You have BioPerl 1.007001
[09:19:14] System has 16 cores.
[09:19:14] Will use maximum of 8 cores.
[09:19:14] Annotating as >>> Archaea <<<
[09:19:14] Generating locus_tag from '/home/ins/GenomeAnalysis/output/3_metabat/SRR4342129_binning/SRR4342129_binning.25.fa' contents.
[09:19:14] Setting --locustag POCEKDIC from MD5 98ce4d2c83569010bab8b5260c060504
[09:19:14] Folder '/home/ins/GenomeAnalysis/output/4_prokka/SRR4342129_archaea' already exists! Please change --outdir or use --force
[09:19:14] This is prokka 1.14.6
[09:19:14] Written by Torsten Seemann <torsten.seemann@gmail.com>
[09:19:14] Homepage is https://github.com/tseemann/prokka
[09:19:14] Local time is Fri Apr 23 09:19:14 2021
[09:19:14] You are ins
[09:19:14] Operating system is linux
[09:19:14] You have BioPerl 1.007001
[09:19:14] System has 16 cores.
[09:19:14] Will use maximum of 8 cores.
[09:19:14] Annotating as >>> Archaea <<<
[09:19:14] Generating locus_tag from '/home/ins/GenomeAnalysis/output/3_metabat/SRR4342129_binning/SRR4342129_binning.26.fa' contents.
[09:19:14] Setting --locustag JOBHHCNP from MD5 38b11c79452d9a04559c0503c7471bf9
[09:19:14] Folder '/home/ins/GenomeAnalysis/output/4_prokka/SRR4342129_archaea' already exists! Please change --outdir or use --force
[09:19:14] This is prokka 1.14.6
[09:19:14] Written by Torsten Seemann <torsten.seemann@gmail.com>
[09:19:14] Homepage is https://github.com/tseemann/prokka
[09:19:14] Local time is Fri Apr 23 09:19:14 2021
[09:19:14] You are ins
[09:19:14] Operating system is linux
[09:19:14] You have BioPerl 1.007001
[09:19:14] System has 16 cores.
[09:19:14] Will use maximum of 8 cores.
[09:19:14] Annotating as >>> Archaea <<<
[09:19:14] Generating locus_tag from '/home/ins/GenomeAnalysis/output/3_metabat/SRR4342129_binning/SRR4342129_binning.2.fa' contents.
[09:19:14] Setting --locustag HELFCAFK from MD5 1e5fcaf4ff4b16347394624986148c2c
[09:19:14] Folder '/home/ins/GenomeAnalysis/output/4_prokka/SRR4342129_archaea' already exists! Please change --outdir or use --force
[09:19:15] This is prokka 1.14.6
[09:19:15] Written by Torsten Seemann <torsten.seemann@gmail.com>
[09:19:15] Homepage is https://github.com/tseemann/prokka
[09:19:15] Local time is Fri Apr 23 09:19:15 2021
[09:19:15] You are ins
[09:19:15] Operating system is linux
[09:19:15] You have BioPerl 1.007001
[09:19:15] System has 16 cores.
[09:19:15] Will use maximum of 8 cores.
[09:19:15] Annotating as >>> Archaea <<<
[09:19:15] Generating locus_tag from '/home/ins/GenomeAnalysis/output/3_metabat/SRR4342129_binning/SRR4342129_binning.3.fa' contents.
[09:19:15] Setting --locustag LCKANIEM from MD5 5c4a72e670593034c393ddedf44826f8
[09:19:15] Folder '/home/ins/GenomeAnalysis/output/4_prokka/SRR4342129_archaea' already exists! Please change --outdir or use --force
[09:19:15] This is prokka 1.14.6
[09:19:15] Written by Torsten Seemann <torsten.seemann@gmail.com>
[09:19:15] Homepage is https://github.com/tseemann/prokka
[09:19:15] Local time is Fri Apr 23 09:19:15 2021
[09:19:15] You are ins
[09:19:15] Operating system is linux
[09:19:15] You have BioPerl 1.007001
[09:19:15] System has 16 cores.
[09:19:15] Will use maximum of 8 cores.
[09:19:15] Annotating as >>> Archaea <<<
[09:19:15] Generating locus_tag from '/home/ins/GenomeAnalysis/output/3_metabat/SRR4342129_binning/SRR4342129_binning.4.fa' contents.
[09:19:15] Setting --locustag PPIAOPFF from MD5 992a89ff19cc068dba5a6bae54a28636
[09:19:15] Folder '/home/ins/GenomeAnalysis/output/4_prokka/SRR4342129_archaea' already exists! Please change --outdir or use --force
[09:19:15] This is prokka 1.14.6
[09:19:15] Written by Torsten Seemann <torsten.seemann@gmail.com>
[09:19:15] Homepage is https://github.com/tseemann/prokka
[09:19:15] Local time is Fri Apr 23 09:19:15 2021
[09:19:15] You are ins
[09:19:15] Operating system is linux
[09:19:15] You have BioPerl 1.007001
[09:19:15] System has 16 cores.
[09:19:15] Will use maximum of 8 cores.
[09:19:15] Annotating as >>> Archaea <<<
[09:19:15] Generating locus_tag from '/home/ins/GenomeAnalysis/output/3_metabat/SRR4342129_binning/SRR4342129_binning.5.fa' contents.
[09:19:15] Setting --locustag PLMEOGGF from MD5 956e800fb3114379cad0dbee17d0a94d
[09:19:15] Folder '/home/ins/GenomeAnalysis/output/4_prokka/SRR4342129_archaea' already exists! Please change --outdir or use --force
[09:19:15] This is prokka 1.14.6
[09:19:15] Written by Torsten Seemann <torsten.seemann@gmail.com>
[09:19:15] Homepage is https://github.com/tseemann/prokka
[09:19:15] Local time is Fri Apr 23 09:19:15 2021
[09:19:15] You are ins
[09:19:15] Operating system is linux
[09:19:15] You have BioPerl 1.007001
[09:19:15] System has 16 cores.
[09:19:15] Will use maximum of 8 cores.
[09:19:15] Annotating as >>> Archaea <<<
[09:19:15] Generating locus_tag from '/home/ins/GenomeAnalysis/output/3_metabat/SRR4342129_binning/SRR4342129_binning.6.fa' contents.
[09:19:15] Setting --locustag EHEFFNFA from MD5 e1eff7fa16ab55b8ea626adde691eed0
[09:19:15] Folder '/home/ins/GenomeAnalysis/output/4_prokka/SRR4342129_archaea' already exists! Please change --outdir or use --force
[09:19:16] This is prokka 1.14.6
[09:19:16] Written by Torsten Seemann <torsten.seemann@gmail.com>
[09:19:16] Homepage is https://github.com/tseemann/prokka
[09:19:16] Local time is Fri Apr 23 09:19:16 2021
[09:19:16] You are ins
[09:19:16] Operating system is linux
[09:19:16] You have BioPerl 1.007001
[09:19:16] System has 16 cores.
[09:19:16] Will use maximum of 8 cores.
[09:19:16] Annotating as >>> Archaea <<<
[09:19:16] Generating locus_tag from '/home/ins/GenomeAnalysis/output/3_metabat/SRR4342129_binning/SRR4342129_binning.7.fa' contents.
[09:19:16] Setting --locustag KGHHOBPN from MD5 40118b97e631cfc32f33101ca79a7aec
[09:19:16] Folder '/home/ins/GenomeAnalysis/output/4_prokka/SRR4342129_archaea' already exists! Please change --outdir or use --force
[09:19:16] This is prokka 1.14.6
[09:19:16] Written by Torsten Seemann <torsten.seemann@gmail.com>
[09:19:16] Homepage is https://github.com/tseemann/prokka
[09:19:16] Local time is Fri Apr 23 09:19:16 2021
[09:19:16] You are ins
[09:19:16] Operating system is linux
[09:19:16] You have BioPerl 1.007001
[09:19:16] System has 16 cores.
[09:19:16] Will use maximum of 8 cores.
[09:19:16] Annotating as >>> Archaea <<<
[09:19:16] Generating locus_tag from '/home/ins/GenomeAnalysis/output/3_metabat/SRR4342129_binning/SRR4342129_binning.8.fa' contents.
[09:19:16] Setting --locustag ONKBKMOG from MD5 874b46802541c5039cfbc9e75749834d
[09:19:16] Folder '/home/ins/GenomeAnalysis/output/4_prokka/SRR4342129_archaea' already exists! Please change --outdir or use --force
[09:19:16] This is prokka 1.14.6
[09:19:16] Written by Torsten Seemann <torsten.seemann@gmail.com>
[09:19:16] Homepage is https://github.com/tseemann/prokka
[09:19:16] Local time is Fri Apr 23 09:19:16 2021
[09:19:16] You are ins
[09:19:16] Operating system is linux
[09:19:16] You have BioPerl 1.007001
[09:19:16] System has 16 cores.
[09:19:16] Will use maximum of 8 cores.
[09:19:16] Annotating as >>> Archaea <<<
[09:19:16] Generating locus_tag from '/home/ins/GenomeAnalysis/output/3_metabat/SRR4342129_binning/SRR4342129_binning.9.fa' contents.
[09:19:16] Setting --locustag IIPOEDGP from MD5 2298ed09d19215e939276c216ce6e7b0
[09:19:16] Folder '/home/ins/GenomeAnalysis/output/4_prokka/SRR4342129_archaea' already exists! Please change --outdir or use --force
[09:19:16] This is prokka 1.14.6
[09:19:16] Written by Torsten Seemann <torsten.seemann@gmail.com>
[09:19:16] Homepage is https://github.com/tseemann/prokka
[09:19:16] Local time is Fri Apr 23 09:19:16 2021
[09:19:16] You are ins
[09:19:16] Operating system is linux
[09:19:16] You have BioPerl 1.007001
[09:19:16] System has 16 cores.
[09:19:16] Will use maximum of 8 cores.
[09:19:16] Annotating as >>> Bacteria <<<
[09:19:16] Generating locus_tag from '/home/ins/GenomeAnalysis/output/3_metabat/SRR4342133_binning/SRR4342133_binning.10.fa' contents.
[09:19:16] Setting --locustag APEKKHPF from MD5 a9e4419f541f2378b4250f4603dcbc09
[09:19:16] Creating new output folder: /home/ins/GenomeAnalysis/output/4_prokka/SRR4342133_bacteria
[09:19:16] Running: mkdir -p \/home\/ins\/GenomeAnalysis\/output\/4_prokka\/SRR4342133_bacteria
[09:19:16] Using filename prefix: /home/ins/GenomeAnalysis/output/3_metabat/SRR4342133_binning/SRR4342133_binning.10.fa.XXX
[09:19:16] Setting HMMER_NCPU=1
[09:19:16] Writing log to: /home/ins/GenomeAnalysis/output/4_prokka/SRR4342133_bacteria//home/ins/GenomeAnalysis/output/3_metabat/SRR4342133_binning/SRR4342133_binning.10.fa.log
[09:19:16] Can't open logfile
[09:19:17] This is prokka 1.14.6
[09:19:17] Written by Torsten Seemann <torsten.seemann@gmail.com>
[09:19:17] Homepage is https://github.com/tseemann/prokka
[09:19:17] Local time is Fri Apr 23 09:19:17 2021
[09:19:17] You are ins
[09:19:17] Operating system is linux
[09:19:17] You have BioPerl 1.007001
[09:19:17] System has 16 cores.
[09:19:17] Will use maximum of 8 cores.
[09:19:17] Annotating as >>> Bacteria <<<
[09:19:17] Generating locus_tag from '/home/ins/GenomeAnalysis/output/3_metabat/SRR4342133_binning/SRR4342133_binning.11.fa' contents.
[09:19:17] Setting --locustag KINHHODN from MD5 427118d7fc9d9f0c1276b48bdbe3d425
[09:19:17] Folder '/home/ins/GenomeAnalysis/output/4_prokka/SRR4342133_bacteria' already exists! Please change --outdir or use --force
[09:19:17] This is prokka 1.14.6
[09:19:17] Written by Torsten Seemann <torsten.seemann@gmail.com>
[09:19:17] Homepage is https://github.com/tseemann/prokka
[09:19:17] Local time is Fri Apr 23 09:19:17 2021
[09:19:17] You are ins
[09:19:17] Operating system is linux
[09:19:17] You have BioPerl 1.007001
[09:19:17] System has 16 cores.
[09:19:17] Will use maximum of 8 cores.
[09:19:17] Annotating as >>> Bacteria <<<
[09:19:17] Generating locus_tag from '/home/ins/GenomeAnalysis/output/3_metabat/SRR4342133_binning/SRR4342133_binning.12.fa' contents.
[09:19:17] Setting --locustag HAHJGOID from MD5 1a13082d576e358c5b5605ba922f5264
[09:19:17] Folder '/home/ins/GenomeAnalysis/output/4_prokka/SRR4342133_bacteria' already exists! Please change --outdir or use --force
[09:19:17] This is prokka 1.14.6
[09:19:17] Written by Torsten Seemann <torsten.seemann@gmail.com>
[09:19:17] Homepage is https://github.com/tseemann/prokka
[09:19:17] Local time is Fri Apr 23 09:19:17 2021
[09:19:17] You are ins
[09:19:17] Operating system is linux
[09:19:17] You have BioPerl 1.007001
[09:19:17] System has 16 cores.
[09:19:17] Will use maximum of 8 cores.
[09:19:17] Annotating as >>> Bacteria <<<
[09:19:17] Generating locus_tag from '/home/ins/GenomeAnalysis/output/3_metabat/SRR4342133_binning/SRR4342133_binning.13.fa' contents.
[09:19:17] Setting --locustag BDIBNMMB from MD5 bd2b766b5c5df4c5cf6027a498b23c99
[09:19:17] Folder '/home/ins/GenomeAnalysis/output/4_prokka/SRR4342133_bacteria' already exists! Please change --outdir or use --force
[09:19:17] This is prokka 1.14.6
[09:19:17] Written by Torsten Seemann <torsten.seemann@gmail.com>
[09:19:17] Homepage is https://github.com/tseemann/prokka
[09:19:17] Local time is Fri Apr 23 09:19:17 2021
[09:19:17] You are ins
[09:19:17] Operating system is linux
[09:19:17] You have BioPerl 1.007001
[09:19:17] System has 16 cores.
[09:19:17] Will use maximum of 8 cores.
[09:19:17] Annotating as >>> Bacteria <<<
[09:19:17] Generating locus_tag from '/home/ins/GenomeAnalysis/output/3_metabat/SRR4342133_binning/SRR4342133_binning.14.fa' contents.
[09:19:17] Setting --locustag EECPJEIP from MD5 eec93e29ae06dc15e0d3f09239064c65
[09:19:17] Folder '/home/ins/GenomeAnalysis/output/4_prokka/SRR4342133_bacteria' already exists! Please change --outdir or use --force
[09:19:18] This is prokka 1.14.6
[09:19:18] Written by Torsten Seemann <torsten.seemann@gmail.com>
[09:19:18] Homepage is https://github.com/tseemann/prokka
[09:19:18] Local time is Fri Apr 23 09:19:18 2021
[09:19:18] You are ins
[09:19:18] Operating system is linux
[09:19:18] You have BioPerl 1.007001
[09:19:18] System has 16 cores.
[09:19:18] Will use maximum of 8 cores.
[09:19:18] Annotating as >>> Bacteria <<<
[09:19:18] Generating locus_tag from '/home/ins/GenomeAnalysis/output/3_metabat/SRR4342133_binning/SRR4342133_binning.15.fa' contents.
[09:19:18] Setting --locustag AHLHMLGB from MD5 a151650b8f73594dd70518ace8ad750c
[09:19:18] Folder '/home/ins/GenomeAnalysis/output/4_prokka/SRR4342133_bacteria' already exists! Please change --outdir or use --force
[09:19:18] This is prokka 1.14.6
[09:19:18] Written by Torsten Seemann <torsten.seemann@gmail.com>
[09:19:18] Homepage is https://github.com/tseemann/prokka
[09:19:18] Local time is Fri Apr 23 09:19:18 2021
[09:19:18] You are ins
[09:19:18] Operating system is linux
[09:19:18] You have BioPerl 1.007001
[09:19:18] System has 16 cores.
[09:19:18] Will use maximum of 8 cores.
[09:19:18] Annotating as >>> Bacteria <<<
[09:19:18] Generating locus_tag from '/home/ins/GenomeAnalysis/output/3_metabat/SRR4342133_binning/SRR4342133_binning.16.fa' contents.
[09:19:18] Setting --locustag KDLNHNAM from MD5 4d5717a6b6b0ed75959aeaad5f2f2e32
[09:19:18] Folder '/home/ins/GenomeAnalysis/output/4_prokka/SRR4342133_bacteria' already exists! Please change --outdir or use --force
[09:19:18] This is prokka 1.14.6
[09:19:18] Written by Torsten Seemann <torsten.seemann@gmail.com>
[09:19:18] Homepage is https://github.com/tseemann/prokka
[09:19:18] Local time is Fri Apr 23 09:19:18 2021
[09:19:18] You are ins
[09:19:18] Operating system is linux
[09:19:18] You have BioPerl 1.007001
[09:19:18] System has 16 cores.
[09:19:18] Will use maximum of 8 cores.
[09:19:18] Annotating as >>> Bacteria <<<
[09:19:18] Generating locus_tag from '/home/ins/GenomeAnalysis/output/3_metabat/SRR4342133_binning/SRR4342133_binning.17.fa' contents.
[09:19:18] Setting --locustag AEKDGHCG from MD5 ae4d01c03b4c2aebf920f26211b74917
[09:19:18] Folder '/home/ins/GenomeAnalysis/output/4_prokka/SRR4342133_bacteria' already exists! Please change --outdir or use --force
[09:19:18] This is prokka 1.14.6
[09:19:18] Written by Torsten Seemann <torsten.seemann@gmail.com>
[09:19:18] Homepage is https://github.com/tseemann/prokka
[09:19:18] Local time is Fri Apr 23 09:19:18 2021
[09:19:18] You are ins
[09:19:18] Operating system is linux
[09:19:18] You have BioPerl 1.007001
[09:19:18] System has 16 cores.
[09:19:18] Will use maximum of 8 cores.
[09:19:18] Annotating as >>> Bacteria <<<
[09:19:18] Generating locus_tag from '/home/ins/GenomeAnalysis/output/3_metabat/SRR4342133_binning/SRR4342133_binning.18.fa' contents.
[09:19:18] Setting --locustag HICKCGIF from MD5 12c4c02fe1075d889ae821af7c974108
[09:19:18] Folder '/home/ins/GenomeAnalysis/output/4_prokka/SRR4342133_bacteria' already exists! Please change --outdir or use --force
[09:19:18] This is prokka 1.14.6
[09:19:18] Written by Torsten Seemann <torsten.seemann@gmail.com>
[09:19:18] Homepage is https://github.com/tseemann/prokka
[09:19:18] Local time is Fri Apr 23 09:19:18 2021
[09:19:18] You are ins
[09:19:18] Operating system is linux
[09:19:18] You have BioPerl 1.007001
[09:19:18] System has 16 cores.
[09:19:18] Will use maximum of 8 cores.
[09:19:18] Annotating as >>> Bacteria <<<
[09:19:18] Generating locus_tag from '/home/ins/GenomeAnalysis/output/3_metabat/SRR4342133_binning/SRR4342133_binning.19.fa' contents.
[09:19:18] Setting --locustag LOGEBKOG from MD5 580eb480738c588821fd9d6704939086
[09:19:18] Folder '/home/ins/GenomeAnalysis/output/4_prokka/SRR4342133_bacteria' already exists! Please change --outdir or use --force
[09:19:19] This is prokka 1.14.6
[09:19:19] Written by Torsten Seemann <torsten.seemann@gmail.com>
[09:19:19] Homepage is https://github.com/tseemann/prokka
[09:19:19] Local time is Fri Apr 23 09:19:19 2021
[09:19:19] You are ins
[09:19:19] Operating system is linux
[09:19:19] You have BioPerl 1.007001
[09:19:19] System has 16 cores.
[09:19:19] Will use maximum of 8 cores.
[09:19:19] Annotating as >>> Bacteria <<<
[09:19:19] Generating locus_tag from '/home/ins/GenomeAnalysis/output/3_metabat/SRR4342133_binning/SRR4342133_binning.1.fa' contents.
[09:19:19] Setting --locustag POBEKHIG from MD5 98be41208a9205b62d208d66d522f790
[09:19:19] Folder '/home/ins/GenomeAnalysis/output/4_prokka/SRR4342133_bacteria' already exists! Please change --outdir or use --force
[09:19:19] This is prokka 1.14.6
[09:19:19] Written by Torsten Seemann <torsten.seemann@gmail.com>
[09:19:19] Homepage is https://github.com/tseemann/prokka
[09:19:19] Local time is Fri Apr 23 09:19:19 2021
[09:19:19] You are ins
[09:19:19] Operating system is linux
[09:19:19] You have BioPerl 1.007001
[09:19:19] System has 16 cores.
[09:19:19] Will use maximum of 8 cores.
[09:19:19] Annotating as >>> Bacteria <<<
[09:19:19] Generating locus_tag from '/home/ins/GenomeAnalysis/output/3_metabat/SRR4342133_binning/SRR4342133_binning.20.fa' contents.
[09:19:19] Setting --locustag IHOHCHKJ from MD5 2181c14332d5ada3642187556f878ac1
[09:19:19] Folder '/home/ins/GenomeAnalysis/output/4_prokka/SRR4342133_bacteria' already exists! Please change --outdir or use --force
[09:19:19] This is prokka 1.14.6
[09:19:19] Written by Torsten Seemann <torsten.seemann@gmail.com>
[09:19:19] Homepage is https://github.com/tseemann/prokka
[09:19:19] Local time is Fri Apr 23 09:19:19 2021
[09:19:19] You are ins
[09:19:19] Operating system is linux
[09:19:19] You have BioPerl 1.007001
[09:19:19] System has 16 cores.
[09:19:19] Will use maximum of 8 cores.
[09:19:19] Annotating as >>> Bacteria <<<
[09:19:19] Generating locus_tag from '/home/ins/GenomeAnalysis/output/3_metabat/SRR4342133_binning/SRR4342133_binning.21.fa' contents.
[09:19:19] Setting --locustag JGEHOAMD from MD5 30e18a6d3faaf6880c2abb55b39cb32a
[09:19:19] Folder '/home/ins/GenomeAnalysis/output/4_prokka/SRR4342133_bacteria' already exists! Please change --outdir or use --force
[09:19:19] This is prokka 1.14.6
[09:19:19] Written by Torsten Seemann <torsten.seemann@gmail.com>
[09:19:19] Homepage is https://github.com/tseemann/prokka
[09:19:19] Local time is Fri Apr 23 09:19:19 2021
[09:19:19] You are ins
[09:19:19] Operating system is linux
[09:19:19] You have BioPerl 1.007001
[09:19:19] System has 16 cores.
[09:19:19] Will use maximum of 8 cores.
[09:19:19] Annotating as >>> Bacteria <<<
[09:19:19] Generating locus_tag from '/home/ins/GenomeAnalysis/output/3_metabat/SRR4342133_binning/SRR4342133_binning.22.fa' contents.
[09:19:19] Setting --locustag MOPIJNAA from MD5 689237aae657a2b54ba8b6da2a64d1df
[09:19:19] Folder '/home/ins/GenomeAnalysis/output/4_prokka/SRR4342133_bacteria' already exists! Please change --outdir or use --force
[09:19:20] This is prokka 1.14.6
[09:19:20] Written by Torsten Seemann <torsten.seemann@gmail.com>
[09:19:20] Homepage is https://github.com/tseemann/prokka
[09:19:20] Local time is Fri Apr 23 09:19:20 2021
[09:19:20] You are ins
[09:19:20] Operating system is linux
[09:19:20] You have BioPerl 1.007001
[09:19:20] System has 16 cores.
[09:19:20] Will use maximum of 8 cores.
[09:19:20] Annotating as >>> Bacteria <<<
[09:19:20] Generating locus_tag from '/home/ins/GenomeAnalysis/output/3_metabat/SRR4342133_binning/SRR4342133_binning.23.fa' contents.
[09:19:20] Setting --locustag OBJMFNCE from MD5 8b36f7ceb7e4b38bcdfec35c989058d1
[09:19:20] Folder '/home/ins/GenomeAnalysis/output/4_prokka/SRR4342133_bacteria' already exists! Please change --outdir or use --force
[09:19:20] This is prokka 1.14.6
[09:19:20] Written by Torsten Seemann <torsten.seemann@gmail.com>
[09:19:20] Homepage is https://github.com/tseemann/prokka
[09:19:20] Local time is Fri Apr 23 09:19:20 2021
[09:19:20] You are ins
[09:19:20] Operating system is linux
[09:19:20] You have BioPerl 1.007001
[09:19:20] System has 16 cores.
[09:19:20] Will use maximum of 8 cores.
[09:19:20] Annotating as >>> Bacteria <<<
[09:19:20] Generating locus_tag from '/home/ins/GenomeAnalysis/output/3_metabat/SRR4342133_binning/SRR4342133_binning.24.fa' contents.
[09:19:20] Setting --locustag CCLJGKLC from MD5 cc53045c7af38e5bc0cbccb5a56cf018
[09:19:20] Folder '/home/ins/GenomeAnalysis/output/4_prokka/SRR4342133_bacteria' already exists! Please change --outdir or use --force
[09:19:20] This is prokka 1.14.6
[09:19:20] Written by Torsten Seemann <torsten.seemann@gmail.com>
[09:19:20] Homepage is https://github.com/tseemann/prokka
[09:19:20] Local time is Fri Apr 23 09:19:20 2021
[09:19:20] You are ins
[09:19:20] Operating system is linux
[09:19:20] You have BioPerl 1.007001
[09:19:20] System has 16 cores.
[09:19:20] Will use maximum of 8 cores.
[09:19:20] Annotating as >>> Bacteria <<<
[09:19:20] Generating locus_tag from '/home/ins/GenomeAnalysis/output/3_metabat/SRR4342133_binning/SRR4342133_binning.25.fa' contents.
[09:19:20] Setting --locustag CDNFDECI from MD5 cd7fdec25f715d3b936fd1ec4c7191a7
[09:19:20] Folder '/home/ins/GenomeAnalysis/output/4_prokka/SRR4342133_bacteria' already exists! Please change --outdir or use --force
[09:19:20] This is prokka 1.14.6
[09:19:20] Written by Torsten Seemann <torsten.seemann@gmail.com>
[09:19:20] Homepage is https://github.com/tseemann/prokka
[09:19:20] Local time is Fri Apr 23 09:19:20 2021
[09:19:20] You are ins
[09:19:20] Operating system is linux
[09:19:20] You have BioPerl 1.007001
[09:19:20] System has 16 cores.
[09:19:20] Will use maximum of 8 cores.
[09:19:20] Annotating as >>> Bacteria <<<
[09:19:20] Generating locus_tag from '/home/ins/GenomeAnalysis/output/3_metabat/SRR4342133_binning/SRR4342133_binning.26.fa' contents.
[09:19:20] Setting --locustag HOLFIAIN from MD5 185f2a27bcc5acf5e659e0925a9d9464
[09:19:20] Folder '/home/ins/GenomeAnalysis/output/4_prokka/SRR4342133_bacteria' already exists! Please change --outdir or use --force
[09:19:20] This is prokka 1.14.6
[09:19:20] Written by Torsten Seemann <torsten.seemann@gmail.com>
[09:19:20] Homepage is https://github.com/tseemann/prokka
[09:19:20] Local time is Fri Apr 23 09:19:20 2021
[09:19:20] You are ins
[09:19:20] Operating system is linux
[09:19:20] You have BioPerl 1.007001
[09:19:20] System has 16 cores.
[09:19:20] Will use maximum of 8 cores.
[09:19:20] Annotating as >>> Bacteria <<<
[09:19:20] Generating locus_tag from '/home/ins/GenomeAnalysis/output/3_metabat/SRR4342133_binning/SRR4342133_binning.27.fa' contents.
[09:19:20] Setting --locustag LPFOHLJP from MD5 59f81539c1e75b3c9d724de88f12da59
[09:19:20] Folder '/home/ins/GenomeAnalysis/output/4_prokka/SRR4342133_bacteria' already exists! Please change --outdir or use --force
[09:19:21] This is prokka 1.14.6
[09:19:21] Written by Torsten Seemann <torsten.seemann@gmail.com>
[09:19:21] Homepage is https://github.com/tseemann/prokka
[09:19:21] Local time is Fri Apr 23 09:19:21 2021
[09:19:21] You are ins
[09:19:21] Operating system is linux
[09:19:21] You have BioPerl 1.007001
[09:19:21] System has 16 cores.
[09:19:21] Will use maximum of 8 cores.
[09:19:21] Annotating as >>> Bacteria <<<
[09:19:21] Generating locus_tag from '/home/ins/GenomeAnalysis/output/3_metabat/SRR4342133_binning/SRR4342133_binning.28.fa' contents.
[09:19:21] Setting --locustag CLELAOBE from MD5 c5e5a8be3273d356e10363d75a16c3fc
[09:19:21] Folder '/home/ins/GenomeAnalysis/output/4_prokka/SRR4342133_bacteria' already exists! Please change --outdir or use --force
[09:19:21] This is prokka 1.14.6
[09:19:21] Written by Torsten Seemann <torsten.seemann@gmail.com>
[09:19:21] Homepage is https://github.com/tseemann/prokka
[09:19:21] Local time is Fri Apr 23 09:19:21 2021
[09:19:21] You are ins
[09:19:21] Operating system is linux
[09:19:21] You have BioPerl 1.007001
[09:19:21] System has 16 cores.
[09:19:21] Will use maximum of 8 cores.
[09:19:21] Annotating as >>> Bacteria <<<
[09:19:21] Generating locus_tag from '/home/ins/GenomeAnalysis/output/3_metabat/SRR4342133_binning/SRR4342133_binning.29.fa' contents.
[09:19:21] Setting --locustag ICNNFPLF from MD5 2c77f95f796df25f3e39c6249b5743fb
[09:19:21] Folder '/home/ins/GenomeAnalysis/output/4_prokka/SRR4342133_bacteria' already exists! Please change --outdir or use --force
[09:19:21] This is prokka 1.14.6
[09:19:21] Written by Torsten Seemann <torsten.seemann@gmail.com>
[09:19:21] Homepage is https://github.com/tseemann/prokka
[09:19:21] Local time is Fri Apr 23 09:19:21 2021
[09:19:21] You are ins
[09:19:21] Operating system is linux
[09:19:21] You have BioPerl 1.007001
[09:19:21] System has 16 cores.
[09:19:21] Will use maximum of 8 cores.
[09:19:21] Annotating as >>> Bacteria <<<
[09:19:21] Generating locus_tag from '/home/ins/GenomeAnalysis/output/3_metabat/SRR4342133_binning/SRR4342133_binning.2.fa' contents.
[09:19:21] Setting --locustag HPGLJHND from MD5 1905317dec292380b04f2f63e7235aba
[09:19:21] Folder '/home/ins/GenomeAnalysis/output/4_prokka/SRR4342133_bacteria' already exists! Please change --outdir or use --force
[09:19:21] This is prokka 1.14.6
[09:19:21] Written by Torsten Seemann <torsten.seemann@gmail.com>
[09:19:21] Homepage is https://github.com/tseemann/prokka
[09:19:21] Local time is Fri Apr 23 09:19:21 2021
[09:19:21] You are ins
[09:19:21] Operating system is linux
[09:19:21] You have BioPerl 1.007001
[09:19:21] System has 16 cores.
[09:19:21] Will use maximum of 8 cores.
[09:19:21] Annotating as >>> Bacteria <<<
[09:19:21] Generating locus_tag from '/home/ins/GenomeAnalysis/output/3_metabat/SRR4342133_binning/SRR4342133_binning.30.fa' contents.
[09:19:21] Setting --locustag GNKNCJNI from MD5 0747c37264bd44fb3d3efbe12bfb5e21
[09:19:21] Folder '/home/ins/GenomeAnalysis/output/4_prokka/SRR4342133_bacteria' already exists! Please change --outdir or use --force
[09:19:22] This is prokka 1.14.6
[09:19:22] Written by Torsten Seemann <torsten.seemann@gmail.com>
[09:19:22] Homepage is https://github.com/tseemann/prokka
[09:19:22] Local time is Fri Apr 23 09:19:22 2021
[09:19:22] You are ins
[09:19:22] Operating system is linux
[09:19:22] You have BioPerl 1.007001
[09:19:22] System has 16 cores.
[09:19:22] Will use maximum of 8 cores.
[09:19:22] Annotating as >>> Bacteria <<<
[09:19:22] Generating locus_tag from '/home/ins/GenomeAnalysis/output/3_metabat/SRR4342133_binning/SRR4342133_binning.31.fa' contents.
[09:19:22] Setting --locustag KHGDGPJP from MD5 410d093909f3c7d3bef00a4326f37e6c
[09:19:22] Folder '/home/ins/GenomeAnalysis/output/4_prokka/SRR4342133_bacteria' already exists! Please change --outdir or use --force
[09:19:22] This is prokka 1.14.6
[09:19:22] Written by Torsten Seemann <torsten.seemann@gmail.com>
[09:19:22] Homepage is https://github.com/tseemann/prokka
[09:19:22] Local time is Fri Apr 23 09:19:22 2021
[09:19:22] You are ins
[09:19:22] Operating system is linux
[09:19:22] You have BioPerl 1.007001
[09:19:22] System has 16 cores.
[09:19:22] Will use maximum of 8 cores.
[09:19:22] Annotating as >>> Bacteria <<<
[09:19:22] Generating locus_tag from '/home/ins/GenomeAnalysis/output/3_metabat/SRR4342133_binning/SRR4342133_binning.3.fa' contents.
[09:19:22] Setting --locustag BPPLJFOK from MD5 b9953f842242bd92ef7b12bd58dfba58
[09:19:22] Folder '/home/ins/GenomeAnalysis/output/4_prokka/SRR4342133_bacteria' already exists! Please change --outdir or use --force
[09:19:22] This is prokka 1.14.6
[09:19:22] Written by Torsten Seemann <torsten.seemann@gmail.com>
[09:19:22] Homepage is https://github.com/tseemann/prokka
[09:19:22] Local time is Fri Apr 23 09:19:22 2021
[09:19:22] You are ins
[09:19:22] Operating system is linux
[09:19:22] You have BioPerl 1.007001
[09:19:22] System has 16 cores.
[09:19:22] Will use maximum of 8 cores.
[09:19:22] Annotating as >>> Bacteria <<<
[09:19:22] Generating locus_tag from '/home/ins/GenomeAnalysis/output/3_metabat/SRR4342133_binning/SRR4342133_binning.4.fa' contents.
[09:19:22] Setting --locustag INCDHIPP from MD5 27cd12993600d7463d1e0b84581621fb
[09:19:22] Folder '/home/ins/GenomeAnalysis/output/4_prokka/SRR4342133_bacteria' already exists! Please change --outdir or use --force
[09:19:22] This is prokka 1.14.6
[09:19:22] Written by Torsten Seemann <torsten.seemann@gmail.com>
[09:19:22] Homepage is https://github.com/tseemann/prokka
[09:19:22] Local time is Fri Apr 23 09:19:22 2021
[09:19:22] You are ins
[09:19:22] Operating system is linux
[09:19:22] You have BioPerl 1.007001
[09:19:22] System has 16 cores.
[09:19:22] Will use maximum of 8 cores.
[09:19:22] Annotating as >>> Bacteria <<<
[09:19:22] Generating locus_tag from '/home/ins/GenomeAnalysis/output/3_metabat/SRR4342133_binning/SRR4342133_binning.5.fa' contents.
[09:19:22] Setting --locustag KDGMNFHN from MD5 4d067f176a7c994ebf9160381c8ceca6
[09:19:22] Folder '/home/ins/GenomeAnalysis/output/4_prokka/SRR4342133_bacteria' already exists! Please change --outdir or use --force
[09:19:23] This is prokka 1.14.6
[09:19:23] Written by Torsten Seemann <torsten.seemann@gmail.com>
[09:19:23] Homepage is https://github.com/tseemann/prokka
[09:19:23] Local time is Fri Apr 23 09:19:23 2021
[09:19:23] You are ins
[09:19:23] Operating system is linux
[09:19:23] You have BioPerl 1.007001
[09:19:23] System has 16 cores.
[09:19:23] Will use maximum of 8 cores.
[09:19:23] Annotating as >>> Bacteria <<<
[09:19:23] Generating locus_tag from '/home/ins/GenomeAnalysis/output/3_metabat/SRR4342133_binning/SRR4342133_binning.6.fa' contents.
[09:19:23] Setting --locustag EIPLJJKJ from MD5 e29533435f89332940eebf7a0ab6b654
[09:19:23] Folder '/home/ins/GenomeAnalysis/output/4_prokka/SRR4342133_bacteria' already exists! Please change --outdir or use --force
[09:19:23] This is prokka 1.14.6
[09:19:23] Written by Torsten Seemann <torsten.seemann@gmail.com>
[09:19:23] Homepage is https://github.com/tseemann/prokka
[09:19:23] Local time is Fri Apr 23 09:19:23 2021
[09:19:23] You are ins
[09:19:23] Operating system is linux
[09:19:23] You have BioPerl 1.007001
[09:19:23] System has 16 cores.
[09:19:23] Will use maximum of 8 cores.
[09:19:23] Annotating as >>> Bacteria <<<
[09:19:23] Generating locus_tag from '/home/ins/GenomeAnalysis/output/3_metabat/SRR4342133_binning/SRR4342133_binning.7.fa' contents.
[09:19:23] Setting --locustag EAKCLOJG from MD5 ea4c5830ec5435a43a4f421b7b452daa
[09:19:23] Folder '/home/ins/GenomeAnalysis/output/4_prokka/SRR4342133_bacteria' already exists! Please change --outdir or use --force
[09:19:23] This is prokka 1.14.6
[09:19:23] Written by Torsten Seemann <torsten.seemann@gmail.com>
[09:19:23] Homepage is https://github.com/tseemann/prokka
[09:19:23] Local time is Fri Apr 23 09:19:23 2021
[09:19:23] You are ins
[09:19:23] Operating system is linux
[09:19:23] You have BioPerl 1.007001
[09:19:23] System has 16 cores.
[09:19:23] Will use maximum of 8 cores.
[09:19:23] Annotating as >>> Bacteria <<<
[09:19:23] Generating locus_tag from '/home/ins/GenomeAnalysis/output/3_metabat/SRR4342133_binning/SRR4342133_binning.8.fa' contents.
[09:19:23] Setting --locustag EIOCEPAM from MD5 e28ce9a6a949f87f87cf955fc420971f
[09:19:23] Folder '/home/ins/GenomeAnalysis/output/4_prokka/SRR4342133_bacteria' already exists! Please change --outdir or use --force
[09:19:23] This is prokka 1.14.6
[09:19:23] Written by Torsten Seemann <torsten.seemann@gmail.com>
[09:19:23] Homepage is https://github.com/tseemann/prokka
[09:19:23] Local time is Fri Apr 23 09:19:23 2021
[09:19:23] You are ins
[09:19:23] Operating system is linux
[09:19:23] You have BioPerl 1.007001
[09:19:23] System has 16 cores.
[09:19:23] Will use maximum of 8 cores.
[09:19:23] Annotating as >>> Bacteria <<<
[09:19:23] Generating locus_tag from '/home/ins/GenomeAnalysis/output/3_metabat/SRR4342133_binning/SRR4342133_binning.9.fa' contents.
[09:19:23] Setting --locustag PHACGNJB from MD5 91ac073bd9ee89990a9a9c1b613cf43e
[09:19:23] Folder '/home/ins/GenomeAnalysis/output/4_prokka/SRR4342133_bacteria' already exists! Please change --outdir or use --force
/var/spool/slurmd/job4490764/slurm_script: line 35: syntax error: unexpected end of file
