/sw/bioinfo/quast/4.5.4/rackham/bin/metaquast.py /home/ins/GenomeAnalysis/output/2_megahit/combined_assembly/final.contigs.fa -o /home/ins/GenomeAnalysis/output/2_quast/combined_qc

Version: 4.5.4

System information:
  OS: Linux-3.10.0-1160.21.1.el7.x86_64-x86_64-with-centos-7.9.2009-Core (linux_64)
  Python version: 2.7.6
  CPUs number: 16

Started: 2021-04-29 11:05:17

Logging to /home/ins/GenomeAnalysis/output/2_quast/combined_qc/metaquast.log
NOTICE: Maximum number of threads is set to 4 (use --threads option to set it manually)

Contigs:
  Pre-processing...
  /home/ins/GenomeAnalysis/output/2_megahit/combined_assembly/final.contigs.fa ==> final.contigs

No references are provided, starting to search for reference genomes in SILVA 16S rRNA database and to download them from NCBI...

2021-04-29 11:05:23


Running BlastN..
  processing final.contigs
/home/ins/.quast/blast/blastn -query /home/ins/GenomeAnalysis/output/2_megahit/combined_assembly/final.contigs.fa \
-db /home/ins/.quast/silva/silva.123.db -outfmt 7 -num_threads 4 > /home/ins/GenomeAnalysis/output/2_quast/combined_qc/quast_downloaded_references/blast.res_final-contigs \
2>> /home/ins/GenomeAnalysis/output/2_quast/combined_qc/quast_downloaded_references/blast.err
  BLAST results for final.contigs are saved to /home/ins/GenomeAnalysis/output/2_quast/combined_qc/quast_downloaded_references/blast.res_final-contigs...


2021-04-29 11:31:52
Trying to download found references from NCBI. Totally 50 organisms to try.
marine metagenome has too fragmented reference genome! It will not be downloaded.
  marine_metagenome                                        | not found in the NCBI database
  gamma_proteobacterium_SCGC_AB-629-P17                    | successfully downloaded (total 1, 48 more to go)
  Synechococcus_sp._WH_7805                                | successfully downloaded (total 2, 47 more to go)
  Aquimarina_sp._22II-S11-z7                               | successfully downloaded (total 3, 46 more to go)
  Polaribacter_sp._MED152                                  | successfully downloaded (total 4, 45 more to go)
  Planctomyces_maris_DSM_8797                              | successfully downloaded (total 5, 44 more to go)
  Iamia_majanohamensis                                     | not found in the NCBI database
  bacterium_WH5-6                                          | not found in the NCBI database
  Luminiphilus_syltensis_NOR5-1B                           | successfully downloaded (total 6, 41 more to go)
  unidentified_marine_bacterioplankton                     | not found in the NCBI database
  Osedax_symbiont_Rs2                                      | successfully downloaded (total 7, 39 more to go)
  Thioalkalivibrio_sulfidiphilus_HL-EbGr7                  | successfully downloaded (total 8, 38 more to go)
  Lishizhenia_caseinilytica                                | not found in the NCBI database
  Ilumatobacter_nonamiensis_YM16-303                       | successfully downloaded (total 9, 36 more to go)
  Vibrio_coralliilyticus                                   | successfully downloaded (total 10, 35 more to go)
  magnetic_coccus_MP17                                     | not found in the NCBI database
  Oceanibaculum_indicum_P24                                | successfully downloaded (total 11, 33 more to go)
  Aminobacter_sp._J41                                      | successfully downloaded (total 12, 32 more to go)
  Magnetococcus_marinus_MC-1                               | successfully downloaded (total 13, 31 more to go)
  Gaiella_sp._EBR4-R2                                      | not found in the NCBI database
  Verrucomicrobia_bacterium_SCGC_AAA027-I19                | successfully downloaded (total 14, 29 more to go)
  Thiohalobacter_thiocyanaticus                            | successfully downloaded (total 15, 28 more to go)
  Psychroserpens_sp._PAMC_27130                            | successfully downloaded (total 16, 27 more to go)
  marine_gamma_proteobacterium_HTCC2188                    | not found in the NCBI database
  Spongiibacter_tropicus_DSM_19543                         | successfully downloaded (total 17, 25 more to go)
  Methylobacter_marinus_A45                                | successfully downloaded (total 18, 24 more to go)
  Methylohalomonas_lacus                                   | not found in the NCBI database
  Coraliomargarita_akajimensis_DSM_45221                   | successfully downloaded (total 19, 22 more to go)
  Ilumatobacter_fluminis                                   | successfully downloaded (total 20, 21 more to go)
  Phaeocystidibacter_sp._G18                               | successfully downloaded (total 21, 20 more to go)
  Haloferula_phyci                                         | not found in the NCBI database
  Photobacterium_halotolerans                              | successfully downloaded (total 22, 18 more to go)
  Burkholderia_pseudomallei_MSHR1043                       | successfully downloaded (total 23, 17 more to go)
  Dehalogenimonas_lykanthroporepellens_BL-DC-9             | successfully downloaded (total 24, 16 more to go)
  Acidithiomicrobium_sp._P1                                | not found in the NCBI database
  Leptothrix_sp._OT_B_406                                  | not found in the NCBI database
  Candidatus_Nitrosoarchaeum_limnia_SFB1                   | successfully downloaded (total 25, 13 more to go)
  Nitrospina_sp._SCGC_AAA288-L16                           | successfully downloaded (total 26, 12 more to go)
Pseudomonas mosselii SJ10 has too fragmented reference genome! It will not be downloaded.
  Pseudomonas_mosselii_SJ10                                | not found in the NCBI database
  Blastopirellula_marina                                   | successfully downloaded (total 27, 10 more to go)
  Simiduia_agarivorans_SA1_=_DSM_21679                     | successfully downloaded (total 28, 9 more to go)
  denitrifying_bacterium_enrichment_culture_clone_NOB_2_C9 | not found in the NCBI database
  Nitrospina_gracilis_3                                    | not found in the NCBI database
  bacterium_enrichment_culture_clone_136(2011)             | not found in the NCBI database
  Flavobacterium_sp._V4.BS.09                              | not found in the NCBI database
  Nisaea_sp._MOLA_138                                      | not found in the NCBI database
  Marispirillum_indicum                                    | not found in the NCBI database
  Sneathiella_chinensis                                    | successfully downloaded (total 29, 2 more to go)
  Bacillus_thuringiensis                                   | successfully downloaded (total 30, 1 more to go)
  Thioalkalivibrio_sp._ALJ17                               | successfully downloaded (total 31, 0 more to go)

Downloaded reference(s):
  /home/ins/GenomeAnalysis/output/2_quast/combined_qc/quast_downloaded_references/Aminobacter_sp._J41.fasta ==> Aminobacter_sp._J41
  /home/ins/GenomeAnalysis/output/2_quast/combined_qc/quast_downloaded_references/Aquimarina_sp._22II-S11-z7.fasta ==> Aquimarina_sp._22II-S11-z7
  /home/ins/GenomeAnalysis/output/2_quast/combined_qc/quast_downloaded_references/Bacillus_thuringiensis.fasta ==> Bacillus_thuringiensis
  /home/ins/GenomeAnalysis/output/2_quast/combined_qc/quast_downloaded_references/Blastopirellula_marina.fasta ==> Blastopirellula_marina
  /home/ins/GenomeAnalysis/output/2_quast/combined_qc/quast_downloaded_references/Burkholderia_pseudomallei_MSHR1043.fasta ==> Burkholderia_pseudomallei_MSHR1043
  /home/ins/GenomeAnalysis/output/2_quast/combined_qc/quast_downloaded_references/Candidatus_Nitrosoarchaeum_limnia_SFB1.fasta ==> Candidatus_Nitrosoarchaeum_limnia_SFB1
  /home/ins/GenomeAnalysis/output/2_quast/combined_qc/quast_downloaded_references/Coraliomargarita_akajimensis_DSM_45221.fasta ==> Coraliomargarita_akajimensis_DSM_45221
  /home/ins/GenomeAnalysis/output/2_quast/combined_qc/quast_downloaded_references/Dehalogenimonas_lykanthroporepellens_BL-DC-9.fasta ==> Dehalogenimonas_lykanthroporepellens_BL-DC-9
  /home/ins/GenomeAnalysis/output/2_quast/combined_qc/quast_downloaded_references/Ilumatobacter_fluminis.fasta ==> Ilumatobacter_fluminis
  /home/ins/GenomeAnalysis/output/2_quast/combined_qc/quast_downloaded_references/Ilumatobacter_nonamiensis_YM16-303.fasta ==> Ilumatobacter_nonamiensis_YM16-303
  /home/ins/GenomeAnalysis/output/2_quast/combined_qc/quast_downloaded_references/Luminiphilus_syltensis_NOR5-1B.fasta ==> Luminiphilus_syltensis_NOR5-1B
  /home/ins/GenomeAnalysis/output/2_quast/combined_qc/quast_downloaded_references/Magnetococcus_marinus_MC-1.fasta ==> Magnetococcus_marinus_MC-1
  /home/ins/GenomeAnalysis/output/2_quast/combined_qc/quast_downloaded_references/Methylobacter_marinus_A45.fasta ==> Methylobacter_marinus_A45
  /home/ins/GenomeAnalysis/output/2_quast/combined_qc/quast_downloaded_references/Nitrospina_sp._SCGC_AAA288-L16.fasta ==> Nitrospina_sp._SCGC_AAA288-L16
  /home/ins/GenomeAnalysis/output/2_quast/combined_qc/quast_downloaded_references/Oceanibaculum_indicum_P24.fasta ==> Oceanibaculum_indicum_P24
  /home/ins/GenomeAnalysis/output/2_quast/combined_qc/quast_downloaded_references/Osedax_symbiont_Rs2.fasta ==> Osedax_symbiont_Rs2
  /home/ins/GenomeAnalysis/output/2_quast/combined_qc/quast_downloaded_references/Phaeocystidibacter_sp._G18.fasta ==> Phaeocystidibacter_sp._G18
  /home/ins/GenomeAnalysis/output/2_quast/combined_qc/quast_downloaded_references/Photobacterium_halotolerans.fasta ==> Photobacterium_halotolerans
  /home/ins/GenomeAnalysis/output/2_quast/combined_qc/quast_downloaded_references/Planctomyces_maris_DSM_8797.fasta ==> Planctomyces_maris_DSM_8797
  /home/ins/GenomeAnalysis/output/2_quast/combined_qc/quast_downloaded_references/Polaribacter_sp._MED152.fasta ==> Polaribacter_sp._MED152
  /home/ins/GenomeAnalysis/output/2_quast/combined_qc/quast_downloaded_references/Psychroserpens_sp._PAMC_27130.fasta ==> Psychroserpens_sp._PAMC_27130
  /home/ins/GenomeAnalysis/output/2_quast/combined_qc/quast_downloaded_references/Simiduia_agarivorans_SA1___DSM_21679.fasta ==> Simiduia_agarivorans_SA1___DSM_21679
  /home/ins/GenomeAnalysis/output/2_quast/combined_qc/quast_downloaded_references/Sneathiella_chinensis.fasta ==> Sneathiella_chinensis
  /home/ins/GenomeAnalysis/output/2_quast/combined_qc/quast_downloaded_references/Spongiibacter_tropicus_DSM_19543.fasta ==> Spongiibacter_tropicus_DSM_19543
  /home/ins/GenomeAnalysis/output/2_quast/combined_qc/quast_downloaded_references/Synechococcus_sp._WH_7805.fasta ==> Synechococcus_sp._WH_7805
  /home/ins/GenomeAnalysis/output/2_quast/combined_qc/quast_downloaded_references/Thioalkalivibrio_sp._ALJ17.fasta ==> Thioalkalivibrio_sp._ALJ17
  /home/ins/GenomeAnalysis/output/2_quast/combined_qc/quast_downloaded_references/Thioalkalivibrio_sulfidiphilus_HL-EbGr7.fasta ==> Thioalkalivibrio_sulfidiphilus_HL-EbGr7
  /home/ins/GenomeAnalysis/output/2_quast/combined_qc/quast_downloaded_references/Thiohalobacter_thiocyanaticus.fasta ==> Thiohalobacter_thiocyanaticus
  /home/ins/GenomeAnalysis/output/2_quast/combined_qc/quast_downloaded_references/Verrucomicrobia_bacterium_SCGC_AAA027-I19.fasta ==> Verrucomicrobia_bacterium_SCGC_AAA027-I19
  /home/ins/GenomeAnalysis/output/2_quast/combined_qc/quast_downloaded_references/Vibrio_coralliilyticus.fasta ==> Vibrio_coralliilyticus
  /home/ins/GenomeAnalysis/output/2_quast/combined_qc/quast_downloaded_references/gamma_proteobacterium_SCGC_AB-629-P17.fasta ==> gamma_proteobacterium_SCGC_AB-629-P17
  All references were combined in combined_reference.fasta

Starting quast.py for the combined reference...
(logging to /home/ins/GenomeAnalysis/output/2_quast/combined_qc/combined_reference/quast.log)

Excluding downloaded references with low genome fraction from further analysis..

Filtered reference(s):
  /home/ins/GenomeAnalysis/output/2_quast/combined_qc/quast_downloaded_references/Synechococcus_sp._WH_7805.fasta ==> Synechococcus_sp._WH_7805
  All references were combined in combined_reference.fasta

Starting quast.py for the corrected combined reference...
(logging to /home/ins/GenomeAnalysis/output/2_quast/combined_qc/combined_reference/quast.log)

Partitioning contigs into bins aligned to each reference..
  processing final.contigs

Starting quast.py for the contigs aligned to Synechococcus_sp._WH_7805... (logging to /home/ins/GenomeAnalysis/output/2_quast/combined_qc/runs_per_reference/Synechococcus_sp._WH_7805/quast.log)

Starting quast.py for the contigs not aligned anywhere... (logging to /home/ins/GenomeAnalysis/output/2_quast/combined_qc/not_aligned/quast.log)

2021-04-29 12:09:57
Summarizing results...
  Drawing # contigs metaQUAST summary plot...
    saved to /home/ins/GenomeAnalysis/output/2_quast/combined_qc/summary/PDF/#_contigs.pdf
  Drawing Largest contig metaQUAST summary plot...
    saved to /home/ins/GenomeAnalysis/output/2_quast/combined_qc/summary/PDF/Largest_contig.pdf
  Drawing Total length metaQUAST summary plot...
    saved to /home/ins/GenomeAnalysis/output/2_quast/combined_qc/summary/PDF/Total_length.pdf
  Drawing Largest alignment metaQUAST summary plot...
    saved to /home/ins/GenomeAnalysis/output/2_quast/combined_qc/summary/PDF/Largest_alignment.pdf
  Drawing Total aligned length metaQUAST summary plot...
    saved to /home/ins/GenomeAnalysis/output/2_quast/combined_qc/summary/PDF/Total_aligned_length.pdf
  Drawing Total length (>= 1000 bp) metaQUAST summary plot...
    saved to /home/ins/GenomeAnalysis/output/2_quast/combined_qc/summary/PDF/Total_length_(>=_1000_bp).pdf
  Drawing Total length (>= 10000 bp) metaQUAST summary plot...
    saved to /home/ins/GenomeAnalysis/output/2_quast/combined_qc/summary/PDF/Total_length_(>=_10000_bp).pdf
  Drawing Total length (>= 50000 bp) metaQUAST summary plot...
    saved to /home/ins/GenomeAnalysis/output/2_quast/combined_qc/summary/PDF/Total_length_(>=_50000_bp).pdf
  Drawing # misassemblies metaQUAST summary plot...
    saved to /home/ins/GenomeAnalysis/output/2_quast/combined_qc/summary/PDF/#_misassemblies.pdf
  Drawing metaQUAST summary misassemblies plot for final.contigs...
    saved to /home/ins/GenomeAnalysis/output/2_quast/combined_qc/summary/PDF/final-contigs_misassemblies.pdf
  Drawing Misassembled contigs length metaQUAST summary plot...
    saved to /home/ins/GenomeAnalysis/output/2_quast/combined_qc/summary/PDF/Misassembled_contigs_length.pdf
  Drawing # mismatches per 100 kbp metaQUAST summary plot...
    saved to /home/ins/GenomeAnalysis/output/2_quast/combined_qc/summary/PDF/#_mismatches_per_100_kbp.pdf
  Drawing # indels per 100 kbp metaQUAST summary plot...
    saved to /home/ins/GenomeAnalysis/output/2_quast/combined_qc/summary/PDF/#_indels_per_100_kbp.pdf
  Drawing # N's per 100 kbp metaQUAST summary plot...
    saved to /home/ins/GenomeAnalysis/output/2_quast/combined_qc/summary/PDF/#_N's_per_100_kbp.pdf
  Drawing Genome fraction (%) metaQUAST summary plot...
    saved to /home/ins/GenomeAnalysis/output/2_quast/combined_qc/summary/PDF/Genome_fraction_(%).pdf
  Drawing Duplication ratio metaQUAST summary plot...
    saved to /home/ins/GenomeAnalysis/output/2_quast/combined_qc/summary/PDF/Duplication_ratio.pdf
  Drawing Avg contig read support metaQUAST summary plot...
    saved to /home/ins/GenomeAnalysis/output/2_quast/combined_qc/summary/PDF/Avg_contig_read_support.pdf
  Drawing # genes metaQUAST summary plot...
    saved to /home/ins/GenomeAnalysis/output/2_quast/combined_qc/summary/PDF/#_genes.pdf
  Drawing # operons metaQUAST summary plot...
    saved to /home/ins/GenomeAnalysis/output/2_quast/combined_qc/summary/PDF/#_operons.pdf
  Drawing NGA50 metaQUAST summary plot...
    saved to /home/ins/GenomeAnalysis/output/2_quast/combined_qc/summary/PDF/NGA50.pdf
  Drawing LGA50 metaQUAST summary plot...
    saved to /home/ins/GenomeAnalysis/output/2_quast/combined_qc/summary/PDF/LGA50.pdf
  Drawing # predicted genes (unique) metaQUAST summary plot...
    saved to /home/ins/GenomeAnalysis/output/2_quast/combined_qc/summary/PDF/#_predicted_genes_(unique).pdf

  Text versions of reports and plots for each metric (for all references and assemblies) are saved to /home/ins/GenomeAnalysis/output/2_quast/combined_qc/summary/
  Icarus (contig browser) is saved to /home/ins/GenomeAnalysis/output/2_quast/combined_qc/icarus.html
  Drawing interactive Krona plots...
  Krona chart for final.contigs is saved to /home/ins/GenomeAnalysis/output/2_quast/combined_qc/krona_charts/final.contigs_taxonomy_chart.html
  Extended version of HTML-report (for all references and assemblies) is saved to /home/ins/GenomeAnalysis/output/2_quast/combined_qc/report.html

MetaQUAST finished.
  Log saved to /home/ins/GenomeAnalysis/output/2_quast/combined_qc/metaquast.log

Finished: 2021-04-29 12:10:03
Elapsed time: 1:04:46.526308
Total NOTICEs: 11; WARNINGs: 1; non-fatal ERRORs: 0

Thank you for using QUAST!
