gnuplot 4.6 patchlevel 2
Aligning contigs to reference...
	Aligning contigs to the reference
Parsing coords...
Loading reference...
	Loaded [Geobacter_pickeringii_NZ_CP009788.1_Geobacter_pickeringii_strain_G13_chromosome__complete_genome]
Loading SNPs...
	Total Regions: 1
	Total Region Length: 3618700
Analyzing contigs...
CONTIG: k119_34150_flag_0_multi_11.6875_len_9177 (9177bp)
Best alignment score: 82.0 (LEN: 86, IDY: 95.35)
			The best set is below. Score: 82.0, number of alignments: 1, unaligned bases: 9091
		This contig is partially unaligned. (Aligned 86 out of 9177 bases)
		Alignment: 3581735 3581820 | 106 191 | 86 86 | 95.35 | Geobacter_pickeringii_NZ_CP009788.1_Geobacter_pickeringii_strain_G13_chromosome__complete_genome k119_34150_flag_0_multi_11.6875_len_9177
		Unaligned bases: 1 to 105 (105)
		Unaligned bases: 192 to 9177 (8986)

CONTIG: k119_284642_flag_1_multi_5.7156_len_1318 (1318bp)
Best alignment score: 68.0 (LEN: 68, IDY: 100.00)
			Skipping redundant alignments after choosing the best set of alignments
		Skipping redundant alignment 2827531 2827598 | 264 197 | 68 68 | 100.0 | Geobacter_pickeringii_NZ_CP009788.1_Geobacter_pickeringii_strain_G13_chromosome__complete_genome k119_284642_flag_1_multi_5.7156_len_1318
		Skipping redundant alignment 2910626 2910693 | 264 197 | 68 68 | 100.0 | Geobacter_pickeringii_NZ_CP009788.1_Geobacter_pickeringii_strain_G13_chromosome__complete_genome k119_284642_flag_1_multi_5.7156_len_1318
		This contig has several significant sets of alignments. [An ambiguously mapped contig]
		Using only the very best set (option --ambiguity-usage is set to "one").
			The best set is below. Score: 68.0, number of alignments: 1, unaligned bases: 1250
		This contig is partially unaligned. (Aligned 68 out of 1318 bases)
		Alignment: 2447119 2447186 | 264 197 | 68 68 | 100.0 | Geobacter_pickeringii_NZ_CP009788.1_Geobacter_pickeringii_strain_G13_chromosome__complete_genome k119_284642_flag_1_multi_5.7156_len_1318
		Unaligned bases: 1 to 196 (196)
		Unaligned bases: 265 to 1318 (1054)

Analyzing coverage...
Writing SNPs into /home/ins/GenomeAnalysis/output/2_quast/SRR4342133_qc/runs_per_reference/Geobacter_pickeringii/contigs_reports/nucmer_output/final-contigs.used_snps.gz
	Reference Geobacter_pickeringii_NZ_CP009788.1_Geobacter_pickeringii_strain_G13_chromosome__complete_genome: 2 total alignments. 1 total regions.
		Region: 1 to 3618700 (3618700 bp)
			START in gap: 1 to 2447119 (2447118 bp)
			Align 1: 2447119 2447186 k119_284642_flag_1_multi_5.7156_len_1318 264 197
				Gap between this and next alignment: 2447186 to 3581735 (1134548 bp)
				Next Alignment: 3581735 3581820 k119_34150_flag_0_multi_11.6875_len_9177 106 191

			Align 2: 3581735 3581820 k119_34150_flag_0_multi_11.6875_len_9177 106 191
			END in gap: 3581820 to 3618700 (36880 bp).

Analysis is finished!
Founded SNPs were written into /home/ins/GenomeAnalysis/output/2_quast/SRR4342133_qc/runs_per_reference/Geobacter_pickeringii/contigs_reports/nucmer_output/final-contigs.used_snps.gz

Results:
	Local Misassemblies: 0
	Misassemblies: 0
		Relocations: 0
		Translocations: 0
		Inversions: 0
	Misassembled Contigs: 0
	Misassembled Contig Bases: 0
	Misassemblies Inter-Contig Overlap: 0
Uncovered Regions: 0 (0)
Unaligned Contigs: 0 + 2 part
Half Unaligned Contigs with Misassemblies: 0
Unaligned Contig Bases: 10341

Ambiguously Mapped Contigs: 1
Total Bases in Ambiguously Mapped Contigs: 1318
Extra Bases in Ambiguously Mapped Contigs: 0
Note that --allow-ambiguity option was set to "one" and only first alignment per each of these contigs was used.

	Covered Bases: 154

	SNPs: 4
	Insertions: 0
	Deletions: 0

	Positive Gaps: 3
		Internal Gaps: 0
		External Gaps: 3
		External Gap Total: 3618546
		External Gap Average: 1206182
	Negative Gaps: 0
		Internal Overlaps: 0
		External Overlaps: 0
		External Overlaps Total: 0
		External Overlaps Average: 0
	Contigs with Redundant Alignments: 0 (0)
