/sw/bioinfo/quast/4.5.4/rackham/bin/quast.py --colors #E31A1C --ls solid --no-check-meta --contig-thresholds 1000,5000,10000,25000,50000 /home/ins/GenomeAnalysis/output/2_quast/combined_qc/quast_corrected_input/final-contigs_not_aligned_anywhere.fasta -o /home/ins/GenomeAnalysis/output/2_quast/combined_qc/not_aligned --labels final.contigs

Started: 2021-04-29 12:09:25

Logging to /home/ins/GenomeAnalysis/output/2_quast/combined_qc/not_aligned/quast.log
NOTICE: Maximum number of threads is set to 4 (use --threads option to set it manually)

CWD: /domus/h1/ins/GenomeAnalysis/code
Main parameters: 
  Threads: 4, minimum contig length: 500, ambiguity: one, threshold for extensive misassembly size: 1000

Contigs:
  Pre-processing...
  /home/ins/GenomeAnalysis/output/2_quast/combined_qc/quast_corrected_input/final-contigs_not_aligned_anywhere.fasta ==> final.contigs

2021-04-29 12:09:29
Running Basic statistics processor...
  Contig files: 
    final.contigs
  Calculating N50 and L50...
    final.contigs, N50 = 1361, L50 = 37006, Total length = 230901004, GC % = 47.74, # N's per 100 kbp =  0.00
  Drawing Nx plot...
    saved to /home/ins/GenomeAnalysis/output/2_quast/combined_qc/not_aligned/basic_stats/Nx_plot.pdf
  Drawing cumulative plot...
    saved to /home/ins/GenomeAnalysis/output/2_quast/combined_qc/not_aligned/basic_stats/cumulative_plot.pdf
  Drawing GC content plot...
    saved to /home/ins/GenomeAnalysis/output/2_quast/combined_qc/not_aligned/basic_stats/GC_content_plot.pdf
  Drawing final.contigs GC content plot...
    saved to /home/ins/GenomeAnalysis/output/2_quast/combined_qc/not_aligned/basic_stats/final.contigs_GC_content_plot.pdf
Done.

NOTICE: Genes are not predicted by default. Use --gene-finding option to enable it.

2021-04-29 12:09:49
Creating large visual summaries...
This may take a while: press Ctrl-C to skip this step..
  1 of 2: Creating Icarus viewers...
  2 of 2: Creating PDF with all tables and plots...
Done

2021-04-29 12:09:57
RESULTS:
  Text versions of total report are saved to /home/ins/GenomeAnalysis/output/2_quast/combined_qc/not_aligned/report.txt, report.tsv, and report.tex
  Text versions of transposed total report are saved to /home/ins/GenomeAnalysis/output/2_quast/combined_qc/not_aligned/transposed_report.txt, transposed_report.tsv, and transposed_report.tex
  HTML version (interactive tables and plots) saved to /home/ins/GenomeAnalysis/output/2_quast/combined_qc/not_aligned/report.html
  PDF version (tables and plots) is saved to /home/ins/GenomeAnalysis/output/2_quast/combined_qc/not_aligned/report.pdf
  Icarus (contig browser) is saved to /home/ins/GenomeAnalysis/output/2_quast/combined_qc/not_aligned/icarus.html
