gnuplot 4.6 patchlevel 2
Aligning contigs to reference...
	Aligning contigs to the reference
Parsing coords...
Loading reference...
	Loaded [Janibacter_sp._HTCC2649_NZ_AAMN01000009.1_Janibacter_sp._HTCC2649_1099316001544__whole_genome_shotgun_sequence]
	Loaded [Janibacter_sp._HTCC2649_NZ_AAMN01000010.1_Janibacter_sp._HTCC2649_1099316001511__whole_genome_shotgun_sequence]
	Loaded [Janibacter_sp._HTCC2649_NZ_AAMN01000011.1_Janibacter_sp._HTCC2649_1099316001520__whole_genome_shotgun_sequence]
	Loaded [Janibacter_sp._HTCC2649_NZ_AAMN01000012.1_Janibacter_sp._HTCC2649_1099316001526__whole_genome_shotgun_sequence]
	Loaded [Janibacter_sp._HTCC2649_NZ_AAMN01000013.1_Janibacter_sp._HTCC2649_1099316001539__whole_genome_shotgun_sequence]
	Loaded [Janibacter_sp._HTCC2649_NZ_AAMN01000014.1_Janibacter_sp._HTCC2649_1099316001525__whole_genome_shotgun_sequence]
	Loaded [Janibacter_sp._HTCC2649_NZ_CH672413.1_Janibacter_sp._HTCC2649_scf_1099316001559__whole_genome_shotgun_sequence]
Loading SNPs...
	Total Regions: 7
	Total Region Length: 4235068
Analyzing contigs...
CONTIG: k119_413965_flag_0_multi_13.0000_len_40848 (40848bp)
Best alignment score: 75.0 (LEN: 75, IDY: 100.00)
			The best set is below. Score: 75.0, number of alignments: 1, unaligned bases: 40773
		This contig is partially unaligned. (Aligned 75 out of 40848 bases)
		Alignment: 1742635 1742709 | 36030 35956 | 75 75 | 100.0 | Janibacter_sp._HTCC2649_NZ_CH672413.1_Janibacter_sp._HTCC2649_scf_1099316001559__whole_genome_shotgun_sequence k119_413965_flag_0_multi_13.0000_len_40848
		Unaligned bases: 1 to 35955 (35955)
		Unaligned bases: 36031 to 40848 (4818)

CONTIG: k119_85838_flag_1_multi_2.7330_len_516 (516bp)
Best alignment score: 82.0 (LEN: 84, IDY: 97.65)
			The best set is below. Score: 82.0, number of alignments: 1, unaligned bases: 432
		Alignment: 531393 531477 | 499 416 | 85 84 | 97.65 | Janibacter_sp._HTCC2649_NZ_CH672413.1_Janibacter_sp._HTCC2649_scf_1099316001559__whole_genome_shotgun_sequence k119_85838_flag_1_multi_2.7330_len_516

CONTIG: k119_334617_flag_0_multi_4.2736_len_1424 (1424bp)
Best alignment score: 266.0 (LEN: 277, IDY: 96.03)
			The best set is below. Score: 266.0, number of alignments: 1, unaligned bases: 1147
		This contig is partially unaligned. (Aligned 277 out of 1424 bases)
		Alignment: 880438 880709 | 1148 1424 | 272 277 | 96.03 | Janibacter_sp._HTCC2649_NZ_CH672413.1_Janibacter_sp._HTCC2649_scf_1099316001559__whole_genome_shotgun_sequence k119_334617_flag_0_multi_4.2736_len_1424
		Unaligned bases: 1 to 1147 (1147)

CONTIG: k119_334647_flag_0_multi_6.9073_len_2438 (2438bp)
Best alignment score: 240.0 (LEN: 249, IDY: 96.39)
			The best set is below. Score: 240.0, number of alignments: 1, unaligned bases: 2189
		This contig is partially unaligned. (Aligned 249 out of 2438 bases)
		Alignment: 880461 880709 | 249 1 | 249 249 | 96.39 | Janibacter_sp._HTCC2649_NZ_CH672413.1_Janibacter_sp._HTCC2649_scf_1099316001559__whole_genome_shotgun_sequence k119_334647_flag_0_multi_6.9073_len_2438
		Unaligned bases: 250 to 2438 (2189)

CONTIG: k119_285170_flag_0_multi_7.1192_len_5235 (5235bp)
Best alignment score: 78.0 (LEN: 78, IDY: 100.00)
			The best set is below. Score: 78.0, number of alignments: 1, unaligned bases: 5157
		This contig is partially unaligned. (Aligned 78 out of 5235 bases)
		Alignment: 3271864 3271941 | 736 659 | 78 78 | 100.0 | Janibacter_sp._HTCC2649_NZ_CH672413.1_Janibacter_sp._HTCC2649_scf_1099316001559__whole_genome_shotgun_sequence k119_285170_flag_0_multi_7.1192_len_5235
		Unaligned bases: 1 to 658 (658)
		Unaligned bases: 737 to 5235 (4499)

CONTIG: k119_13121_flag_1_multi_4.0000_len_789 (789bp)
Best alignment score: 75.0 (LEN: 75, IDY: 100.00)
			The best set is below. Score: 75.0, number of alignments: 1, unaligned bases: 714
		Alignment: 2084397 2084471 | 382 456 | 75 75 | 100.0 | Janibacter_sp._HTCC2649_NZ_CH672413.1_Janibacter_sp._HTCC2649_scf_1099316001559__whole_genome_shotgun_sequence k119_13121_flag_1_multi_4.0000_len_789

CONTIG: k119_211844_flag_1_multi_8.0000_len_2688 (2688bp)
Best alignment score: 76.0 (LEN: 76, IDY: 100.00)
			The best set is below. Score: 76.0, number of alignments: 1, unaligned bases: 2612
		This contig is partially unaligned. (Aligned 76 out of 2688 bases)
		Alignment: 3269081 3269156 | 2473 2398 | 76 76 | 100.0 | Janibacter_sp._HTCC2649_NZ_CH672413.1_Janibacter_sp._HTCC2649_scf_1099316001559__whole_genome_shotgun_sequence k119_211844_flag_1_multi_8.0000_len_2688
		Unaligned bases: 1 to 2397 (2397)
		Unaligned bases: 2474 to 2688 (215)

Analyzing coverage...
Writing SNPs into /home/ins/GenomeAnalysis/output/2_quast/SRR4342129_qc/runs_per_reference/Janibacter_sp._HTCC2649/contigs_reports/nucmer_output/final-contigs.used_snps.gz
WARNING: Reference Janibacter_sp._HTCC2649_NZ_AAMN01000011.1_Janibacter_sp._HTCC2649_1099316001520__whole_genome_shotgun_sequence does not have any alignments! 
	Reference Janibacter_sp._HTCC2649_NZ_CH672413.1_Janibacter_sp._HTCC2649_scf_1099316001559__whole_genome_shotgun_sequence: 7 total alignments. 1 total regions.
		Region: 1 to 4221782 (4221782 bp)
			START in gap: 1 to 531393 (531392 bp)
			Align 1: 531393 531477 k119_85838_flag_1_multi_2.7330_len_516 499 416
				Gap between this and next alignment: 531477 to 880438 (348960 bp)
				Next Alignment: 880438 880709 k119_334617_flag_0_multi_4.2736_len_1424 1148 1424

			Align 2: 880438 880709 k119_334617_flag_0_multi_4.2736_len_1424 1148 1424
				The next alignment (880461 880709 k119_334647_flag_0_multi_6.9073_len_2438 249 1) is redundant. Skipping.
				Gap between this and next alignment: 880709 to 1742635 (861925 bp)
				Next Alignment: 1742635 1742709 k119_413965_flag_0_multi_13.0000_len_40848 36030 35956

			Align 4: 1742635 1742709 k119_413965_flag_0_multi_13.0000_len_40848 36030 35956
				Gap between this and next alignment: 1742709 to 2084397 (341687 bp)
				Next Alignment: 2084397 2084471 k119_13121_flag_1_multi_4.0000_len_789 382 456

			Align 5: 2084397 2084471 k119_13121_flag_1_multi_4.0000_len_789 382 456
				Gap between this and next alignment: 2084471 to 3269081 (1184609 bp)
				Next Alignment: 3269081 3269156 k119_211844_flag_1_multi_8.0000_len_2688 2473 2398

			Align 6: 3269081 3269156 k119_211844_flag_1_multi_8.0000_len_2688 2473 2398
				Gap between this and next alignment: 3269156 to 3271864 (2707 bp)
				Next Alignment: 3271864 3271941 k119_285170_flag_0_multi_7.1192_len_5235 736 659

			Align 7: 3271864 3271941 k119_285170_flag_0_multi_7.1192_len_5235 736 659
			END in gap: 3271941 to 4221782 (949841 bp).

WARNING: Reference Janibacter_sp._HTCC2649_NZ_AAMN01000010.1_Janibacter_sp._HTCC2649_1099316001511__whole_genome_shotgun_sequence does not have any alignments! 
WARNING: Reference Janibacter_sp._HTCC2649_NZ_AAMN01000014.1_Janibacter_sp._HTCC2649_1099316001525__whole_genome_shotgun_sequence does not have any alignments! 
WARNING: Reference Janibacter_sp._HTCC2649_NZ_AAMN01000012.1_Janibacter_sp._HTCC2649_1099316001526__whole_genome_shotgun_sequence does not have any alignments! 
WARNING: Reference Janibacter_sp._HTCC2649_NZ_AAMN01000013.1_Janibacter_sp._HTCC2649_1099316001539__whole_genome_shotgun_sequence does not have any alignments! 
WARNING: Reference Janibacter_sp._HTCC2649_NZ_AAMN01000009.1_Janibacter_sp._HTCC2649_1099316001544__whole_genome_shotgun_sequence does not have any alignments! 
Analysis is finished!
Founded SNPs were written into /home/ins/GenomeAnalysis/output/2_quast/SRR4342129_qc/runs_per_reference/Janibacter_sp._HTCC2649/contigs_reports/nucmer_output/final-contigs.used_snps.gz

Results:
	Local Misassemblies: 0
	Misassemblies: 0
		Relocations: 0
		Translocations: 0
		Inversions: 0
	Misassembled Contigs: 0
	Misassembled Contig Bases: 0
	Misassemblies Inter-Contig Overlap: 0
Uncovered Regions: 0 (0)
Unaligned Contigs: 0 + 5 part
Half Unaligned Contigs with Misassemblies: 0
Unaligned Contig Bases: 51878

Ambiguously Mapped Contigs: 0
Total Bases in Ambiguously Mapped Contigs: 0
Extra Bases in Ambiguously Mapped Contigs: 0
Note that --allow-ambiguity option was set to "one" and only first alignment per each of these contigs was used.

	Covered Bases: 661

	SNPs: 7
	Insertions: 5
	Deletions: 1

	Positive Gaps: 7
		Internal Gaps: 0
		External Gaps: 7
		External Gap Total: 4221121
		External Gap Average: 603017
	Negative Gaps: 0
		Internal Overlaps: 0
		External Overlaps: 0
		External Overlaps Total: 0
		External Overlaps Average: 0
	Contigs with Redundant Alignments: 1 (249)
