gnuplot 4.6 patchlevel 2
Aligning contigs to reference...
	Aligning contigs to the reference
Parsing coords...
Loading reference...
	Loaded [Serratia_symbiotica_NZ_LR025083.1_Serratia_symbiotica_strain_SeCistrobi_genome_assembly__chromosome__1]
	Loaded [Serratia_symbiotica_NZ_LR025084.1_Serratia_symbiotica_strain_SeCistrobi_genome_assembly__plasmid__pSeCistrobi01]
Loading SNPs...
	Total Regions: 2
	Total Region Length: 2436813
Analyzing contigs...
CONTIG: k119_278877_flag_1_multi_6.0000_len_2054 (2054bp)
Best alignment score: 76.0 (LEN: 77, IDY: 98.70)
			The best set is below. Score: 76.0, number of alignments: 1, unaligned bases: 1977
		This contig is partially unaligned. (Aligned 77 out of 2054 bases)
		Alignment: 719653 719729 | 1892 1968 | 77 77 | 98.7 | Serratia_symbiotica_NZ_LR025083.1_Serratia_symbiotica_strain_SeCistrobi_genome_assembly__chromosome__1 k119_278877_flag_1_multi_6.0000_len_2054
		Unaligned bases: 1 to 1891 (1891)
		Unaligned bases: 1969 to 2054 (86)

Analyzing coverage...
Writing SNPs into /home/ins/GenomeAnalysis/output/2_quast/SRR4342129_qc/runs_per_reference/Serratia_symbiotica/contigs_reports/nucmer_output/final-contigs.used_snps.gz
	Reference Serratia_symbiotica_NZ_LR025083.1_Serratia_symbiotica_strain_SeCistrobi_genome_assembly__chromosome__1: 1 total alignments. 1 total regions.
		Region: 1 to 2414146 (2414146 bp)
			START in gap: 1 to 719653 (719652 bp)
			Align 1: 719653 719729 k119_278877_flag_1_multi_6.0000_len_2054 1892 1968
			END in gap: 719729 to 2414146 (1694417 bp).

WARNING: Reference Serratia_symbiotica_NZ_LR025084.1_Serratia_symbiotica_strain_SeCistrobi_genome_assembly__plasmid__pSeCistrobi01 does not have any alignments! 
Analysis is finished!
Founded SNPs were written into /home/ins/GenomeAnalysis/output/2_quast/SRR4342129_qc/runs_per_reference/Serratia_symbiotica/contigs_reports/nucmer_output/final-contigs.used_snps.gz

Results:
	Local Misassemblies: 0
	Misassemblies: 0
		Relocations: 0
		Translocations: 0
		Inversions: 0
	Misassembled Contigs: 0
	Misassembled Contig Bases: 0
	Misassemblies Inter-Contig Overlap: 0
Uncovered Regions: 0 (0)
Unaligned Contigs: 0 + 1 part
Half Unaligned Contigs with Misassemblies: 0
Unaligned Contig Bases: 1977

Ambiguously Mapped Contigs: 0
Total Bases in Ambiguously Mapped Contigs: 0
Extra Bases in Ambiguously Mapped Contigs: 0
Note that --allow-ambiguity option was set to "one" and only first alignment per each of these contigs was used.

	Covered Bases: 77

	SNPs: 1
	Insertions: 0
	Deletions: 0

	Positive Gaps: 2
		Internal Gaps: 0
		External Gaps: 2
		External Gap Total: 2414069
		External Gap Average: 1207034
	Negative Gaps: 0
		Internal Overlaps: 0
		External Overlaps: 0
		External Overlaps Total: 0
		External Overlaps Average: 0
	Contigs with Redundant Alignments: 0 (0)
