gnuplot 4.6 patchlevel 2
Aligning contigs to reference...
	Aligning contigs to the reference
Parsing coords...
Loading reference...
	Loaded [Syntrophus_aciditrophicus_NC_007759.1_Syntrophus_aciditrophicus_SB__complete_sequence]
Loading SNPs...
	Total Regions: 1
	Total Region Length: 3179300
Analyzing contigs...
CONTIG: k119_178624_flag_1_multi_3.6631_len_1134 (1134bp)
Best alignment score: 75.0 (LEN: 75, IDY: 100.00)
			The best set is below. Score: 75.0, number of alignments: 1, unaligned bases: 1059
		This contig is partially unaligned. (Aligned 75 out of 1134 bases)
		Alignment: 739807 739881 | 211 285 | 75 75 | 100.0 | Syntrophus_aciditrophicus_NC_007759.1_Syntrophus_aciditrophicus_SB__complete_sequence k119_178624_flag_1_multi_3.6631_len_1134
		Unaligned bases: 1 to 210 (210)
		Unaligned bases: 286 to 1134 (849)

CONTIG: k119_61129_flag_0_multi_25.0000_len_1183 (1183bp)
Best alignment score: 102.0 (LEN: 107, IDY: 95.33)
			The best set is below. Score: 102.0, number of alignments: 1, unaligned bases: 1076
		This contig is partially unaligned. (Aligned 107 out of 1183 bases)
		Alignment: 742007 742113 | 1183 1077 | 107 107 | 95.33 | Syntrophus_aciditrophicus_NC_007759.1_Syntrophus_aciditrophicus_SB__complete_sequence k119_61129_flag_0_multi_25.0000_len_1183
		Unaligned bases: 1 to 1076 (1076)

CONTIG: k119_191732_flag_0_multi_10.7619_len_665 (665bp)
Best alignment score: 72.0 (LEN: 72, IDY: 100.00)
			The best set is below. Score: 72.0, number of alignments: 1, unaligned bases: 593
		This contig is partially unaligned. (Aligned 72 out of 665 bases)
		Alignment: 739069 739140 | 587 658 | 72 72 | 100.0 | Syntrophus_aciditrophicus_NC_007759.1_Syntrophus_aciditrophicus_SB__complete_sequence k119_191732_flag_0_multi_10.7619_len_665
		Unaligned bases: 1 to 586 (586)
		Unaligned bases: 659 to 665 (7)

Analyzing coverage...
Writing SNPs into /home/ins/GenomeAnalysis/output/2_quast/SRR4342133_qc/runs_per_reference/Syntrophus_aciditrophicus/contigs_reports/nucmer_output/final-contigs.used_snps.gz
	Reference Syntrophus_aciditrophicus_NC_007759.1_Syntrophus_aciditrophicus_SB__complete_sequence: 3 total alignments. 1 total regions.
		Region: 1 to 3179300 (3179300 bp)
			START in gap: 1 to 739069 (739068 bp)
			Align 1: 739069 739140 k119_191732_flag_0_multi_10.7619_len_665 587 658
				Gap between this and next alignment: 739140 to 739807 (666 bp)
				Next Alignment: 739807 739881 k119_178624_flag_1_multi_3.6631_len_1134 211 285

			Align 2: 739807 739881 k119_178624_flag_1_multi_3.6631_len_1134 211 285
				Gap between this and next alignment: 739881 to 742007 (2125 bp)
				Next Alignment: 742007 742113 k119_61129_flag_0_multi_25.0000_len_1183 1183 1077

			Align 3: 742007 742113 k119_61129_flag_0_multi_25.0000_len_1183 1183 1077
			END in gap: 742113 to 3179300 (2437187 bp).

Analysis is finished!
Founded SNPs were written into /home/ins/GenomeAnalysis/output/2_quast/SRR4342133_qc/runs_per_reference/Syntrophus_aciditrophicus/contigs_reports/nucmer_output/final-contigs.used_snps.gz

Results:
	Local Misassemblies: 0
	Misassemblies: 0
		Relocations: 0
		Translocations: 0
		Inversions: 0
	Misassembled Contigs: 0
	Misassembled Contig Bases: 0
	Misassemblies Inter-Contig Overlap: 0
Uncovered Regions: 0 (0)
Unaligned Contigs: 0 + 3 part
Half Unaligned Contigs with Misassemblies: 0
Unaligned Contig Bases: 2728

Ambiguously Mapped Contigs: 0
Total Bases in Ambiguously Mapped Contigs: 0
Extra Bases in Ambiguously Mapped Contigs: 0
Note that --allow-ambiguity option was set to "one" and only first alignment per each of these contigs was used.

	Covered Bases: 254

	SNPs: 5
	Insertions: 0
	Deletions: 0

	Positive Gaps: 4
		Internal Gaps: 0
		External Gaps: 4
		External Gap Total: 3179046
		External Gap Average: 794762
	Negative Gaps: 0
		Internal Overlaps: 0
		External Overlaps: 0
		External Overlaps Total: 0
		External Overlaps Average: 0
	Contigs with Redundant Alignments: 0 (0)
