gnuplot 4.6 patchlevel 2
Aligning contigs to reference...
	Aligning contigs to the reference
Parsing coords...
Loading reference...
	Loaded [Planctomyces_brasiliensis_DSM_5305_NC_015174.1_Rubinisphaera_brasiliensis_DSM_5305__complete_sequence]
Loading SNPs...
	Total Regions: 1
	Total Region Length: 6006602
Analyzing contigs...
CONTIG: k119_139057_flag_1_multi_6.0000_len_2922 (2922bp)
Best alignment score: 77.0 (LEN: 77, IDY: 100.00)
			The best set is below. Score: 77.0, number of alignments: 1, unaligned bases: 2845
		This contig is partially unaligned. (Aligned 77 out of 2922 bases)
		Alignment: 490476 490552 | 2656 2732 | 77 77 | 100.0 | Planctomyces_brasiliensis_DSM_5305_NC_015174.1_Rubinisphaera_brasiliensis_DSM_5305__complete_sequence k119_139057_flag_1_multi_6.0000_len_2922
		Unaligned bases: 1 to 2655 (2655)
		Unaligned bases: 2733 to 2922 (190)

CONTIG: k119_116890_flag_1_multi_3.0000_len_840 (840bp)
Best alignment score: 76.0 (LEN: 76, IDY: 100.00)
			The best set is below. Score: 76.0, number of alignments: 1, unaligned bases: 764
		Alignment: 4730498 4730573 | 352 277 | 76 76 | 100.0 | Planctomyces_brasiliensis_DSM_5305_NC_015174.1_Rubinisphaera_brasiliensis_DSM_5305__complete_sequence k119_116890_flag_1_multi_3.0000_len_840

Analyzing coverage...
Writing SNPs into /home/ins/GenomeAnalysis/output/2_quast/SRR4342129_qc/runs_per_reference/Planctomyces_brasiliensis_DSM_5305/contigs_reports/nucmer_output/final-contigs.used_snps.gz
	Reference Planctomyces_brasiliensis_DSM_5305_NC_015174.1_Rubinisphaera_brasiliensis_DSM_5305__complete_sequence: 2 total alignments. 1 total regions.
		Region: 1 to 6006602 (6006602 bp)
			START in gap: 1 to 490476 (490475 bp)
			Align 1: 490476 490552 k119_139057_flag_1_multi_6.0000_len_2922 2656 2732
				Gap between this and next alignment: 490552 to 4730498 (4239945 bp)
				Next Alignment: 4730498 4730573 k119_116890_flag_1_multi_3.0000_len_840 352 277

			Align 2: 4730498 4730573 k119_116890_flag_1_multi_3.0000_len_840 352 277
			END in gap: 4730573 to 6006602 (1276029 bp).

Analysis is finished!
Founded SNPs were written into /home/ins/GenomeAnalysis/output/2_quast/SRR4342129_qc/runs_per_reference/Planctomyces_brasiliensis_DSM_5305/contigs_reports/nucmer_output/final-contigs.used_snps.gz

Results:
	Local Misassemblies: 0
	Misassemblies: 0
		Relocations: 0
		Translocations: 0
		Inversions: 0
	Misassembled Contigs: 0
	Misassembled Contig Bases: 0
	Misassemblies Inter-Contig Overlap: 0
Uncovered Regions: 0 (0)
Unaligned Contigs: 0 + 1 part
Half Unaligned Contigs with Misassemblies: 0
Unaligned Contig Bases: 2845

Ambiguously Mapped Contigs: 0
Total Bases in Ambiguously Mapped Contigs: 0
Extra Bases in Ambiguously Mapped Contigs: 0
Note that --allow-ambiguity option was set to "one" and only first alignment per each of these contigs was used.

	Covered Bases: 153

	SNPs: 0
	Insertions: 0
	Deletions: 0

	Positive Gaps: 3
		Internal Gaps: 0
		External Gaps: 3
		External Gap Total: 6006449
		External Gap Average: 2002150
	Negative Gaps: 0
		Internal Overlaps: 0
		External Overlaps: 0
		External Overlaps Total: 0
		External Overlaps Average: 0
	Contigs with Redundant Alignments: 0 (0)
