gnuplot 4.6 patchlevel 2
Aligning contigs to reference...
	Aligning contigs to the reference
Parsing coords...
Loading reference...
	Loaded [marine_gamma_proteobacterium_HTCC2080_AAVV01000001.1_Marine_gamma_proteobacterium_HTCC2080_1100755000537__whole_genome_shotgun_sequence]
	Loaded [marine_gamma_proteobacterium_HTCC2080_AAVV01000002.1_Marine_gamma_proteobacterium_HTCC2080_1100755000543__whole_genome_shotgun_sequence]
	Loaded [marine_gamma_proteobacterium_HTCC2080_AAVV01000003.1_Marine_gamma_proteobacterium_HTCC2080_1100755000534__whole_genome_shotgun_sequence]
	Loaded [marine_gamma_proteobacterium_HTCC2080_AAVV01000004.1_Marine_gamma_proteobacterium_HTCC2080_1100755000533__whole_genome_shotgun_sequence]
	Loaded [marine_gamma_proteobacterium_HTCC2080_AAVV01000005.1_Marine_gamma_proteobacterium_HTCC2080_1100755000542__whole_genome_shotgun_sequence]
	Loaded [marine_gamma_proteobacterium_HTCC2080_AAVV01000006.1_Marine_gamma_proteobacterium_HTCC2080_1100755000532__whole_genome_shotgun_sequence]
	Loaded [marine_gamma_proteobacterium_HTCC2080_AAVV01000007.1_Marine_gamma_proteobacterium_HTCC2080_1100755000546__whole_genome_shotgun_sequence]
	Loaded [marine_gamma_proteobacterium_HTCC2080_AAVV01000008.1_Marine_gamma_proteobacterium_HTCC2080_1100755000541__whole_genome_shotgun_sequence]
	Loaded [marine_gamma_proteobacterium_HTCC2080_AAVV01000009.1_Marine_gamma_proteobacterium_HTCC2080_1100755000536__whole_genome_shotgun_sequence]
	Loaded [marine_gamma_proteobacterium_HTCC2080_AAVV01000010.1_Marine_gamma_proteobacterium_HTCC2080_1100755000549__whole_genome_shotgun_sequence]
	Loaded [marine_gamma_proteobacterium_HTCC2080_AAVV01000011.1_Marine_gamma_proteobacterium_HTCC2080_1100755000548__whole_genome_shotgun_sequence]
	Loaded [marine_gamma_proteobacterium_HTCC2080_AAVV01000012.1_Marine_gamma_proteobacterium_HTCC2080_1100755000547__whole_genome_shotgun_sequence]
	Loaded [marine_gamma_proteobacterium_HTCC2080_AAVV01000013.1_Marine_gamma_proteobacterium_HTCC2080_1100755000540__whole_genome_shotgun_sequence]
	Loaded [marine_gamma_proteobacterium_HTCC2080_AAVV01000014.1_Marine_gamma_proteobacterium_HTCC2080_1100755000535__whole_genome_shotgun_sequence]
	Loaded [marine_gamma_proteobacterium_HTCC2080_AAVV01000015.1_Marine_gamma_proteobacterium_HTCC2080_1100755000539__whole_genome_shotgun_sequence]
	Loaded [marine_gamma_proteobacterium_HTCC2080_AAVV01000016.1_Marine_gamma_proteobacterium_HTCC2080_1100755000512__whole_genome_shotgun_sequence]
	Loaded [marine_gamma_proteobacterium_HTCC2080_AAVV01000017.1_Marine_gamma_proteobacterium_HTCC2080_1100755000545__whole_genome_shotgun_sequence]
	Loaded [marine_gamma_proteobacterium_HTCC2080_AAVV01000018.1_Marine_gamma_proteobacterium_HTCC2080_1100755000528__whole_genome_shotgun_sequence]
	Loaded [marine_gamma_proteobacterium_HTCC2080_AAVV01000019.1_Marine_gamma_proteobacterium_HTCC2080_1100755000531__whole_genome_shotgun_sequence]
	Loaded [marine_gamma_proteobacterium_HTCC2080_AAVV01000020.1_Marine_gamma_proteobacterium_HTCC2080_1100755000550__whole_genome_shotgun_sequence]
	Loaded [marine_gamma_proteobacterium_HTCC2080_AAVV01000021.1_Marine_gamma_proteobacterium_HTCC2080_1100755000544__whole_genome_shotgun_sequence]
	Loaded [marine_gamma_proteobacterium_HTCC2080_AAVV01000022.1_Marine_gamma_proteobacterium_HTCC2080_1100755000538__whole_genome_shotgun_sequence]
	Loaded [marine_gamma_proteobacterium_HTCC2080_AAVV01000023.1_Marine_gamma_proteobacterium_HTCC2080_1100755000515__whole_genome_shotgun_sequence]
	Loaded [marine_gamma_proteobacterium_HTCC2080_AAVV01000024.1_Marine_gamma_proteobacterium_HTCC2080_1100755000519__whole_genome_shotgun_sequence]
	Loaded [marine_gamma_proteobacterium_HTCC2080_AAVV01000025.1_Marine_gamma_proteobacterium_HTCC2080_1100755000516__whole_genome_shotgun_sequence]
Loading SNPs...
	Total Regions: 25
	Total Region Length: 3576081
Analyzing contigs...
CONTIG: k119_331369_flag_1_multi_2.9409_len_525 (525bp)
Best alignment score: 79.0 (LEN: 79, IDY: 100.00)
			The best set is below. Score: 79.0, number of alignments: 1, unaligned bases: 446
		Alignment: 97815 97893 | 519 441 | 79 79 | 100.0 | marine_gamma_proteobacterium_HTCC2080_AAVV01000011.1_Marine_gamma_proteobacterium_HTCC2080_1100755000548__whole_genome_shotgun_sequence k119_331369_flag_1_multi_2.9409_len_525

CONTIG: k119_192439_flag_1_multi_3.0000_len_574 (574bp)
Best alignment score: 75.0 (LEN: 75, IDY: 100.00)
			The best set is below. Score: 75.0, number of alignments: 1, unaligned bases: 499
		Alignment: 134542 134616 | 145 219 | 75 75 | 100.0 | marine_gamma_proteobacterium_HTCC2080_AAVV01000011.1_Marine_gamma_proteobacterium_HTCC2080_1100755000548__whole_genome_shotgun_sequence k119_192439_flag_1_multi_3.0000_len_574

CONTIG: k119_167995_flag_1_multi_5.0000_len_2625 (2625bp)
Best alignment score: 88.0 (LEN: 89, IDY: 98.88)
			The best set is below. Score: 88.0, number of alignments: 1, unaligned bases: 2536
		This contig is partially unaligned. (Aligned 89 out of 2625 bases)
		Alignment: 150441 150529 | 2102 2190 | 89 89 | 98.88 | marine_gamma_proteobacterium_HTCC2080_AAVV01000006.1_Marine_gamma_proteobacterium_HTCC2080_1100755000532__whole_genome_shotgun_sequence k119_167995_flag_1_multi_5.0000_len_2625
		Unaligned bases: 1 to 2101 (2101)
		Unaligned bases: 2191 to 2625 (435)

CONTIG: k119_65437_flag_1_multi_2.8602_len_1106 (1106bp)
Best alignment score: 86.0 (LEN: 87, IDY: 98.85)
			The best set is below. Score: 86.0, number of alignments: 1, unaligned bases: 1019
		This contig is partially unaligned. (Aligned 87 out of 1106 bases)
		Alignment: 158019 158105 | 1020 1106 | 87 87 | 98.85 | marine_gamma_proteobacterium_HTCC2080_AAVV01000006.1_Marine_gamma_proteobacterium_HTCC2080_1100755000532__whole_genome_shotgun_sequence k119_65437_flag_1_multi_2.8602_len_1106
		Unaligned bases: 1 to 1019 (1019)

CONTIG: k119_20801_flag_1_multi_1.8868_len_817 (817bp)
Best alignment score: 86.0 (LEN: 87, IDY: 98.85)
			The best set is below. Score: 86.0, number of alignments: 1, unaligned bases: 730
		This contig is partially unaligned. (Aligned 87 out of 817 bases)
		Alignment: 150441 150527 | 649 735 | 87 87 | 98.85 | marine_gamma_proteobacterium_HTCC2080_AAVV01000006.1_Marine_gamma_proteobacterium_HTCC2080_1100755000532__whole_genome_shotgun_sequence k119_20801_flag_1_multi_1.8868_len_817
		Unaligned bases: 1 to 648 (648)
		Unaligned bases: 736 to 817 (82)

CONTIG: k119_426278_flag_1_multi_1.9546_len_868 (868bp)
Best alignment score: 81.0 (LEN: 81, IDY: 100.00)
			The best set is below. Score: 81.0, number of alignments: 1, unaligned bases: 787
		This contig is partially unaligned. (Aligned 81 out of 868 bases)
		Alignment: 53628 53708 | 33 113 | 81 81 | 100.0 | marine_gamma_proteobacterium_HTCC2080_AAVV01000004.1_Marine_gamma_proteobacterium_HTCC2080_1100755000533__whole_genome_shotgun_sequence k119_426278_flag_1_multi_1.9546_len_868
		Unaligned bases: 1 to 32 (32)
		Unaligned bases: 114 to 868 (755)

CONTIG: k119_427901_flag_1_multi_3.0000_len_1231 (1231bp)
Best alignment score: 75.0 (LEN: 75, IDY: 100.00)
			The best set is below. Score: 75.0, number of alignments: 1, unaligned bases: 1156
		This contig is partially unaligned. (Aligned 75 out of 1231 bases)
		Alignment: 53628 53702 | 75 1 | 75 75 | 100.0 | marine_gamma_proteobacterium_HTCC2080_AAVV01000004.1_Marine_gamma_proteobacterium_HTCC2080_1100755000533__whole_genome_shotgun_sequence k119_427901_flag_1_multi_3.0000_len_1231
		Unaligned bases: 76 to 1231 (1156)

CONTIG: k119_355209_flag_1_multi_2.4082_len_805 (805bp)
Best alignment score: 115.0 (LEN: 118, IDY: 97.46)
			The best set is below. Score: 115.0, number of alignments: 1, unaligned bases: 687
		This contig is partially unaligned. (Aligned 118 out of 805 bases)
		Alignment: 53628 53745 | 522 639 | 118 118 | 97.46 | marine_gamma_proteobacterium_HTCC2080_AAVV01000004.1_Marine_gamma_proteobacterium_HTCC2080_1100755000533__whole_genome_shotgun_sequence k119_355209_flag_1_multi_2.4082_len_805
		Unaligned bases: 1 to 521 (521)
		Unaligned bases: 640 to 805 (166)

CONTIG: k119_278128_flag_1_multi_3.0000_len_1250 (1250bp)
Best alignment score: 83.0 (LEN: 83, IDY: 100.00)
			The best set is below. Score: 83.0, number of alignments: 1, unaligned bases: 1167
		This contig is partially unaligned. (Aligned 83 out of 1250 bases)
		Alignment: 15767 15849 | 715 797 | 83 83 | 100.0 | marine_gamma_proteobacterium_HTCC2080_AAVV01000020.1_Marine_gamma_proteobacterium_HTCC2080_1100755000550__whole_genome_shotgun_sequence k119_278128_flag_1_multi_3.0000_len_1250
		Unaligned bases: 1 to 714 (714)
		Unaligned bases: 798 to 1250 (453)

CONTIG: k119_320245_flag_1_multi_1.7770_len_572 (572bp)
Best alignment score: 89.0 (LEN: 91, IDY: 97.80)
			The best set is below. Score: 89.0, number of alignments: 1, unaligned bases: 481
		Alignment: 15766 15855 | 384 474 | 90 91 | 97.8 | marine_gamma_proteobacterium_HTCC2080_AAVV01000020.1_Marine_gamma_proteobacterium_HTCC2080_1100755000550__whole_genome_shotgun_sequence k119_320245_flag_1_multi_1.7770_len_572

CONTIG: k119_2925_flag_1_multi_2.3031_len_914 (914bp)
Best alignment score: 81.0 (LEN: 81, IDY: 100.00)
			The best set is below. Score: 81.0, number of alignments: 1, unaligned bases: 833
		This contig is partially unaligned. (Aligned 81 out of 914 bases)
		Alignment: 102723 102803 | 560 640 | 81 81 | 100.0 | marine_gamma_proteobacterium_HTCC2080_AAVV01000005.1_Marine_gamma_proteobacterium_HTCC2080_1100755000542__whole_genome_shotgun_sequence k119_2925_flag_1_multi_2.3031_len_914
		Unaligned bases: 1 to 559 (559)
		Unaligned bases: 641 to 914 (274)

CONTIG: k119_325932_flag_1_multi_3.0619_len_717 (717bp)
Best alignment score: 77.0 (LEN: 78, IDY: 98.72)
			The best set is below. Score: 77.0, number of alignments: 1, unaligned bases: 639
		This contig is partially unaligned. (Aligned 78 out of 717 bases)
		Alignment: 102726 102803 | 603 526 | 78 78 | 98.72 | marine_gamma_proteobacterium_HTCC2080_AAVV01000005.1_Marine_gamma_proteobacterium_HTCC2080_1100755000542__whole_genome_shotgun_sequence k119_325932_flag_1_multi_3.0619_len_717
		Unaligned bases: 1 to 525 (525)
		Unaligned bases: 604 to 717 (114)

CONTIG: k119_169502_flag_1_multi_3.6415_len_780 (780bp)
Best alignment score: 381.0 (LEN: 394, IDY: 96.70)
			The best set is below. Score: 381.0, number of alignments: 1, unaligned bases: 386
		Alignment: 34234 34626 | 1 394 | 393 394 | 96.7 | marine_gamma_proteobacterium_HTCC2080_AAVV01000015.1_Marine_gamma_proteobacterium_HTCC2080_1100755000539__whole_genome_shotgun_sequence k119_169502_flag_1_multi_3.6415_len_780

CONTIG: k119_237817_flag_0_multi_2.0000_len_557 (557bp)
Best alignment score: 154.0 (LEN: 160, IDY: 96.25)
			The best set is below. Score: 154.0, number of alignments: 1, unaligned bases: 397
		Alignment: 29853 30012 | 160 1 | 160 160 | 96.25 | marine_gamma_proteobacterium_HTCC2080_AAVV01000015.1_Marine_gamma_proteobacterium_HTCC2080_1100755000539__whole_genome_shotgun_sequence k119_237817_flag_0_multi_2.0000_len_557

CONTIG: k119_394472_flag_1_multi_1.9361_len_761 (761bp)
Best alignment score: 88.0 (LEN: 89, IDY: 98.88)
			The best set is below. Score: 88.0, number of alignments: 1, unaligned bases: 672
		This contig is partially unaligned. (Aligned 89 out of 761 bases)
		Alignment: 91763 91851 | 132 44 | 89 89 | 98.88 | marine_gamma_proteobacterium_HTCC2080_AAVV01000002.1_Marine_gamma_proteobacterium_HTCC2080_1100755000543__whole_genome_shotgun_sequence k119_394472_flag_1_multi_1.9361_len_761
		Unaligned bases: 1 to 43 (43)
		Unaligned bases: 133 to 761 (629)

CONTIG: k119_128605_flag_1_multi_5.0000_len_5333 (5333bp)
Best alignment score: 84.0 (LEN: 85, IDY: 98.84)
			The best set is below. Score: 84.0, number of alignments: 1, unaligned bases: 5248
		This contig is partially unaligned. (Aligned 85 out of 5333 bases)
		Alignment: 177830 177915 | 181 97 | 86 85 | 98.84 | marine_gamma_proteobacterium_HTCC2080_AAVV01000001.1_Marine_gamma_proteobacterium_HTCC2080_1100755000537__whole_genome_shotgun_sequence k119_128605_flag_1_multi_5.0000_len_5333
		Unaligned bases: 1 to 96 (96)
		Unaligned bases: 182 to 5333 (5152)

Analyzing coverage...
Writing SNPs into /home/ins/GenomeAnalysis/output/2_quast/SRR4342129_qc/runs_per_reference/marine_gamma_proteobacterium_HTCC2080/contigs_reports/nucmer_output/final-contigs.used_snps.gz
WARNING: Reference marine_gamma_proteobacterium_HTCC2080_AAVV01000022.1_Marine_gamma_proteobacterium_HTCC2080_1100755000538__whole_genome_shotgun_sequence does not have any alignments! 
	Reference marine_gamma_proteobacterium_HTCC2080_AAVV01000006.1_Marine_gamma_proteobacterium_HTCC2080_1100755000532__whole_genome_shotgun_sequence: 3 total alignments. 1 total regions.
		Region: 1 to 274231 (274231 bp)
			START in gap: 1 to 150441 (150440 bp)
			Align 1: 150441 150529 k119_167995_flag_1_multi_5.0000_len_2625 2102 2190
				The next alignment (150441 150527 k119_20801_flag_1_multi_1.8868_len_817 649 735) is redundant. Skipping.
				Gap between this and next alignment: 150529 to 158019 (7489 bp)
				Next Alignment: 158019 158105 k119_65437_flag_1_multi_2.8602_len_1106 1020 1106

			Align 3: 158019 158105 k119_65437_flag_1_multi_2.8602_len_1106 1020 1106
			END in gap: 158105 to 274231 (116126 bp).

	Reference marine_gamma_proteobacterium_HTCC2080_AAVV01000011.1_Marine_gamma_proteobacterium_HTCC2080_1100755000548__whole_genome_shotgun_sequence: 2 total alignments. 1 total regions.
		Region: 1 to 140154 (140154 bp)
			START in gap: 1 to 97815 (97814 bp)
			Align 1: 97815 97893 k119_331369_flag_1_multi_2.9409_len_525 519 441
				Gap between this and next alignment: 97893 to 134542 (36648 bp)
				Next Alignment: 134542 134616 k119_192439_flag_1_multi_3.0000_len_574 145 219

			Align 2: 134542 134616 k119_192439_flag_1_multi_3.0000_len_574 145 219
			END in gap: 134616 to 140154 (5538 bp).

WARNING: Reference marine_gamma_proteobacterium_HTCC2080_AAVV01000008.1_Marine_gamma_proteobacterium_HTCC2080_1100755000541__whole_genome_shotgun_sequence does not have any alignments! 
	Reference marine_gamma_proteobacterium_HTCC2080_AAVV01000004.1_Marine_gamma_proteobacterium_HTCC2080_1100755000533__whole_genome_shotgun_sequence: 3 total alignments. 1 total regions.
		Region: 1 to 308854 (308854 bp)
			START in gap: 1 to 53628 (53627 bp)
			Align 1: 53628 53708 k119_426278_flag_1_multi_1.9546_len_868 33 113
				The next alignment (53628 53702 k119_427901_flag_1_multi_3.0000_len_1231 75 1) is redundant. Skipping.
				Negative gap (overlap) between this and next alignment: 53708 to 53628 (-80 bp)
				Next Alignment: 53628 53745 k119_355209_flag_1_multi_2.4082_len_805 522 639

			Previous gap was negative, modifying coordinates to ignore overlap
				Moving contig start from 522 to 603.
			Align 3: 53709 53745 k119_355209_flag_1_multi_2.4082_len_805 603 639
			END in gap: 53745 to 308854 (255109 bp).

WARNING: Reference marine_gamma_proteobacterium_HTCC2080_AAVV01000019.1_Marine_gamma_proteobacterium_HTCC2080_1100755000531__whole_genome_shotgun_sequence does not have any alignments! 
	Reference marine_gamma_proteobacterium_HTCC2080_AAVV01000020.1_Marine_gamma_proteobacterium_HTCC2080_1100755000550__whole_genome_shotgun_sequence: 2 total alignments. 1 total regions.
		Region: 1 to 35841 (35841 bp)
			START in gap: 1 to 15766 (15765 bp)
			Align 1: 15766 15855 k119_320245_flag_1_multi_1.7770_len_572 384 474
				The next alignment (15767 15849 k119_278128_flag_1_multi_3.0000_len_1250 715 797) is redundant. Skipping.

WARNING: Reference marine_gamma_proteobacterium_HTCC2080_AAVV01000016.1_Marine_gamma_proteobacterium_HTCC2080_1100755000512__whole_genome_shotgun_sequence does not have any alignments! 
WARNING: Reference marine_gamma_proteobacterium_HTCC2080_AAVV01000010.1_Marine_gamma_proteobacterium_HTCC2080_1100755000549__whole_genome_shotgun_sequence does not have any alignments! 
WARNING: Reference marine_gamma_proteobacterium_HTCC2080_AAVV01000021.1_Marine_gamma_proteobacterium_HTCC2080_1100755000544__whole_genome_shotgun_sequence does not have any alignments! 
WARNING: Reference marine_gamma_proteobacterium_HTCC2080_AAVV01000024.1_Marine_gamma_proteobacterium_HTCC2080_1100755000519__whole_genome_shotgun_sequence does not have any alignments! 
	Reference marine_gamma_proteobacterium_HTCC2080_AAVV01000005.1_Marine_gamma_proteobacterium_HTCC2080_1100755000542__whole_genome_shotgun_sequence: 2 total alignments. 1 total regions.
		Region: 1 to 278497 (278497 bp)
			START in gap: 1 to 102723 (102722 bp)
			Align 1: 102723 102803 k119_2925_flag_1_multi_2.3031_len_914 560 640
				The next alignment (102726 102803 k119_325932_flag_1_multi_3.0619_len_717 603 526) is redundant. Skipping.

WARNING: Reference marine_gamma_proteobacterium_HTCC2080_AAVV01000017.1_Marine_gamma_proteobacterium_HTCC2080_1100755000545__whole_genome_shotgun_sequence does not have any alignments! 
WARNING: Reference marine_gamma_proteobacterium_HTCC2080_AAVV01000003.1_Marine_gamma_proteobacterium_HTCC2080_1100755000534__whole_genome_shotgun_sequence does not have any alignments! 
WARNING: Reference marine_gamma_proteobacterium_HTCC2080_AAVV01000013.1_Marine_gamma_proteobacterium_HTCC2080_1100755000540__whole_genome_shotgun_sequence does not have any alignments! 
WARNING: Reference marine_gamma_proteobacterium_HTCC2080_AAVV01000009.1_Marine_gamma_proteobacterium_HTCC2080_1100755000536__whole_genome_shotgun_sequence does not have any alignments! 
WARNING: Reference marine_gamma_proteobacterium_HTCC2080_AAVV01000012.1_Marine_gamma_proteobacterium_HTCC2080_1100755000547__whole_genome_shotgun_sequence does not have any alignments! 
	Reference marine_gamma_proteobacterium_HTCC2080_AAVV01000001.1_Marine_gamma_proteobacterium_HTCC2080_1100755000537__whole_genome_shotgun_sequence: 1 total alignments. 1 total regions.
		Region: 1 to 465767 (465767 bp)
			START in gap: 1 to 177830 (177829 bp)
			Align 1: 177830 177915 k119_128605_flag_1_multi_5.0000_len_5333 181 97
			END in gap: 177915 to 465767 (287852 bp).

WARNING: Reference marine_gamma_proteobacterium_HTCC2080_AAVV01000014.1_Marine_gamma_proteobacterium_HTCC2080_1100755000535__whole_genome_shotgun_sequence does not have any alignments! 
WARNING: Reference marine_gamma_proteobacterium_HTCC2080_AAVV01000007.1_Marine_gamma_proteobacterium_HTCC2080_1100755000546__whole_genome_shotgun_sequence does not have any alignments! 
WARNING: Reference marine_gamma_proteobacterium_HTCC2080_AAVV01000025.1_Marine_gamma_proteobacterium_HTCC2080_1100755000516__whole_genome_shotgun_sequence does not have any alignments! 
WARNING: Reference marine_gamma_proteobacterium_HTCC2080_AAVV01000018.1_Marine_gamma_proteobacterium_HTCC2080_1100755000528__whole_genome_shotgun_sequence does not have any alignments! 
	Reference marine_gamma_proteobacterium_HTCC2080_AAVV01000002.1_Marine_gamma_proteobacterium_HTCC2080_1100755000543__whole_genome_shotgun_sequence: 1 total alignments. 1 total regions.
		Region: 1 to 315245 (315245 bp)
			START in gap: 1 to 91763 (91762 bp)
			Align 1: 91763 91851 k119_394472_flag_1_multi_1.9361_len_761 132 44
			END in gap: 91851 to 315245 (223394 bp).

WARNING: Reference marine_gamma_proteobacterium_HTCC2080_AAVV01000023.1_Marine_gamma_proteobacterium_HTCC2080_1100755000515__whole_genome_shotgun_sequence does not have any alignments! 
	Reference marine_gamma_proteobacterium_HTCC2080_AAVV01000015.1_Marine_gamma_proteobacterium_HTCC2080_1100755000539__whole_genome_shotgun_sequence: 2 total alignments. 1 total regions.
		Region: 1 to 79359 (79359 bp)
			START in gap: 1 to 29853 (29852 bp)
			Align 1: 29853 30012 k119_237817_flag_0_multi_2.0000_len_557 160 1
				Gap between this and next alignment: 30012 to 34234 (4221 bp)
				Next Alignment: 34234 34626 k119_169502_flag_1_multi_3.6415_len_780 1 394

			Align 2: 34234 34626 k119_169502_flag_1_multi_3.6415_len_780 1 394
			END in gap: 34626 to 79359 (44733 bp).

Analysis is finished!
Founded SNPs were written into /home/ins/GenomeAnalysis/output/2_quast/SRR4342129_qc/runs_per_reference/marine_gamma_proteobacterium_HTCC2080/contigs_reports/nucmer_output/final-contigs.used_snps.gz

Results:
	Local Misassemblies: 0
	Misassemblies: 0
		Relocations: 0
		Translocations: 0
		Inversions: 0
	Misassembled Contigs: 0
	Misassembled Contig Bases: 0
	Misassemblies Inter-Contig Overlap: 0
Uncovered Regions: 0 (0)
Unaligned Contigs: 0 + 11 part
Half Unaligned Contigs with Misassemblies: 0
Unaligned Contig Bases: 15474

Ambiguously Mapped Contigs: 0
Total Bases in Ambiguously Mapped Contigs: 0
Extra Bases in Ambiguously Mapped Contigs: 0
Note that --allow-ambiguity option was set to "one" and only first alignment per each of these contigs was used.

	Covered Bases: 1347

	SNPs: 25
	Insertions: 2
	Deletions: 1

	Positive Gaps: 17
		Internal Gaps: 0
		External Gaps: 17
		External Gap Total: 1700921
		External Gap Average: 100054
	Negative Gaps: 1
		Internal Overlaps: 0
		External Overlaps: 1
		External Overlaps Total: -80
		External Overlaps Average: -80
	Contigs with Redundant Alignments: 4 (323)
