/sw/bioinfo/quast/4.5.4/rackham/bin/quast.py --combined-ref --colors #E31A1C --ls solid --ambiguity-usage all /home/ins/GenomeAnalysis/output/2_megahit/combined_assembly/final.contigs.fa -R /home/ins/GenomeAnalysis/output/2_quast/combined_qc/quast_corrected_input/combined_reference.fasta -o /home/ins/GenomeAnalysis/output/2_quast/combined_qc/combined_reference --labels final.contigs

Started: 2021-04-29 12:06:59

Logging to /home/ins/GenomeAnalysis/output/2_quast/combined_qc/combined_reference/quast.log
NOTICE: Output directory already exists. Existing Nucmer alignments can be used
NOTICE: Maximum number of threads is set to 4 (use --threads option to set it manually)

CWD: /domus/h1/ins/GenomeAnalysis/code
Main parameters: 
  Threads: 4, minimum contig length: 500, ambiguity: all, threshold for extensive misassembly size: 1000

Reference:
  /home/ins/GenomeAnalysis/output/2_quast/combined_qc/quast_corrected_input/combined_reference.fasta ==> combined_reference

Contigs:
  Pre-processing...
  /home/ins/GenomeAnalysis/output/2_megahit/combined_assembly/final.contigs.fa ==> final.contigs

2021-04-29 12:07:21
Running Basic statistics processor...
  Reference genome:
    combined_reference.fasta, length = 2627046, num fragments = 3, GC % = 57.63
  Contig files: 
    final.contigs
  Calculating N50 and L50...
    final.contigs, N50 = 1358, L50 = 37129, Total length = 231304240, GC % = 47.76, # N's per 100 kbp =  0.00
  Drawing Nx plot...
    saved to /home/ins/GenomeAnalysis/output/2_quast/combined_qc/combined_reference/basic_stats/Nx_plot.pdf
  Drawing cumulative plot...
    saved to /home/ins/GenomeAnalysis/output/2_quast/combined_qc/combined_reference/basic_stats/cumulative_plot.pdf
  Drawing GC content plot...
    saved to /home/ins/GenomeAnalysis/output/2_quast/combined_qc/combined_reference/basic_stats/GC_content_plot.pdf
  Drawing final.contigs GC content plot...
    saved to /home/ins/GenomeAnalysis/output/2_quast/combined_qc/combined_reference/basic_stats/final.contigs_GC_content_plot.pdf
Done.

2021-04-29 12:07:43
Running Contig analyzer...
  final.contigs
  Logging to files /home/ins/GenomeAnalysis/output/2_quast/combined_qc/combined_reference/contigs_reports/contigs_report_final-contigs.stdout and contigs_report_final-contigs.stderr...
  Aligning contigs to the reference
  /sw/bioinfo/quast/4.5.4/rackham/lib/python2.7/site-packages/quast_libs/MUMmer/nucmer \
  -c 65 -l 65 --maxmatch -p /home/ins/GenomeAnalysis/output/2_quast/combined_qc/combined_reference/contigs_reports/nucmer_output/final-contigs \
  --emem -t 4 /home/ins/GenomeAnalysis/output/2_quast/combined_qc/quast_corrected_input/combined_reference.fasta \
  /home/ins/GenomeAnalysis/output/2_quast/combined_qc/combined_reference/../quast_corrected_input/final-contigs.fa__2 \
  >> /home/ins/GenomeAnalysis/output/2_quast/combined_qc/combined_reference/contigs_reports/contigs_report_final-contigs.stdout \
  2>> /home/ins/GenomeAnalysis/output/2_quast/combined_qc/combined_reference/contigs_reports/contigs_report_final-contigs.stderr
  /sw/bioinfo/quast/4.5.4/rackham/lib/python2.7/site-packages/quast_libs/MUMmer/delta-filter \
  -i 95.0 -l 0 /home/ins/GenomeAnalysis/output/2_quast/combined_qc/combined_reference/contigs_reports/nucmer_output/final-contigs.delta \
  > /home/ins/GenomeAnalysis/output/2_quast/combined_qc/combined_reference/contigs_reports/nucmer_output/final-contigs.fdelta \
  2> /home/ins/GenomeAnalysis/output/2_quast/combined_qc/combined_reference/contigs_reports/contigs_report_final-contigs.stderr
  /sw/bioinfo/quast/4.5.4/rackham/lib/python2.7/site-packages/quast_libs/MUMmer/mummerplot \
  --html --layout -p /home/ins/GenomeAnalysis/output/2_quast/combined_qc/combined_reference/contigs_reports/nucmer_output/final-contigs \
  /home/ins/GenomeAnalysis/output/2_quast/combined_qc/combined_reference/contigs_reports/nucmer_output/final-contigs.delta \
  > /home/ins/GenomeAnalysis/output/2_quast/combined_qc/combined_reference/contigs_reports/contigs_report_final-contigs.stdout \
  2> /home/ins/GenomeAnalysis/output/2_quast/combined_qc/combined_reference/contigs_reports/contigs_report_final-contigs.stderr
  /sw/bioinfo/quast/4.5.4/rackham/lib/python2.7/site-packages/quast_libs/gnuplot/src/gnuplot \
  /home/ins/GenomeAnalysis/output/2_quast/combined_qc/combined_reference/contigs_reports/nucmer_output/final-contigs.gp \
  > /dev/null 2> /home/ins/GenomeAnalysis/output/2_quast/combined_qc/combined_reference/contigs_reports/contigs_report_final-contigs.stderr
  MUMmer plot saved to /home/ins/GenomeAnalysis/output/2_quast/combined_qc/combined_reference/contigs_reports/final-contigs_mummerplot.html
  /sw/bioinfo/quast/4.5.4/rackham/lib/python2.7/site-packages/quast_libs/MUMmer/show-coords \
  /home/ins/GenomeAnalysis/output/2_quast/combined_qc/combined_reference/contigs_reports/nucmer_output/final-contigs.delta \
  > /home/ins/GenomeAnalysis/output/2_quast/combined_qc/combined_reference/contigs_reports/nucmer_output/final-contigs.coords_tmp \
  2> /home/ins/GenomeAnalysis/output/2_quast/combined_qc/combined_reference/contigs_reports/contigs_report_final-contigs.stderr
  /sw/bioinfo/quast/4.5.4/rackham/lib/python2.7/site-packages/quast_libs/MUMmer/show-snps \
  -S -T -H /home/ins/GenomeAnalysis/output/2_quast/combined_qc/combined_reference/contigs_reports/nucmer_output/final-contigs.delta \
  < /home/ins/GenomeAnalysis/output/2_quast/combined_qc/combined_reference/contigs_reports/nucmer_output/final-contigs.coords.headless \
  > /home/ins/GenomeAnalysis/output/2_quast/combined_qc/combined_reference/contigs_reports/nucmer_output/final-contigs.all_snps \
  2> /home/ins/GenomeAnalysis/output/2_quast/combined_qc/combined_reference/contigs_reports/contigs_report_final-contigs.stderr
  Alignments: ../../../../../home/ins/GenomeAnalysis/output/2_quast/combined_qc/combined_reference/contigs_reports/alignments_final-contigs.tsv
  Analysis is finished.

  Gzipping /home/ins/GenomeAnalysis/output/2_quast/combined_qc/combined_reference/contigs_reports/nucmer_output/final-contigs.all_snps to reduce disk space usage...
    saved to /home/ins/GenomeAnalysis/output/2_quast/combined_qc/combined_reference/contigs_reports/nucmer_output/final-contigs.all_snps.gz
  Information about interspecies translocations by references for final-contigs is saved to /home/ins/GenomeAnalysis/output/2_quast/combined_qc/combined_reference/contigs_reports/interspecies_translocations_by_refs_final-contigs.info
  Drawing Intergenomic misassemblies (found and supposed) metaQUAST summary plot...
    saved to /home/ins/GenomeAnalysis/output/2_quast/combined_qc/combined_reference/contigs_reports/intergenomic_misassemblies.pdf
  Creating total report...
    saved to /home/ins/GenomeAnalysis/output/2_quast/combined_qc/combined_reference/contigs_reports/misassemblies_report.txt, misassemblies_report.tsv, and misassemblies_report.tex
  Transposed version of total report...
    saved to /home/ins/GenomeAnalysis/output/2_quast/combined_qc/combined_reference/contigs_reports/transposed_report_misassemblies.txt, transposed_report_misassemblies.tsv, and transposed_report_misassemblies.tex
  Creating total report...
    saved to /home/ins/GenomeAnalysis/output/2_quast/combined_qc/combined_reference/contigs_reports/unaligned_report.txt, unaligned_report.tsv, and unaligned_report.tex
  Drawing misassemblies by types plot...
    saved to /home/ins/GenomeAnalysis/output/2_quast/combined_qc/combined_reference/contigs_reports/misassemblies_plot.pdf
  Drawing misassemblies FRCurve plot...
    saved to /home/ins/GenomeAnalysis/output/2_quast/combined_qc/combined_reference/contigs_reports/misassemblies_frcurve_plot.pdf
Done.

2021-04-29 12:08:44
Running NA-NGA calculation...
  final.contigs, Largest alignment = 4519, NA50 = None, LA50 = None
  Drawing cumulative plot...
    saved to /home/ins/GenomeAnalysis/output/2_quast/combined_qc/combined_reference/aligned_stats/cumulative_plot.pdf
  Drawing NAx plot...
    saved to /home/ins/GenomeAnalysis/output/2_quast/combined_qc/combined_reference/aligned_stats/NAx_plot.pdf
Done.

2021-04-29 12:08:49
Running Genome analyzer...
  NOTICE: No file with genes provided. Use the -G option if you want to specify it.
  NOTICE: No file with operons provided. Use the -O option if you want to specify it.
  final.contigs
  Analysis is finished.
  Skipping drawing Genome fraction, % histogram... (less than 2 columns histogram makes no sense)
Done.

NOTICE: Genes are not predicted by default. Use --gene-finding option to enable it.

2021-04-29 12:08:55
Creating large visual summaries...
This may take a while: press Ctrl-C to skip this step..
  1 of 2: Creating Icarus viewers...
  2 of 2: Creating PDF with all tables and plots...
Done

2021-04-29 12:09:00
RESULTS:
  Text versions of total report are saved to /home/ins/GenomeAnalysis/output/2_quast/combined_qc/combined_reference/report.txt, report.tsv, and report.tex
  Text versions of transposed total report are saved to /home/ins/GenomeAnalysis/output/2_quast/combined_qc/combined_reference/transposed_report.txt, transposed_report.tsv, and transposed_report.tex
  HTML version (interactive tables and plots) saved to /home/ins/GenomeAnalysis/output/2_quast/combined_qc/combined_reference/report.html
  PDF version (tables and plots) is saved to /home/ins/GenomeAnalysis/output/2_quast/combined_qc/combined_reference/report.pdf
  Icarus (contig browser) is saved to /home/ins/GenomeAnalysis/output/2_quast/combined_qc/combined_reference/icarus.html
