gnuplot 4.6 patchlevel 2
Aligning contigs to reference...
	Aligning contigs to the reference
Parsing coords...
Loading reference...
	Loaded [Magnetococcus_marinus_NC_008576.1_Magnetococcus_marinus_MC-1__complete_sequence]
Loading SNPs...
	Total Regions: 1
	Total Region Length: 4719581
Analyzing contigs...
CONTIG: k119_249648_flag_0_multi_3.5937_len_813 (813bp)
Best alignment score: 108.0 (LEN: 113, IDY: 95.58)
			Skipping redundant alignments after choosing the best set of alignments
		Skipping redundant alignment 3370752 3370864 | 813 701 | 113 113 | 95.58 | Magnetococcus_marinus_NC_008576.1_Magnetococcus_marinus_MC-1__complete_sequence k119_249648_flag_0_multi_3.5937_len_813
		Skipping redundant alignment 3620190 3620302 | 813 701 | 113 113 | 95.58 | Magnetococcus_marinus_NC_008576.1_Magnetococcus_marinus_MC-1__complete_sequence k119_249648_flag_0_multi_3.5937_len_813
		This contig has several significant sets of alignments. [An ambiguously mapped contig]
		Using only the very best set (option --ambiguity-usage is set to "one").
			The best set is below. Score: 108.0, number of alignments: 1, unaligned bases: 700
		This contig is partially unaligned. (Aligned 113 out of 813 bases)
		Alignment: 278805 278917 | 701 813 | 113 113 | 95.58 | Magnetococcus_marinus_NC_008576.1_Magnetococcus_marinus_MC-1__complete_sequence k119_249648_flag_0_multi_3.5937_len_813
		Unaligned bases: 1 to 700 (700)

CONTIG: k119_249677_flag_0_multi_3.5486_len_757 (757bp)
Best alignment score: 108.0 (LEN: 113, IDY: 95.58)
			Skipping redundant alignments after choosing the best set of alignments
		Skipping redundant alignment 3370752 3370864 | 1 113 | 113 113 | 95.58 | Magnetococcus_marinus_NC_008576.1_Magnetococcus_marinus_MC-1__complete_sequence k119_249677_flag_0_multi_3.5486_len_757
		Skipping redundant alignment 3620190 3620302 | 1 113 | 113 113 | 95.58 | Magnetococcus_marinus_NC_008576.1_Magnetococcus_marinus_MC-1__complete_sequence k119_249677_flag_0_multi_3.5486_len_757
		This contig has several significant sets of alignments. [An ambiguously mapped contig]
		Using only the very best set (option --ambiguity-usage is set to "one").
			The best set is below. Score: 108.0, number of alignments: 1, unaligned bases: 644
		This contig is partially unaligned. (Aligned 113 out of 757 bases)
		Alignment: 278805 278917 | 113 1 | 113 113 | 95.58 | Magnetococcus_marinus_NC_008576.1_Magnetococcus_marinus_MC-1__complete_sequence k119_249677_flag_0_multi_3.5486_len_757
		Unaligned bases: 114 to 757 (644)

Analyzing coverage...
Writing SNPs into /home/ins/GenomeAnalysis/output/2_quast/SRR4342133_qc/runs_per_reference/Magnetococcus_marinus/contigs_reports/nucmer_output/final-contigs.used_snps.gz
	Reference Magnetococcus_marinus_NC_008576.1_Magnetococcus_marinus_MC-1__complete_sequence: 2 total alignments. 1 total regions.
		Region: 1 to 4719581 (4719581 bp)
			START in gap: 1 to 278805 (278804 bp)
			Align 1: 278805 278917 k119_249648_flag_0_multi_3.5937_len_813 701 813
				The next alignment (278805 278917 k119_249677_flag_0_multi_3.5486_len_757 113 1) is redundant. Skipping.

Analysis is finished!
Founded SNPs were written into /home/ins/GenomeAnalysis/output/2_quast/SRR4342133_qc/runs_per_reference/Magnetococcus_marinus/contigs_reports/nucmer_output/final-contigs.used_snps.gz

Results:
	Local Misassemblies: 0
	Misassemblies: 0
		Relocations: 0
		Translocations: 0
		Inversions: 0
	Misassembled Contigs: 0
	Misassembled Contig Bases: 0
	Misassemblies Inter-Contig Overlap: 0
Uncovered Regions: 0 (0)
Unaligned Contigs: 0 + 2 part
Half Unaligned Contigs with Misassemblies: 0
Unaligned Contig Bases: 1344

Ambiguously Mapped Contigs: 2
Total Bases in Ambiguously Mapped Contigs: 1570
Extra Bases in Ambiguously Mapped Contigs: 0
Note that --allow-ambiguity option was set to "one" and only first alignment per each of these contigs was used.

	Covered Bases: 113

	SNPs: 5
	Insertions: 0
	Deletions: 0

	Positive Gaps: 1
		Internal Gaps: 0
		External Gaps: 1
		External Gap Total: 278804
		External Gap Average: 278804
	Negative Gaps: 0
		Internal Overlaps: 0
		External Overlaps: 0
		External Overlaps Total: 0
		External Overlaps Average: 0
	Contigs with Redundant Alignments: 1 (113)
