gnuplot 4.6 patchlevel 2
Aligning contigs to reference...
	Aligning contigs to the reference
Parsing coords...
Loading reference...
	Loaded [gamma_proteobacterium_SCGC_AB-629-P17_KB889757.1_gamma_proteobacterium_SCGC_AB-629-P17_genomic_scaffold_A3OADRAFT_scaffold_0.1__whole_genome_shotgun_sequence]
	Loaded [gamma_proteobacterium_SCGC_AB-629-P17_KB889758.1_gamma_proteobacterium_SCGC_AB-629-P17_genomic_scaffold_A3OADRAFT_scaffold_1.2__whole_genome_shotgun_sequence]
	Loaded [gamma_proteobacterium_SCGC_AB-629-P17_KB889759.1_gamma_proteobacterium_SCGC_AB-629-P17_genomic_scaffold_A3OADRAFT_scaffold_10.11__whole_genome_shotgun_sequence]
	Loaded [gamma_proteobacterium_SCGC_AB-629-P17_KB889760.1_gamma_proteobacterium_SCGC_AB-629-P17_genomic_scaffold_A3OADRAFT_scaffold_11.12__whole_genome_shotgun_sequence]
	Loaded [gamma_proteobacterium_SCGC_AB-629-P17_KB889761.1_gamma_proteobacterium_SCGC_AB-629-P17_genomic_scaffold_A3OADRAFT_scaffold_12.13__whole_genome_shotgun_sequence]
	Loaded [gamma_proteobacterium_SCGC_AB-629-P17_KB889762.1_gamma_proteobacterium_SCGC_AB-629-P17_genomic_scaffold_A3OADRAFT_scaffold_13.14__whole_genome_shotgun_sequence]
	Loaded [gamma_proteobacterium_SCGC_AB-629-P17_KB889763.1_gamma_proteobacterium_SCGC_AB-629-P17_genomic_scaffold_A3OADRAFT_scaffold_14.15__whole_genome_shotgun_sequence]
	Loaded [gamma_proteobacterium_SCGC_AB-629-P17_KB889764.1_gamma_proteobacterium_SCGC_AB-629-P17_genomic_scaffold_A3OADRAFT_scaffold_15.16__whole_genome_shotgun_sequence]
	Loaded [gamma_proteobacterium_SCGC_AB-629-P17_KB889765.1_gamma_proteobacterium_SCGC_AB-629-P17_genomic_scaffold_A3OADRAFT_scaffold_16.17__whole_genome_shotgun_sequence]
	Loaded [gamma_proteobacterium_SCGC_AB-629-P17_KB889766.1_gamma_proteobacterium_SCGC_AB-629-P17_genomic_scaffold_A3OADRAFT_scaffold_17.18__whole_genome_shotgun_sequence]
	Loaded [gamma_proteobacterium_SCGC_AB-629-P17_KB889767.1_gamma_proteobacterium_SCGC_AB-629-P17_genomic_scaffold_A3OADRAFT_scaffold_18.19__whole_genome_shotgun_sequence]
	Loaded [gamma_proteobacterium_SCGC_AB-629-P17_KB889768.1_gamma_proteobacterium_SCGC_AB-629-P17_genomic_scaffold_A3OADRAFT_scaffold_19.20__whole_genome_shotgun_sequence]
	Loaded [gamma_proteobacterium_SCGC_AB-629-P17_KB889769.1_gamma_proteobacterium_SCGC_AB-629-P17_genomic_scaffold_A3OADRAFT_scaffold_2.3__whole_genome_shotgun_sequence]
	Loaded [gamma_proteobacterium_SCGC_AB-629-P17_KB889770.1_gamma_proteobacterium_SCGC_AB-629-P17_genomic_scaffold_A3OADRAFT_scaffold_20.21__whole_genome_shotgun_sequence]
	Loaded [gamma_proteobacterium_SCGC_AB-629-P17_KB889771.1_gamma_proteobacterium_SCGC_AB-629-P17_genomic_scaffold_A3OADRAFT_scaffold_21.22__whole_genome_shotgun_sequence]
	Loaded [gamma_proteobacterium_SCGC_AB-629-P17_KB889772.1_gamma_proteobacterium_SCGC_AB-629-P17_genomic_scaffold_A3OADRAFT_scaffold_22.23__whole_genome_shotgun_sequence]
	Loaded [gamma_proteobacterium_SCGC_AB-629-P17_KB889773.1_gamma_proteobacterium_SCGC_AB-629-P17_genomic_scaffold_A3OADRAFT_scaffold_23.24__whole_genome_shotgun_sequence]
	Loaded [gamma_proteobacterium_SCGC_AB-629-P17_KB889774.1_gamma_proteobacterium_SCGC_AB-629-P17_genomic_scaffold_A3OADRAFT_scaffold_24.25__whole_genome_shotgun_sequence]
	Loaded [gamma_proteobacterium_SCGC_AB-629-P17_KB889775.1_gamma_proteobacterium_SCGC_AB-629-P17_genomic_scaffold_A3OADRAFT_scaffold_25.26__whole_genome_shotgun_sequence]
	Loaded [gamma_proteobacterium_SCGC_AB-629-P17_KB889776.1_gamma_proteobacterium_SCGC_AB-629-P17_genomic_scaffold_A3OADRAFT_scaffold_26.27__whole_genome_shotgun_sequence]
	Loaded [gamma_proteobacterium_SCGC_AB-629-P17_KB889777.1_gamma_proteobacterium_SCGC_AB-629-P17_genomic_scaffold_A3OADRAFT_scaffold_27.28__whole_genome_shotgun_sequence]
	Loaded [gamma_proteobacterium_SCGC_AB-629-P17_KB889778.1_gamma_proteobacterium_SCGC_AB-629-P17_genomic_scaffold_A3OADRAFT_scaffold_28.29__whole_genome_shotgun_sequence]
	Loaded [gamma_proteobacterium_SCGC_AB-629-P17_KB889779.1_gamma_proteobacterium_SCGC_AB-629-P17_genomic_scaffold_A3OADRAFT_scaffold_29.30__whole_genome_shotgun_sequence]
	Loaded [gamma_proteobacterium_SCGC_AB-629-P17_KB889780.1_gamma_proteobacterium_SCGC_AB-629-P17_genomic_scaffold_A3OADRAFT_scaffold_3.4__whole_genome_shotgun_sequence]
	Loaded [gamma_proteobacterium_SCGC_AB-629-P17_KB889781.1_gamma_proteobacterium_SCGC_AB-629-P17_genomic_scaffold_A3OADRAFT_scaffold_30.31__whole_genome_shotgun_sequence]
	Loaded [gamma_proteobacterium_SCGC_AB-629-P17_KB889782.1_gamma_proteobacterium_SCGC_AB-629-P17_genomic_scaffold_A3OADRAFT_scaffold_31.32__whole_genome_shotgun_sequence]
	Loaded [gamma_proteobacterium_SCGC_AB-629-P17_KB889783.1_gamma_proteobacterium_SCGC_AB-629-P17_genomic_scaffold_A3OADRAFT_scaffold_32.33__whole_genome_shotgun_sequence]
	Loaded [gamma_proteobacterium_SCGC_AB-629-P17_KB889784.1_gamma_proteobacterium_SCGC_AB-629-P17_genomic_scaffold_A3OADRAFT_scaffold_33.34__whole_genome_shotgun_sequence]
	Loaded [gamma_proteobacterium_SCGC_AB-629-P17_KB889785.1_gamma_proteobacterium_SCGC_AB-629-P17_genomic_scaffold_A3OADRAFT_scaffold_34.35__whole_genome_shotgun_sequence]
	Loaded [gamma_proteobacterium_SCGC_AB-629-P17_KB889786.1_gamma_proteobacterium_SCGC_AB-629-P17_genomic_scaffold_A3OADRAFT_scaffold_35.36__whole_genome_shotgun_sequence]
	Loaded [gamma_proteobacterium_SCGC_AB-629-P17_KB889787.1_gamma_proteobacterium_SCGC_AB-629-P17_genomic_scaffold_A3OADRAFT_scaffold_36.37__whole_genome_shotgun_sequence]
	Loaded [gamma_proteobacterium_SCGC_AB-629-P17_KB889788.1_gamma_proteobacterium_SCGC_AB-629-P17_genomic_scaffold_A3OADRAFT_scaffold_37.38__whole_genome_shotgun_sequence]
	Loaded [gamma_proteobacterium_SCGC_AB-629-P17_KB889789.1_gamma_proteobacterium_SCGC_AB-629-P17_genomic_scaffold_A3OADRAFT_scaffold_38.39__whole_genome_shotgun_sequence]
	Loaded [gamma_proteobacterium_SCGC_AB-629-P17_KB889790.1_gamma_proteobacterium_SCGC_AB-629-P17_genomic_scaffold_A3OADRAFT_scaffold_39.40__whole_genome_shotgun_sequence]
	Loaded [gamma_proteobacterium_SCGC_AB-629-P17_KB889791.1_gamma_proteobacterium_SCGC_AB-629-P17_genomic_scaffold_A3OADRAFT_scaffold_4.5__whole_genome_shotgun_sequence]
	Loaded [gamma_proteobacterium_SCGC_AB-629-P17_KB889792.1_gamma_proteobacterium_SCGC_AB-629-P17_genomic_scaffold_A3OADRAFT_scaffold_40.41__whole_genome_shotgun_sequence]
	Loaded [gamma_proteobacterium_SCGC_AB-629-P17_KB889793.1_gamma_proteobacterium_SCGC_AB-629-P17_genomic_scaffold_A3OADRAFT_scaffold_41.42__whole_genome_shotgun_sequence]
	Loaded [gamma_proteobacterium_SCGC_AB-629-P17_KB889794.1_gamma_proteobacterium_SCGC_AB-629-P17_genomic_scaffold_A3OADRAFT_scaffold_42.43__whole_genome_shotgun_sequence]
	Loaded [gamma_proteobacterium_SCGC_AB-629-P17_KB889795.1_gamma_proteobacterium_SCGC_AB-629-P17_genomic_scaffold_A3OADRAFT_scaffold_43.44__whole_genome_shotgun_sequence]
	Loaded [gamma_proteobacterium_SCGC_AB-629-P17_KB889796.1_gamma_proteobacterium_SCGC_AB-629-P17_genomic_scaffold_A3OADRAFT_scaffold_44.45__whole_genome_shotgun_sequence]
	Loaded [gamma_proteobacterium_SCGC_AB-629-P17_KB889797.1_gamma_proteobacterium_SCGC_AB-629-P17_genomic_scaffold_A3OADRAFT_scaffold_45.46__whole_genome_shotgun_sequence]
	Loaded [gamma_proteobacterium_SCGC_AB-629-P17_KB889798.1_gamma_proteobacterium_SCGC_AB-629-P17_genomic_scaffold_A3OADRAFT_scaffold_46.47__whole_genome_shotgun_sequence]
	Loaded [gamma_proteobacterium_SCGC_AB-629-P17_KB889799.1_gamma_proteobacterium_SCGC_AB-629-P17_genomic_scaffold_A3OADRAFT_scaffold_47.48__whole_genome_shotgun_sequence]
	Loaded [gamma_proteobacterium_SCGC_AB-629-P17_KB889800.1_gamma_proteobacterium_SCGC_AB-629-P17_genomic_scaffold_A3OADRAFT_scaffold_48.49__whole_genome_shotgun_sequence]
	Loaded [gamma_proteobacterium_SCGC_AB-629-P17_KB889801.1_gamma_proteobacterium_SCGC_AB-629-P17_genomic_scaffold_A3OADRAFT_scaffold_49.50__whole_genome_shotgun_sequence]
	Loaded [gamma_proteobacterium_SCGC_AB-629-P17_KB889802.1_gamma_proteobacterium_SCGC_AB-629-P17_genomic_scaffold_A3OADRAFT_scaffold_5.6__whole_genome_shotgun_sequence]
	Loaded [gamma_proteobacterium_SCGC_AB-629-P17_KB889803.1_gamma_proteobacterium_SCGC_AB-629-P17_genomic_scaffold_A3OADRAFT_scaffold_50.51__whole_genome_shotgun_sequence]
	Loaded [gamma_proteobacterium_SCGC_AB-629-P17_KB889804.1_gamma_proteobacterium_SCGC_AB-629-P17_genomic_scaffold_A3OADRAFT_scaffold_51.52__whole_genome_shotgun_sequence]
	Loaded [gamma_proteobacterium_SCGC_AB-629-P17_KB889805.1_gamma_proteobacterium_SCGC_AB-629-P17_genomic_scaffold_A3OADRAFT_scaffold_52.53__whole_genome_shotgun_sequence]
	Loaded [gamma_proteobacterium_SCGC_AB-629-P17_KB889806.1_gamma_proteobacterium_SCGC_AB-629-P17_genomic_scaffold_A3OADRAFT_scaffold_53.54__whole_genome_shotgun_sequence]
	Loaded [gamma_proteobacterium_SCGC_AB-629-P17_KB889807.1_gamma_proteobacterium_SCGC_AB-629-P17_genomic_scaffold_A3OADRAFT_scaffold_54.55__whole_genome_shotgun_sequence]
	Loaded [gamma_proteobacterium_SCGC_AB-629-P17_KB889808.1_gamma_proteobacterium_SCGC_AB-629-P17_genomic_scaffold_A3OADRAFT_scaffold_55.56__whole_genome_shotgun_sequence]
	Loaded [gamma_proteobacterium_SCGC_AB-629-P17_KB889809.1_gamma_proteobacterium_SCGC_AB-629-P17_genomic_scaffold_A3OADRAFT_scaffold_56.57__whole_genome_shotgun_sequence]
	Loaded [gamma_proteobacterium_SCGC_AB-629-P17_KB889810.1_gamma_proteobacterium_SCGC_AB-629-P17_genomic_scaffold_A3OADRAFT_scaffold_57.58__whole_genome_shotgun_sequence]
	Loaded [gamma_proteobacterium_SCGC_AB-629-P17_KB889811.1_gamma_proteobacterium_SCGC_AB-629-P17_genomic_scaffold_A3OADRAFT_scaffold_58.59__whole_genome_shotgun_sequence]
	Loaded [gamma_proteobacterium_SCGC_AB-629-P17_KB889812.1_gamma_proteobacterium_SCGC_AB-629-P17_genomic_scaffold_A3OADRAFT_scaffold_59.60__whole_genome_shotgun_sequence]
	Loaded [gamma_proteobacterium_SCGC_AB-629-P17_KB889813.1_gamma_proteobacterium_SCGC_AB-629-P17_genomic_scaffold_A3OADRAFT_scaffold_6.7__whole_genome_shotgun_sequence]
	Loaded [gamma_proteobacterium_SCGC_AB-629-P17_KB889814.1_gamma_proteobacterium_SCGC_AB-629-P17_genomic_scaffold_A3OADRAFT_scaffold_60.61__whole_genome_shotgun_sequence]
	Loaded [gamma_proteobacterium_SCGC_AB-629-P17_KB889815.1_gamma_proteobacterium_SCGC_AB-629-P17_genomic_scaffold_A3OADRAFT_scaffold_61.62__whole_genome_shotgun_sequence]
	Loaded [gamma_proteobacterium_SCGC_AB-629-P17_KB889816.1_gamma_proteobacterium_SCGC_AB-629-P17_genomic_scaffold_A3OADRAFT_scaffold_62.63__whole_genome_shotgun_sequence]
	Loaded [gamma_proteobacterium_SCGC_AB-629-P17_KB889817.1_gamma_proteobacterium_SCGC_AB-629-P17_genomic_scaffold_A3OADRAFT_scaffold_63.64__whole_genome_shotgun_sequence]
	Loaded [gamma_proteobacterium_SCGC_AB-629-P17_KB889818.1_gamma_proteobacterium_SCGC_AB-629-P17_genomic_scaffold_A3OADRAFT_scaffold_64.65__whole_genome_shotgun_sequence]
	Loaded [gamma_proteobacterium_SCGC_AB-629-P17_KB889819.1_gamma_proteobacterium_SCGC_AB-629-P17_genomic_scaffold_A3OADRAFT_scaffold_65.66__whole_genome_shotgun_sequence]
	Loaded [gamma_proteobacterium_SCGC_AB-629-P17_KB889820.1_gamma_proteobacterium_SCGC_AB-629-P17_genomic_scaffold_A3OADRAFT_scaffold_66.67__whole_genome_shotgun_sequence]
	Loaded [gamma_proteobacterium_SCGC_AB-629-P17_KB889821.1_gamma_proteobacterium_SCGC_AB-629-P17_genomic_scaffold_A3OADRAFT_scaffold_67.68__whole_genome_shotgun_sequence]
	Loaded [gamma_proteobacterium_SCGC_AB-629-P17_KB889822.1_gamma_proteobacterium_SCGC_AB-629-P17_genomic_scaffold_A3OADRAFT_scaffold_68.69__whole_genome_shotgun_sequence]
	Loaded [gamma_proteobacterium_SCGC_AB-629-P17_KB889823.1_gamma_proteobacterium_SCGC_AB-629-P17_genomic_scaffold_A3OADRAFT_scaffold_69.70__whole_genome_shotgun_sequence]
	Loaded [gamma_proteobacterium_SCGC_AB-629-P17_KB889824.1_gamma_proteobacterium_SCGC_AB-629-P17_genomic_scaffold_A3OADRAFT_scaffold_7.8__whole_genome_shotgun_sequence]
	Loaded [gamma_proteobacterium_SCGC_AB-629-P17_KB889825.1_gamma_proteobacterium_SCGC_AB-629-P17_genomic_scaffold_A3OADRAFT_scaffold_8.9__whole_genome_shotgun_sequence]
	Loaded [gamma_proteobacterium_SCGC_AB-629-P17_KB889826.1_gamma_proteobacterium_SCGC_AB-629-P17_genomic_scaffold_A3OADRAFT_scaffold_9.10__whole_genome_shotgun_sequence]
Loading SNPs...
	Total Regions: 70
	Total Region Length: 1424092
Analyzing contigs...
CONTIG: k119_220398_flag_1_multi_6.0000_len_7133 (7133bp)
Best alignment score: 114.0 (LEN: 117, IDY: 97.46)
			The best set is below. Score: 114.0, number of alignments: 1, unaligned bases: 7016
		This contig is partially unaligned. (Aligned 117 out of 7133 bases)
		Alignment: 103755 103871 | 4651 4535 | 117 117 | 97.46 | gamma_proteobacterium_SCGC_AB-629-P17_KB889758.1_gamma_proteobacterium_SCGC_AB-629-P17_genomic_scaffold_A3OADRAFT_scaffold_1.2__whole_genome_shotgun_sequence k119_220398_flag_1_multi_6.0000_len_7133
		Unaligned bases: 1 to 4534 (4534)
		Unaligned bases: 4652 to 7133 (2482)

CONTIG: k119_139524_flag_1_multi_17.2286_len_1882 (1882bp)
Best alignment score: 74.0 (LEN: 77, IDY: 96.10)
			The best set is below. Score: 74.0, number of alignments: 1, unaligned bases: 1805
		This contig is partially unaligned. (Aligned 77 out of 1882 bases)
		Alignment: 1260 1336 | 1245 1169 | 77 77 | 96.1 | gamma_proteobacterium_SCGC_AB-629-P17_KB889789.1_gamma_proteobacterium_SCGC_AB-629-P17_genomic_scaffold_A3OADRAFT_scaffold_38.39__whole_genome_shotgun_sequence k119_139524_flag_1_multi_17.2286_len_1882
		Unaligned bases: 1 to 1168 (1168)
		Unaligned bases: 1246 to 1882 (637)

CONTIG: k119_189868_flag_1_multi_2.8462_len_704 (704bp)
Best alignment score: 94.0 (LEN: 96, IDY: 97.92)
			The best set is below. Score: 94.0, number of alignments: 1, unaligned bases: 608
		This contig is partially unaligned. (Aligned 96 out of 704 bases)
		Alignment: 1259 1354 | 630 535 | 96 96 | 97.92 | gamma_proteobacterium_SCGC_AB-629-P17_KB889789.1_gamma_proteobacterium_SCGC_AB-629-P17_genomic_scaffold_A3OADRAFT_scaffold_38.39__whole_genome_shotgun_sequence k119_189868_flag_1_multi_2.8462_len_704
		Unaligned bases: 1 to 534 (534)
		Unaligned bases: 631 to 704 (74)

CONTIG: k119_34676_flag_1_multi_4.0000_len_675 (675bp)
Best alignment score: 77.0 (LEN: 79, IDY: 97.47)
			The best set is below. Score: 77.0, number of alignments: 1, unaligned bases: 596
		This contig is partially unaligned. (Aligned 79 out of 675 bases)
		Alignment: 13921 13999 | 619 541 | 79 79 | 97.47 | gamma_proteobacterium_SCGC_AB-629-P17_KB889772.1_gamma_proteobacterium_SCGC_AB-629-P17_genomic_scaffold_A3OADRAFT_scaffold_22.23__whole_genome_shotgun_sequence k119_34676_flag_1_multi_4.0000_len_675
		Unaligned bases: 1 to 540 (540)
		Unaligned bases: 620 to 675 (56)

CONTIG: k119_177352_flag_1_multi_3.0000_len_769 (769bp)
Best alignment score: 73.0 (LEN: 74, IDY: 98.65)
			The best set is below. Score: 73.0, number of alignments: 1, unaligned bases: 695
		This contig is partially unaligned. (Aligned 74 out of 769 bases)
		Alignment: 13926 13999 | 518 591 | 74 74 | 98.65 | gamma_proteobacterium_SCGC_AB-629-P17_KB889772.1_gamma_proteobacterium_SCGC_AB-629-P17_genomic_scaffold_A3OADRAFT_scaffold_22.23__whole_genome_shotgun_sequence k119_177352_flag_1_multi_3.0000_len_769
		Unaligned bases: 1 to 517 (517)
		Unaligned bases: 592 to 769 (178)

CONTIG: k119_10921_flag_0_multi_8.9823_len_9143 (9143bp)
Best alignment score: 666.1 (LEN: 687, IDY: 96.96)
			The best set is below. Score: 666.1, number of alignments: 1, unaligned bases: 8456
		This contig is partially unaligned. (Aligned 687 out of 9143 bases)
		Alignment: 64495 65184 | 1 687 | 690 687 | 96.96 | gamma_proteobacterium_SCGC_AB-629-P17_KB889780.1_gamma_proteobacterium_SCGC_AB-629-P17_genomic_scaffold_A3OADRAFT_scaffold_3.4__whole_genome_shotgun_sequence k119_10921_flag_0_multi_8.9823_len_9143
		Unaligned bases: 688 to 9143 (8456)

CONTIG: k119_11879_flag_1_multi_2.7644_len_552 (552bp)
Best alignment score: 79.0 (LEN: 79, IDY: 100.00)
			The best set is below. Score: 79.0, number of alignments: 1, unaligned bases: 473
		Alignment: 61512 61590 | 508 430 | 79 79 | 100.0 | gamma_proteobacterium_SCGC_AB-629-P17_KB889780.1_gamma_proteobacterium_SCGC_AB-629-P17_genomic_scaffold_A3OADRAFT_scaffold_3.4__whole_genome_shotgun_sequence k119_11879_flag_1_multi_2.7644_len_552

CONTIG: k119_100751_flag_1_multi_7.8449_len_3865 (3865bp)
Best alignment score: 614.1 (LEN: 645, IDY: 95.21)
			The best set is below. Score: 614.1, number of alignments: 1, unaligned bases: 3220
		This contig is partially unaligned. (Aligned 645 out of 3865 bases)
		Alignment: 59634 60280 | 645 1 | 647 645 | 95.21 | gamma_proteobacterium_SCGC_AB-629-P17_KB889780.1_gamma_proteobacterium_SCGC_AB-629-P17_genomic_scaffold_A3OADRAFT_scaffold_3.4__whole_genome_shotgun_sequence k119_100751_flag_1_multi_7.8449_len_3865
		Unaligned bases: 646 to 3865 (3220)

CONTIG: k119_303553_flag_1_multi_7.9713_len_16924 (16924bp)
Best alignment score: 93.0 (LEN: 95, IDY: 97.92)
			The best set is below. Score: 93.0, number of alignments: 1, unaligned bases: 16829
		This contig is partially unaligned. (Aligned 95 out of 16924 bases)
		Alignment: 29550 29645 | 96 2 | 96 95 | 97.92 | gamma_proteobacterium_SCGC_AB-629-P17_KB889824.1_gamma_proteobacterium_SCGC_AB-629-P17_genomic_scaffold_A3OADRAFT_scaffold_7.8__whole_genome_shotgun_sequence k119_303553_flag_1_multi_7.9713_len_16924
		Unaligned bases: 1 to 1 (1)
		Unaligned bases: 97 to 16924 (16828)

Analyzing coverage...
Writing SNPs into /home/ins/GenomeAnalysis/output/2_quast/SRR4342129_qc/runs_per_reference/gamma_proteobacterium_SCGC_AB-629-P17/contigs_reports/nucmer_output/final-contigs.used_snps.gz
WARNING: Reference gamma_proteobacterium_SCGC_AB-629-P17_KB889786.1_gamma_proteobacterium_SCGC_AB-629-P17_genomic_scaffold_A3OADRAFT_scaffold_35.36__whole_genome_shotgun_sequence does not have any alignments! 
WARNING: Reference gamma_proteobacterium_SCGC_AB-629-P17_KB889761.1_gamma_proteobacterium_SCGC_AB-629-P17_genomic_scaffold_A3OADRAFT_scaffold_12.13__whole_genome_shotgun_sequence does not have any alignments! 
WARNING: Reference gamma_proteobacterium_SCGC_AB-629-P17_KB889759.1_gamma_proteobacterium_SCGC_AB-629-P17_genomic_scaffold_A3OADRAFT_scaffold_10.11__whole_genome_shotgun_sequence does not have any alignments! 
WARNING: Reference gamma_proteobacterium_SCGC_AB-629-P17_KB889763.1_gamma_proteobacterium_SCGC_AB-629-P17_genomic_scaffold_A3OADRAFT_scaffold_14.15__whole_genome_shotgun_sequence does not have any alignments! 
WARNING: Reference gamma_proteobacterium_SCGC_AB-629-P17_KB889799.1_gamma_proteobacterium_SCGC_AB-629-P17_genomic_scaffold_A3OADRAFT_scaffold_47.48__whole_genome_shotgun_sequence does not have any alignments! 
WARNING: Reference gamma_proteobacterium_SCGC_AB-629-P17_KB889769.1_gamma_proteobacterium_SCGC_AB-629-P17_genomic_scaffold_A3OADRAFT_scaffold_2.3__whole_genome_shotgun_sequence does not have any alignments! 
WARNING: Reference gamma_proteobacterium_SCGC_AB-629-P17_KB889785.1_gamma_proteobacterium_SCGC_AB-629-P17_genomic_scaffold_A3OADRAFT_scaffold_34.35__whole_genome_shotgun_sequence does not have any alignments! 
WARNING: Reference gamma_proteobacterium_SCGC_AB-629-P17_KB889784.1_gamma_proteobacterium_SCGC_AB-629-P17_genomic_scaffold_A3OADRAFT_scaffold_33.34__whole_genome_shotgun_sequence does not have any alignments! 
WARNING: Reference gamma_proteobacterium_SCGC_AB-629-P17_KB889782.1_gamma_proteobacterium_SCGC_AB-629-P17_genomic_scaffold_A3OADRAFT_scaffold_31.32__whole_genome_shotgun_sequence does not have any alignments! 
WARNING: Reference gamma_proteobacterium_SCGC_AB-629-P17_KB889768.1_gamma_proteobacterium_SCGC_AB-629-P17_genomic_scaffold_A3OADRAFT_scaffold_19.20__whole_genome_shotgun_sequence does not have any alignments! 
WARNING: Reference gamma_proteobacterium_SCGC_AB-629-P17_KB889788.1_gamma_proteobacterium_SCGC_AB-629-P17_genomic_scaffold_A3OADRAFT_scaffold_37.38__whole_genome_shotgun_sequence does not have any alignments! 
WARNING: Reference gamma_proteobacterium_SCGC_AB-629-P17_KB889791.1_gamma_proteobacterium_SCGC_AB-629-P17_genomic_scaffold_A3OADRAFT_scaffold_4.5__whole_genome_shotgun_sequence does not have any alignments! 
	Reference gamma_proteobacterium_SCGC_AB-629-P17_KB889758.1_gamma_proteobacterium_SCGC_AB-629-P17_genomic_scaffold_A3OADRAFT_scaffold_1.2__whole_genome_shotgun_sequence: 1 total alignments. 1 total regions.
		Region: 1 to 139034 (139034 bp)
			START in gap: 1 to 103755 (103754 bp)
			Align 1: 103755 103871 k119_220398_flag_1_multi_6.0000_len_7133 4651 4535
			END in gap: 103871 to 139034 (35163 bp).

WARNING: Reference gamma_proteobacterium_SCGC_AB-629-P17_KB889770.1_gamma_proteobacterium_SCGC_AB-629-P17_genomic_scaffold_A3OADRAFT_scaffold_20.21__whole_genome_shotgun_sequence does not have any alignments! 
WARNING: Reference gamma_proteobacterium_SCGC_AB-629-P17_KB889779.1_gamma_proteobacterium_SCGC_AB-629-P17_genomic_scaffold_A3OADRAFT_scaffold_29.30__whole_genome_shotgun_sequence does not have any alignments! 
WARNING: Reference gamma_proteobacterium_SCGC_AB-629-P17_KB889771.1_gamma_proteobacterium_SCGC_AB-629-P17_genomic_scaffold_A3OADRAFT_scaffold_21.22__whole_genome_shotgun_sequence does not have any alignments! 
WARNING: Reference gamma_proteobacterium_SCGC_AB-629-P17_KB889777.1_gamma_proteobacterium_SCGC_AB-629-P17_genomic_scaffold_A3OADRAFT_scaffold_27.28__whole_genome_shotgun_sequence does not have any alignments! 
WARNING: Reference gamma_proteobacterium_SCGC_AB-629-P17_KB889794.1_gamma_proteobacterium_SCGC_AB-629-P17_genomic_scaffold_A3OADRAFT_scaffold_42.43__whole_genome_shotgun_sequence does not have any alignments! 
WARNING: Reference gamma_proteobacterium_SCGC_AB-629-P17_KB889793.1_gamma_proteobacterium_SCGC_AB-629-P17_genomic_scaffold_A3OADRAFT_scaffold_41.42__whole_genome_shotgun_sequence does not have any alignments! 
WARNING: Reference gamma_proteobacterium_SCGC_AB-629-P17_KB889776.1_gamma_proteobacterium_SCGC_AB-629-P17_genomic_scaffold_A3OADRAFT_scaffold_26.27__whole_genome_shotgun_sequence does not have any alignments! 
WARNING: Reference gamma_proteobacterium_SCGC_AB-629-P17_KB889762.1_gamma_proteobacterium_SCGC_AB-629-P17_genomic_scaffold_A3OADRAFT_scaffold_13.14__whole_genome_shotgun_sequence does not have any alignments! 
WARNING: Reference gamma_proteobacterium_SCGC_AB-629-P17_KB889783.1_gamma_proteobacterium_SCGC_AB-629-P17_genomic_scaffold_A3OADRAFT_scaffold_32.33__whole_genome_shotgun_sequence does not have any alignments! 
WARNING: Reference gamma_proteobacterium_SCGC_AB-629-P17_KB889801.1_gamma_proteobacterium_SCGC_AB-629-P17_genomic_scaffold_A3OADRAFT_scaffold_49.50__whole_genome_shotgun_sequence does not have any alignments! 
	Reference gamma_proteobacterium_SCGC_AB-629-P17_KB889789.1_gamma_proteobacterium_SCGC_AB-629-P17_genomic_scaffold_A3OADRAFT_scaffold_38.39__whole_genome_shotgun_sequence: 2 total alignments. 1 total regions.
		Region: 1 to 2758 (2758 bp)
			START in gap: 1 to 1259 (1258 bp)
			Align 1: 1259 1354 k119_189868_flag_1_multi_2.8462_len_704 630 535
				The next alignment (1260 1336 k119_139524_flag_1_multi_17.2286_len_1882 1245 1169) is redundant. Skipping.

WARNING: Reference gamma_proteobacterium_SCGC_AB-629-P17_KB889778.1_gamma_proteobacterium_SCGC_AB-629-P17_genomic_scaffold_A3OADRAFT_scaffold_28.29__whole_genome_shotgun_sequence does not have any alignments! 
WARNING: Reference gamma_proteobacterium_SCGC_AB-629-P17_KB889818.1_gamma_proteobacterium_SCGC_AB-629-P17_genomic_scaffold_A3OADRAFT_scaffold_64.65__whole_genome_shotgun_sequence does not have any alignments! 
WARNING: Reference gamma_proteobacterium_SCGC_AB-629-P17_KB889767.1_gamma_proteobacterium_SCGC_AB-629-P17_genomic_scaffold_A3OADRAFT_scaffold_18.19__whole_genome_shotgun_sequence does not have any alignments! 
WARNING: Reference gamma_proteobacterium_SCGC_AB-629-P17_KB889773.1_gamma_proteobacterium_SCGC_AB-629-P17_genomic_scaffold_A3OADRAFT_scaffold_23.24__whole_genome_shotgun_sequence does not have any alignments! 
WARNING: Reference gamma_proteobacterium_SCGC_AB-629-P17_KB889821.1_gamma_proteobacterium_SCGC_AB-629-P17_genomic_scaffold_A3OADRAFT_scaffold_67.68__whole_genome_shotgun_sequence does not have any alignments! 
WARNING: Reference gamma_proteobacterium_SCGC_AB-629-P17_KB889823.1_gamma_proteobacterium_SCGC_AB-629-P17_genomic_scaffold_A3OADRAFT_scaffold_69.70__whole_genome_shotgun_sequence does not have any alignments! 
	Reference gamma_proteobacterium_SCGC_AB-629-P17_KB889780.1_gamma_proteobacterium_SCGC_AB-629-P17_genomic_scaffold_A3OADRAFT_scaffold_3.4__whole_genome_shotgun_sequence: 3 total alignments. 1 total regions.
		Region: 1 to 87684 (87684 bp)
			START in gap: 1 to 59634 (59633 bp)
			Align 1: 59634 60280 k119_100751_flag_1_multi_7.8449_len_3865 645 1
				Gap between this and next alignment: 60280 to 61512 (1231 bp)
				Next Alignment: 61512 61590 k119_11879_flag_1_multi_2.7644_len_552 508 430

			Align 2: 61512 61590 k119_11879_flag_1_multi_2.7644_len_552 508 430
				Gap between this and next alignment: 61590 to 64495 (2904 bp)
				Next Alignment: 64495 65184 k119_10921_flag_0_multi_8.9823_len_9143 1 687

			Align 3: 64495 65184 k119_10921_flag_0_multi_8.9823_len_9143 1 687
			END in gap: 65184 to 87684 (22500 bp).

WARNING: Reference gamma_proteobacterium_SCGC_AB-629-P17_KB889803.1_gamma_proteobacterium_SCGC_AB-629-P17_genomic_scaffold_A3OADRAFT_scaffold_50.51__whole_genome_shotgun_sequence does not have any alignments! 
WARNING: Reference gamma_proteobacterium_SCGC_AB-629-P17_KB889806.1_gamma_proteobacterium_SCGC_AB-629-P17_genomic_scaffold_A3OADRAFT_scaffold_53.54__whole_genome_shotgun_sequence does not have any alignments! 
WARNING: Reference gamma_proteobacterium_SCGC_AB-629-P17_KB889820.1_gamma_proteobacterium_SCGC_AB-629-P17_genomic_scaffold_A3OADRAFT_scaffold_66.67__whole_genome_shotgun_sequence does not have any alignments! 
	Reference gamma_proteobacterium_SCGC_AB-629-P17_KB889772.1_gamma_proteobacterium_SCGC_AB-629-P17_genomic_scaffold_A3OADRAFT_scaffold_22.23__whole_genome_shotgun_sequence: 2 total alignments. 1 total regions.
		Region: 1 to 16984 (16984 bp)
			START in gap: 1 to 13921 (13920 bp)
			Align 1: 13921 13999 k119_34676_flag_1_multi_4.0000_len_675 619 541
				The next alignment (13926 13999 k119_177352_flag_1_multi_3.0000_len_769 518 591) is redundant. Skipping.

WARNING: Reference gamma_proteobacterium_SCGC_AB-629-P17_KB889766.1_gamma_proteobacterium_SCGC_AB-629-P17_genomic_scaffold_A3OADRAFT_scaffold_17.18__whole_genome_shotgun_sequence does not have any alignments! 
WARNING: Reference gamma_proteobacterium_SCGC_AB-629-P17_KB889822.1_gamma_proteobacterium_SCGC_AB-629-P17_genomic_scaffold_A3OADRAFT_scaffold_68.69__whole_genome_shotgun_sequence does not have any alignments! 
WARNING: Reference gamma_proteobacterium_SCGC_AB-629-P17_KB889774.1_gamma_proteobacterium_SCGC_AB-629-P17_genomic_scaffold_A3OADRAFT_scaffold_24.25__whole_genome_shotgun_sequence does not have any alignments! 
WARNING: Reference gamma_proteobacterium_SCGC_AB-629-P17_KB889819.1_gamma_proteobacterium_SCGC_AB-629-P17_genomic_scaffold_A3OADRAFT_scaffold_65.66__whole_genome_shotgun_sequence does not have any alignments! 
WARNING: Reference gamma_proteobacterium_SCGC_AB-629-P17_KB889796.1_gamma_proteobacterium_SCGC_AB-629-P17_genomic_scaffold_A3OADRAFT_scaffold_44.45__whole_genome_shotgun_sequence does not have any alignments! 
WARNING: Reference gamma_proteobacterium_SCGC_AB-629-P17_KB889790.1_gamma_proteobacterium_SCGC_AB-629-P17_genomic_scaffold_A3OADRAFT_scaffold_39.40__whole_genome_shotgun_sequence does not have any alignments! 
WARNING: Reference gamma_proteobacterium_SCGC_AB-629-P17_KB889757.1_gamma_proteobacterium_SCGC_AB-629-P17_genomic_scaffold_A3OADRAFT_scaffold_0.1__whole_genome_shotgun_sequence does not have any alignments! 
WARNING: Reference gamma_proteobacterium_SCGC_AB-629-P17_KB889808.1_gamma_proteobacterium_SCGC_AB-629-P17_genomic_scaffold_A3OADRAFT_scaffold_55.56__whole_genome_shotgun_sequence does not have any alignments! 
WARNING: Reference gamma_proteobacterium_SCGC_AB-629-P17_KB889815.1_gamma_proteobacterium_SCGC_AB-629-P17_genomic_scaffold_A3OADRAFT_scaffold_61.62__whole_genome_shotgun_sequence does not have any alignments! 
WARNING: Reference gamma_proteobacterium_SCGC_AB-629-P17_KB889809.1_gamma_proteobacterium_SCGC_AB-629-P17_genomic_scaffold_A3OADRAFT_scaffold_56.57__whole_genome_shotgun_sequence does not have any alignments! 
WARNING: Reference gamma_proteobacterium_SCGC_AB-629-P17_KB889800.1_gamma_proteobacterium_SCGC_AB-629-P17_genomic_scaffold_A3OADRAFT_scaffold_48.49__whole_genome_shotgun_sequence does not have any alignments! 
WARNING: Reference gamma_proteobacterium_SCGC_AB-629-P17_KB889775.1_gamma_proteobacterium_SCGC_AB-629-P17_genomic_scaffold_A3OADRAFT_scaffold_25.26__whole_genome_shotgun_sequence does not have any alignments! 
WARNING: Reference gamma_proteobacterium_SCGC_AB-629-P17_KB889804.1_gamma_proteobacterium_SCGC_AB-629-P17_genomic_scaffold_A3OADRAFT_scaffold_51.52__whole_genome_shotgun_sequence does not have any alignments! 
WARNING: Reference gamma_proteobacterium_SCGC_AB-629-P17_KB889792.1_gamma_proteobacterium_SCGC_AB-629-P17_genomic_scaffold_A3OADRAFT_scaffold_40.41__whole_genome_shotgun_sequence does not have any alignments! 
WARNING: Reference gamma_proteobacterium_SCGC_AB-629-P17_KB889825.1_gamma_proteobacterium_SCGC_AB-629-P17_genomic_scaffold_A3OADRAFT_scaffold_8.9__whole_genome_shotgun_sequence does not have any alignments! 
WARNING: Reference gamma_proteobacterium_SCGC_AB-629-P17_KB889787.1_gamma_proteobacterium_SCGC_AB-629-P17_genomic_scaffold_A3OADRAFT_scaffold_36.37__whole_genome_shotgun_sequence does not have any alignments! 
WARNING: Reference gamma_proteobacterium_SCGC_AB-629-P17_KB889798.1_gamma_proteobacterium_SCGC_AB-629-P17_genomic_scaffold_A3OADRAFT_scaffold_46.47__whole_genome_shotgun_sequence does not have any alignments! 
WARNING: Reference gamma_proteobacterium_SCGC_AB-629-P17_KB889807.1_gamma_proteobacterium_SCGC_AB-629-P17_genomic_scaffold_A3OADRAFT_scaffold_54.55__whole_genome_shotgun_sequence does not have any alignments! 
WARNING: Reference gamma_proteobacterium_SCGC_AB-629-P17_KB889765.1_gamma_proteobacterium_SCGC_AB-629-P17_genomic_scaffold_A3OADRAFT_scaffold_16.17__whole_genome_shotgun_sequence does not have any alignments! 
WARNING: Reference gamma_proteobacterium_SCGC_AB-629-P17_KB889813.1_gamma_proteobacterium_SCGC_AB-629-P17_genomic_scaffold_A3OADRAFT_scaffold_6.7__whole_genome_shotgun_sequence does not have any alignments! 
WARNING: Reference gamma_proteobacterium_SCGC_AB-629-P17_KB889817.1_gamma_proteobacterium_SCGC_AB-629-P17_genomic_scaffold_A3OADRAFT_scaffold_63.64__whole_genome_shotgun_sequence does not have any alignments! 
WARNING: Reference gamma_proteobacterium_SCGC_AB-629-P17_KB889810.1_gamma_proteobacterium_SCGC_AB-629-P17_genomic_scaffold_A3OADRAFT_scaffold_57.58__whole_genome_shotgun_sequence does not have any alignments! 
WARNING: Reference gamma_proteobacterium_SCGC_AB-629-P17_KB889812.1_gamma_proteobacterium_SCGC_AB-629-P17_genomic_scaffold_A3OADRAFT_scaffold_59.60__whole_genome_shotgun_sequence does not have any alignments! 
WARNING: Reference gamma_proteobacterium_SCGC_AB-629-P17_KB889764.1_gamma_proteobacterium_SCGC_AB-629-P17_genomic_scaffold_A3OADRAFT_scaffold_15.16__whole_genome_shotgun_sequence does not have any alignments! 
	Reference gamma_proteobacterium_SCGC_AB-629-P17_KB889824.1_gamma_proteobacterium_SCGC_AB-629-P17_genomic_scaffold_A3OADRAFT_scaffold_7.8__whole_genome_shotgun_sequence: 1 total alignments. 1 total regions.
		Region: 1 to 62576 (62576 bp)
			START in gap: 1 to 29550 (29549 bp)
			Align 1: 29550 29645 k119_303553_flag_1_multi_7.9713_len_16924 96 2
			END in gap: 29645 to 62576 (32931 bp).

WARNING: Reference gamma_proteobacterium_SCGC_AB-629-P17_KB889816.1_gamma_proteobacterium_SCGC_AB-629-P17_genomic_scaffold_A3OADRAFT_scaffold_62.63__whole_genome_shotgun_sequence does not have any alignments! 
WARNING: Reference gamma_proteobacterium_SCGC_AB-629-P17_KB889760.1_gamma_proteobacterium_SCGC_AB-629-P17_genomic_scaffold_A3OADRAFT_scaffold_11.12__whole_genome_shotgun_sequence does not have any alignments! 
WARNING: Reference gamma_proteobacterium_SCGC_AB-629-P17_KB889811.1_gamma_proteobacterium_SCGC_AB-629-P17_genomic_scaffold_A3OADRAFT_scaffold_58.59__whole_genome_shotgun_sequence does not have any alignments! 
WARNING: Reference gamma_proteobacterium_SCGC_AB-629-P17_KB889795.1_gamma_proteobacterium_SCGC_AB-629-P17_genomic_scaffold_A3OADRAFT_scaffold_43.44__whole_genome_shotgun_sequence does not have any alignments! 
WARNING: Reference gamma_proteobacterium_SCGC_AB-629-P17_KB889826.1_gamma_proteobacterium_SCGC_AB-629-P17_genomic_scaffold_A3OADRAFT_scaffold_9.10__whole_genome_shotgun_sequence does not have any alignments! 
WARNING: Reference gamma_proteobacterium_SCGC_AB-629-P17_KB889802.1_gamma_proteobacterium_SCGC_AB-629-P17_genomic_scaffold_A3OADRAFT_scaffold_5.6__whole_genome_shotgun_sequence does not have any alignments! 
WARNING: Reference gamma_proteobacterium_SCGC_AB-629-P17_KB889805.1_gamma_proteobacterium_SCGC_AB-629-P17_genomic_scaffold_A3OADRAFT_scaffold_52.53__whole_genome_shotgun_sequence does not have any alignments! 
WARNING: Reference gamma_proteobacterium_SCGC_AB-629-P17_KB889814.1_gamma_proteobacterium_SCGC_AB-629-P17_genomic_scaffold_A3OADRAFT_scaffold_60.61__whole_genome_shotgun_sequence does not have any alignments! 
WARNING: Reference gamma_proteobacterium_SCGC_AB-629-P17_KB889781.1_gamma_proteobacterium_SCGC_AB-629-P17_genomic_scaffold_A3OADRAFT_scaffold_30.31__whole_genome_shotgun_sequence does not have any alignments! 
WARNING: Reference gamma_proteobacterium_SCGC_AB-629-P17_KB889797.1_gamma_proteobacterium_SCGC_AB-629-P17_genomic_scaffold_A3OADRAFT_scaffold_45.46__whole_genome_shotgun_sequence does not have any alignments! 
Analysis is finished!
Founded SNPs were written into /home/ins/GenomeAnalysis/output/2_quast/SRR4342129_qc/runs_per_reference/gamma_proteobacterium_SCGC_AB-629-P17/contigs_reports/nucmer_output/final-contigs.used_snps.gz

Results:
	Local Misassemblies: 0
	Misassemblies: 0
		Relocations: 0
		Translocations: 0
		Inversions: 0
	Misassembled Contigs: 0
	Misassembled Contig Bases: 0
	Misassemblies Inter-Contig Overlap: 0
Uncovered Regions: 0 (0)
Unaligned Contigs: 0 + 8 part
Half Unaligned Contigs with Misassemblies: 0
Unaligned Contig Bases: 39225

Ambiguously Mapped Contigs: 0
Total Bases in Ambiguously Mapped Contigs: 0
Extra Bases in Ambiguously Mapped Contigs: 0
Note that --allow-ambiguity option was set to "one" and only first alignment per each of these contigs was used.

	Covered Bases: 1804

	SNPs: 53
	Insertions: 1
	Deletions: 7

	Positive Gaps: 10
		Internal Gaps: 0
		External Gaps: 10
		External Gap Total: 302843
		External Gap Average: 30284
	Negative Gaps: 0
		Internal Overlaps: 0
		External Overlaps: 0
		External Overlaps Total: 0
		External Overlaps Average: 0
	Contigs with Redundant Alignments: 2 (151)
