gnuplot 4.6 patchlevel 2
Aligning contigs to reference...
	Aligning contigs to the reference
Parsing coords...
Loading reference...
	Loaded [Owenweeksia_hongkongensis_DSM_17368_NC_016599.1_Owenweeksia_hongkongensis_DSM_17368__complete_sequence]
Loading SNPs...
	Total Regions: 1
	Total Region Length: 4000057
Analyzing contigs...
CONTIG: k119_345737_flag_1_multi_8.9755_len_9254 (9254bp)
Best alignment score: 77.0 (LEN: 77, IDY: 100.00)
			The best set is below. Score: 77.0, number of alignments: 1, unaligned bases: 9177
		This contig is partially unaligned. (Aligned 77 out of 9254 bases)
		Alignment: 2670792 2670868 | 441 517 | 77 77 | 100.0 | Owenweeksia_hongkongensis_DSM_17368_NC_016599.1_Owenweeksia_hongkongensis_DSM_17368__complete_sequence k119_345737_flag_1_multi_8.9755_len_9254
		Unaligned bases: 1 to 440 (440)
		Unaligned bases: 518 to 9254 (8737)

CONTIG: k119_82884_flag_1_multi_3.7993_len_1001 (1001bp)
Best alignment score: 232.0 (LEN: 239, IDY: 97.07)
			Skipping redundant alignments after choosing the best set of alignments
		Skipping redundant alignment 1917442 1917679 | 763 1001 | 238 239 | 97.07 | Owenweeksia_hongkongensis_DSM_17368_NC_016599.1_Owenweeksia_hongkongensis_DSM_17368__complete_sequence k119_82884_flag_1_multi_3.7993_len_1001
		This contig has several significant sets of alignments. [An ambiguously mapped contig]
		Using only the very best set (option --ambiguity-usage is set to "one").
			The best set is below. Score: 232.0, number of alignments: 1, unaligned bases: 762
		This contig is partially unaligned. (Aligned 239 out of 1001 bases)
		Alignment: 1353282 1353519 | 763 1001 | 238 239 | 97.07 | Owenweeksia_hongkongensis_DSM_17368_NC_016599.1_Owenweeksia_hongkongensis_DSM_17368__complete_sequence k119_82884_flag_1_multi_3.7993_len_1001
		Unaligned bases: 1 to 762 (762)

CONTIG: k119_261553_flag_1_multi_5.5689_len_1128 (1128bp)
Best alignment score: 76.0 (LEN: 76, IDY: 100.00)
			Skipping redundant alignments after choosing the best set of alignments
		Skipping redundant alignment 1917173 1917248 | 235 160 | 76 76 | 100.0 | Owenweeksia_hongkongensis_DSM_17368_NC_016599.1_Owenweeksia_hongkongensis_DSM_17368__complete_sequence k119_261553_flag_1_multi_5.5689_len_1128
		This contig has several significant sets of alignments. [An ambiguously mapped contig]
		Using only the very best set (option --ambiguity-usage is set to "one").
			The best set is below. Score: 76.0, number of alignments: 1, unaligned bases: 1052
		This contig is partially unaligned. (Aligned 76 out of 1128 bases)
		Alignment: 1353015 1353090 | 235 160 | 76 76 | 100.0 | Owenweeksia_hongkongensis_DSM_17368_NC_016599.1_Owenweeksia_hongkongensis_DSM_17368__complete_sequence k119_261553_flag_1_multi_5.5689_len_1128
		Unaligned bases: 1 to 159 (159)
		Unaligned bases: 236 to 1128 (893)

Analyzing coverage...
Writing SNPs into /home/ins/GenomeAnalysis/output/2_quast/SRR4342133_qc/runs_per_reference/Owenweeksia_hongkongensis_DSM_17368/contigs_reports/nucmer_output/final-contigs.used_snps.gz
	Reference Owenweeksia_hongkongensis_DSM_17368_NC_016599.1_Owenweeksia_hongkongensis_DSM_17368__complete_sequence: 3 total alignments. 1 total regions.
		Region: 1 to 4000057 (4000057 bp)
			START in gap: 1 to 1353015 (1353014 bp)
			Align 1: 1353015 1353090 k119_261553_flag_1_multi_5.5689_len_1128 235 160
				Gap between this and next alignment: 1353090 to 1353282 (191 bp)
				Next Alignment: 1353282 1353519 k119_82884_flag_1_multi_3.7993_len_1001 763 1001

			Align 2: 1353282 1353519 k119_82884_flag_1_multi_3.7993_len_1001 763 1001
				Gap between this and next alignment: 1353519 to 2670792 (1317272 bp)
				Next Alignment: 2670792 2670868 k119_345737_flag_1_multi_8.9755_len_9254 441 517

			Align 3: 2670792 2670868 k119_345737_flag_1_multi_8.9755_len_9254 441 517
			END in gap: 2670868 to 4000057 (1329189 bp).

Analysis is finished!
Founded SNPs were written into /home/ins/GenomeAnalysis/output/2_quast/SRR4342133_qc/runs_per_reference/Owenweeksia_hongkongensis_DSM_17368/contigs_reports/nucmer_output/final-contigs.used_snps.gz

Results:
	Local Misassemblies: 0
	Misassemblies: 0
		Relocations: 0
		Translocations: 0
		Inversions: 0
	Misassembled Contigs: 0
	Misassembled Contig Bases: 0
	Misassemblies Inter-Contig Overlap: 0
Uncovered Regions: 0 (0)
Unaligned Contigs: 0 + 3 part
Half Unaligned Contigs with Misassemblies: 0
Unaligned Contig Bases: 10991

Ambiguously Mapped Contigs: 2
Total Bases in Ambiguously Mapped Contigs: 2129
Extra Bases in Ambiguously Mapped Contigs: 0
Note that --allow-ambiguity option was set to "one" and only first alignment per each of these contigs was used.

	Covered Bases: 391

	SNPs: 6
	Insertions: 1
	Deletions: 0

	Positive Gaps: 4
		Internal Gaps: 0
		External Gaps: 4
		External Gap Total: 3999666
		External Gap Average: 999916
	Negative Gaps: 0
		Internal Overlaps: 0
		External Overlaps: 0
		External Overlaps Total: 0
		External Overlaps Average: 0
	Contigs with Redundant Alignments: 0 (0)
