gnuplot 4.6 patchlevel 2
Aligning contigs to reference...
	Aligning contigs to the reference
Parsing coords...
Loading reference...
	Loaded [Syntrophus_aciditrophicus_NC_007759.1_Syntrophus_aciditrophicus_SB__complete_sequence]
Loading SNPs...
	Total Regions: 1
	Total Region Length: 3179300
Analyzing contigs...
CONTIG: k119_176646_flag_0_multi_9.9351_len_11770 (11770bp)
Best alignment score: 94.0 (LEN: 94, IDY: 100.00)
			The best set is below. Score: 94.0, number of alignments: 1, unaligned bases: 11676
		This contig is partially unaligned. (Aligned 94 out of 11770 bases)
		Alignment: 742006 742099 | 1 94 | 94 94 | 100.0 | Syntrophus_aciditrophicus_NC_007759.1_Syntrophus_aciditrophicus_SB__complete_sequence k119_176646_flag_0_multi_9.9351_len_11770
		Unaligned bases: 95 to 11770 (11676)

Analyzing coverage...
Writing SNPs into /home/ins/GenomeAnalysis/output/2_quast/SRR4342129_qc/runs_per_reference/Syntrophus_aciditrophicus/contigs_reports/nucmer_output/final-contigs.used_snps.gz
	Reference Syntrophus_aciditrophicus_NC_007759.1_Syntrophus_aciditrophicus_SB__complete_sequence: 1 total alignments. 1 total regions.
		Region: 1 to 3179300 (3179300 bp)
			START in gap: 1 to 742006 (742005 bp)
			Align 1: 742006 742099 k119_176646_flag_0_multi_9.9351_len_11770 1 94
			END in gap: 742099 to 3179300 (2437201 bp).

Analysis is finished!
Founded SNPs were written into /home/ins/GenomeAnalysis/output/2_quast/SRR4342129_qc/runs_per_reference/Syntrophus_aciditrophicus/contigs_reports/nucmer_output/final-contigs.used_snps.gz

Results:
	Local Misassemblies: 0
	Misassemblies: 0
		Relocations: 0
		Translocations: 0
		Inversions: 0
	Misassembled Contigs: 0
	Misassembled Contig Bases: 0
	Misassemblies Inter-Contig Overlap: 0
Uncovered Regions: 0 (0)
Unaligned Contigs: 0 + 1 part
Half Unaligned Contigs with Misassemblies: 0
Unaligned Contig Bases: 11676

Ambiguously Mapped Contigs: 0
Total Bases in Ambiguously Mapped Contigs: 0
Extra Bases in Ambiguously Mapped Contigs: 0
Note that --allow-ambiguity option was set to "one" and only first alignment per each of these contigs was used.

	Covered Bases: 94

	SNPs: 0
	Insertions: 0
	Deletions: 0

	Positive Gaps: 2
		Internal Gaps: 0
		External Gaps: 2
		External Gap Total: 3179206
		External Gap Average: 1589603
	Negative Gaps: 0
		Internal Overlaps: 0
		External Overlaps: 0
		External Overlaps Total: 0
		External Overlaps Average: 0
	Contigs with Redundant Alignments: 0 (0)
